<?xml version="1.0" encoding="UTF-8"?>
<coverage generated="1676458207684" clover="3.2.0">
  <project timestamp="1676458207684" name="All files">
    <metrics statements="4713" coveredstatements="4434" conditionals="2241" coveredconditionals="1965" methods="805" coveredmethods="776" elements="7759" coveredelements="7175" complexity="0" loc="4713" ncloc="4713" packages="27" files="300" classes="300"/>
    <package name="Backtracking">
      <metrics statements="168" coveredstatements="151" conditionals="110" coveredconditionals="101" methods="42" coveredmethods="36"/>
      <file name="AllCombinationsOfSizeK.js" path="C:\Users\Marcu\personal\university\DD2480\JavaScript\Backtracking\AllCombinationsOfSizeK.js">
        <metrics statements="12" coveredstatements="12" conditionals="5" coveredconditionals="5" methods="2" coveredmethods="2"/>
        <line num="26" count="2" type="stmt"/>
        <line num="27" count="2" type="stmt"/>
        <line num="28" count="2" type="stmt"/>
        <line num="29" count="2" type="stmt"/>
        <line num="33" count="18" type="cond" truecount="2" falsecount="0"/>
        <line num="34" count="9" type="stmt"/>
        <line num="35" count="9" type="stmt"/>
        <line num="37" count="9" type="stmt"/>
        <line num="38" count="16" type="stmt"/>
        <line num="39" count="16" type="stmt"/>
        <line num="40" count="16" type="stmt"/>
        <line num="42" count="9" type="stmt"/>
      </file>
      <file name="GeneratePermutations.js" path="C:\Users\Marcu\personal\university\DD2480\JavaScript\Backtracking\GeneratePermutations.js">
        <metrics statements="15" coveredstatements="15" conditionals="2" coveredconditionals="2" methods="3" coveredmethods="3"/>
        <line num="12" count="1" type="stmt"/>
        <line num="13" count="692820" type="stmt"/>
        <line num="15" count="692820" type="stmt"/>
        <line num="17" count="692820" type="stmt"/>
        <line num="20" count="1" type="stmt"/>
        <line num="21" count="5" type="stmt"/>
        <line num="22" count="5" type="stmt"/>
        <line num="23" count="692825" type="cond" truecount="2" falsecount="0"/>
        <line num="24" count="403209" type="stmt"/>
        <line num="25" count="403209" type="stmt"/>
        <line num="27" count="289616" type="stmt"/>
        <line num="28" count="692820" type="stmt"/>
        <line num="29" count="692820" type="stmt"/>
        <line num="31" count="289616" type="stmt"/>
        <line num="33" count="5" type="stmt"/>
      </file>
      <file name="KnightTour.js" path="C:\Users\Marcu\personal\university\DD2480\JavaScript\Backtracking\KnightTour.js">
        <metrics statements="22" coveredstatements="15" conditionals="13" coveredconditionals="12" methods="10" coveredmethods="8"/>
        <line num="5" count="5" type="stmt"/>
        <line num="6" count="1" type="stmt"/>
        <line num="11" count="2088017" type="stmt"/>
        <line num="22" count="16704136" type="cond" truecount="4" falsecount="0"/>
        <line num="27" count="10440090" type="stmt"/>
        <line num="32" count="1" type="stmt"/>
        <line num="33" count="1" type="stmt"/>
        <line num="34" count="2" type="cond" truecount="2" falsecount="0"/>
        <line num="37" count="0" type="stmt"/>
        <line num="42" count="2088018" type="cond" truecount="2" falsecount="0"/>
        <line num="44" count="2088017" type="stmt"/>
        <line num="45" count="7344942" type="cond" truecount="2" falsecount="0"/>
        <line num="46" count="2088016" type="stmt"/>
        <line num="47" count="2088016" type="cond" truecount="2" falsecount="0"/>
        <line num="49" count="2087991" type="stmt"/>
        <line num="52" count="2087992" type="stmt"/>
        <line num="55" count="0" type="cond" truecount="0" falsecount="1"/>
        <line num="57" count="0" type="stmt"/>
        <line num="58" count="0" type="stmt"/>
        <line num="59" count="0" type="stmt"/>
        <line num="60" count="0" type="stmt"/>
        <line num="62" count="0" type="stmt"/>
      </file>
      <file name="NQueens.js" path="C:\Users\Marcu\personal\university\DD2480\JavaScript\Backtracking\NQueens.js">
        <metrics statements="28" coveredstatements="23" conditionals="20" coveredconditionals="17" methods="8" coveredmethods="6"/>
        <line num="3" count="3" type="cond" truecount="2" falsecount="0"/>
        <line num="4" count="1" type="stmt"/>
        <line num="6" count="12" type="stmt"/>
        <line num="7" count="2" type="stmt"/>
        <line num="8" count="2" type="stmt"/>
        <line num="15" count="15780" type="stmt"/>
        <line num="16" count="58782" type="cond" truecount="2" falsecount="0"/>
        <line num="20" count="5540" type="cond" truecount="2" falsecount="0"/>
        <line num="21" count="18812" type="cond" truecount="2" falsecount="0"/>
        <line num="25" count="3443" type="cond" truecount="2" falsecount="0"/>
        <line num="26" count="12848" type="cond" truecount="2" falsecount="0"/>
        <line num="29" count="2072" type="stmt"/>
        <line num="33" count="2072" type="stmt"/>
        <line num="37" count="2072" type="stmt"/>
        <line num="41" count="2074" type="cond" truecount="2" falsecount="0"/>
        <line num="42" count="94" type="stmt"/>
        <line num="43" count="94" type="stmt"/>
        <line num="46" count="1980" type="stmt"/>
        <line num="47" count="15780" type="cond" truecount="2" falsecount="0"/>
        <line num="48" count="2072" type="stmt"/>
        <line num="49" count="2072" type="stmt"/>
        <line num="50" count="2072" type="stmt"/>
        <line num="54" count="1980" type="stmt"/>
        <line num="57" count="0" type="cond" truecount="0" falsecount="1"/>
        <line num="58" count="0" type="cond" truecount="0" falsecount="2"/>
        <line num="59" count="0" type="stmt"/>
        <line num="61" count="0" type="stmt"/>
        <line num="62" count="0" type="stmt"/>
      </file>
      <file name="RatInAMaze.js" path="C:\Users\Marcu\personal\university\DD2480\JavaScript\Backtracking\RatInAMaze.js">
        <metrics statements="39" coveredstatements="39" conditionals="34" coveredconditionals="34" methods="8" coveredmethods="8"/>
        <line num="25" count="15" type="cond" truecount="4" falsecount="0"/>
        <line num="27" count="24" type="stmt"/>
        <line num="28" count="9" type="cond" truecount="2" falsecount="0"/>
        <line num="30" count="8" type="stmt"/>
        <line num="31" count="115" type="cond" truecount="2" falsecount="0"/>
        <line num="33" count="8" type="cond" truecount="2" falsecount="0"/>
        <line num="37" count="121" type="stmt"/>
        <line num="38" count="121" type="cond" truecount="5" falsecount="0"/>
        <line num="52" count="124" type="stmt"/>
        <line num="55" count="124" type="cond" truecount="5" falsecount="0"/>
        <line num="56" count="3" type="stmt"/>
        <line num="57" count="3" type="stmt"/>
        <line num="61" count="121" type="cond" truecount="2" falsecount="0"/>
        <line num="64" count="65" type="cond" truecount="2" falsecount="0"/>
        <line num="69" count="44" type="stmt"/>
        <line num="72" count="44" type="stmt"/>
        <line num="73" count="44" type="cond" truecount="2" falsecount="0"/>
        <line num="76" count="32" type="stmt"/>
        <line num="77" count="32" type="cond" truecount="2" falsecount="0"/>
        <line num="80" count="22" type="stmt"/>
        <line num="81" count="22" type="cond" truecount="2" falsecount="0"/>
        <line num="84" count="20" type="stmt"/>
        <line num="85" count="20" type="cond" truecount="2" falsecount="0"/>
        <line num="88" count="16" type="stmt"/>
        <line num="89" count="16" type="stmt"/>
        <line num="94" count="6" type="stmt"/>
        <line num="97" count="6" type="stmt"/>
        <line num="98" count="6" type="stmt"/>
        <line num="99" count="21" type="stmt"/>
        <line num="100" count="21" type="stmt"/>
        <line num="101" count="21" type="stmt"/>
        <line num="104" count="6" type="stmt"/>
        <line num="113" count="15" type="stmt"/>
        <line num="116" count="6" type="stmt"/>
        <line num="118" count="6" type="cond" truecount="2" falsecount="0"/>
        <line num="119" count="3" type="stmt"/>
        <line num="120" count="3" type="stmt"/>
        <line num="122" count="3" type="stmt"/>
        <line num="123" count="3" type="stmt"/>
      </file>
      <file name="Sudoku.js" path="C:\Users\Marcu\personal\university\DD2480\JavaScript\Backtracking\Sudoku.js">
        <metrics statements="29" coveredstatements="24" conditionals="24" coveredconditionals="19" methods="7" coveredmethods="5"/>
        <line num="4" count="3" type="stmt"/>
        <line num="9" count="772" type="stmt"/>
        <line num="10" count="3190" type="stmt"/>
        <line num="11" count="26322" type="cond" truecount="2" falsecount="0"/>
        <line num="14" count="2" type="stmt"/>
        <line num="21" count="6732" type="stmt"/>
        <line num="22" count="41992" type="cond" truecount="2" falsecount="0"/>
        <line num="25" count="2767" type="stmt"/>
        <line num="26" count="16037" type="cond" truecount="2" falsecount="0"/>
        <line num="30" count="1078" type="stmt"/>
        <line num="31" count="1078" type="stmt"/>
        <line num="32" count="1078" type="stmt"/>
        <line num="33" count="2885" type="stmt"/>
        <line num="34" count="8379" type="cond" truecount="5" falsecount="0"/>
        <line num="38" count="769" type="stmt"/>
        <line num="42" count="770" type="stmt"/>
        <line num="45" count="770" type="cond" truecount="4" falsecount="0"/>
        <line num="47" count="769" type="stmt"/>
        <line num="48" count="6732" type="cond" truecount="2" falsecount="0"/>
        <line num="49" count="769" type="stmt"/>
        <line num="50" count="769" type="cond" truecount="2" falsecount="0"/>
        <line num="52" count="720" type="stmt"/>
        <line num="56" count="720" type="stmt"/>
        <line num="60" count="9" type="stmt"/>
        <line num="63" count="0" type="cond" truecount="0" falsecount="1"/>
        <line num="65" count="0" type="stmt"/>
        <line num="66" count="0" type="cond" truecount="0" falsecount="4"/>
        <line num="67" count="0" type="stmt"/>
        <line num="69" count="0" type="stmt"/>
      </file>
      <file name="SumOfSubset.js" path="C:\Users\Marcu\personal\university\DD2480\JavaScript\Backtracking\SumOfSubset.js">
        <metrics statements="11" coveredstatements="11" conditionals="4" coveredconditionals="4" methods="2" coveredmethods="2"/>
        <line num="20" count="1" type="stmt"/>
        <line num="24" count="120" type="cond" truecount="2" falsecount="0"/>
        <line num="28" count="117" type="cond" truecount="2" falsecount="0"/>
        <line num="31" count="32" type="stmt"/>
        <line num="36" count="32" type="stmt"/>
        <line num="38" count="119" type="stmt"/>
        <line num="42" count="119" type="stmt"/>
        <line num="45" count="119" type="stmt"/>
        <line num="48" count="119" type="stmt"/>
        <line num="57" count="119" type="stmt"/>
        <line num="61" count="32" type="stmt"/>
      </file>
      <file name="generateParentheses.js" path="C:\Users\Marcu\personal\university\DD2480\JavaScript\Backtracking\generateParentheses.js">
        <metrics statements="12" coveredstatements="12" conditionals="8" coveredconditionals="8" methods="2" coveredmethods="2"/>
        <line num="8" count="1" type="stmt"/>
        <line num="9" count="1" type="stmt"/>
        <line num="11" count="1" type="stmt"/>
        <line num="12" count="54" type="cond" truecount="4" falsecount="0"/>
        <line num="13" count="5" type="stmt"/>
        <line num="14" count="5" type="stmt"/>
        <line num="17" count="49" type="cond" truecount="2" falsecount="0"/>
        <line num="18" count="17" type="stmt"/>
        <line num="21" count="49" type="cond" truecount="2" falsecount="0"/>
        <line num="22" count="36" type="stmt"/>
        <line num="26" count="1" type="stmt"/>
        <line num="28" count="1" type="stmt"/>
      </file>
    </package>
    <package name="Bit-Manipulation">
      <metrics statements="21" coveredstatements="21" conditionals="10" coveredconditionals="10" methods="5" coveredmethods="5"/>
      <file name="BinaryCountSetBits.js" path="C:\Users\Marcu\personal\university\DD2480\JavaScript\Bit-Manipulation\BinaryCountSetBits.js">
        <metrics statements="2" coveredstatements="2" conditionals="2" coveredconditionals="2" methods="1" coveredmethods="1"/>
        <line num="15" count="8" type="cond" truecount="2" falsecount="0"/>
        <line num="18" count="6" type="stmt"/>
      </file>
      <file name="IsPowerOfTwo.js" path="C:\Users\Marcu\personal\university\DD2480\JavaScript\Bit-Manipulation\IsPowerOfTwo.js">
        <metrics statements="4" coveredstatements="4" conditionals="4" coveredconditionals="4" methods="1" coveredmethods="1"/>
        <line num="25" count="1" type="stmt"/>
        <line num="26" count="5" type="cond" truecount="4" falsecount="0"/>
        <line num="27" count="3" type="stmt"/>
        <line num="29" count="2" type="stmt"/>
      </file>
      <file name="LogTwo.js" path="C:\Users\Marcu\personal\university\DD2480\JavaScript\Bit-Manipulation\LogTwo.js">
        <metrics statements="6" coveredstatements="6" conditionals="0" coveredconditionals="0" methods="1" coveredmethods="1"/>
        <line num="7" count="1" type="stmt"/>
        <line num="8" count="99" type="stmt"/>
        <line num="9" count="99" type="stmt"/>
        <line num="10" count="474" type="stmt"/>
        <line num="11" count="474" type="stmt"/>
        <line num="13" count="99" type="stmt"/>
      </file>
      <file name="NextPowerOfTwo.js" path="C:\Users\Marcu\personal\university\DD2480\JavaScript\Bit-Manipulation\NextPowerOfTwo.js">
        <metrics statements="7" coveredstatements="7" conditionals="4" coveredconditionals="4" methods="1" coveredmethods="1"/>
        <line num="10" count="1" type="stmt"/>
        <line num="11" count="8" type="cond" truecount="4" falsecount="0"/>
        <line num="12" count="5" type="stmt"/>
        <line num="13" count="5" type="stmt"/>
        <line num="14" count="26" type="stmt"/>
        <line num="15" count="26" type="stmt"/>
        <line num="17" count="5" type="stmt"/>
      </file>
      <file name="SetBit.js" path="C:\Users\Marcu\personal\university\DD2480\JavaScript\Bit-Manipulation\SetBit.js">
        <metrics statements="2" coveredstatements="2" conditionals="0" coveredconditionals="0" methods="1" coveredmethods="1"/>
        <line num="29" count="1" type="stmt"/>
        <line num="30" count="4" type="stmt"/>
      </file>
    </package>
    <package name="Cache">
      <metrics statements="140" coveredstatements="131" conditionals="52" coveredconditionals="41" methods="32" coveredmethods="29"/>
      <file name="LFUCache.js" path="C:\Users\Marcu\personal\university\DD2480\JavaScript\Cache\LFUCache.js">
        <metrics statements="80" coveredstatements="76" conditionals="25" coveredconditionals="19" methods="18" coveredmethods="16"/>
        <line num="3" count="104" type="stmt"/>
        <line num="4" count="104" type="stmt"/>
        <line num="5" count="104" type="stmt"/>
        <line num="7" count="104" type="stmt"/>
        <line num="13" count="0" type="stmt"/>
        <line num="14" count="0" type="stmt"/>
        <line num="22" count="203" type="stmt"/>
        <line num="23" count="203" type="stmt"/>
        <line num="24" count="203" type="stmt"/>
        <line num="26" count="203" type="stmt"/>
        <line num="28" count="203" type="stmt"/>
        <line num="37" count="307" type="stmt"/>
        <line num="39" count="307" type="cond" truecount="2" falsecount="0"/>
        <line num="40" count="10" type="stmt"/>
        <line num="43" count="307" type="stmt"/>
        <line num="56" count="3" type="stmt"/>
        <line num="57" count="3" type="stmt"/>
        <line num="58" count="3" type="stmt"/>
        <line num="59" count="3" type="stmt"/>
        <line num="60" count="3" type="stmt"/>
        <line num="62" count="3" type="stmt"/>
        <line num="70" count="4" type="stmt"/>
        <line num="78" count="4" type="stmt"/>
        <line num="85" count="2" type="cond" truecount="2" falsecount="0"/>
        <line num="86" count="1" type="stmt"/>
        <line num="88" count="1" type="stmt"/>
        <line num="89" count="1" type="stmt"/>
        <line num="92" count="1" type="cond" truecount="1" falsecount="1"/>
        <line num="95" count="2" type="stmt"/>
        <line num="99" count="3" type="stmt"/>
        <line num="109" count="7" type="stmt"/>
        <line num="110" count="7" type="cond" truecount="1" falsecount="1"/>
        <line num="113" count="7" type="stmt"/>
        <line num="114" count="10" type="stmt"/>
        <line num="117" count="7" type="stmt"/>
        <line num="121" count="3" type="stmt"/>
        <line num="123" count="3" type="stmt"/>
        <line num="125" count="3" type="stmt"/>
        <line num="126" count="3" type="stmt"/>
        <line num="135" count="4" type="stmt"/>
        <line num="137" count="4" type="stmt"/>
        <line num="147" count="307" type="stmt"/>
        <line num="149" count="307" type="cond" truecount="2" falsecount="0"/>
        <line num="150" count="201" type="stmt"/>
        <line num="151" count="201" type="stmt"/>
        <line num="153" count="201" type="stmt"/>
        <line num="155" count="201" type="stmt"/>
        <line num="158" count="106" type="stmt"/>
        <line num="159" count="106" type="stmt"/>
        <line num="171" count="106" type="stmt"/>
        <line num="173" count="106" type="cond" truecount="1" falsecount="1"/>
        <line num="174" count="0" type="stmt"/>
        <line num="177" count="106" type="cond" truecount="2" falsecount="0"/>
        <line num="178" count="2" type="stmt"/>
        <line num="179" count="2" type="stmt"/>
        <line num="181" count="2" type="stmt"/>
        <line num="183" count="2" type="stmt"/>
        <line num="187" count="104" type="cond" truecount="2" falsecount="0"/>
        <line num="188" count="2" type="stmt"/>
        <line num="191" count="104" type="stmt"/>
        <line num="193" count="104" type="stmt"/>
        <line num="194" count="104" type="stmt"/>
        <line num="196" count="104" type="stmt"/>
        <line num="206" count="1" type="stmt"/>
        <line num="208" count="1" type="cond" truecount="1" falsecount="1"/>
        <line num="209" count="1" type="cond" truecount="1" falsecount="1"/>
        <line num="211" count="1" type="stmt"/>
        <line num="212" count="2" type="stmt"/>
        <line num="213" count="2" type="stmt"/>
        <line num="216" count="1" type="stmt"/>
        <line num="225" count="1" type="stmt"/>
        <line num="226" count="1" type="stmt"/>
        <line num="228" count="1" type="stmt"/>
        <line num="238" count="1" type="stmt"/>
        <line num="239" count="12" type="cond" truecount="1" falsecount="1"/>
        <line num="240" count="0" type="stmt"/>
        <line num="243" count="12" type="cond" truecount="2" falsecount="0"/>
        <line num="244" count="1" type="stmt"/>
        <line num="247" count="11" type="stmt"/>
        <line num="250" count="1" type="stmt"/>
      </file>
      <file name="LRUCache.js" path="C:\Users\Marcu\personal\university\DD2480\JavaScript\Cache\LRUCache.js">
        <metrics statements="46" coveredstatements="42" conditionals="20" coveredconditionals="16" methods="11" coveredmethods="10"/>
        <line num="10" count="6" type="cond" truecount="4" falsecount="0"/>
        <line num="11" count="4" type="stmt"/>
        <line num="14" count="2" type="stmt"/>
        <line num="15" count="2" type="stmt"/>
        <line num="16" count="2" type="stmt"/>
        <line num="17" count="2" type="stmt"/>
        <line num="19" count="2" type="stmt"/>
        <line num="23" count="3" type="stmt"/>
        <line num="32" count="107" type="stmt"/>
        <line num="36" count="112" type="stmt"/>
        <line num="40" count="2" type="cond" truecount="1" falsecount="1"/>
        <line num="41" count="0" type="stmt"/>
        <line num="44" count="2" type="cond" truecount="2" falsecount="0"/>
        <line num="45" count="1" type="stmt"/>
        <line num="47" count="1" type="stmt"/>
        <line num="48" count="1" type="stmt"/>
        <line num="52" count="2" type="stmt"/>
        <line num="59" count="5" type="stmt"/>
        <line num="67" count="0" type="stmt"/>
        <line num="69" count="0" type="stmt"/>
        <line num="77" count="104" type="stmt"/>
        <line num="79" count="104" type="cond" truecount="2" falsecount="0"/>
        <line num="80" count="4" type="stmt"/>
        <line num="83" count="104" type="stmt"/>
        <line num="91" count="305" type="stmt"/>
        <line num="93" count="305" type="cond" truecount="2" falsecount="0"/>
        <line num="94" count="199" type="stmt"/>
        <line num="97" count="199" type="stmt"/>
        <line num="98" count="199" type="stmt"/>
        <line num="100" count="199" type="stmt"/>
        <line num="101" count="199" type="stmt"/>
        <line num="104" count="106" type="stmt"/>
        <line num="105" count="106" type="stmt"/>
        <line num="113" count="1" type="stmt"/>
        <line num="115" count="1" type="cond" truecount="1" falsecount="1"/>
        <line num="116" count="1" type="cond" truecount="1" falsecount="1"/>
        <line num="118" count="1" type="stmt"/>
        <line num="119" count="2" type="stmt"/>
        <line num="122" count="1" type="stmt"/>
        <line num="130" count="1" type="stmt"/>
        <line num="131" count="6" type="cond" truecount="1" falsecount="1"/>
        <line num="132" count="0" type="stmt"/>
        <line num="135" count="6" type="cond" truecount="2" falsecount="0"/>
        <line num="136" count="1" type="stmt"/>
        <line num="139" count="5" type="stmt"/>
        <line num="142" count="1" type="stmt"/>
      </file>
      <file name="Memoize.js" path="C:\Users\Marcu\personal\university\DD2480\JavaScript\Cache\Memoize.js">
        <metrics statements="14" coveredstatements="13" conditionals="7" coveredconditionals="6" methods="3" coveredmethods="3"/>
        <line num="16" count="1" type="cond" truecount="1" falsecount="0"/>
        <line num="17" count="6" type="stmt"/>
        <line num="18" count="74" type="cond" truecount="2" falsecount="0"/>
        <line num="19" count="6" type="stmt"/>
        <line num="22" count="68" type="cond" truecount="1" falsecount="1"/>
        <line num="23" count="0" type="stmt"/>
        <line num="26" count="68" type="stmt"/>
        <line num="29" count="6" type="stmt"/>
        <line num="36" count="18" type="stmt"/>
        <line num="42" count="18" type="cond" truecount="2" falsecount="0"/>
        <line num="43" count="9" type="stmt"/>
        <line num="51" count="9" type="stmt"/>
        <line num="52" count="9" type="stmt"/>
        <line num="54" count="9" type="stmt"/>
      </file>
    </package>
    <package name="Cache.test">
      <metrics statements="13" coveredstatements="13" conditionals="11" coveredconditionals="9" methods="3" coveredmethods="3"/>
      <file name="cacheTest.js" path="C:\Users\Marcu\personal\university\DD2480\JavaScript\Cache\test\cacheTest.js">
        <metrics statements="13" coveredstatements="13" conditionals="11" coveredconditionals="9" methods="3" coveredmethods="3"/>
        <line num="8" count="3" type="cond" truecount="0" falsecount="1"/>
        <line num="9" count="592" type="cond" truecount="1" falsecount="1"/>
        <line num="10" count="592" type="stmt"/>
        <line num="12" count="592" type="cond" truecount="2" falsecount="0"/>
        <line num="13" count="386" type="stmt"/>
        <line num="17" count="206" type="cond" truecount="4" falsecount="0"/>
        <line num="18" count="10" type="stmt"/>
        <line num="21" count="196" type="stmt"/>
        <line num="23" count="196" type="cond" truecount="2" falsecount="0"/>
        <line num="25" count="196" type="stmt"/>
        <line num="33" count="3" type="stmt"/>
        <line num="34" count="2" type="stmt"/>
        <line num="35" count="6" type="stmt"/>
      </file>
    </package>
    <package name="Cellular-Automata">
      <metrics statements="19" coveredstatements="19" conditionals="31" coveredconditionals="31" methods="1" coveredmethods="1"/>
      <file name="ConwaysGameOfLife.js" path="C:\Users\Marcu\personal\university\DD2480\JavaScript\Cellular-Automata\ConwaysGameOfLife.js">
        <metrics statements="19" coveredstatements="19" conditionals="31" coveredconditionals="31" methods="1" coveredmethods="1"/>
        <line num="15" count="1" type="stmt"/>
        <line num="16" count="1" type="stmt"/>
        <line num="17" count="3" type="stmt"/>
        <line num="18" count="3" type="stmt"/>
        <line num="20" count="9" type="stmt"/>
        <line num="21" count="9" type="cond" truecount="4" falsecount="0"/>
        <line num="22" count="9" type="cond" truecount="2" falsecount="0"/>
        <line num="23" count="9" type="cond" truecount="4" falsecount="0"/>
        <line num="24" count="9" type="cond" truecount="2" falsecount="0"/>
        <line num="25" count="9" type="cond" truecount="2" falsecount="0"/>
        <line num="26" count="9" type="cond" truecount="4" falsecount="0"/>
        <line num="27" count="9" type="cond" truecount="2" falsecount="0"/>
        <line num="28" count="9" type="cond" truecount="4" falsecount="0"/>
        <line num="31" count="9" type="stmt"/>
        <line num="32" count="9" type="cond" truecount="7" falsecount="0"/>
        <line num="33" count="3" type="stmt"/>
        <line num="35" count="6" type="stmt"/>
        <line num="38" count="3" type="stmt"/>
        <line num="40" count="1" type="stmt"/>
      </file>
    </package>
    <package name="Ciphers">
      <metrics statements="108" coveredstatements="104" conditionals="65" coveredconditionals="58" methods="29" coveredmethods="29"/>
      <file name="AffineCipher.js" path="C:\Users\Marcu\personal\university\DD2480\JavaScript\Ciphers\AffineCipher.js">
        <metrics statements="27" coveredstatements="26" conditionals="18" coveredconditionals="15" methods="6" coveredmethods="6"/>
        <line num="8" count="1" type="stmt"/>
        <line num="17" count="704" type="stmt"/>
        <line num="27" count="40" type="stmt"/>
        <line num="28" count="624" type="cond" truecount="2" falsecount="0"/>
        <line num="40" count="18" type="cond" truecount="4" falsecount="0"/>
        <line num="41" count="8" type="stmt"/>
        <line num="44" count="10" type="cond" truecount="1" falsecount="1"/>
        <line num="45" count="0" type="stmt"/>
        <line num="48" count="10" type="cond" truecount="2" falsecount="0"/>
        <line num="49" count="4" type="stmt"/>
        <line num="52" count="6" type="stmt"/>
        <line num="61" count="87" type="stmt"/>
        <line num="73" count="11" type="stmt"/>
        <line num="74" count="11" type="cond" truecount="1" falsecount="1"/>
        <line num="75" count="3" type="stmt"/>
        <line num="76" count="47" type="stmt"/>
        <line num="77" count="47" type="cond" truecount="2" falsecount="0"/>
        <line num="78" count="40" type="stmt"/>
        <line num="81" count="3" type="stmt"/>
        <line num="92" count="7" type="stmt"/>
        <line num="93" count="7" type="cond" truecount="1" falsecount="1"/>
        <line num="94" count="3" type="stmt"/>
        <line num="95" count="3" type="stmt"/>
        <line num="96" count="47" type="cond" truecount="2" falsecount="0"/>
        <line num="98" count="40" type="stmt"/>
        <line num="99" count="40" type="stmt"/>
        <line num="102" count="3" type="stmt"/>
      </file>
      <file name="Atbash.js" path="C:\Users\Marcu\personal\university\DD2480\JavaScript\Ciphers\Atbash.js">
        <metrics statements="8" coveredstatements="8" conditionals="4" coveredconditionals="4" methods="2" coveredmethods="2"/>
        <line num="8" count="1" type="stmt"/>
        <line num="9" count="8" type="cond" truecount="2" falsecount="0"/>
        <line num="10" count="6" type="stmt"/>
        <line num="13" count="2" type="stmt"/>
        <line num="14" count="70" type="stmt"/>
        <line num="16" count="70" type="cond" truecount="2" falsecount="0"/>
        <line num="17" count="2" type="stmt"/>
        <line num="20" count="68" type="stmt"/>
      </file>
      <file name="CaesarCipher.js" path="C:\Users\Marcu\personal\university\DD2480\JavaScript\Ciphers\CaesarCipher.js">
        <metrics statements="11" coveredstatements="11" conditionals="7" coveredconditionals="7" methods="4" coveredmethods="4"/>
        <line num="9" count="1" type="stmt"/>
        <line num="10" count="7" type="cond" truecount="5" falsecount="0"/>
        <line num="11" count="3" type="stmt"/>
        <line num="14" count="4" type="stmt"/>
        <line num="16" count="104" type="stmt"/>
        <line num="18" count="4" type="stmt"/>
        <line num="19" count="104" type="stmt"/>
        <line num="23" count="4" type="stmt"/>
        <line num="24" count="102" type="cond" truecount="2" falsecount="0"/>
        <line num="25" count="41" type="stmt"/>
        <line num="28" count="61" type="stmt"/>
      </file>
      <file name="KeywordShiftedAlphabet.js" path="C:\Users\Marcu\personal\university\DD2480\JavaScript\Ciphers\KeywordShiftedAlphabet.js">
        <metrics statements="25" coveredstatements="22" conditionals="14" coveredconditionals="11" methods="9" coveredmethods="9"/>
        <line num="19" count="1" type="stmt"/>
        <line num="22" count="4" type="stmt"/>
        <line num="23" count="28" type="stmt"/>
        <line num="24" count="28" type="cond" truecount="1" falsecount="1"/>
        <line num="25" count="0" type="stmt"/>
        <line num="28" count="4" type="stmt"/>
        <line num="32" count="4" type="stmt"/>
        <line num="33" count="4" type="stmt"/>
        <line num="34" count="104" type="cond" truecount="2" falsecount="0"/>
        <line num="35" count="76" type="stmt"/>
        <line num="38" count="4" type="stmt"/>
        <line num="42" count="4" type="stmt"/>
        <line num="43" count="52" type="stmt"/>
        <line num="44" count="52" type="stmt"/>
        <line num="45" count="52" type="cond" truecount="2" falsecount="0"/>
        <line num="46" count="52" type="cond" truecount="2" falsecount="0"/>
        <line num="47" count="52" type="stmt"/>
        <line num="52" count="4" type="cond" truecount="3" falsecount="1"/>
        <line num="53" count="0" type="stmt"/>
        <line num="56" count="4" type="cond" truecount="1" falsecount="1"/>
        <line num="57" count="0" type="stmt"/>
        <line num="62" count="2" type="stmt"/>
        <line num="63" count="2" type="stmt"/>
        <line num="67" count="2" type="stmt"/>
        <line num="68" count="2" type="stmt"/>
      </file>
      <file name="ROT13.js" path="C:\Users\Marcu\personal\university\DD2480\JavaScript\Ciphers\ROT13.js">
        <metrics statements="7" coveredstatements="7" conditionals="4" coveredconditionals="4" methods="2" coveredmethods="2"/>
        <line num="9" count="9" type="cond" truecount="2" falsecount="0"/>
        <line num="10" count="6" type="stmt"/>
        <line num="13" count="3" type="stmt"/>
        <line num="14" count="97" type="stmt"/>
        <line num="16" count="97" type="cond" truecount="2" falsecount="0"/>
        <line num="17" count="51" type="stmt"/>
        <line num="20" count="46" type="stmt"/>
      </file>
      <file name="VigenereCipher.js" path="C:\Users\Marcu\personal\university\DD2480\JavaScript\Ciphers\VigenereCipher.js">
        <metrics statements="25" coveredstatements="25" conditionals="14" coveredconditionals="13" methods="4" coveredmethods="4"/>
        <line num="7" count="52" type="cond" truecount="2" falsecount="0"/>
        <line num="16" count="46" type="cond" truecount="2" falsecount="0"/>
        <line num="17" count="6" type="stmt"/>
        <line num="19" count="40" type="cond" truecount="1" falsecount="1"/>
        <line num="20" count="40" type="stmt"/>
        <line num="31" count="2" type="stmt"/>
        <line num="33" count="2" type="stmt"/>
        <line num="34" count="26" type="stmt"/>
        <line num="35" count="26" type="cond" truecount="2" falsecount="0"/>
        <line num="36" count="23" type="cond" truecount="2" falsecount="0"/>
        <line num="37" count="3" type="stmt"/>
        <line num="39" count="20" type="stmt"/>
        <line num="42" count="3" type="stmt"/>
        <line num="44" count="26" type="stmt"/>
        <line num="46" count="2" type="stmt"/>
        <line num="56" count="2" type="stmt"/>
        <line num="58" count="2" type="stmt"/>
        <line num="59" count="26" type="stmt"/>
        <line num="60" count="26" type="cond" truecount="2" falsecount="0"/>
        <line num="61" count="23" type="cond" truecount="2" falsecount="0"/>
        <line num="62" count="3" type="stmt"/>
        <line num="64" count="20" type="stmt"/>
        <line num="67" count="3" type="stmt"/>
        <line num="69" count="26" type="stmt"/>
        <line num="71" count="2" type="stmt"/>
      </file>
      <file name="XORCipher.js" path="C:\Users\Marcu\personal\university\DD2480\JavaScript\Ciphers\XORCipher.js">
        <metrics statements="5" coveredstatements="5" conditionals="4" coveredconditionals="4" methods="2" coveredmethods="2"/>
        <line num="12" count="1" type="stmt"/>
        <line num="13" count="8" type="cond" truecount="4" falsecount="0"/>
        <line num="14" count="6" type="stmt"/>
        <line num="17" count="2" type="stmt"/>
        <line num="18" count="22" type="stmt"/>
      </file>
    </package>
    <package name="Conversions">
      <metrics statements="340" coveredstatements="309" conditionals="172" coveredconditionals="134" methods="65" coveredmethods="65"/>
      <file name="ArbitraryBase.js" path="C:\Users\Marcu\personal\university\DD2480\JavaScript\Conversions\ArbitraryBase.js">
        <metrics statements="25" coveredstatements="22" conditionals="6" coveredconditionals="3" methods="4" coveredmethods="4"/>
        <line num="8" count="1" type="stmt"/>
        <line num="9" count="21" type="cond" truecount="1" falsecount="1"/>
        <line num="10" count="0" type="stmt"/>
        <line num="12" count="7" type="stmt"/>
        <line num="13" count="14" type="stmt"/>
        <line num="14" count="14" type="cond" truecount="1" falsecount="1"/>
        <line num="15" count="0" type="stmt"/>
        <line num="18" count="7" type="stmt"/>
        <line num="19" count="7" type="stmt"/>
        <line num="20" count="7" type="stmt"/>
        <line num="21" count="7" type="stmt"/>
        <line num="22" count="7" type="stmt"/>
        <line num="23" count="18" type="stmt"/>
        <line num="24" count="18" type="cond" truecount="1" falsecount="1"/>
        <line num="25" count="0" type="stmt"/>
        <line num="27" count="18" type="stmt"/>
        <line num="28" count="18" type="stmt"/>
        <line num="30" count="7" type="stmt"/>
        <line num="31" count="7" type="stmt"/>
        <line num="32" count="7" type="stmt"/>
        <line num="33" count="2508" type="stmt"/>
        <line num="34" count="2508" type="stmt"/>
        <line num="35" count="2508" type="stmt"/>
        <line num="37" count="7" type="stmt"/>
        <line num="38" count="7" type="stmt"/>
      </file>
      <file name="ArrayBufferToBase64.js" path="C:\Users\Marcu\personal\university\DD2480\JavaScript\Conversions\ArrayBufferToBase64.js">
        <metrics statements="14" coveredstatements="13" conditionals="2" coveredconditionals="1" methods="1" coveredmethods="1"/>
        <line num="10" count="3" type="stmt"/>
        <line num="12" count="3" type="stmt"/>
        <line num="14" count="3" type="stmt"/>
        <line num="15" count="3" type="stmt"/>
        <line num="18" count="3" type="stmt"/>
        <line num="20" count="12" type="stmt"/>
        <line num="21" count="12" type="stmt"/>
        <line num="22" count="12" type="stmt"/>
        <line num="23" count="12" type="stmt"/>
        <line num="25" count="12" type="stmt"/>
        <line num="33" count="3" type="cond" truecount="1" falsecount="1"/>
        <line num="34" count="3" type="stmt"/>
        <line num="35" count="3" type="stmt"/>
        <line num="38" count="0" type="stmt"/>
      </file>
      <file name="Base64ToArrayBuffer.js" path="C:\Users\Marcu\personal\university\DD2480\JavaScript\Conversions\Base64ToArrayBuffer.js">
        <metrics statements="20" coveredstatements="20" conditionals="6" coveredconditionals="5" methods="1" coveredmethods="1"/>
        <line num="10" count="3" type="stmt"/>
        <line num="12" count="3" type="stmt"/>
        <line num="14" count="3" type="cond" truecount="1" falsecount="1"/>
        <line num="16" count="3" type="stmt"/>
        <line num="18" count="3" type="stmt"/>
        <line num="20" count="3" type="stmt"/>
        <line num="23" count="3" type="stmt"/>
        <line num="25" count="12" type="stmt"/>
        <line num="26" count="12" type="stmt"/>
        <line num="27" count="12" type="stmt"/>
        <line num="28" count="12" type="stmt"/>
        <line num="31" count="12" type="cond" truecount="2" falsecount="0"/>
        <line num="32" count="12" type="cond" truecount="2" falsecount="0"/>
        <line num="35" count="12" type="stmt"/>
        <line num="36" count="12" type="stmt"/>
        <line num="37" count="12" type="stmt"/>
        <line num="39" count="12" type="stmt"/>
        <line num="40" count="12" type="stmt"/>
        <line num="41" count="12" type="stmt"/>
        <line num="44" count="3" type="stmt"/>
      </file>
      <file name="BinaryToDecimal.js" path="C:\Users\Marcu\personal\university\DD2480\JavaScript\Conversions\BinaryToDecimal.js">
        <metrics statements="5" coveredstatements="5" conditionals="0" coveredconditionals="0" methods="2" coveredmethods="2"/>
        <line num="2" count="3" type="stmt"/>
        <line num="3" count="3" type="stmt"/>
        <line num="4" count="3" type="stmt"/>
        <line num="5" count="19" type="stmt"/>
        <line num="7" count="3" type="stmt"/>
      </file>
      <file name="BinaryToHex.js" path="C:\Users\Marcu\personal\university\DD2480\JavaScript\Conversions\BinaryToHex.js">
        <metrics statements="32" coveredstatements="22" conditionals="20" coveredconditionals="10" methods="3" coveredmethods="3"/>
        <line num="1" count="1" type="stmt"/>
        <line num="2" count="1" type="stmt"/>
        <line num="3" count="1" type="stmt"/>
        <line num="6" count="1" type="stmt"/>
        <line num="7" count="6" type="stmt"/>
        <line num="8" count="6" type="cond" truecount="2" falsecount="0"/>
        <line num="9" count="1" type="stmt"/>
        <line num="11" count="6" type="cond" truecount="6" falsecount="10"/>
        <line num="12" count="0" type="stmt"/>
        <line num="13" count="0" type="stmt"/>
        <line num="14" count="0" type="stmt"/>
        <line num="15" count="0" type="stmt"/>
        <line num="16" count="1" type="stmt"/>
        <line num="17" count="0" type="stmt"/>
        <line num="18" count="0" type="stmt"/>
        <line num="19" count="0" type="stmt"/>
        <line num="20" count="1" type="stmt"/>
        <line num="21" count="0" type="stmt"/>
        <line num="22" count="1" type="stmt"/>
        <line num="23" count="0" type="stmt"/>
        <line num="24" count="0" type="stmt"/>
        <line num="25" count="1" type="stmt"/>
        <line num="26" count="1" type="stmt"/>
        <line num="27" count="1" type="stmt"/>
        <line num="30" count="1" type="stmt"/>
        <line num="47" count="4" type="stmt"/>
        <line num="48" count="4" type="stmt"/>
        <line num="49" count="4" type="stmt"/>
        <line num="50" count="6" type="cond" truecount="2" falsecount="0"/>
        <line num="51" count="5" type="stmt"/>
        <line num="53" count="1" type="stmt"/>
        <line num="56" count="4" type="stmt"/>
      </file>
      <file name="DateDayDifference.js" path="C:\Users\Marcu\personal\university\DD2480\JavaScript\Conversions\DateDayDifference.js">
        <metrics statements="15" coveredstatements="13" conditionals="24" coveredconditionals="19" methods="5" coveredmethods="5"/>
        <line num="10" count="1" type="stmt"/>
        <line num="11" count="6" type="cond" truecount="1" falsecount="1"/>
        <line num="12" count="6" type="cond" truecount="1" falsecount="1"/>
        <line num="13" count="6" type="cond" truecount="2" falsecount="0"/>
        <line num="14" count="4" type="stmt"/>
        <line num="16" count="1" type="stmt"/>
        <line num="17" count="8" type="cond" truecount="4" falsecount="0"/>
        <line num="20" count="1" type="stmt"/>
        <line num="22" count="4" type="cond" truecount="2" falsecount="2"/>
        <line num="23" count="0" type="stmt"/>
        <line num="26" count="12" type="stmt"/>
        <line num="28" count="12" type="stmt"/>
        <line num="30" count="4" type="cond" truecount="9" falsecount="1"/>
        <line num="34" count="0" type="stmt"/>
        <line num="36" count="4" type="stmt"/>
      </file>
      <file name="DateToDay.js" path="C:\Users\Marcu\personal\university\DD2480\JavaScript\Conversions\DateToDay.js">
        <metrics statements="14" coveredstatements="12" conditionals="10" coveredconditionals="8" methods="2" coveredmethods="2"/>
        <line num="16" count="1" type="stmt"/>
        <line num="18" count="1" type="stmt"/>
        <line num="20" count="7" type="cond" truecount="1" falsecount="1"/>
        <line num="21" count="0" type="stmt"/>
        <line num="24" count="21" type="stmt"/>
        <line num="26" count="7" type="cond" truecount="5" falsecount="1"/>
        <line num="27" count="0" type="stmt"/>
        <line num="34" count="7" type="cond" truecount="2" falsecount="0"/>
        <line num="35" count="4" type="stmt"/>
        <line num="36" count="4" type="stmt"/>
        <line num="40" count="7" type="stmt"/>
        <line num="41" count="7" type="stmt"/>
        <line num="56" count="7" type="stmt"/>
        <line num="57" count="7" type="stmt"/>
      </file>
      <file name="DecimalToBinary.js" path="C:\Users\Marcu\personal\university\DD2480\JavaScript\Conversions\DecimalToBinary.js">
        <metrics statements="5" coveredstatements="5" conditionals="0" coveredconditionals="0" methods="1" coveredmethods="1"/>
        <line num="2" count="5" type="stmt"/>
        <line num="3" count="5" type="stmt"/>
        <line num="4" count="24" type="stmt"/>
        <line num="5" count="24" type="stmt"/>
        <line num="7" count="5" type="stmt"/>
      </file>
      <file name="DecimalToHex.js" path="C:\Users\Marcu\personal\university\DD2480\JavaScript\Conversions\DecimalToHex.js">
        <metrics statements="13" coveredstatements="8" conditionals="6" coveredconditionals="1" methods="2" coveredmethods="2"/>
        <line num="2" count="7" type="cond" truecount="1" falsecount="5"/>
        <line num="3" count="0" type="stmt"/>
        <line num="4" count="0" type="stmt"/>
        <line num="5" count="0" type="stmt"/>
        <line num="6" count="0" type="stmt"/>
        <line num="7" count="0" type="stmt"/>
        <line num="8" count="2" type="stmt"/>
        <line num="10" count="5" type="stmt"/>
        <line num="14" count="3" type="stmt"/>
        <line num="15" count="3" type="stmt"/>
        <line num="16" count="4" type="stmt"/>
        <line num="17" count="4" type="stmt"/>
        <line num="19" count="3" type="stmt"/>
      </file>
      <file name="DecimalToOctal.js" path="C:\Users\Marcu\personal\university\DD2480\JavaScript\Conversions\DecimalToOctal.js">
        <metrics statements="7" coveredstatements="7" conditionals="0" coveredconditionals="0" methods="1" coveredmethods="1"/>
        <line num="2" count="5" type="stmt"/>
        <line num="3" count="5" type="stmt"/>
        <line num="4" count="5" type="stmt"/>
        <line num="5" count="9" type="stmt"/>
        <line num="6" count="9" type="stmt"/>
        <line num="7" count="9" type="stmt"/>
        <line num="9" count="5" type="stmt"/>
      </file>
      <file name="DecimalToRoman.js" path="C:\Users\Marcu\personal\university\DD2480\JavaScript\Conversions\DecimalToRoman.js">
        <metrics statements="8" coveredstatements="8" conditionals="0" coveredconditionals="0" methods="1" coveredmethods="1"/>
        <line num="9" count="1" type="stmt"/>
        <line num="25" count="1" type="stmt"/>
        <line num="42" count="3" type="stmt"/>
        <line num="43" count="3" type="stmt"/>
        <line num="44" count="39" type="stmt"/>
        <line num="45" count="15" type="stmt"/>
        <line num="46" count="15" type="stmt"/>
        <line num="49" count="3" type="stmt"/>
      </file>
      <file name="HexToBinary.js" path="C:\Users\Marcu\personal\university\DD2480\JavaScript\Conversions\HexToBinary.js">
        <metrics statements="8" coveredstatements="8" conditionals="4" coveredconditionals="4" methods="3" coveredmethods="3"/>
        <line num="1" count="6" type="stmt"/>
        <line num="20" count="1" type="stmt"/>
        <line num="21" count="10" type="cond" truecount="2" falsecount="0"/>
        <line num="22" count="3" type="stmt"/>
        <line num="25" count="7" type="cond" truecount="2" falsecount="0"/>
        <line num="26" count="3" type="stmt"/>
        <line num="35" count="4" type="stmt"/>
        <line num="37" count="6" type="stmt"/>
      </file>
      <file name="HexToRGB.js" path="C:\Users\Marcu\personal\university\DD2480\JavaScript\Conversions\HexToRGB.js">
        <metrics statements="8" coveredstatements="8" conditionals="0" coveredconditionals="0" methods="1" coveredmethods="1"/>
        <line num="2" count="3" type="stmt"/>
        <line num="3" count="3" type="stmt"/>
        <line num="4" count="3" type="stmt"/>
        <line num="6" count="3" type="stmt"/>
        <line num="7" count="3" type="stmt"/>
        <line num="8" count="3" type="stmt"/>
        <line num="9" count="3" type="stmt"/>
        <line num="11" count="3" type="stmt"/>
      </file>
      <file name="LitersToImperialGallons.js" path="C:\Users\Marcu\personal\university\DD2480\JavaScript\Conversions\LitersToImperialGallons.js">
        <metrics statements="2" coveredstatements="2" conditionals="0" coveredconditionals="0" methods="1" coveredmethods="1"/>
        <line num="7" count="1" type="stmt"/>
        <line num="8" count="1" type="stmt"/>
      </file>
      <file name="LitersToUSGallons.js" path="C:\Users\Marcu\personal\university\DD2480\JavaScript\Conversions\LitersToUSGallons.js">
        <metrics statements="2" coveredstatements="2" conditionals="0" coveredconditionals="0" methods="1" coveredmethods="1"/>
        <line num="7" count="1" type="stmt"/>
        <line num="8" count="1" type="stmt"/>
      </file>
      <file name="LowerCaseConversion.js" path="C:\Users\Marcu\personal\university\DD2480\JavaScript\Conversions\LowerCaseConversion.js">
        <metrics statements="7" coveredstatements="7" conditionals="4" coveredconditionals="4" methods="2" coveredmethods="2"/>
        <line num="18" count="1" type="stmt"/>
        <line num="20" count="5" type="stmt"/>
        <line num="22" count="25" type="stmt"/>
        <line num="24" count="25" type="cond" truecount="4" falsecount="0"/>
        <line num="26" count="14" type="stmt"/>
        <line num="29" count="11" type="stmt"/>
        <line num="32" count="5" type="stmt"/>
      </file>
      <file name="MeterToFeetConversion.js" path="C:\Users\Marcu\personal\university\DD2480\JavaScript\Conversions\MeterToFeetConversion.js">
        <metrics statements="4" coveredstatements="4" conditionals="0" coveredconditionals="0" methods="2" coveredmethods="2"/>
        <line num="2" count="1" type="stmt"/>
        <line num="3" count="1" type="stmt"/>
        <line num="6" count="1" type="stmt"/>
        <line num="7" count="1" type="stmt"/>
      </file>
      <file name="OctToDecimal.js" path="C:\Users\Marcu\personal\university\DD2480\JavaScript\Conversions\OctToDecimal.js">
        <metrics statements="8" coveredstatements="8" conditionals="0" coveredconditionals="0" methods="1" coveredmethods="1"/>
        <line num="2" count="5" type="stmt"/>
        <line num="3" count="5" type="stmt"/>
        <line num="4" count="5" type="stmt"/>
        <line num="5" count="9" type="stmt"/>
        <line num="6" count="9" type="stmt"/>
        <line num="7" count="9" type="stmt"/>
        <line num="8" count="9" type="stmt"/>
        <line num="10" count="5" type="stmt"/>
      </file>
      <file name="OuncesToKilograms.js" path="C:\Users\Marcu\personal\university\DD2480\JavaScript\Conversions\OuncesToKilograms.js">
        <metrics statements="2" coveredstatements="2" conditionals="0" coveredconditionals="0" methods="1" coveredmethods="1"/>
        <line num="7" count="1" type="stmt"/>
        <line num="8" count="1" type="stmt"/>
      </file>
      <file name="RGBToHex.js" path="C:\Users\Marcu\personal\university\DD2480\JavaScript\Conversions\RGBToHex.js">
        <metrics statements="4" coveredstatements="3" conditionals="7" coveredconditionals="5" methods="2" coveredmethods="2"/>
        <line num="2" count="4" type="cond" truecount="1" falsecount="1"/>
        <line num="7" count="0" type="stmt"/>
        <line num="10" count="12" type="cond" truecount="1" falsecount="1"/>
        <line num="12" count="4" type="stmt"/>
      </file>
      <file name="RailwayTimeConversion.js" path="C:\Users\Marcu\personal\university\DD2480\JavaScript\Conversions\RailwayTimeConversion.js">
        <metrics statements="8" coveredstatements="7" conditionals="8" coveredconditionals="5" methods="1" coveredmethods="1"/>
        <line num="18" count="1" type="stmt"/>
        <line num="20" count="4" type="cond" truecount="1" falsecount="1"/>
        <line num="21" count="0" type="stmt"/>
        <line num="24" count="4" type="stmt"/>
        <line num="26" count="4" type="stmt"/>
        <line num="28" count="4" type="cond" truecount="2" falsecount="0"/>
        <line num="29" count="2" type="cond" truecount="1" falsecount="1"/>
        <line num="31" count="2" type="cond" truecount="1" falsecount="1"/>
      </file>
      <file name="RgbHsvConversion.js" path="C:\Users\Marcu\personal\university\DD2480\JavaScript\Conversions\RgbHsvConversion.js">
        <metrics statements="61" coveredstatements="55" conditionals="55" coveredconditionals="49" methods="5" coveredmethods="5"/>
        <line num="20" count="10" type="cond" truecount="3" falsecount="1"/>
        <line num="21" count="0" type="stmt"/>
        <line num="24" count="10" type="cond" truecount="3" falsecount="1"/>
        <line num="25" count="0" type="stmt"/>
        <line num="28" count="10" type="cond" truecount="3" falsecount="1"/>
        <line num="29" count="0" type="stmt"/>
        <line num="32" count="10" type="stmt"/>
        <line num="33" count="10" type="stmt"/>
        <line num="34" count="10" type="stmt"/>
        <line num="35" count="10" type="stmt"/>
        <line num="37" count="10" type="stmt"/>
        <line num="49" count="10" type="cond" truecount="3" falsecount="1"/>
        <line num="50" count="0" type="stmt"/>
        <line num="53" count="10" type="cond" truecount="3" falsecount="1"/>
        <line num="54" count="0" type="stmt"/>
        <line num="57" count="10" type="cond" truecount="3" falsecount="1"/>
        <line num="58" count="0" type="stmt"/>
        <line num="61" count="10" type="stmt"/>
        <line num="62" count="10" type="stmt"/>
        <line num="63" count="10" type="stmt"/>
        <line num="64" count="10" type="stmt"/>
        <line num="65" count="10" type="stmt"/>
        <line num="66" count="10" type="cond" truecount="2" falsecount="0"/>
        <line num="69" count="10" type="cond" truecount="2" falsecount="0"/>
        <line num="70" count="2" type="stmt"/>
        <line num="71" count="8" type="cond" truecount="2" falsecount="0"/>
        <line num="72" count="4" type="stmt"/>
        <line num="73" count="4" type="cond" truecount="2" falsecount="0"/>
        <line num="74" count="2" type="stmt"/>
        <line num="76" count="2" type="stmt"/>
        <line num="79" count="10" type="stmt"/>
        <line num="81" count="10" type="stmt"/>
        <line num="85" count="10" type="stmt"/>
        <line num="86" count="10" type="stmt"/>
        <line num="87" count="10" type="stmt"/>
        <line num="89" count="10" type="cond" truecount="3" falsecount="0"/>
        <line num="94" count="30" type="stmt"/>
        <line num="101" count="10" type="cond" truecount="4" falsecount="0"/>
        <line num="102" count="4" type="stmt"/>
        <line num="103" count="4" type="stmt"/>
        <line num="104" count="4" type="stmt"/>
        <line num="105" count="6" type="cond" truecount="4" falsecount="0"/>
        <line num="106" count="1" type="stmt"/>
        <line num="107" count="1" type="stmt"/>
        <line num="108" count="1" type="stmt"/>
        <line num="109" count="5" type="cond" truecount="4" falsecount="0"/>
        <line num="110" count="1" type="stmt"/>
        <line num="111" count="1" type="stmt"/>
        <line num="112" count="1" type="stmt"/>
        <line num="113" count="4" type="cond" truecount="4" falsecount="0"/>
        <line num="114" count="2" type="stmt"/>
        <line num="115" count="2" type="stmt"/>
        <line num="116" count="2" type="stmt"/>
        <line num="117" count="2" type="cond" truecount="4" falsecount="0"/>
        <line num="118" count="1" type="stmt"/>
        <line num="119" count="1" type="stmt"/>
        <line num="120" count="1" type="stmt"/>
        <line num="122" count="1" type="stmt"/>
        <line num="123" count="1" type="stmt"/>
        <line num="124" count="1" type="stmt"/>
        <line num="127" count="10" type="stmt"/>
      </file>
      <file name="RomanToDecimal.js" path="C:\Users\Marcu\personal\university\DD2480\JavaScript\Conversions\RomanToDecimal.js">
        <metrics statements="14" coveredstatements="14" conditionals="6" coveredconditionals="6" methods="1" coveredmethods="1"/>
        <line num="1" count="1" type="stmt"/>
        <line num="12" count="3" type="stmt"/>
        <line num="14" count="3" type="stmt"/>
        <line num="16" count="3" type="stmt"/>
        <line num="17" count="3" type="stmt"/>
        <line num="18" count="18" type="stmt"/>
        <line num="20" count="18" type="cond" truecount="2" falsecount="0"/>
        <line num="21" count="15" type="cond" truecount="2" falsecount="0"/>
        <line num="24" count="18" type="stmt"/>
        <line num="25" count="18" type="cond" truecount="2" falsecount="0"/>
        <line num="26" count="14" type="stmt"/>
        <line num="28" count="4" type="stmt"/>
        <line num="31" count="18" type="stmt"/>
        <line num="33" count="3" type="stmt"/>
      </file>
      <file name="TemperatureConversion.js" path="C:\Users\Marcu\personal\university\DD2480\JavaScript\Conversions\TemperatureConversion.js">
        <metrics statements="32" coveredstatements="32" conditionals="0" coveredconditionals="0" methods="16" coveredmethods="16"/>
        <line num="4" count="1" type="stmt"/>
        <line num="7" count="1" type="stmt"/>
        <line num="10" count="1" type="stmt"/>
        <line num="13" count="1" type="stmt"/>
        <line num="16" count="1" type="stmt"/>
        <line num="19" count="1" type="stmt"/>
        <line num="22" count="1" type="stmt"/>
        <line num="25" count="1" type="stmt"/>
        <line num="28" count="1" type="stmt"/>
        <line num="31" count="1" type="stmt"/>
        <line num="34" count="1" type="stmt"/>
        <line num="37" count="1" type="stmt"/>
        <line num="40" count="1" type="stmt"/>
        <line num="43" count="1" type="stmt"/>
        <line num="46" count="1" type="stmt"/>
        <line num="49" count="1" type="stmt"/>
        <line num="52" count="1" type="stmt"/>
        <line num="55" count="1" type="stmt"/>
        <line num="58" count="1" type="stmt"/>
        <line num="61" count="1" type="stmt"/>
        <line num="64" count="1" type="stmt"/>
        <line num="67" count="1" type="stmt"/>
        <line num="70" count="1" type="stmt"/>
        <line num="73" count="1" type="stmt"/>
        <line num="76" count="1" type="stmt"/>
        <line num="78" count="1" type="stmt"/>
        <line num="81" count="1" type="stmt"/>
        <line num="83" count="1" type="stmt"/>
        <line num="86" count="1" type="stmt"/>
        <line num="88" count="1" type="stmt"/>
        <line num="91" count="1" type="stmt"/>
        <line num="93" count="1" type="stmt"/>
      </file>
      <file name="TitleCaseConversion.js" path="C:\Users\Marcu\personal\university\DD2480\JavaScript\Conversions\TitleCaseConversion.js">
        <metrics statements="15" coveredstatements="15" conditionals="10" coveredconditionals="10" methods="3" coveredmethods="3"/>
        <line num="13" count="1" type="stmt"/>
        <line num="14" count="12" type="cond" truecount="2" falsecount="0"/>
        <line num="16" count="11" type="stmt"/>
        <line num="17" count="27" type="stmt"/>
        <line num="19" count="27" type="stmt"/>
        <line num="21" count="27" type="cond" truecount="4" falsecount="0"/>
        <line num="23" count="9" type="stmt"/>
        <line num="26" count="18" type="stmt"/>
        <line num="28" count="27" type="stmt"/>
        <line num="30" count="134" type="stmt"/>
        <line num="32" count="134" type="cond" truecount="4" falsecount="0"/>
        <line num="34" count="47" type="stmt"/>
        <line num="37" count="87" type="stmt"/>
        <line num="40" count="27" type="stmt"/>
        <line num="43" count="11" type="stmt"/>
      </file>
      <file name="UpperCaseConversion.js" path="C:\Users\Marcu\personal\university\DD2480\JavaScript\Conversions\UpperCaseConversion.js">
        <metrics statements="7" coveredstatements="7" conditionals="4" coveredconditionals="4" methods="2" coveredmethods="2"/>
        <line num="18" count="1" type="stmt"/>
        <line num="20" count="10" type="stmt"/>
        <line num="22" count="134" type="stmt"/>
        <line num="24" count="134" type="cond" truecount="4" falsecount="0"/>
        <line num="26" count="63" type="stmt"/>
        <line num="29" count="71" type="stmt"/>
        <line num="32" count="10" type="stmt"/>
      </file>
    </package>
    <package name="Data-Structures.Array">
      <metrics statements="48" coveredstatements="48" conditionals="32" coveredconditionals="32" methods="12" coveredmethods="12"/>
      <file name="LocalMaximomPoint.js" path="C:\Users\Marcu\personal\university\DD2480\JavaScript\Data-Structures\Array\LocalMaximomPoint.js">
        <metrics statements="8" coveredstatements="8" conditionals="10" coveredconditionals="10" methods="2" coveredmethods="2"/>
        <line num="12" count="1" type="stmt"/>
        <line num="14" count="12" type="stmt"/>
        <line num="17" count="12" type="cond" truecount="6" falsecount="0"/>
        <line num="19" count="5" type="stmt"/>
        <line num="20" count="7" type="cond" truecount="4" falsecount="0"/>
        <line num="21" count="3" type="stmt"/>
        <line num="24" count="4" type="stmt"/>
        <line num="28" count="5" type="stmt"/>
      </file>
      <file name="NumberOfLocalMaximumPoints.js" path="C:\Users\Marcu\personal\university\DD2480\JavaScript\Data-Structures\Array\NumberOfLocalMaximumPoints.js">
        <metrics statements="12" coveredstatements="12" conditionals="10" coveredconditionals="10" methods="3" coveredmethods="3"/>
        <line num="14" count="1" type="stmt"/>
        <line num="17" count="65" type="cond" truecount="2" falsecount="0"/>
        <line num="18" count="7" type="stmt"/>
        <line num="20" count="58" type="cond" truecount="2" falsecount="0"/>
        <line num="21" count="7" type="stmt"/>
        <line num="24" count="51" type="cond" truecount="2" falsecount="0"/>
        <line num="28" count="1" type="stmt"/>
        <line num="30" count="123" type="cond" truecount="2" falsecount="0"/>
        <line num="31" count="65" type="cond" truecount="2" falsecount="0"/>
        <line num="35" count="58" type="stmt"/>
        <line num="36" count="58" type="stmt"/>
        <line num="40" count="7" type="stmt"/>
      </file>
      <file name="QuickSelect.js" path="C:\Users\Marcu\personal\university\DD2480\JavaScript\Data-Structures\Array\QuickSelect.js">
        <metrics statements="22" coveredstatements="22" conditionals="12" coveredconditionals="12" methods="6" coveredmethods="6"/>
        <line num="15" count="25" type="cond" truecount="4" falsecount="0"/>
        <line num="16" count="3" type="stmt"/>
        <line num="19" count="22" type="stmt"/>
        <line num="23" count="43" type="cond" truecount="2" falsecount="0"/>
        <line num="25" count="32" type="stmt"/>
        <line num="26" count="32" type="stmt"/>
        <line num="28" count="32" type="cond" truecount="2" falsecount="0"/>
        <line num="29" count="21" type="cond" truecount="2" falsecount="0"/>
        <line num="31" count="9" type="stmt"/>
        <line num="35" count="32" type="stmt"/>
        <line num="36" count="32" type="stmt"/>
        <line num="37" count="32" type="stmt"/>
        <line num="41" count="32" type="stmt"/>
        <line num="42" count="32" type="stmt"/>
        <line num="44" count="32" type="stmt"/>
        <line num="45" count="88" type="cond" truecount="2" falsecount="0"/>
        <line num="46" count="49" type="stmt"/>
        <line num="47" count="49" type="stmt"/>
        <line num="51" count="32" type="stmt"/>
        <line num="53" count="32" type="stmt"/>
        <line num="57" count="32" type="stmt"/>
        <line num="61" count="113" type="stmt"/>
      </file>
      <file name="Reverse.js" path="C:\Users\Marcu\personal\university\DD2480\JavaScript\Data-Structures\Array\Reverse.js">
        <metrics statements="6" coveredstatements="6" conditionals="0" coveredconditionals="0" methods="1" coveredmethods="1"/>
        <line num="8" count="1" type="stmt"/>
        <line num="10" count="3" type="stmt"/>
        <line num="11" count="3" type="stmt"/>
        <line num="12" count="3" type="stmt"/>
        <line num="13" count="3" type="stmt"/>
        <line num="15" count="3" type="stmt"/>
      </file>
    </package>
    <package name="Data-Structures.Graph">
      <metrics statements="62" coveredstatements="61" conditionals="17" coveredconditionals="11" methods="19" coveredmethods="18"/>
      <file name="Graph2.js" path="C:\Users\Marcu\personal\university\DD2480\JavaScript\Data-Structures\Graph\Graph2.js">
        <metrics statements="13" coveredstatements="12" conditionals="1" coveredconditionals="0" methods="5" coveredmethods="4"/>
        <line num="6" count="1" type="stmt"/>
        <line num="7" count="1" type="stmt"/>
        <line num="24" count="6" type="stmt"/>
        <line num="31" count="8" type="stmt"/>
        <line num="35" count="8" type="stmt"/>
        <line num="39" count="0" type="cond" truecount="0" falsecount="1"/>
        <line num="41" count="1" type="stmt"/>
        <line num="44" count="1" type="stmt"/>
        <line num="47" count="6" type="stmt"/>
        <line num="48" count="6" type="stmt"/>
        <line num="52" count="6" type="stmt"/>
        <line num="53" count="16" type="stmt"/>
        <line num="57" count="6" type="stmt"/>
      </file>
      <file name="Graph3.js" path="C:\Users\Marcu\personal\university\DD2480\JavaScript\Data-Structures\Graph\Graph3.js">
        <metrics statements="49" coveredstatements="49" conditionals="16" coveredconditionals="11" methods="14" coveredmethods="14"/>
        <line num="3" count="1" type="stmt"/>
        <line num="7" count="6" type="cond" truecount="1" falsecount="1"/>
        <line num="11" count="7" type="stmt"/>
        <line num="12" count="7" type="stmt"/>
        <line num="16" count="2" type="stmt"/>
        <line num="17" count="1" type="stmt"/>
        <line num="19" count="2" type="stmt"/>
        <line num="20" count="5" type="stmt"/>
        <line num="25" count="3" type="stmt"/>
        <line num="26" count="2" type="stmt"/>
        <line num="27" count="2" type="stmt"/>
        <line num="35" count="2" type="cond" truecount="1" falsecount="1"/>
        <line num="37" count="2" type="stmt"/>
        <line num="38" count="2" type="stmt"/>
        <line num="39" count="2" type="stmt"/>
        <line num="42" count="11" type="cond" truecount="1" falsecount="1"/>
        <line num="43" count="11" type="stmt"/>
        <line num="44" count="11" type="stmt"/>
        <line num="45" count="11" type="stmt"/>
        <line num="46" count="24" type="cond" truecount="2" falsecount="0"/>
        <line num="47" count="9" type="stmt"/>
        <line num="52" count="2" type="stmt"/>
        <line num="53" count="2" type="stmt"/>
        <line num="60" count="2" type="cond" truecount="1" falsecount="1"/>
        <line num="62" count="2" type="stmt"/>
        <line num="63" count="2" type="stmt"/>
        <line num="64" count="2" type="stmt"/>
        <line num="66" count="2" type="stmt"/>
        <line num="69" count="2" type="stmt"/>
        <line num="70" count="11" type="stmt"/>
        <line num="71" count="11" type="stmt"/>
        <line num="73" count="11" type="stmt"/>
        <line num="74" count="24" type="cond" truecount="2" falsecount="0"/>
        <line num="75" count="9" type="stmt"/>
        <line num="76" count="9" type="stmt"/>
        <line num="80" count="2" type="stmt"/>
        <line num="84" count="2" type="cond" truecount="1" falsecount="1"/>
        <line num="86" count="2" type="stmt"/>
        <line num="87" count="2" type="stmt"/>
        <line num="88" count="2" type="stmt"/>
        <line num="91" count="2" type="stmt"/>
        <line num="93" count="2" type="stmt"/>
        <line num="94" count="11" type="stmt"/>
        <line num="95" count="11" type="stmt"/>
        <line num="97" count="11" type="stmt"/>
        <line num="98" count="24" type="cond" truecount="2" falsecount="0"/>
        <line num="99" count="9" type="stmt"/>
        <line num="100" count="9" type="stmt"/>
        <line num="104" count="2" type="stmt"/>
      </file>
    </package>
    <package name="Data-Structures.Heap">
      <metrics statements="81" coveredstatements="77" conditionals="41" coveredconditionals="35" methods="18" coveredmethods="16"/>
      <file name="MinHeap.js" path="C:\Users\Marcu\personal\university\DD2480\JavaScript\Data-Structures\Heap\MinHeap.js">
        <metrics statements="29" coveredstatements="29" conditionals="10" coveredconditionals="10" methods="8" coveredmethods="8"/>
        <line num="23" count="4" type="stmt"/>
        <line num="31" count="4" type="stmt"/>
        <line num="33" count="4" type="stmt"/>
        <line num="34" count="24" type="stmt"/>
        <line num="36" count="4" type="stmt"/>
        <line num="57" count="25" type="stmt"/>
        <line num="59" count="25" type="stmt"/>
        <line num="60" count="29" type="cond" truecount="2" falsecount="0"/>
        <line num="61" count="29" type="cond" truecount="4" falsecount="0"/>
        <line num="65" count="29" type="cond" truecount="2" falsecount="0"/>
        <line num="66" count="8" type="stmt"/>
        <line num="67" count="8" type="stmt"/>
        <line num="68" count="8" type="stmt"/>
        <line num="70" count="21" type="stmt"/>
        <line num="84" count="1" type="stmt"/>
        <line num="86" count="1" type="cond" truecount="2" falsecount="0"/>
        <line num="87" count="1" type="stmt"/>
        <line num="88" count="1" type="stmt"/>
        <line num="89" count="1" type="stmt"/>
        <line num="94" count="1" type="stmt"/>
        <line num="106" count="1" type="stmt"/>
        <line num="107" count="1" type="stmt"/>
        <line num="108" count="1" type="stmt"/>
        <line num="109" count="1" type="stmt"/>
        <line num="114" count="1" type="stmt"/>
        <line num="115" count="1" type="stmt"/>
        <line num="120" count="10" type="stmt"/>
        <line num="121" count="10" type="stmt"/>
        <line num="122" count="10" type="stmt"/>
      </file>
      <file name="MinPriorityQueue.js" path="C:\Users\Marcu\personal\university\DD2480\JavaScript\Data-Structures\Heap\MinPriorityQueue.js">
        <metrics statements="52" coveredstatements="48" conditionals="31" coveredconditionals="25" methods="10" coveredmethods="8"/>
        <line num="17" count="5" type="stmt"/>
        <line num="18" count="5" type="stmt"/>
        <line num="19" count="5" type="stmt"/>
        <line num="25" count="32" type="cond" truecount="1" falsecount="1"/>
        <line num="26" count="32" type="stmt"/>
        <line num="27" count="32" type="stmt"/>
        <line num="28" count="32" type="stmt"/>
        <line num="29" count="52" type="cond" truecount="2" falsecount="0"/>
        <line num="30" count="16" type="stmt"/>
        <line num="31" count="16" type="stmt"/>
        <line num="32" count="16" type="stmt"/>
        <line num="34" count="52" type="stmt"/>
        <line num="36" count="32" type="stmt"/>
        <line num="41" count="0" type="stmt"/>
        <line num="46" count="9" type="stmt"/>
        <line num="51" count="32" type="cond" truecount="1" falsecount="1"/>
        <line num="52" count="32" type="stmt"/>
        <line num="56" count="0" type="cond" truecount="0" falsecount="1"/>
        <line num="57" count="2" type="stmt"/>
        <line num="64" count="1" type="stmt"/>
        <line num="65" count="1" type="stmt"/>
        <line num="67" count="8" type="stmt"/>
        <line num="68" count="8" type="stmt"/>
        <line num="69" count="8" type="stmt"/>
        <line num="70" count="8" type="stmt"/>
        <line num="74" count="1" type="stmt"/>
        <line num="75" count="1" type="stmt"/>
        <line num="80" count="15" type="stmt"/>
        <line num="81" count="15" type="cond" truecount="2" falsecount="0"/>
        <line num="83" count="18" type="cond" truecount="2" falsecount="0"/>
        <line num="84" count="6" type="cond" truecount="3" falsecount="1"/>
        <line num="85" count="0" type="stmt"/>
        <line num="86" count="6" type="cond" truecount="2" falsecount="0"/>
        <line num="87" count="4" type="stmt"/>
        <line num="90" count="14" type="cond" truecount="2" falsecount="0"/>
        <line num="91" count="2" type="cond" truecount="1" falsecount="1"/>
        <line num="93" count="12" type="cond" truecount="1" falsecount="1"/>
        <line num="97" count="12" type="stmt"/>
        <line num="100" count="0" type="stmt"/>
        <line num="103" count="14" type="stmt"/>
        <line num="104" count="14" type="stmt"/>
        <line num="105" count="14" type="stmt"/>
        <line num="106" count="14" type="stmt"/>
        <line num="114" count="9" type="cond" truecount="2" falsecount="0"/>
        <line num="115" count="8" type="cond" truecount="2" falsecount="0"/>
        <line num="116" count="1" type="stmt"/>
        <line num="117" count="1" type="stmt"/>
        <line num="119" count="7" type="stmt"/>
        <line num="120" count="7" type="stmt"/>
        <line num="121" count="7" type="stmt"/>
        <line num="122" count="7" type="stmt"/>
        <line num="123" count="7" type="stmt"/>
      </file>
    </package>
    <package name="Data-Structures.Linked-List">
      <metrics statements="376" coveredstatements="319" conditionals="154" coveredconditionals="115" methods="66" coveredmethods="60"/>
      <file name="AddTwoNumbers.js" path="C:\Users\Marcu\personal\university\DD2480\JavaScript\Data-Structures\Linked-List\AddTwoNumbers.js">
        <metrics statements="25" coveredstatements="24" conditionals="12" coveredconditionals="7" methods="3" coveredmethods="3"/>
        <line num="18" count="1" type="stmt"/>
        <line num="22" count="1" type="stmt"/>
        <line num="23" count="1" type="stmt"/>
        <line num="24" count="1" type="stmt"/>
        <line num="25" count="1" type="stmt"/>
        <line num="26" count="1" type="cond" truecount="2" falsecount="0"/>
        <line num="27" count="3" type="cond" truecount="1" falsecount="1"/>
        <line num="28" count="3" type="cond" truecount="1" falsecount="1"/>
        <line num="29" count="3" type="stmt"/>
        <line num="30" count="3" type="stmt"/>
        <line num="31" count="3" type="stmt"/>
        <line num="32" count="3" type="stmt"/>
        <line num="33" count="3" type="cond" truecount="1" falsecount="1"/>
        <line num="34" count="3" type="stmt"/>
        <line num="36" count="3" type="cond" truecount="1" falsecount="1"/>
        <line num="37" count="3" type="stmt"/>
        <line num="40" count="1" type="cond" truecount="1" falsecount="1"/>
        <line num="41" count="0" type="stmt"/>
        <line num="44" count="1" type="stmt"/>
        <line num="48" count="1" type="stmt"/>
        <line num="49" count="1" type="stmt"/>
        <line num="50" count="1" type="stmt"/>
        <line num="51" count="3" type="stmt"/>
        <line num="52" count="3" type="stmt"/>
        <line num="55" count="1" type="stmt"/>
      </file>
      <file name="CycleDetection.js" path="C:\Users\Marcu\personal\university\DD2480\JavaScript\Data-Structures\Linked-List\CycleDetection.js">
        <metrics statements="8" coveredstatements="8" conditionals="6" coveredconditionals="6" methods="1" coveredmethods="1"/>
        <line num="12" count="4" type="cond" truecount="2" falsecount="0"/>
        <line num="14" count="3" type="stmt"/>
        <line num="15" count="3" type="stmt"/>
        <line num="16" count="3" type="cond" truecount="2" falsecount="0"/>
        <line num="17" count="6" type="cond" truecount="2" falsecount="0"/>
        <line num="18" count="5" type="stmt"/>
        <line num="19" count="5" type="stmt"/>
        <line num="21" count="2" type="stmt"/>
      </file>
      <file name="DoublyLinkedList.js" path="C:\Users\Marcu\personal\university\DD2480\JavaScript\Data-Structures\Linked-List\DoublyLinkedList.js">
        <metrics statements="101" coveredstatements="75" conditionals="28" coveredconditionals="21" methods="19" coveredmethods="16"/>
        <line num="3" count="21" type="stmt"/>
        <line num="4" count="21" type="stmt"/>
        <line num="5" count="21" type="stmt"/>
        <line num="11" count="11" type="stmt"/>
        <line num="12" count="11" type="stmt"/>
        <line num="13" count="11" type="stmt"/>
        <line num="18" count="10" type="stmt"/>
        <line num="20" count="10" type="cond" truecount="2" falsecount="0"/>
        <line num="21" count="5" type="stmt"/>
        <line num="22" count="5" type="stmt"/>
        <line num="24" count="5" type="stmt"/>
        <line num="25" count="5" type="stmt"/>
        <line num="26" count="5" type="stmt"/>
        <line num="29" count="10" type="stmt"/>
        <line num="35" count="11" type="cond" truecount="3" falsecount="1"/>
        <line num="36" count="11" type="stmt"/>
        <line num="37" count="11" type="stmt"/>
        <line num="38" count="11" type="stmt"/>
        <line num="39" count="11" type="stmt"/>
        <line num="41" count="11" type="cond" truecount="2" falsecount="0"/>
        <line num="42" count="6" type="cond" truecount="1" falsecount="1"/>
        <line num="43" count="6" type="stmt"/>
        <line num="44" count="6" type="stmt"/>
        <line num="46" count="0" type="stmt"/>
        <line num="47" count="0" type="stmt"/>
        <line num="48" count="0" type="stmt"/>
        <line num="50" count="5" type="cond" truecount="1" falsecount="1"/>
        <line num="51" count="5" type="stmt"/>
        <line num="52" count="5" type="stmt"/>
        <line num="53" count="5" type="stmt"/>
        <line num="54" count="5" type="stmt"/>
        <line num="56" count="0" type="stmt"/>
        <line num="57" count="0" type="stmt"/>
        <line num="58" count="0" type="stmt"/>
        <line num="61" count="0" type="stmt"/>
        <line num="62" count="0" type="stmt"/>
        <line num="65" count="0" type="stmt"/>
        <line num="66" count="0" type="stmt"/>
        <line num="69" count="11" type="stmt"/>
        <line num="70" count="11" type="stmt"/>
        <line num="72" count="0" type="stmt"/>
        <line num="79" count="5" type="cond" truecount="4" falsecount="0"/>
        <line num="80" count="4" type="stmt"/>
        <line num="81" count="4" type="stmt"/>
        <line num="82" count="4" type="stmt"/>
        <line num="85" count="4" type="cond" truecount="2" falsecount="0"/>
        <line num="86" count="2" type="stmt"/>
        <line num="89" count="2" type="cond" truecount="1" falsecount="1"/>
        <line num="90" count="0" type="stmt"/>
        <line num="92" count="2" type="stmt"/>
        <line num="94" count="2" type="cond" truecount="1" falsecount="1"/>
        <line num="95" count="2" type="stmt"/>
        <line num="96" count="2" type="stmt"/>
        <line num="97" count="2" type="stmt"/>
        <line num="99" count="0" type="stmt"/>
        <line num="100" count="0" type="stmt"/>
        <line num="101" count="0" type="stmt"/>
        <line num="105" count="0" type="stmt"/>
        <line num="106" count="0" type="stmt"/>
        <line num="109" count="4" type="stmt"/>
        <line num="110" count="4" type="stmt"/>
        <line num="112" count="1" type="stmt"/>
        <line num="118" count="1" type="stmt"/>
        <line num="119" count="1" type="stmt"/>
        <line num="122" count="1" type="stmt"/>
        <line num="123" count="1" type="cond" truecount="1" falsecount="1"/>
        <line num="124" count="1" type="stmt"/>
        <line num="127" count="0" type="stmt"/>
        <line num="128" count="0" type="stmt"/>
        <line num="132" count="0" type="stmt"/>
        <line num="137" count="0" type="stmt"/>
        <line num="142" count="1" type="stmt"/>
        <line num="147" count="0" type="stmt"/>
        <line num="152" count="1" type="stmt"/>
        <line num="157" count="1" type="stmt"/>
        <line num="158" count="1" type="stmt"/>
        <line num="160" count="1" type="stmt"/>
        <line num="161" count="1" type="cond" truecount="1" falsecount="1"/>
        <line num="162" count="1" type="stmt"/>
        <line num="165" count="1" type="stmt"/>
        <line num="170" count="1" type="stmt"/>
        <line num="171" count="1" type="stmt"/>
        <line num="173" count="1" type="stmt"/>
        <line num="174" count="2" type="stmt"/>
        <line num="175" count="2" type="stmt"/>
        <line num="178" count="1" type="stmt"/>
        <line num="183" count="2" type="stmt"/>
        <line num="188" count="3" type="stmt"/>
        <line num="193" count="9" type="stmt"/>
        <line num="198" count="4" type="stmt"/>
        <line num="203" count="3" type="stmt"/>
        <line num="204" count="3" type="cond" truecount="2" falsecount="0"/>
        <line num="206" count="2" type="stmt"/>
        <line num="207" count="2" type="stmt"/>
        <line num="208" count="6" type="stmt"/>
        <line num="209" count="6" type="stmt"/>
        <line num="212" count="2" type="stmt"/>
        <line num="218" count="0" type="stmt"/>
        <line num="219" count="0" type="stmt"/>
        <line num="220" count="0" type="stmt"/>
        <line num="221" count="0" type="stmt"/>
      </file>
[...]
      </file>
      <file name="IsPalindrome.js" path="C:\Users\Marcu\personal\university\DD2480\JavaScript\String\IsPalindrome.js">
        <metrics statements="8" coveredstatements="8" conditionals="8" coveredconditionals="8" methods="1" coveredmethods="1"/>
        <line num="20" count="13" type="cond" truecount="4" falsecount="0"/>
        <line num="21" count="3" type="stmt"/>
        <line num="25" count="10" type="stmt"/>
        <line num="26" count="10" type="stmt"/>
        <line num="28" count="10" type="cond" truecount="2" falsecount="0"/>
        <line num="31" count="8" type="stmt"/>
        <line num="33" count="15" type="cond" truecount="2" falsecount="0"/>
        <line num="36" count="5" type="stmt"/>
      </file>
      <file name="KMPPatternSearching.js" path="C:\Users\Marcu\personal\university\DD2480\JavaScript\String\KMPPatternSearching.js">
        <metrics statements="26" coveredstatements="25" conditionals="14" coveredconditionals="13" methods="2" coveredmethods="2"/>
        <line num="7" count="1" type="stmt"/>
        <line num="8" count="4" type="stmt"/>
        <line num="9" count="4" type="stmt"/>
        <line num="10" count="4" type="stmt"/>
        <line num="11" count="15" type="stmt"/>
        <line num="12" count="15" type="cond" truecount="2" falsecount="0"/>
        <line num="13" count="2" type="stmt"/>
        <line num="15" count="15" type="cond" truecount="2" falsecount="0"/>
        <line num="16" count="6" type="stmt"/>
        <line num="18" count="15" type="stmt"/>
        <line num="20" count="4" type="stmt"/>
        <line num="28" count="1" type="stmt"/>
        <line num="29" count="4" type="cond" truecount="3" falsecount="1"/>
        <line num="30" count="0" type="stmt"/>
        <line num="35" count="4" type="stmt"/>
        <line num="36" count="4" type="stmt"/>
        <line num="38" count="4" type="stmt"/>
        <line num="39" count="4" type="stmt"/>
        <line num="40" count="56" type="cond" truecount="2" falsecount="0"/>
        <line num="41" count="7" type="stmt"/>
        <line num="43" count="56" type="cond" truecount="2" falsecount="0"/>
        <line num="44" count="47" type="stmt"/>
        <line num="46" count="56" type="cond" truecount="2" falsecount="0"/>
        <line num="47" count="6" type="stmt"/>
        <line num="48" count="6" type="stmt"/>
        <line num="52" count="4" type="stmt"/>
      </file>
      <file name="LevenshteinDistance.js" path="C:\Users\Marcu\personal\university\DD2480\JavaScript\String\LevenshteinDistance.js">
        <metrics statements="12" coveredstatements="12" conditionals="2" coveredconditionals="2" methods="2" coveredmethods="2"/>
        <line num="12" count="1" type="stmt"/>
        <line num="14" count="10" type="stmt"/>
        <line num="16" count="42" type="stmt"/>
        <line num="19" count="10" type="stmt"/>
        <line num="20" count="43" type="stmt"/>
        <line num="24" count="10" type="stmt"/>
        <line num="25" count="42" type="stmt"/>
        <line num="28" count="10" type="stmt"/>
        <line num="29" count="32" type="stmt"/>
        <line num="30" count="160" type="cond" truecount="2" falsecount="0"/>
        <line num="32" count="160" type="stmt"/>
        <line num="40" count="10" type="stmt"/>
      </file>
      <file name="Lower.js" path="C:\Users\Marcu\personal\university\DD2480\JavaScript\String\Lower.js">
        <metrics statements="5" coveredstatements="5" conditionals="2" coveredconditionals="2" methods="2" coveredmethods="2"/>
        <line num="10" count="1" type="stmt"/>
        <line num="11" count="7" type="cond" truecount="2" falsecount="0"/>
        <line num="12" count="3" type="stmt"/>
        <line num="15" count="4" type="stmt"/>
        <line num="16" count="11" type="stmt"/>
      </file>
      <file name="MaxCharacter.js" path="C:\Users\Marcu\personal\university\DD2480\JavaScript\String\MaxCharacter.js">
        <metrics statements="14" coveredstatements="14" conditionals="10" coveredconditionals="10" methods="1" coveredmethods="1"/>
        <line num="8" count="1" type="stmt"/>
        <line num="9" count="6" type="cond" truecount="2" falsecount="0"/>
        <line num="10" count="1" type="stmt"/>
        <line num="11" count="5" type="cond" truecount="2" falsecount="0"/>
        <line num="12" count="1" type="stmt"/>
        <line num="16" count="4" type="stmt"/>
        <line num="18" count="4" type="stmt"/>
        <line num="19" count="66" type="cond" truecount="2" falsecount="0"/>
        <line num="20" count="47" type="cond" truecount="2" falsecount="0"/>
        <line num="25" count="4" type="stmt"/>
        <line num="27" count="4" type="stmt"/>
        <line num="28" count="31" type="cond" truecount="2" falsecount="0"/>
        <line num="29" count="8" type="stmt"/>
        <line num="33" count="4" type="stmt"/>
      </file>
      <file name="MaxWord.js" path="C:\Users\Marcu\personal\university\DD2480\JavaScript\String\MaxWord.js">
        <metrics statements="14" coveredstatements="12" conditionals="11" coveredconditionals="8" methods="3" coveredmethods="3"/>
        <line num="10" count="1" type="cond" truecount="0" falsecount="1"/>
        <line num="11" count="2" type="cond" truecount="2" falsecount="0"/>
        <line num="12" count="1" type="stmt"/>
        <line num="15" count="1" type="cond" truecount="1" falsecount="1"/>
        <line num="16" count="0" type="stmt"/>
        <line num="19" count="1" type="stmt"/>
        <line num="20" count="1" type="cond" truecount="1" falsecount="1"/>
        <line num="21" count="0" type="stmt"/>
        <line num="24" count="1" type="stmt"/>
        <line num="25" count="1" type="stmt"/>
        <line num="26" count="7" type="cond" truecount="2" falsecount="0"/>
        <line num="29" count="1" type="stmt"/>
        <line num="30" count="3" type="cond" truecount="2" falsecount="0"/>
        <line num="33" count="1" type="stmt"/>
      </file>
      <file name="PatternMatching.js" path="C:\Users\Marcu\personal\university\DD2480\JavaScript\String\PatternMatching.js">
        <metrics statements="10" coveredstatements="10" conditionals="8" coveredconditionals="8" methods="1" coveredmethods="1"/>
        <line num="10" count="1" type="stmt"/>
        <line num="11" count="4" type="cond" truecount="4" falsecount="0"/>
        <line num="12" count="1" type="stmt"/>
        <line num="14" count="3" type="stmt"/>
        <line num="15" count="3" type="stmt"/>
        <line num="18" count="3" type="stmt"/>
        <line num="21" count="14" type="stmt"/>
        <line num="22" count="18" type="cond" truecount="2" falsecount="0"/>
        <line num="26" count="5" type="cond" truecount="2" falsecount="0"/>
        <line num="27" count="1" type="stmt"/>
      </file>
      <file name="PercentageOfLetters.js" path="C:\Users\Marcu\personal\university\DD2480\JavaScript\String\PercentageOfLetters.js">
        <metrics statements="8" coveredstatements="8" conditionals="6" coveredconditionals="6" methods="1" coveredmethods="1"/>
        <line num="13" count="1" type="stmt"/>
        <line num="14" count="6" type="cond" truecount="4" falsecount="0"/>
        <line num="15" count="2" type="stmt"/>
        <line num="17" count="4" type="stmt"/>
        <line num="19" count="4" type="stmt"/>
        <line num="21" count="24" type="cond" truecount="2" falsecount="0"/>
        <line num="23" count="4" type="stmt"/>
        <line num="24" count="4" type="stmt"/>
      </file>
      <file name="PermutateString.js" path="C:\Users\Marcu\personal\university\DD2480\JavaScript\String\PermutateString.js">
        <metrics statements="21" coveredstatements="21" conditionals="4" coveredconditionals="4" methods="5" coveredmethods="5"/>
        <line num="3" count="1" type="stmt"/>
        <line num="4" count="4" type="cond" truecount="4" falsecount="0"/>
        <line num="5" count="1" type="stmt"/>
        <line num="7" count="3" type="stmt"/>
        <line num="8" count="3" type="stmt"/>
        <line num="9" count="3" type="stmt"/>
        <line num="10" count="6" type="stmt"/>
        <line num="11" count="6" type="stmt"/>
        <line num="13" count="3" type="stmt"/>
        <line num="14" count="32" type="stmt"/>
        <line num="15" count="32" type="stmt"/>
        <line num="19" count="1" type="stmt"/>
        <line num="20" count="6" type="stmt"/>
        <line num="21" count="6" type="stmt"/>
        <line num="22" count="13" type="stmt"/>
        <line num="23" count="13" type="stmt"/>
        <line num="24" count="42" type="stmt"/>
        <line num="25" count="42" type="stmt"/>
        <line num="26" count="42" type="stmt"/>
        <line num="27" count="42" type="stmt"/>
        <line num="30" count="6" type="stmt"/>
      </file>
      <file name="ReverseString.js" path="C:\Users\Marcu\personal\university\DD2480\JavaScript\String\ReverseString.js">
        <metrics statements="14" coveredstatements="14" conditionals="4" coveredconditionals="4" methods="2" coveredmethods="2"/>
        <line num="5" count="11" type="cond" truecount="2" falsecount="0"/>
        <line num="6" count="4" type="stmt"/>
        <line num="8" count="7" type="stmt"/>
        <line num="11" count="7" type="stmt"/>
        <line num="12" count="62" type="stmt"/>
        <line num="15" count="7" type="stmt"/>
        <line num="24" count="10" type="cond" truecount="2" falsecount="0"/>
        <line num="25" count="4" type="stmt"/>
        <line num="28" count="6" type="stmt"/>
        <line num="30" count="6" type="stmt"/>
        <line num="31" count="30" type="stmt"/>
        <line num="32" count="30" type="stmt"/>
        <line num="33" count="30" type="stmt"/>
        <line num="36" count="6" type="stmt"/>
      </file>
      <file name="ReverseWords.js" path="C:\Users\Marcu\personal\university\DD2480\JavaScript\String\ReverseWords.js">
        <metrics statements="5" coveredstatements="5" conditionals="2" coveredconditionals="2" methods="2" coveredmethods="2"/>
        <line num="6" count="1" type="stmt"/>
        <line num="7" count="7" type="cond" truecount="2" falsecount="0"/>
        <line num="8" count="4" type="stmt"/>
        <line num="11" count="3" type="stmt"/>
        <line num="13" count="8" type="stmt"/>
      </file>
      <file name="ScrambleStrings.js" path="C:\Users\Marcu\personal\university\DD2480\JavaScript\String\ScrambleStrings.js">
        <metrics statements="21" coveredstatements="21" conditionals="16" coveredconditionals="16" methods="2" coveredmethods="2"/>
        <line num="10" count="1" type="stmt"/>
        <line num="11" count="3" type="stmt"/>
        <line num="14" count="1" type="stmt"/>
        <line num="15" count="18" type="stmt"/>
        <line num="17" count="18" type="cond" truecount="2" falsecount="0"/>
        <line num="18" count="17" type="cond" truecount="2" falsecount="0"/>
        <line num="20" count="13" type="stmt"/>
        <line num="21" count="34" type="cond" truecount="2" falsecount="0"/>
        <line num="22" count="34" type="cond" truecount="2" falsecount="0"/>
        <line num="23" count="34" type="stmt"/>
        <line num="24" count="34" type="stmt"/>
        <line num="27" count="13" type="stmt"/>
        <line num="28" count="30" type="cond" truecount="2" falsecount="0"/>
        <line num="29" count="10" type="stmt"/>
        <line num="30" count="10" type="stmt"/>
        <line num="34" count="3" type="stmt"/>
        <line num="35" count="7" type="cond" truecount="2" falsecount="0"/>
        <line num="41" count="2" type="stmt"/>
        <line num="42" count="2" type="stmt"/>
        <line num="46" count="1" type="stmt"/>
        <line num="47" count="1" type="stmt"/>
      </file>
      <file name="Upper.js" path="C:\Users\Marcu\personal\university\DD2480\JavaScript\String\Upper.js">
        <metrics statements="5" coveredstatements="4" conditionals="2" coveredconditionals="1" methods="2" coveredmethods="2"/>
        <line num="9" count="1" type="stmt"/>
        <line num="10" count="3" type="cond" truecount="1" falsecount="1"/>
        <line num="11" count="0" type="stmt"/>
        <line num="14" count="3" type="stmt"/>
        <line num="15" count="10" type="stmt"/>
      </file>
      <file name="ValidateCreditCard.js" path="C:\Users\Marcu\personal\university\DD2480\JavaScript\String\ValidateCreditCard.js">
        <metrics statements="26" coveredstatements="26" conditionals="16" coveredconditionals="16" methods="4" coveredmethods="4"/>
        <line num="15" count="1" type="stmt"/>
        <line num="16" count="4" type="stmt"/>
        <line num="17" count="4" type="stmt"/>
        <line num="18" count="60" type="stmt"/>
        <line num="19" count="60" type="cond" truecount="2" falsecount="0"/>
        <line num="21" count="31" type="stmt"/>
        <line num="23" count="31" type="cond" truecount="2" falsecount="0"/>
        <line num="24" count="6" type="stmt"/>
        <line num="25" count="6" type="stmt"/>
        <line num="28" count="60" type="stmt"/>
        <line num="31" count="4" type="stmt"/>
        <line num="34" count="1" type="stmt"/>
        <line num="35" count="19" type="stmt"/>
        <line num="37" count="19" type="cond" truecount="2" falsecount="0"/>
        <line num="38" count="1" type="stmt"/>
        <line num="41" count="18" type="stmt"/>
        <line num="42" count="18" type="cond" truecount="2" falsecount="0"/>
        <line num="43" count="3" type="stmt"/>
        <line num="45" count="15" type="stmt"/>
        <line num="46" count="15" type="cond" truecount="4" falsecount="0"/>
        <line num="47" count="2" type="stmt"/>
        <line num="49" count="61" type="cond" truecount="2" falsecount="0"/>
        <line num="50" count="9" type="stmt"/>
        <line num="52" count="4" type="cond" truecount="2" falsecount="0"/>
        <line num="53" count="3" type="stmt"/>
        <line num="56" count="1" type="stmt"/>
      </file>
      <file name="ValidateEmail.js" path="C:\Users\Marcu\personal\university\DD2480\JavaScript\String\ValidateEmail.js">
        <metrics statements="4" coveredstatements="4" conditionals="4" coveredconditionals="4" methods="1" coveredmethods="1"/>
        <line num="4" count="1" type="stmt"/>
        <line num="5" count="6" type="cond" truecount="4" falsecount="0"/>
        <line num="6" count="2" type="stmt"/>
        <line num="9" count="4" type="stmt"/>
      </file>
      <file name="ValidateUrl.js" path="C:\Users\Marcu\personal\university\DD2480\JavaScript\String\ValidateUrl.js">
        <metrics statements="3" coveredstatements="3" conditionals="0" coveredconditionals="0" methods="1" coveredmethods="1"/>
        <line num="7" count="1" type="stmt"/>
        <line num="8" count="5" type="stmt"/>
        <line num="10" count="5" type="stmt"/>
      </file>
      <file name="ZFunction.js" path="C:\Users\Marcu\personal\university\DD2480\JavaScript\String\ZFunction.js">
        <metrics statements="13" coveredstatements="13" conditionals="6" coveredconditionals="5" methods="1" coveredmethods="1"/>
        <line num="12" count="2" type="stmt"/>
        <line num="13" count="2" type="stmt"/>
        <line num="15" count="2" type="stmt"/>
        <line num="16" count="2" type="stmt"/>
        <line num="17" count="2" type="stmt"/>
        <line num="20" count="29" type="cond" truecount="1" falsecount="1"/>
        <line num="21" count="29" type="stmt"/>
        <line num="25" count="29" type="stmt"/>
        <line num="29" count="59" type="stmt"/>
        <line num="33" count="29" type="cond" truecount="2" falsecount="0"/>
        <line num="34" count="2" type="stmt"/>
        <line num="35" count="2" type="stmt"/>
        <line num="38" count="2" type="stmt"/>
      </file>
    </package>
    <package name="Timing-Functions">
      <metrics statements="11" coveredstatements="11" conditionals="16" coveredconditionals="12" methods="1" coveredmethods="1"/>
      <file name="GetMonthDays.js" path="C:\Users\Marcu\personal\university\DD2480\JavaScript\Timing-Functions\GetMonthDays.js">
        <metrics statements="11" coveredstatements="11" conditionals="16" coveredconditionals="12" methods="1" coveredmethods="1"/>
        <line num="9" count="1" type="stmt"/>
        <line num="10" count="4" type="stmt"/>
        <line num="11" count="4" type="stmt"/>
        <line num="13" count="4" type="cond" truecount="5" falsecount="0"/>
        <line num="16" count="1" type="stmt"/>
        <line num="19" count="3" type="cond" truecount="1" falsecount="1"/>
        <line num="21" count="3" type="cond" truecount="2" falsecount="0"/>
        <line num="24" count="2" type="cond" truecount="2" falsecount="0"/>
        <line num="25" count="1" type="cond" truecount="2" falsecount="3"/>
        <line num="26" count="1" type="stmt"/>
        <line num="30" count="1" type="stmt"/>
      </file>
    </package>
    <package name="Trees">
      <metrics statements="45" coveredstatements="45" conditionals="14" coveredconditionals="14" methods="9" coveredmethods="9"/>
      <file name="BreadthFirstTreeTraversal.js" path="C:\Users\Marcu\personal\university\DD2480\JavaScript\Trees\BreadthFirstTreeTraversal.js">
        <metrics statements="31" coveredstatements="31" conditionals="14" coveredconditionals="14" methods="6" coveredmethods="6"/>
        <line num="8" count="6" type="stmt"/>
        <line num="9" count="6" type="stmt"/>
        <line num="10" count="6" type="stmt"/>
        <line num="16" count="2" type="stmt"/>
        <line num="20" count="2" type="stmt"/>
        <line num="21" count="2" type="cond" truecount="2" falsecount="0"/>
        <line num="22" count="1" type="stmt"/>
        <line num="24" count="2" type="stmt"/>
        <line num="25" count="6" type="stmt"/>
        <line num="26" count="6" type="cond" truecount="2" falsecount="0"/>
        <line num="27" count="2" type="stmt"/>
        <line num="29" count="6" type="cond" truecount="2" falsecount="0"/>
        <line num="30" count="3" type="stmt"/>
        <line num="32" count="6" type="stmt"/>
        <line num="34" count="2" type="stmt"/>
        <line num="38" count="1" type="stmt"/>
        <line num="39" count="1" type="stmt"/>
        <line num="40" count="1" type="stmt"/>
        <line num="41" count="4" type="stmt"/>
        <line num="43" count="1" type="stmt"/>
        <line num="48" count="13" type="cond" truecount="2" falsecount="0"/>
        <line num="49" count="7" type="stmt"/>
        <line num="51" count="6" type="stmt"/>
        <line num="52" count="6" type="stmt"/>
        <line num="53" count="6" type="cond" truecount="2" falsecount="0"/>
        <line num="57" count="22" type="cond" truecount="2" falsecount="0"/>
        <line num="58" count="7" type="stmt"/>
        <line num="60" count="15" type="cond" truecount="2" falsecount="0"/>
        <line num="61" count="6" type="stmt"/>
        <line num="63" count="9" type="stmt"/>
        <line num="64" count="9" type="stmt"/>
      </file>
      <file name="FenwickTree.js" path="C:\Users\Marcu\personal\university\DD2480\JavaScript\Trees\FenwickTree.js">
        <metrics statements="14" coveredstatements="14" conditionals="0" coveredconditionals="0" methods="3" coveredmethods="3"/>
        <line num="9" count="1" type="stmt"/>
        <line num="10" count="7" type="stmt"/>
        <line num="12" count="1" type="stmt"/>
        <line num="13" count="7" type="stmt"/>
        <line num="18" count="8" type="stmt"/>
        <line num="19" count="8" type="stmt"/>
        <line num="20" count="14" type="stmt"/>
        <line num="21" count="14" type="stmt"/>
        <line num="26" count="2" type="stmt"/>
        <line num="27" count="2" type="stmt"/>
        <line num="28" count="2" type="stmt"/>
        <line num="29" count="6" type="stmt"/>
        <line num="30" count="6" type="stmt"/>
        <line num="33" count="2" type="stmt"/>
      </file>
    </package>
  </project>
</coverage>
