{"C:\\Users\\Marcu\\personal\\university\\DD2480\\JavaScript\\Backtracking\\AllCombinationsOfSizeK.js": {"path":"C:\\Users\\Marcu\\personal\\university\\DD2480\\JavaScript\\Backtracking\\AllCombinationsOfSizeK.js","statementMap":{"0":{"start":{"line":26,"column":4},"end":{"line":26,"column":14}},"1":{"start":{"line":27,"column":4},"end":{"line":27,"column":14}},"2":{"start":{"line":28,"column":4},"end":{"line":28,"column":21}},"3":{"start":{"line":29,"column":4},"end":{"line":29,"column":26}},"4":{"start":{"line":33,"column":4},"end":{"line":36,"column":5}},"5":{"start":{"line":34,"column":6},"end":{"line":34,"column":47}},"6":{"start":{"line":35,"column":6},"end":{"line":35,"column":30}},"7":{"start":{"line":37,"column":4},"end":{"line":41,"column":5}},"8":{"start":{"line":37,"column":17},"end":{"line":37,"column":20}},"9":{"start":{"line":38,"column":6},"end":{"line":38,"column":26}},"10":{"start":{"line":39,"column":6},"end":{"line":39,"column":51}},"11":{"start":{"line":40,"column":6},"end":{"line":40,"column":24}},"12":{"start":{"line":42,"column":4},"end":{"line":42,"column":28}}},"fnMap":{"0":{"name":"(anonymous_0)","decl":{"start":{"line":25,"column":2},"end":{"line":25,"column":3}},"loc":{"start":{"line":25,"column":21},"end":{"line":30,"column":3}},"line":25},"1":{"name":"(anonymous_1)","decl":{"start":{"line":32,"column":2},"end":{"line":32,"column":3}},"loc":{"start":{"line":32,"column":60},"end":{"line":43,"column":3}},"line":32}},"branchMap":{"0":{"loc":{"start":{"line":32,"column":20},"end":{"line":32,"column":33}},"type":"default-arg","locations":[{"start":{"line":32,"column":27},"end":{"line":32,"column":33}}],"line":32},"1":{"loc":{"start":{"line":32,"column":35},"end":{"line":32,"column":49}},"type":"default-arg","locations":[{"start":{"line":32,"column":43},"end":{"line":32,"column":49}}],"line":32},"2":{"loc":{"start":{"line":32,"column":51},"end":{"line":32,"column":58}},"type":"default-arg","locations":[{"start":{"line":32,"column":57},"end":{"line":32,"column":58}}],"line":32},"3":{"loc":{"start":{"line":33,"column":4},"end":{"line":36,"column":5}},"type":"if","locations":[{"start":{"line":33,"column":4},"end":{"line":36,"column":5}},{"start":{},"end":{}}],"line":33}},"s":{"0":2,"1":2,"2":2,"3":2,"4":18,"5":9,"6":9,"7":9,"8":9,"9":16,"10":16,"11":16,"12":9},"f":{"0":2,"1":18},"b":{"0":[2],"1":[2],"2":[2],"3":[9,9]},"_coverageSchema":"1a1c01bbd47fc00a2c39e90264f33305004495a9","hash":"ade5243a13ab7c706f3e38e73362c1caf330dc28"}
,"C:\\Users\\Marcu\\personal\\university\\DD2480\\JavaScript\\Backtracking\\GeneratePermutations.js": {"path":"C:\\Users\\Marcu\\personal\\university\\DD2480\\JavaScript\\Backtracking\\GeneratePermutations.js","statementMap":{"0":{"start":{"line":12,"column":13},"end":{"line":18,"column":1}},"1":{"start":{"line":13,"column":19},"end":{"line":13,"column":27}},"2":{"start":{"line":15,"column":2},"end":{"line":15,"column":57}},"3":{"start":{"line":17,"column":2},"end":{"line":17,"column":17}},"4":{"start":{"line":20,"column":21},"end":{"line":34,"column":1}},"5":{"start":{"line":21,"column":12},"end":{"line":21,"column":14}},"6":{"start":{"line":22,"column":18},"end":{"line":32,"column":3}},"7":{"start":{"line":23,"column":4},"end":{"line":26,"column":5}},"8":{"start":{"line":24,"column":6},"end":{"line":24,"column":22}},"9":{"start":{"line":25,"column":6},"end":{"line":25,"column":14}},"10":{"start":{"line":27,"column":4},"end":{"line":30,"column":5}},"11":{"start":{"line":27,"column":17},"end":{"line":27,"column":20}},"12":{"start":{"line":28,"column":6},"end":{"line":28,"column":29}},"13":{"start":{"line":29,"column":6},"end":{"line":29,"column":33}},"14":{"start":{"line":31,"column":4},"end":{"line":31,"column":12}},"15":{"start":{"line":33,"column":2},"end":{"line":33,"column":40}}},"fnMap":{"0":{"name":"(anonymous_0)","decl":{"start":{"line":12,"column":13},"end":{"line":12,"column":14}},"loc":{"start":{"line":12,"column":28},"end":{"line":18,"column":1}},"line":12},"1":{"name":"(anonymous_1)","decl":{"start":{"line":20,"column":21},"end":{"line":20,"column":22}},"loc":{"start":{"line":20,"column":28},"end":{"line":34,"column":1}},"line":20},"2":{"name":"(anonymous_2)","decl":{"start":{"line":22,"column":18},"end":{"line":22,"column":19}},"loc":{"start":{"line":22,"column":38},"end":{"line":32,"column":3}},"line":22}},"branchMap":{"0":{"loc":{"start":{"line":23,"column":4},"end":{"line":26,"column":5}},"type":"if","locations":[{"start":{"line":23,"column":4},"end":{"line":26,"column":5}},{"start":{},"end":{}}],"line":23}},"s":{"0":1,"1":692820,"2":692820,"3":692820,"4":1,"5":5,"6":5,"7":692825,"8":403209,"9":403209,"10":289616,"11":289616,"12":692820,"13":692820,"14":289616,"15":5},"f":{"0":692820,"1":5,"2":692825},"b":{"0":[403209,289616]},"_coverageSchema":"1a1c01bbd47fc00a2c39e90264f33305004495a9","hash":"1502352c714bf173add58c76197862d9542cfe9d"}
,"C:\\Users\\Marcu\\personal\\university\\DD2480\\JavaScript\\Backtracking\\KnightTour.js": {"path":"C:\\Users\\Marcu\\personal\\university\\DD2480\\JavaScript\\Backtracking\\KnightTour.js","statementMap":{"0":{"start":{"line":5,"column":4},"end":{"line":5,"column":75}},"1":{"start":{"line":5,"column":51},"end":{"line":5,"column":74}},"2":{"start":{"line":6,"column":4},"end":{"line":6,"column":20}},"3":{"start":{"line":11,"column":18},"end":{"line":20,"column":5}},"4":{"start":{"line":22,"column":4},"end":{"line":22,"column":87}},"5":{"start":{"line":22,"column":36},"end":{"line":22,"column":86}},"6":{"start":{"line":27,"column":4},"end":{"line":27,"column":65}},"7":{"start":{"line":27,"column":34},"end":{"line":27,"column":49}},"8":{"start":{"line":32,"column":4},"end":{"line":36,"column":5}},"9":{"start":{"line":32,"column":17},"end":{"line":32,"column":18}},"10":{"start":{"line":33,"column":6},"end":{"line":35,"column":7}},"11":{"start":{"line":33,"column":19},"end":{"line":33,"column":20}},"12":{"start":{"line":34,"column":8},"end":{"line":34,"column":52}},"13":{"start":{"line":34,"column":41},"end":{"line":34,"column":52}},"14":{"start":{"line":37,"column":4},"end":{"line":37,"column":16}},"15":{"start":{"line":42,"column":4},"end":{"line":42,"column":38}},"16":{"start":{"line":42,"column":27},"end":{"line":42,"column":38}},"17":{"start":{"line":44,"column":4},"end":{"line":51,"column":5}},"18":{"start":{"line":45,"column":6},"end":{"line":50,"column":7}},"19":{"start":{"line":46,"column":8},"end":{"line":46,"column":35}},"20":{"start":{"line":47,"column":8},"end":{"line":47,"column":59}},"21":{"start":{"line":47,"column":48},"end":{"line":47,"column":59}},"22":{"start":{"line":49,"column":8},"end":{"line":49,"column":28}},"23":{"start":{"line":52,"column":4},"end":{"line":52,"column":16}},"24":{"start":{"line":55,"column":32},"end":{"line":55,"column":50}},"25":{"start":{"line":57,"column":4},"end":{"line":63,"column":5}},"26":{"start":{"line":58,"column":19},"end":{"line":58,"column":21}},"27":{"start":{"line":59,"column":6},"end":{"line":61,"column":7}},"28":{"start":{"line":60,"column":8},"end":{"line":60,"column":29}},"29":{"start":{"line":62,"column":6},"end":{"line":62,"column":20}}},"fnMap":{"0":{"name":"(anonymous_0)","decl":{"start":{"line":4,"column":2},"end":{"line":4,"column":3}},"loc":{"start":{"line":4,"column":21},"end":{"line":7,"column":3}},"line":4},"1":{"name":"(anonymous_1)","decl":{"start":{"line":5,"column":45},"end":{"line":5,"column":46}},"loc":{"start":{"line":5,"column":51},"end":{"line":5,"column":74}},"line":5},"2":{"name":"(anonymous_2)","decl":{"start":{"line":9,"column":2},"end":{"line":9,"column":3}},"loc":{"start":{"line":9,"column":20},"end":{"line":23,"column":3}},"line":9},"3":{"name":"(anonymous_3)","decl":{"start":{"line":22,"column":24},"end":{"line":22,"column":25}},"loc":{"start":{"line":22,"column":36},"end":{"line":22,"column":86}},"line":22},"4":{"name":"(anonymous_4)","decl":{"start":{"line":25,"column":2},"end":{"line":25,"column":3}},"loc":{"start":{"line":25,"column":16},"end":{"line":28,"column":3}},"line":25},"5":{"name":"(anonymous_5)","decl":{"start":{"line":27,"column":27},"end":{"line":27,"column":28}},"loc":{"start":{"line":27,"column":34},"end":{"line":27,"column":49}},"line":27},"6":{"name":"(anonymous_6)","decl":{"start":{"line":30,"column":2},"end":{"line":30,"column":3}},"loc":{"start":{"line":30,"column":11},"end":{"line":38,"column":3}},"line":30},"7":{"name":"(anonymous_7)","decl":{"start":{"line":40,"column":2},"end":{"line":40,"column":3}},"loc":{"start":{"line":40,"column":29},"end":{"line":53,"column":3}},"line":40},"8":{"name":"(anonymous_8)","decl":{"start":{"line":55,"column":2},"end":{"line":55,"column":3}},"loc":{"start":{"line":55,"column":52},"end":{"line":64,"column":3}},"line":55},"9":{"name":"(anonymous_9)","decl":{"start":{"line":55,"column":23},"end":{"line":55,"column":24}},"loc":{"start":{"line":55,"column":32},"end":{"line":55,"column":50}},"line":55}},"branchMap":{"0":{"loc":{"start":{"line":22,"column":36},"end":{"line":22,"column":86}},"type":"binary-expr","locations":[{"start":{"line":22,"column":36},"end":{"line":22,"column":42}},{"start":{"line":22,"column":46},"end":{"line":22,"column":59}},{"start":{"line":22,"column":63},"end":{"line":22,"column":69}},{"start":{"line":22,"column":73},"end":{"line":22,"column":86}}],"line":22},"1":{"loc":{"start":{"line":34,"column":8},"end":{"line":34,"column":52}},"type":"if","locations":[{"start":{"line":34,"column":8},"end":{"line":34,"column":52}},{"start":{},"end":{}}],"line":34},"2":{"loc":{"start":{"line":42,"column":4},"end":{"line":42,"column":38}},"type":"if","locations":[{"start":{"line":42,"column":4},"end":{"line":42,"column":38}},{"start":{},"end":{}}],"line":42},"3":{"loc":{"start":{"line":45,"column":6},"end":{"line":50,"column":7}},"type":"if","locations":[{"start":{"line":45,"column":6},"end":{"line":50,"column":7}},{"start":{},"end":{}}],"line":45},"4":{"loc":{"start":{"line":47,"column":8},"end":{"line":47,"column":59}},"type":"if","locations":[{"start":{"line":47,"column":8},"end":{"line":47,"column":59}},{"start":{},"end":{}}],"line":47},"5":{"loc":{"start":{"line":55,"column":14},"end":{"line":55,"column":50}},"type":"default-arg","locations":[{"start":{"line":55,"column":23},"end":{"line":55,"column":50}}],"line":55}},"s":{"0":1,"1":5,"2":1,"3":2088017,"4":2088017,"5":16704136,"6":2088018,"7":10440090,"8":1,"9":1,"10":1,"11":1,"12":2,"13":1,"14":0,"15":2088018,"16":1,"17":2088017,"18":7344942,"19":2088016,"20":2088016,"21":25,"22":2087991,"23":2087992,"24":0,"25":0,"26":0,"27":0,"28":0,"29":0},"f":{"0":1,"1":5,"2":2088017,"3":16704136,"4":2088018,"5":10440090,"6":1,"7":2088018,"8":0,"9":0},"b":{"0":[16704136,14090356,11262882,9375231],"1":[1,1],"2":[1,2088017],"3":[2088016,5256926],"4":[25,2087991],"5":[0]},"_coverageSchema":"1a1c01bbd47fc00a2c39e90264f33305004495a9","hash":"e6d66f2c4189561d329a90da845da4729801c5db"}
,"C:\\Users\\Marcu\\personal\\university\\DD2480\\JavaScript\\Backtracking\\NQueens.js": {"path":"C:\\Users\\Marcu\\personal\\university\\DD2480\\JavaScript\\Backtracking\\NQueens.js","statementMap":{"0":{"start":{"line":3,"column":4},"end":{"line":5,"column":5}},"1":{"start":{"line":4,"column":6},"end":{"line":4,"column":44}},"2":{"start":{"line":6,"column":4},"end":{"line":6,"column":79}},"3":{"start":{"line":6,"column":53},"end":{"line":6,"column":78}},"4":{"start":{"line":7,"column":4},"end":{"line":7,"column":20}},"5":{"start":{"line":8,"column":4},"end":{"line":8,"column":26}},"6":{"start":{"line":15,"column":4},"end":{"line":17,"column":5}},"7":{"start":{"line":15,"column":17},"end":{"line":15,"column":18}},"8":{"start":{"line":16,"column":6},"end":{"line":16,"column":50}},"9":{"start":{"line":16,"column":38},"end":{"line":16,"column":50}},"10":{"start":{"line":20,"column":4},"end":{"line":22,"column":5}},"11":{"start":{"line":20,"column":17},"end":{"line":20,"column":20}},"12":{"start":{"line":20,"column":26},"end":{"line":20,"column":29}},"13":{"start":{"line":21,"column":6},"end":{"line":21,"column":48}},"14":{"start":{"line":21,"column":36},"end":{"line":21,"column":48}},"15":{"start":{"line":25,"column":4},"end":{"line":27,"column":5}},"16":{"start":{"line":25,"column":17},"end":{"line":25,"column":20}},"17":{"start":{"line":25,"column":26},"end":{"line":25,"column":29}},"18":{"start":{"line":26,"column":6},"end":{"line":26,"column":48}},"19":{"start":{"line":26,"column":36},"end":{"line":26,"column":48}},"20":{"start":{"line":29,"column":4},"end":{"line":29,"column":15}},"21":{"start":{"line":33,"column":4},"end":{"line":33,"column":30}},"22":{"start":{"line":37,"column":4},"end":{"line":37,"column":30}},"23":{"start":{"line":41,"column":4},"end":{"line":44,"column":5}},"24":{"start":{"line":42,"column":6},"end":{"line":42,"column":26}},"25":{"start":{"line":43,"column":6},"end":{"line":43,"column":17}},"26":{"start":{"line":46,"column":4},"end":{"line":52,"column":5}},"27":{"start":{"line":46,"column":17},"end":{"line":46,"column":18}},"28":{"start":{"line":47,"column":6},"end":{"line":51,"column":7}},"29":{"start":{"line":48,"column":8},"end":{"line":48,"column":31}},"30":{"start":{"line":49,"column":8},"end":{"line":49,"column":27}},"31":{"start":{"line":50,"column":8},"end":{"line":50,"column":32}},"32":{"start":{"line":54,"column":4},"end":{"line":54,"column":16}},"33":{"start":{"line":57,"column":32},"end":{"line":57,"column":50}},"34":{"start":{"line":58,"column":4},"end":{"line":60,"column":5}},"35":{"start":{"line":59,"column":6},"end":{"line":59,"column":18}},"36":{"start":{"line":61,"column":4},"end":{"line":63,"column":5}},"37":{"start":{"line":62,"column":6},"end":{"line":62,"column":17}}},"fnMap":{"0":{"name":"(anonymous_0)","decl":{"start":{"line":2,"column":2},"end":{"line":2,"column":3}},"loc":{"start":{"line":2,"column":21},"end":{"line":9,"column":3}},"line":2},"1":{"name":"(anonymous_1)","decl":{"start":{"line":6,"column":47},"end":{"line":6,"column":48}},"loc":{"start":{"line":6,"column":53},"end":{"line":6,"column":78}},"line":6},"2":{"name":"(anonymous_2)","decl":{"start":{"line":11,"column":2},"end":{"line":11,"column":3}},"loc":{"start":{"line":11,"column":23},"end":{"line":30,"column":3}},"line":11},"3":{"name":"(anonymous_3)","decl":{"start":{"line":32,"column":2},"end":{"line":32,"column":3}},"loc":{"start":{"line":32,"column":24},"end":{"line":34,"column":3}},"line":32},"4":{"name":"(anonymous_4)","decl":{"start":{"line":36,"column":2},"end":{"line":36,"column":3}},"loc":{"start":{"line":36,"column":25},"end":{"line":38,"column":3}},"line":36},"5":{"name":"(anonymous_5)","decl":{"start":{"line":40,"column":2},"end":{"line":40,"column":3}},"loc":{"start":{"line":40,"column":18},"end":{"line":55,"column":3}},"line":40},"6":{"name":"(anonymous_6)","decl":{"start":{"line":57,"column":2},"end":{"line":57,"column":3}},"loc":{"start":{"line":57,"column":52},"end":{"line":64,"column":3}},"line":57},"7":{"name":"(anonymous_7)","decl":{"start":{"line":57,"column":23},"end":{"line":57,"column":24}},"loc":{"start":{"line":57,"column":32},"end":{"line":57,"column":50}},"line":57}},"branchMap":{"0":{"loc":{"start":{"line":3,"column":4},"end":{"line":5,"column":5}},"type":"if","locations":[{"start":{"line":3,"column":4},"end":{"line":5,"column":5}},{"start":{},"end":{}}],"line":3},"1":{"loc":{"start":{"line":16,"column":6},"end":{"line":16,"column":50}},"type":"if","locations":[{"start":{"line":16,"column":6},"end":{"line":16,"column":50}},{"start":{},"end":{}}],"line":16},"2":{"loc":{"start":{"line":20,"column":31},"end":{"line":20,"column":47}},"type":"binary-expr","locations":[{"start":{"line":20,"column":31},"end":{"line":20,"column":37}},{"start":{"line":20,"column":41},"end":{"line":20,"column":47}}],"line":20},"3":{"loc":{"start":{"line":21,"column":6},"end":{"line":21,"column":48}},"type":"if","locations":[{"start":{"line":21,"column":6},"end":{"line":21,"column":48}},{"start":{},"end":{}}],"line":21},"4":{"loc":{"start":{"line":25,"column":31},"end":{"line":25,"column":54}},"type":"binary-expr","locations":[{"start":{"line":25,"column":31},"end":{"line":25,"column":37}},{"start":{"line":25,"column":41},"end":{"line":25,"column":54}}],"line":25},"5":{"loc":{"start":{"line":26,"column":6},"end":{"line":26,"column":48}},"type":"if","locations":[{"start":{"line":26,"column":6},"end":{"line":26,"column":48}},{"start":{},"end":{}}],"line":26},"6":{"loc":{"start":{"line":40,"column":9},"end":{"line":40,"column":16}},"type":"default-arg","locations":[{"start":{"line":40,"column":15},"end":{"line":40,"column":16}}],"line":40},"7":{"loc":{"start":{"line":41,"column":4},"end":{"line":44,"column":5}},"type":"if","locations":[{"start":{"line":41,"column":4},"end":{"line":44,"column":5}},{"start":{},"end":{}}],"line":41},"8":{"loc":{"start":{"line":47,"column":6},"end":{"line":51,"column":7}},"type":"if","locations":[{"start":{"line":47,"column":6},"end":{"line":51,"column":7}},{"start":{},"end":{}}],"line":47},"9":{"loc":{"start":{"line":57,"column":14},"end":{"line":57,"column":50}},"type":"default-arg","locations":[{"start":{"line":57,"column":23},"end":{"line":57,"column":50}}],"line":57},"10":{"loc":{"start":{"line":58,"column":4},"end":{"line":60,"column":5}},"type":"if","locations":[{"start":{"line":58,"column":4},"end":{"line":60,"column":5}},{"start":{},"end":{}}],"line":58}},"s":{"0":3,"1":1,"2":2,"3":12,"4":2,"5":2,"6":15780,"7":15780,"8":58782,"9":10240,"10":5540,"11":5540,"12":5540,"13":18812,"14":2097,"15":3443,"16":3443,"17":3443,"18":12848,"19":1371,"20":2072,"21":2072,"22":2072,"23":2074,"24":94,"25":94,"26":1980,"27":1980,"28":15780,"29":2072,"30":2072,"31":2072,"32":1980,"33":0,"34":0,"35":0,"36":0,"37":0},"f":{"0":3,"1":12,"2":15780,"3":2072,"4":2072,"5":2074,"6":0,"7":0},"b":{"0":[1,2],"1":[10240,48542],"2":[22255,19598],"3":[2097,16715],"4":[14920,14013],"5":[1371,11477],"6":[2],"7":[94,1980],"8":[2072,13708],"9":[0],"10":[0,0]},"_coverageSchema":"1a1c01bbd47fc00a2c39e90264f33305004495a9","hash":"b4e481db74be7c01fd0c8f6980cc26ea0fe4839c"}
,"C:\\Users\\Marcu\\personal\\university\\DD2480\\JavaScript\\Backtracking\\RatInAMaze.js": {"path":"C:\\Users\\Marcu\\personal\\university\\DD2480\\JavaScript\\Backtracking\\RatInAMaze.js","statementMap":{"0":{"start":{"line":25,"column":2},"end":{"line":25,"column":102}},"1":{"start":{"line":25,"column":49},"end":{"line":25,"column":102}},"2":{"start":{"line":27,"column":35},"end":{"line":27,"column":80}},"3":{"start":{"line":27,"column":53},"end":{"line":27,"column":79}},"4":{"start":{"line":28,"column":2},"end":{"line":28,"column":77}},"5":{"start":{"line":28,"column":33},"end":{"line":28,"column":77}},"6":{"start":{"line":30,"column":34},"end":{"line":32,"column":4}},"7":{"start":{"line":31,"column":4},"end":{"line":31,"column":54}},"8":{"start":{"line":31,"column":29},"end":{"line":31,"column":53}},"9":{"start":{"line":33,"column":2},"end":{"line":33,"column":87}},"10":{"start":{"line":33,"column":32},"end":{"line":33,"column":87}},"11":{"start":{"line":37,"column":12},"end":{"line":37,"column":23}},"12":{"start":{"line":38,"column":2},"end":{"line":38,"column":63}},"13":{"start":{"line":52,"column":12},"end":{"line":52,"column":23}},"14":{"start":{"line":55,"column":2},"end":{"line":58,"column":3}},"15":{"start":{"line":56,"column":4},"end":{"line":56,"column":22}},"16":{"start":{"line":57,"column":4},"end":{"line":57,"column":15}},"17":{"start":{"line":61,"column":2},"end":{"line":61,"column":39}},"18":{"start":{"line":61,"column":27},"end":{"line":61,"column":39}},"19":{"start":{"line":64,"column":2},"end":{"line":64,"column":40}},"20":{"start":{"line":64,"column":28},"end":{"line":64,"column":40}},"21":{"start":{"line":69,"column":2},"end":{"line":69,"column":20}},"22":{"start":{"line":72,"column":16},"end":{"line":72,"column":65}},"23":{"start":{"line":73,"column":2},"end":{"line":73,"column":25}},"24":{"start":{"line":73,"column":13},"end":{"line":73,"column":25}},"25":{"start":{"line":76,"column":15},"end":{"line":76,"column":64}},"26":{"start":{"line":77,"column":2},"end":{"line":77,"column":23}},"27":{"start":{"line":77,"column":12},"end":{"line":77,"column":23}},"28":{"start":{"line":80,"column":13},"end":{"line":80,"column":62}},"29":{"start":{"line":81,"column":2},"end":{"line":81,"column":19}},"30":{"start":{"line":81,"column":10},"end":{"line":81,"column":19}},"31":{"start":{"line":84,"column":15},"end":{"line":84,"column":64}},"32":{"start":{"line":85,"column":2},"end":{"line":85,"column":23}},"33":{"start":{"line":85,"column":12},"end":{"line":85,"column":23}},"34":{"start":{"line":88,"column":2},"end":{"line":88,"column":20}},"35":{"start":{"line":89,"column":2},"end":{"line":89,"column":14}},"36":{"start":{"line":94,"column":12},"end":{"line":94,"column":23}},"37":{"start":{"line":97,"column":19},"end":{"line":97,"column":21}},"38":{"start":{"line":98,"column":2},"end":{"line":102,"column":3}},"39":{"start":{"line":98,"column":15},"end":{"line":98,"column":16}},"40":{"start":{"line":99,"column":16},"end":{"line":99,"column":24}},"41":{"start":{"line":100,"column":4},"end":{"line":100,"column":15}},"42":{"start":{"line":101,"column":4},"end":{"line":101,"column":21}},"43":{"start":{"line":104,"column":2},"end":{"line":104,"column":46}},"44":{"start":{"line":113,"column":4},"end":{"line":113,"column":22}},"45":{"start":{"line":116,"column":21},"end":{"line":116,"column":34}},"46":{"start":{"line":118,"column":4},"end":{"line":124,"column":5}},"47":{"start":{"line":119,"column":6},"end":{"line":119,"column":26}},"48":{"start":{"line":120,"column":6},"end":{"line":120,"column":24}},"49":{"start":{"line":122,"column":6},"end":{"line":122,"column":20}},"50":{"start":{"line":123,"column":6},"end":{"line":123,"column":25}}},"fnMap":{"0":{"name":"validateGrid","decl":{"start":{"line":24,"column":9},"end":{"line":24,"column":21}},"loc":{"start":{"line":24,"column":29},"end":{"line":34,"column":1}},"line":24},"1":{"name":"(anonymous_1)","decl":{"start":{"line":27,"column":46},"end":{"line":27,"column":47}},"loc":{"start":{"line":27,"column":53},"end":{"line":27,"column":79}},"line":27},"2":{"name":"(anonymous_2)","decl":{"start":{"line":30,"column":45},"end":{"line":30,"column":46}},"loc":{"start":{"line":30,"column":52},"end":{"line":32,"column":3}},"line":30},"3":{"name":"(anonymous_3)","decl":{"start":{"line":31,"column":21},"end":{"line":31,"column":22}},"loc":{"start":{"line":31,"column":29},"end":{"line":31,"column":53}},"line":31},"4":{"name":"isSafe","decl":{"start":{"line":36,"column":9},"end":{"line":36,"column":15}},"loc":{"start":{"line":36,"column":29},"end":{"line":39,"column":1}},"line":36},"5":{"name":"getPathPart","decl":{"start":{"line":51,"column":9},"end":{"line":51,"column":20}},"loc":{"start":{"line":51,"column":50},"end":{"line":90,"column":1}},"line":51},"6":{"name":"getPath","decl":{"start":{"line":92,"column":9},"end":{"line":92,"column":16}},"loc":{"start":{"line":92,"column":24},"end":{"line":105,"column":1}},"line":92},"7":{"name":"(anonymous_7)","decl":{"start":{"line":111,"column":2},"end":{"line":111,"column":3}},"loc":{"start":{"line":111,"column":21},"end":{"line":125,"column":3}},"line":111}},"branchMap":{"0":{"loc":{"start":{"line":25,"column":2},"end":{"line":25,"column":102}},"type":"if","locations":[{"start":{"line":25,"column":2},"end":{"line":25,"column":102}},{"start":{},"end":{}}],"line":25},"1":{"loc":{"start":{"line":25,"column":6},"end":{"line":25,"column":47}},"type":"binary-expr","locations":[{"start":{"line":25,"column":6},"end":{"line":25,"column":26}},{"start":{"line":25,"column":30},"end":{"line":25,"column":47}}],"line":25},"2":{"loc":{"start":{"line":28,"column":2},"end":{"line":28,"column":77}},"type":"if","locations":[{"start":{"line":28,"column":2},"end":{"line":28,"column":77}},{"start":{},"end":{}}],"line":28},"3":{"loc":{"start":{"line":31,"column":29},"end":{"line":31,"column":53}},"type":"binary-expr","locations":[{"start":{"line":31,"column":29},"end":{"line":31,"column":39}},{"start":{"line":31,"column":43},"end":{"line":31,"column":53}}],"line":31},"4":{"loc":{"start":{"line":33,"column":2},"end":{"line":33,"column":87}},"type":"if","locations":[{"start":{"line":33,"column":2},"end":{"line":33,"column":87}},{"start":{},"end":{}}],"line":33},"5":{"loc":{"start":{"line":38,"column":9},"end":{"line":38,"column":63}},"type":"binary-expr","locations":[{"start":{"line":38,"column":9},"end":{"line":38,"column":15}},{"start":{"line":38,"column":19},"end":{"line":38,"column":24}},{"start":{"line":38,"column":28},"end":{"line":38,"column":34}},{"start":{"line":38,"column":38},"end":{"line":38,"column":43}},{"start":{"line":38,"column":47},"end":{"line":38,"column":63}}],"line":38},"6":{"loc":{"start":{"line":55,"column":2},"end":{"line":58,"column":3}},"type":"if","locations":[{"start":{"line":55,"column":2},"end":{"line":58,"column":3}},{"start":{},"end":{}}],"line":55},"7":{"loc":{"start":{"line":55,"column":6},"end":{"line":55,"column":52}},"type":"binary-expr","locations":[{"start":{"line":55,"column":6},"end":{"line":55,"column":17}},{"start":{"line":55,"column":21},"end":{"line":55,"column":32}},{"start":{"line":55,"column":36},"end":{"line":55,"column":52}}],"line":55},"8":{"loc":{"start":{"line":61,"column":2},"end":{"line":61,"column":39}},"type":"if","locations":[{"start":{"line":61,"column":2},"end":{"line":61,"column":39}},{"start":{},"end":{}}],"line":61},"9":{"loc":{"start":{"line":64,"column":2},"end":{"line":64,"column":40}},"type":"if","locations":[{"start":{"line":64,"column":2},"end":{"line":64,"column":40}},{"start":{},"end":{}}],"line":64},"10":{"loc":{"start":{"line":73,"column":2},"end":{"line":73,"column":25}},"type":"if","locations":[{"start":{"line":73,"column":2},"end":{"line":73,"column":25}},{"start":{},"end":{}}],"line":73},"11":{"loc":{"start":{"line":77,"column":2},"end":{"line":77,"column":23}},"type":"if","locations":[{"start":{"line":77,"column":2},"end":{"line":77,"column":23}},{"start":{},"end":{}}],"line":77},"12":{"loc":{"start":{"line":81,"column":2},"end":{"line":81,"column":19}},"type":"if","locations":[{"start":{"line":81,"column":2},"end":{"line":81,"column":19}},{"start":{},"end":{}}],"line":81},"13":{"loc":{"start":{"line":85,"column":2},"end":{"line":85,"column":23}},"type":"if","locations":[{"start":{"line":85,"column":2},"end":{"line":85,"column":23}},{"start":{},"end":{}}],"line":85},"14":{"loc":{"start":{"line":118,"column":4},"end":{"line":124,"column":5}},"type":"if","locations":[{"start":{"line":118,"column":4},"end":{"line":124,"column":5}},{"start":{"line":121,"column":11},"end":{"line":124,"column":5}}],"line":118}},"s":{"0":15,"1":6,"2":9,"3":24,"4":9,"5":1,"6":8,"7":23,"8":115,"9":8,"10":2,"11":121,"12":121,"13":124,"14":124,"15":3,"16":3,"17":121,"18":56,"19":65,"20":21,"21":44,"22":44,"23":44,"24":12,"25":32,"26":32,"27":10,"28":22,"29":22,"30":2,"31":20,"32":20,"33":4,"34":16,"35":16,"36":6,"37":6,"38":6,"39":6,"40":21,"41":21,"42":21,"43":6,"44":15,"45":6,"46":6,"47":3,"48":3,"49":3,"50":3},"f":{"0":15,"1":24,"2":23,"3":115,"4":121,"5":124,"6":6,"7":15},"b":{"0":[6,9],"1":[15,10],"2":[1,8],"3":[115,65],"4":[2,6],"5":[121,119,114,107,107],"6":[3,121],"7":[124,18,4],"8":[56,65],"9":[21,44],"10":[12,32],"11":[10,22],"12":[2,20],"13":[4,16],"14":[3,3]},"_coverageSchema":"1a1c01bbd47fc00a2c39e90264f33305004495a9","hash":"752280bdff0653da7cda0029f2b2bb52e24fb80e"}
,"C:\\Users\\Marcu\\personal\\university\\DD2480\\JavaScript\\Backtracking\\Sudoku.js": {"path":"C:\\Users\\Marcu\\personal\\university\\DD2480\\JavaScript\\Backtracking\\Sudoku.js","statementMap":{"0":{"start":{"line":4,"column":4},"end":{"line":4,"column":22}},"1":{"start":{"line":9,"column":4},"end":{"line":13,"column":5}},"2":{"start":{"line":9,"column":17},"end":{"line":9,"column":18}},"3":{"start":{"line":10,"column":6},"end":{"line":12,"column":7}},"4":{"start":{"line":10,"column":19},"end":{"line":10,"column":20}},"5":{"start":{"line":11,"column":8},"end":{"line":11,"column":49}},"6":{"start":{"line":11,"column":36},"end":{"line":11,"column":49}},"7":{"start":{"line":14,"column":4},"end":{"line":14,"column":19}},"8":{"start":{"line":21,"column":4},"end":{"line":23,"column":5}},"9":{"start":{"line":21,"column":17},"end":{"line":21,"column":18}},"10":{"start":{"line":22,"column":6},"end":{"line":22,"column":50}},"11":{"start":{"line":22,"column":38},"end":{"line":22,"column":50}},"12":{"start":{"line":25,"column":4},"end":{"line":27,"column":5}},"13":{"start":{"line":25,"column":17},"end":{"line":25,"column":18}},"14":{"start":{"line":26,"column":6},"end":{"line":26,"column":50}},"15":{"start":{"line":26,"column":38},"end":{"line":26,"column":50}},"16":{"start":{"line":30,"column":19},"end":{"line":30,"column":36}},"17":{"start":{"line":31,"column":19},"end":{"line":31,"column":36}},"18":{"start":{"line":32,"column":4},"end":{"line":36,"column":5}},"19":{"start":{"line":32,"column":18},"end":{"line":32,"column":28}},"20":{"start":{"line":33,"column":6},"end":{"line":35,"column":7}},"21":{"start":{"line":33,"column":20},"end":{"line":33,"column":30}},"22":{"start":{"line":34,"column":8},"end":{"line":34,"column":74}},"23":{"start":{"line":34,"column":62},"end":{"line":34,"column":74}},"24":{"start":{"line":38,"column":4},"end":{"line":38,"column":15}},"25":{"start":{"line":42,"column":19},"end":{"line":42,"column":39}},"26":{"start":{"line":45,"column":4},"end":{"line":45,"column":41}},"27":{"start":{"line":45,"column":30},"end":{"line":45,"column":41}},"28":{"start":{"line":47,"column":4},"end":{"line":54,"column":5}},"29":{"start":{"line":47,"column":19},"end":{"line":47,"column":20}},"30":{"start":{"line":48,"column":6},"end":{"line":53,"column":7}},"31":{"start":{"line":49,"column":8},"end":{"line":49,"column":30}},"32":{"start":{"line":50,"column":8},"end":{"line":50,"column":37}},"33":{"start":{"line":50,"column":26},"end":{"line":50,"column":37}},"34":{"start":{"line":52,"column":8},"end":{"line":52,"column":28}},"35":{"start":{"line":56,"column":4},"end":{"line":56,"column":16}},"36":{"start":{"line":60,"column":4},"end":{"line":60,"column":44}},"37":{"start":{"line":63,"column":33},"end":{"line":63,"column":50}},"38":{"start":{"line":65,"column":4},"end":{"line":73,"column":5}},"39":{"start":{"line":65,"column":17},"end":{"line":65,"column":18}},"40":{"start":{"line":66,"column":6},"end":{"line":68,"column":7}},"41":{"start":{"line":67,"column":8},"end":{"line":67,"column":41}},"42":{"start":{"line":69,"column":6},"end":{"line":72,"column":38}}},"fnMap":{"0":{"name":"(anonymous_0)","decl":{"start":{"line":3,"column":2},"end":{"line":3,"column":3}},"loc":{"start":{"line":3,"column":22},"end":{"line":5,"column":3}},"line":3},"1":{"name":"(anonymous_1)","decl":{"start":{"line":7,"column":2},"end":{"line":7,"column":3}},"loc":{"start":{"line":7,"column":19},"end":{"line":15,"column":3}},"line":7},"2":{"name":"(anonymous_2)","decl":{"start":{"line":17,"column":2},"end":{"line":17,"column":3}},"loc":{"start":{"line":17,"column":24},"end":{"line":39,"column":3}},"line":17},"3":{"name":"(anonymous_3)","decl":{"start":{"line":41,"column":2},"end":{"line":41,"column":3}},"loc":{"start":{"line":41,"column":11},"end":{"line":57,"column":3}},"line":41},"4":{"name":"(anonymous_4)","decl":{"start":{"line":59,"column":2},"end":{"line":59,"column":3}},"loc":{"start":{"line":59,"column":33},"end":{"line":61,"column":3}},"line":59},"5":{"name":"(anonymous_5)","decl":{"start":{"line":63,"column":2},"end":{"line":63,"column":3}},"loc":{"start":{"line":63,"column":52},"end":{"line":74,"column":3}},"line":63},"6":{"name":"(anonymous_6)","decl":{"start":{"line":63,"column":23},"end":{"line":63,"column":24}},"loc":{"start":{"line":63,"column":33},"end":{"line":63,"column":50}},"line":63}},"branchMap":{"0":{"loc":{"start":{"line":11,"column":8},"end":{"line":11,"column":49}},"type":"if","locations":[{"start":{"line":11,"column":8},"end":{"line":11,"column":49}},{"start":{},"end":{}}],"line":11},"1":{"loc":{"start":{"line":22,"column":6},"end":{"line":22,"column":50}},"type":"if","locations":[{"start":{"line":22,"column":6},"end":{"line":22,"column":50}},{"start":{},"end":{}}],"line":22},"2":{"loc":{"start":{"line":26,"column":6},"end":{"line":26,"column":50}},"type":"if","locations":[{"start":{"line":26,"column":6},"end":{"line":26,"column":50}},{"start":{},"end":{}}],"line":26},"3":{"loc":{"start":{"line":34,"column":8},"end":{"line":34,"column":74}},"type":"if","locations":[{"start":{"line":34,"column":8},"end":{"line":34,"column":74}},{"start":{},"end":{}}],"line":34},"4":{"loc":{"start":{"line":34,"column":12},"end":{"line":34,"column":60}},"type":"binary-expr","locations":[{"start":{"line":34,"column":12},"end":{"line":34,"column":19}},{"start":{"line":34,"column":23},"end":{"line":34,"column":30}},{"start":{"line":34,"column":34},"end":{"line":34,"column":60}}],"line":34},"5":{"loc":{"start":{"line":45,"column":4},"end":{"line":45,"column":41}},"type":"if","locations":[{"start":{"line":45,"column":4},"end":{"line":45,"column":41}},{"start":{},"end":{}}],"line":45},"6":{"loc":{"start":{"line":45,"column":8},"end":{"line":45,"column":28}},"type":"binary-expr","locations":[{"start":{"line":45,"column":8},"end":{"line":45,"column":16}},{"start":{"line":45,"column":20},"end":{"line":45,"column":28}}],"line":45},"7":{"loc":{"start":{"line":48,"column":6},"end":{"line":53,"column":7}},"type":"if","locations":[{"start":{"line":48,"column":6},"end":{"line":53,"column":7}},{"start":{},"end":{}}],"line":48},"8":{"loc":{"start":{"line":50,"column":8},"end":{"line":50,"column":37}},"type":"if","locations":[{"start":{"line":50,"column":8},"end":{"line":50,"column":37}},{"start":{},"end":{}}],"line":50},"9":{"loc":{"start":{"line":63,"column":14},"end":{"line":63,"column":50}},"type":"default-arg","locations":[{"start":{"line":63,"column":23},"end":{"line":63,"column":50}}],"line":63},"10":{"loc":{"start":{"line":66,"column":6},"end":{"line":68,"column":7}},"type":"if","locations":[{"start":{"line":66,"column":6},"end":{"line":68,"column":7}},{"start":{},"end":{}}],"line":66},"11":{"loc":{"start":{"line":66,"column":10},"end":{"line":66,"column":32}},"type":"binary-expr","locations":[{"start":{"line":66,"column":10},"end":{"line":66,"column":21}},{"start":{"line":66,"column":25},"end":{"line":66,"column":32}}],"line":66}},"s":{"0":3,"1":772,"2":772,"3":3190,"4":3190,"5":26322,"6":770,"7":2,"8":6732,"9":6732,"10":41992,"11":3965,"12":2767,"13":2767,"14":16037,"15":1689,"16":1078,"17":1078,"18":1078,"19":1078,"20":2885,"21":2885,"22":8379,"23":309,"24":769,"25":770,"26":770,"27":1,"28":769,"29":769,"30":6732,"31":769,"32":769,"33":49,"34":720,"35":720,"36":9,"37":0,"38":0,"39":0,"40":0,"41":0,"42":0},"f":{"0":3,"1":772,"2":6732,"3":770,"4":9,"5":0,"6":0},"b":{"0":[770,25552],"1":[3965,38027],"2":[1689,14348],"3":[309,8070],"4":[8379,5718,3841],"5":[1,769],"6":[770,1],"7":[769,5963],"8":[49,720],"9":[0],"10":[0,0],"11":[0,0]},"_coverageSchema":"1a1c01bbd47fc00a2c39e90264f33305004495a9","hash":"ed5ef7a0d90f2d34d3c9453ed9ff5bf4eeba4098"}
,"C:\\Users\\Marcu\\personal\\university\\DD2480\\JavaScript\\Backtracking\\SumOfSubset.js": {"path":"C:\\Users\\Marcu\\personal\\university\\DD2480\\JavaScript\\Backtracking\\SumOfSubset.js","statementMap":{"0":{"start":{"line":20,"column":20},"end":{"line":62,"column":1}},"1":{"start":{"line":24,"column":2},"end":{"line":24,"column":40}},"2":{"start":{"line":24,"column":25},"end":{"line":24,"column":40}},"3":{"start":{"line":28,"column":2},"end":{"line":28,"column":32}},"4":{"start":{"line":28,"column":23},"end":{"line":28,"column":32}},"5":{"start":{"line":31,"column":16},"end":{"line":31,"column":18}},"6":{"start":{"line":36,"column":2},"end":{"line":58,"column":4}},"7":{"start":{"line":38,"column":23},"end":{"line":38,"column":39}},"8":{"start":{"line":42,"column":25},"end":{"line":42,"column":45}},"9":{"start":{"line":45,"column":20},"end":{"line":45,"column":29}},"10":{"start":{"line":48,"column":25},"end":{"line":54,"column":5}},"11":{"start":{"line":57,"column":4},"end":{"line":57,"column":43}},"12":{"start":{"line":61,"column":2},"end":{"line":61,"column":16}}},"fnMap":{"0":{"name":"(anonymous_0)","decl":{"start":{"line":20,"column":20},"end":{"line":20,"column":21}},"loc":{"start":{"line":20,"column":63},"end":{"line":62,"column":1}},"line":20},"1":{"name":"(anonymous_1)","decl":{"start":{"line":36,"column":30},"end":{"line":36,"column":31}},"loc":{"start":{"line":36,"column":46},"end":{"line":58,"column":3}},"line":36}},"branchMap":{"0":{"loc":{"start":{"line":24,"column":2},"end":{"line":24,"column":40}},"type":"if","locations":[{"start":{"line":24,"column":2},"end":{"line":24,"column":40}},{"start":{},"end":{}}],"line":24},"1":{"loc":{"start":{"line":28,"column":2},"end":{"line":28,"column":32}},"type":"if","locations":[{"start":{"line":28,"column":2},"end":{"line":28,"column":32}},{"start":{},"end":{}}],"line":28}},"s":{"0":1,"1":120,"2":3,"3":117,"4":85,"5":32,"6":32,"7":119,"8":119,"9":119,"10":119,"11":119,"12":32},"f":{"0":120,"1":119},"b":{"0":[3,117],"1":[85,32]},"_coverageSchema":"1a1c01bbd47fc00a2c39e90264f33305004495a9","hash":"2ee514735d92032aaa7768df76b6e2aa5b641a02"}
,"C:\\Users\\Marcu\\personal\\university\\DD2480\\JavaScript\\Backtracking\\generateParentheses.js": {"path":"C:\\Users\\Marcu\\personal\\university\\DD2480\\JavaScript\\Backtracking\\generateParentheses.js","statementMap":{"0":{"start":{"line":8,"column":28},"end":{"line":29,"column":1}},"1":{"start":{"line":9,"column":14},"end":{"line":9,"column":16}},"2":{"start":{"line":11,"column":16},"end":{"line":24,"column":3}},"3":{"start":{"line":12,"column":4},"end":{"line":15,"column":5}},"4":{"start":{"line":13,"column":6},"end":{"line":13,"column":21}},"5":{"start":{"line":14,"column":6},"end":{"line":14,"column":12}},"6":{"start":{"line":17,"column":4},"end":{"line":19,"column":5}},"7":{"start":{"line":18,"column":6},"end":{"line":18,"column":62}},"8":{"start":{"line":21,"column":4},"end":{"line":23,"column":5}},"9":{"start":{"line":22,"column":6},"end":{"line":22,"column":62}},"10":{"start":{"line":26,"column":2},"end":{"line":26,"column":17}},"11":{"start":{"line":28,"column":2},"end":{"line":28,"column":12}}},"fnMap":{"0":{"name":"(anonymous_0)","decl":{"start":{"line":8,"column":28},"end":{"line":8,"column":29}},"loc":{"start":{"line":8,"column":35},"end":{"line":29,"column":1}},"line":8},"1":{"name":"(anonymous_1)","decl":{"start":{"line":11,"column":16},"end":{"line":11,"column":17}},"loc":{"start":{"line":11,"column":61},"end":{"line":24,"column":3}},"line":11}},"branchMap":{"0":{"loc":{"start":{"line":12,"column":4},"end":{"line":15,"column":5}},"type":"if","locations":[{"start":{"line":12,"column":4},"end":{"line":15,"column":5}},{"start":{},"end":{}}],"line":12},"1":{"loc":{"start":{"line":12,"column":8},"end":{"line":12,"column":54}},"type":"binary-expr","locations":[{"start":{"line":12,"column":8},"end":{"line":12,"column":28}},{"start":{"line":12,"column":32},"end":{"line":12,"column":54}}],"line":12},"2":{"loc":{"start":{"line":17,"column":4},"end":{"line":19,"column":5}},"type":"if","locations":[{"start":{"line":17,"column":4},"end":{"line":19,"column":5}},{"start":{},"end":{}}],"line":17},"3":{"loc":{"start":{"line":21,"column":4},"end":{"line":23,"column":5}},"type":"if","locations":[{"start":{"line":21,"column":4},"end":{"line":23,"column":5}},{"start":{},"end":{}}],"line":21}},"s":{"0":1,"1":1,"2":1,"3":54,"4":5,"5":5,"6":49,"7":17,"8":49,"9":36,"10":1,"11":1},"f":{"0":1,"1":54},"b":{"0":[5,49],"1":[54,14],"2":[17,32],"3":[36,13]},"_coverageSchema":"1a1c01bbd47fc00a2c39e90264f33305004495a9","hash":"6b8e61ee8482e3c76fedb4b39838a3c4cc0bdcb2"}
,"C:\\Users\\Marcu\\personal\\university\\DD2480\\JavaScript\\Bit-Manipulation\\BinaryCountSetBits.js": {"path":"C:\\Users\\Marcu\\personal\\university\\DD2480\\JavaScript\\Bit-Manipulation\\BinaryCountSetBits.js","statementMap":{"0":{"start":{"line":15,"column":2},"end":{"line":15,"column":74}},"1":{"start":{"line":15,"column":28},"end":{"line":15,"column":74}},"2":{"start":{"line":18,"column":2},"end":{"line":18,"column":44}}},"fnMap":{"0":{"name":"BinaryCountSetBits","decl":{"start":{"line":10,"column":9},"end":{"line":10,"column":27}},"loc":{"start":{"line":10,"column":32},"end":{"line":19,"column":1}},"line":10}},"branchMap":{"0":{"loc":{"start":{"line":15,"column":2},"end":{"line":15,"column":74}},"type":"if","locations":[{"start":{"line":15,"column":2},"end":{"line":15,"column":74}},{"start":{},"end":{}}],"line":15}},"s":{"0":8,"1":2,"2":6},"f":{"0":8},"b":{"0":[2,6]},"_coverageSchema":"1a1c01bbd47fc00a2c39e90264f33305004495a9","hash":"d6413fdb0c5335d24d828c8f92bda0a10f7e56bc"}
,"C:\\Users\\Marcu\\personal\\university\\DD2480\\JavaScript\\Bit-Manipulation\\IsPowerOfTwo.js": {"path":"C:\\Users\\Marcu\\personal\\university\\DD2480\\JavaScript\\Bit-Manipulation\\IsPowerOfTwo.js","statementMap":{"0":{"start":{"line":25,"column":28},"end":{"line":30,"column":1}},"1":{"start":{"line":26,"column":2},"end":{"line":28,"column":3}},"2":{"start":{"line":27,"column":4},"end":{"line":27,"column":15}},"3":{"start":{"line":29,"column":2},"end":{"line":29,"column":14}}},"fnMap":{"0":{"name":"(anonymous_0)","decl":{"start":{"line":25,"column":28},"end":{"line":25,"column":29}},"loc":{"start":{"line":25,"column":35},"end":{"line":30,"column":1}},"line":25}},"branchMap":{"0":{"loc":{"start":{"line":26,"column":2},"end":{"line":28,"column":3}},"type":"if","locations":[{"start":{"line":26,"column":2},"end":{"line":28,"column":3}},{"start":{},"end":{}}],"line":26},"1":{"loc":{"start":{"line":26,"column":6},"end":{"line":26,"column":34}},"type":"binary-expr","locations":[{"start":{"line":26,"column":6},"end":{"line":26,"column":11}},{"start":{"line":26,"column":15},"end":{"line":26,"column":34}}],"line":26}},"s":{"0":1,"1":5,"2":3,"3":2},"f":{"0":5},"b":{"0":[3,2],"1":[5,4]},"_coverageSchema":"1a1c01bbd47fc00a2c39e90264f33305004495a9","hash":"8095da65578bd830de132f59e7264500f4bc3c76"}
,"C:\\Users\\Marcu\\personal\\university\\DD2480\\JavaScript\\Bit-Manipulation\\LogTwo.js": {"path":"C:\\Users\\Marcu\\personal\\university\\DD2480\\JavaScript\\Bit-Manipulation\\LogTwo.js","statementMap":{"0":{"start":{"line":7,"column":22},"end":{"line":14,"column":1}},"1":{"start":{"line":8,"column":15},"end":{"line":8,"column":16}},"2":{"start":{"line":9,"column":2},"end":{"line":12,"column":3}},"3":{"start":{"line":10,"column":4},"end":{"line":10,"column":11}},"4":{"start":{"line":11,"column":4},"end":{"line":11,"column":12}},"5":{"start":{"line":13,"column":2},"end":{"line":13,"column":15}}},"fnMap":{"0":{"name":"(anonymous_0)","decl":{"start":{"line":7,"column":22},"end":{"line":7,"column":23}},"loc":{"start":{"line":7,"column":29},"end":{"line":14,"column":1}},"line":7}},"branchMap":{},"s":{"0":1,"1":99,"2":99,"3":474,"4":474,"5":99},"f":{"0":99},"b":{},"_coverageSchema":"1a1c01bbd47fc00a2c39e90264f33305004495a9","hash":"967c3fc5ceb4c12c4d0075fded8fc01ad553761f"}
,"C:\\Users\\Marcu\\personal\\university\\DD2480\\JavaScript\\Bit-Manipulation\\NextPowerOfTwo.js": {"path":"C:\\Users\\Marcu\\personal\\university\\DD2480\\JavaScript\\Bit-Manipulation\\NextPowerOfTwo.js","statementMap":{"0":{"start":{"line":10,"column":30},"end":{"line":18,"column":1}},"1":{"start":{"line":11,"column":2},"end":{"line":11,"column":44}},"2":{"start":{"line":11,"column":36},"end":{"line":11,"column":44}},"3":{"start":{"line":12,"column":15},"end":{"line":12,"column":16}},"4":{"start":{"line":13,"column":2},"end":{"line":16,"column":3}},"5":{"start":{"line":14,"column":4},"end":{"line":14,"column":24}},"6":{"start":{"line":15,"column":4},"end":{"line":15,"column":14}},"7":{"start":{"line":17,"column":2},"end":{"line":17,"column":15}}},"fnMap":{"0":{"name":"(anonymous_0)","decl":{"start":{"line":10,"column":30},"end":{"line":10,"column":31}},"loc":{"start":{"line":10,"column":37},"end":{"line":18,"column":1}},"line":10}},"branchMap":{"0":{"loc":{"start":{"line":11,"column":2},"end":{"line":11,"column":44}},"type":"if","locations":[{"start":{"line":11,"column":2},"end":{"line":11,"column":44}},{"start":{},"end":{}}],"line":11},"1":{"loc":{"start":{"line":11,"column":6},"end":{"line":11,"column":34}},"type":"binary-expr","locations":[{"start":{"line":11,"column":6},"end":{"line":11,"column":11}},{"start":{"line":11,"column":15},"end":{"line":11,"column":34}}],"line":11}},"s":{"0":1,"1":8,"2":3,"3":5,"4":5,"5":26,"6":26,"7":5},"f":{"0":8},"b":{"0":[3,5],"1":[8,7]},"_coverageSchema":"1a1c01bbd47fc00a2c39e90264f33305004495a9","hash":"2750d2e052b504b049185e69f1367356361733b8"}
,"C:\\Users\\Marcu\\personal\\university\\DD2480\\JavaScript\\Bit-Manipulation\\SetBit.js": {"path":"C:\\Users\\Marcu\\personal\\university\\DD2480\\JavaScript\\Bit-Manipulation\\SetBit.js","statementMap":{"0":{"start":{"line":29,"column":22},"end":{"line":31,"column":1}},"1":{"start":{"line":30,"column":2},"end":{"line":30,"column":36}}},"fnMap":{"0":{"name":"(anonymous_0)","decl":{"start":{"line":29,"column":22},"end":{"line":29,"column":23}},"loc":{"start":{"line":29,"column":47},"end":{"line":31,"column":1}},"line":29}},"branchMap":{},"s":{"0":1,"1":4},"f":{"0":4},"b":{},"_coverageSchema":"1a1c01bbd47fc00a2c39e90264f33305004495a9","hash":"77b762e14ca43ecc1d575f9ebdf216d61710729f"}
,"C:\\Users\\Marcu\\personal\\university\\DD2480\\JavaScript\\Cache\\LFUCache.js": {"path":"C:\\Users\\Marcu\\personal\\university\\DD2480\\JavaScript\\Cache\\LFUCache.js","statementMap":{"0":{"start":{"line":3,"column":4},"end":{"line":3,"column":18}},"1":{"start":{"line":4,"column":4},"end":{"line":4,"column":22}},"2":{"start":{"line":5,"column":4},"end":{"line":5,"column":30}},"3":{"start":{"line":7,"column":4},"end":{"line":7,"column":28}},"4":{"start":{"line":13,"column":35},"end":{"line":13,"column":45}},"5":{"start":{"line":14,"column":32},"end":{"line":14,"column":41}},"6":{"start":{"line":22,"column":26},"end":{"line":22,"column":30}},"7":{"start":{"line":23,"column":20},"end":{"line":23,"column":39}},"8":{"start":{"line":24,"column":4},"end":{"line":24,"column":24}},"9":{"start":{"line":26,"column":4},"end":{"line":26,"column":20}},"10":{"start":{"line":28,"column":4},"end":{"line":28,"column":21}},"11":{"start":{"line":37,"column":26},"end":{"line":37,"column":30}},"12":{"start":{"line":39,"column":4},"end":{"line":41,"column":5}},"13":{"start":{"line":40,"column":6},"end":{"line":40,"column":36}},"14":{"start":{"line":43,"column":4},"end":{"line":43,"column":33}},"15":{"start":{"line":56,"column":4},"end":{"line":56,"column":29}},"16":{"start":{"line":57,"column":4},"end":{"line":57,"column":43}},"17":{"start":{"line":58,"column":4},"end":{"line":58,"column":19}},"18":{"start":{"line":59,"column":4},"end":{"line":59,"column":17}},"19":{"start":{"line":60,"column":4},"end":{"line":60,"column":26}},"20":{"start":{"line":62,"column":4},"end":{"line":62,"column":28}},"21":{"start":{"line":70,"column":4},"end":{"line":70,"column":25}},"22":{"start":{"line":78,"column":4},"end":{"line":78,"column":26}},"23":{"start":{"line":85,"column":4},"end":{"line":93,"column":5}},"24":{"start":{"line":86,"column":17},"end":{"line":86,"column":45}},"25":{"start":{"line":88,"column":6},"end":{"line":90,"column":7}},"26":{"start":{"line":89,"column":8},"end":{"line":89,"column":31}},"27":{"start":{"line":92,"column":6},"end":{"line":92,"column":57}},"28":{"start":{"line":95,"column":4},"end":{"line":95,"column":32}},"29":{"start":{"line":99,"column":4},"end":{"line":105,"column":6}},"30":{"start":{"line":109,"column":30},"end":{"line":109,"column":55}},"31":{"start":{"line":110,"column":25},"end":{"line":110,"column":63}},"32":{"start":{"line":113,"column":4},"end":{"line":115,"column":5}},"33":{"start":{"line":114,"column":6},"end":{"line":114,"column":53}},"34":{"start":{"line":117,"column":4},"end":{"line":117,"column":25}},"35":{"start":{"line":121,"column":25},"end":{"line":121,"column":68}},"36":{"start":{"line":123,"column":20},"end":{"line":123,"column":54}},"37":{"start":{"line":125,"column":4},"end":{"line":125,"column":32}},"38":{"start":{"line":126,"column":4},"end":{"line":126,"column":34}},"39":{"start":{"line":135,"column":4},"end":{"line":135,"column":21}},"40":{"start":{"line":137,"column":4},"end":{"line":137,"column":30}},"41":{"start":{"line":147,"column":4},"end":{"line":147,"column":21}},"42":{"start":{"line":149,"column":4},"end":{"line":156,"column":5}},"43":{"start":{"line":150,"column":22},"end":{"line":150,"column":41}},"44":{"start":{"line":151,"column":6},"end":{"line":151,"column":41}},"45":{"start":{"line":153,"column":6},"end":{"line":153,"column":17}},"46":{"start":{"line":155,"column":6},"end":{"line":155,"column":26}},"47":{"start":{"line":158,"column":4},"end":{"line":158,"column":17}},"48":{"start":{"line":159,"column":4},"end":{"line":159,"column":15}},"49":{"start":{"line":171,"column":4},"end":{"line":171,"column":21}},"50":{"start":{"line":173,"column":4},"end":{"line":175,"column":5}},"51":{"start":{"line":174,"column":6},"end":{"line":174,"column":63}},"52":{"start":{"line":177,"column":4},"end":{"line":184,"column":5}},"53":{"start":{"line":178,"column":19},"end":{"line":178,"column":38}},"54":{"start":{"line":179,"column":6},"end":{"line":179,"column":24}},"55":{"start":{"line":181,"column":6},"end":{"line":181,"column":38}},"56":{"start":{"line":183,"column":6},"end":{"line":183,"column":17}},"57":{"start":{"line":187,"column":4},"end":{"line":189,"column":5}},"58":{"start":{"line":188,"column":6},"end":{"line":188,"column":29}},"59":{"start":{"line":191,"column":20},"end":{"line":191,"column":56}},"60":{"start":{"line":193,"column":4},"end":{"line":193,"column":32}},"61":{"start":{"line":194,"column":4},"end":{"line":194,"column":38}},"62":{"start":{"line":196,"column":4},"end":{"line":196,"column":15}},"63":{"start":{"line":206,"column":36},"end":{"line":206,"column":52}},"64":{"start":{"line":208,"column":4},"end":{"line":208,"column":30}},"65":{"start":{"line":209,"column":4},"end":{"line":209,"column":26}},"66":{"start":{"line":211,"column":4},"end":{"line":214,"column":5}},"67":{"start":{"line":212,"column":35},"end":{"line":212,"column":45}},"68":{"start":{"line":213,"column":6},"end":{"line":213,"column":37}},"69":{"start":{"line":216,"column":4},"end":{"line":216,"column":15}},"70":{"start":{"line":225,"column":4},"end":{"line":225,"column":22}},"71":{"start":{"line":226,"column":4},"end":{"line":226,"column":30}},"72":{"start":{"line":228,"column":4},"end":{"line":228,"column":15}},"73":{"start":{"line":238,"column":21},"end":{"line":248,"column":5}},"74":{"start":{"line":239,"column":6},"end":{"line":241,"column":7}},"75":{"start":{"line":240,"column":8},"end":{"line":240,"column":25}},"76":{"start":{"line":243,"column":6},"end":{"line":245,"column":7}},"77":{"start":{"line":244,"column":8},"end":{"line":244,"column":40}},"78":{"start":{"line":247,"column":6},"end":{"line":247,"column":18}},"79":{"start":{"line":250,"column":4},"end":{"line":250,"column":49}}},"fnMap":{"0":{"name":"(anonymous_0)","decl":{"start":{"line":2,"column":2},"end":{"line":2,"column":3}},"loc":{"start":{"line":2,"column":38},"end":{"line":8,"column":3}},"line":2},"1":{"name":"(anonymous_1)","decl":{"start":{"line":13,"column":2},"end":{"line":13,"column":3}},"loc":{"start":{"line":13,"column":33},"end":{"line":13,"column":47}},"line":13},"2":{"name":"(anonymous_2)","decl":{"start":{"line":14,"column":2},"end":{"line":14,"column":3}},"loc":{"start":{"line":14,"column":30},"end":{"line":14,"column":43}},"line":14},"3":{"name":"(anonymous_3)","decl":{"start":{"line":21,"column":2},"end":{"line":21,"column":3}},"loc":{"start":{"line":21,"column":17},"end":{"line":29,"column":3}},"line":21},"4":{"name":"(anonymous_4)","decl":{"start":{"line":36,"column":2},"end":{"line":36,"column":3}},"loc":{"start":{"line":36,"column":16},"end":{"line":44,"column":3}},"line":36},"5":{"name":"(anonymous_5)","decl":{"start":{"line":55,"column":2},"end":{"line":55,"column":3}},"loc":{"start":{"line":55,"column":25},"end":{"line":63,"column":3}},"line":55},"6":{"name":"(anonymous_6)","decl":{"start":{"line":69,"column":2},"end":{"line":69,"column":3}},"loc":{"start":{"line":69,"column":18},"end":{"line":71,"column":3}},"line":69},"7":{"name":"(anonymous_7)","decl":{"start":{"line":77,"column":2},"end":{"line":77,"column":3}},"loc":{"start":{"line":77,"column":14},"end":{"line":79,"column":3}},"line":77},"8":{"name":"(anonymous_8)","decl":{"start":{"line":84,"column":2},"end":{"line":84,"column":3}},"loc":{"start":{"line":84,"column":29},"end":{"line":96,"column":3}},"line":84},"9":{"name":"(anonymous_9)","decl":{"start":{"line":98,"column":2},"end":{"line":98,"column":3}},"loc":{"start":{"line":98,"column":14},"end":{"line":106,"column":3}},"line":98},"10":{"name":"(anonymous_10)","decl":{"start":{"line":108,"column":2},"end":{"line":108,"column":3}},"loc":{"start":{"line":108,"column":24},"end":{"line":118,"column":3}},"line":108},"11":{"name":"(anonymous_11)","decl":{"start":{"line":134,"column":2},"end":{"line":134,"column":3}},"loc":{"start":{"line":134,"column":12},"end":{"line":138,"column":3}},"line":134},"12":{"name":"(anonymous_12)","decl":{"start":{"line":146,"column":2},"end":{"line":146,"column":3}},"loc":{"start":{"line":146,"column":12},"end":{"line":160,"column":3}},"line":146},"13":{"name":"(anonymous_13)","decl":{"start":{"line":170,"column":2},"end":{"line":170,"column":3}},"loc":{"start":{"line":170,"column":34},"end":{"line":197,"column":3}},"line":170},"14":{"name":"(anonymous_14)","decl":{"start":{"line":205,"column":2},"end":{"line":205,"column":3}},"loc":{"start":{"line":205,"column":15},"end":{"line":217,"column":3}},"line":205},"15":{"name":"(anonymous_15)","decl":{"start":{"line":224,"column":2},"end":{"line":224,"column":3}},"loc":{"start":{"line":224,"column":11},"end":{"line":229,"column":3}},"line":224},"16":{"name":"(anonymous_16)","decl":{"start":{"line":237,"column":2},"end":{"line":237,"column":3}},"loc":{"start":{"line":237,"column":20},"end":{"line":251,"column":3}},"line":237},"17":{"name":"(anonymous_17)","decl":{"start":{"line":238,"column":21},"end":{"line":238,"column":22}},"loc":{"start":{"line":238,"column":35},"end":{"line":248,"column":5}},"line":238}},"branchMap":{"0":{"loc":{"start":{"line":39,"column":4},"end":{"line":41,"column":5}},"type":"if","locations":[{"start":{"line":39,"column":4},"end":{"line":41,"column":5}},{"start":{},"end":{}}],"line":39},"1":{"loc":{"start":{"line":85,"column":4},"end":{"line":93,"column":5}},"type":"if","locations":[{"start":{"line":85,"column":4},"end":{"line":93,"column":5}},{"start":{},"end":{}}],"line":85},"2":{"loc":{"start":{"line":92,"column":6},"end":{"line":92,"column":57}},"type":"binary-expr","locations":[{"start":{"line":92,"column":6},"end":{"line":92,"column":27}},{"start":{"line":92,"column":31},"end":{"line":92,"column":57}}],"line":92},"3":{"loc":{"start":{"line":110,"column":25},"end":{"line":110,"column":63}},"type":"binary-expr","locations":[{"start":{"line":110,"column":25},"end":{"line":110,"column":55}},{"start":{"line":110,"column":59},"end":{"line":110,"column":63}}],"line":110},"4":{"loc":{"start":{"line":149,"column":4},"end":{"line":156,"column":5}},"type":"if","locations":[{"start":{"line":149,"column":4},"end":{"line":156,"column":5}},{"start":{},"end":{}}],"line":149},"5":{"loc":{"start":{"line":170,"column":19},"end":{"line":170,"column":32}},"type":"default-arg","locations":[{"start":{"line":170,"column":31},"end":{"line":170,"column":32}}],"line":170},"6":{"loc":{"start":{"line":173,"column":4},"end":{"line":175,"column":5}},"type":"if","locations":[{"start":{"line":173,"column":4},"end":{"line":175,"column":5}},{"start":{},"end":{}}],"line":173},"7":{"loc":{"start":{"line":177,"column":4},"end":{"line":184,"column":5}},"type":"if","locations":[{"start":{"line":177,"column":4},"end":{"line":184,"column":5}},{"start":{},"end":{}}],"line":177},"8":{"loc":{"start":{"line":187,"column":4},"end":{"line":189,"column":5}},"type":"if","locations":[{"start":{"line":187,"column":4},"end":{"line":189,"column":5}},{"start":{},"end":{}}],"line":187},"9":{"loc":{"start":{"line":208,"column":19},"end":{"line":208,"column":30}},"type":"binary-expr","locations":[{"start":{"line":208,"column":19},"end":{"line":208,"column":25}},{"start":{"line":208,"column":29},"end":{"line":208,"column":30}}],"line":208},"10":{"loc":{"start":{"line":209,"column":17},"end":{"line":209,"column":26}},"type":"binary-expr","locations":[{"start":{"line":209,"column":17},"end":{"line":209,"column":21}},{"start":{"line":209,"column":25},"end":{"line":209,"column":26}}],"line":209},"11":{"loc":{"start":{"line":239,"column":6},"end":{"line":241,"column":7}},"type":"if","locations":[{"start":{"line":239,"column":6},"end":{"line":241,"column":7}},{"start":{},"end":{}}],"line":239},"12":{"loc":{"start":{"line":243,"column":6},"end":{"line":245,"column":7}},"type":"if","locations":[{"start":{"line":243,"column":6},"end":{"line":245,"column":7}},{"start":{},"end":{}}],"line":243}},"s":{"0":104,"1":104,"2":104,"3":104,"4":0,"5":0,"6":203,"7":203,"8":203,"9":203,"10":203,"11":307,"12":307,"13":10,"14":307,"15":3,"16":3,"17":3,"18":3,"19":3,"20":3,"21":4,"22":4,"23":2,"24":1,"25":1,"26":1,"27":1,"28":2,"29":3,"30":7,"31":7,"32":7,"33":10,"34":7,"35":3,"36":3,"37":3,"38":3,"39":4,"40":4,"41":307,"42":307,"43":201,"44":201,"45":201,"46":201,"47":106,"48":106,"49":106,"50":106,"51":0,"52":106,"53":2,"54":2,"55":2,"56":2,"57":104,"58":2,"59":104,"60":104,"61":104,"62":104,"63":1,"64":1,"65":1,"66":1,"67":2,"68":2,"69":1,"70":1,"71":1,"72":1,"73":1,"74":12,"75":0,"76":12,"77":1,"78":11,"79":1},"f":{"0":104,"1":0,"2":0,"3":203,"4":307,"5":3,"6":4,"7":4,"8":2,"9":3,"10":7,"11":4,"12":307,"13":106,"14":1,"15":1,"16":1,"17":12},"b":{"0":[10,297],"1":[1,1],"2":[1,0],"3":[7,0],"4":[201,106],"5":[104],"6":[0,106],"7":[2,104],"8":[2,102],"9":[1,0],"10":[1,0],"11":[0,12],"12":[1,11]},"_coverageSchema":"1a1c01bbd47fc00a2c39e90264f33305004495a9","hash":"5e2f1c04dfa41c81d458a4a43ff6e774f82a1ae6"}
,"C:\\Users\\Marcu\\personal\\university\\DD2480\\JavaScript\\Cache\\LRUCache.js": {"path":"C:\\Users\\Marcu\\personal\\university\\DD2480\\JavaScript\\Cache\\LRUCache.js","statementMap":{"0":{"start":{"line":10,"column":4},"end":{"line":12,"column":5}},"1":{"start":{"line":11,"column":6},"end":{"line":11,"column":45}},"2":{"start":{"line":14,"column":4},"end":{"line":14,"column":31}},"3":{"start":{"line":15,"column":4},"end":{"line":15,"column":19}},"4":{"start":{"line":16,"column":4},"end":{"line":16,"column":17}},"5":{"start":{"line":17,"column":4},"end":{"line":17,"column":26}},"6":{"start":{"line":19,"column":4},"end":{"line":19,"column":28}},"7":{"start":{"line":23,"column":4},"end":{"line":28,"column":6}},"8":{"start":{"line":32,"column":4},"end":{"line":32,"column":26}},"9":{"start":{"line":36,"column":4},"end":{"line":36,"column":25}},"10":{"start":{"line":40,"column":4},"end":{"line":42,"column":5}},"11":{"start":{"line":41,"column":6},"end":{"line":41,"column":63}},"12":{"start":{"line":44,"column":4},"end":{"line":50,"column":5}},"13":{"start":{"line":45,"column":17},"end":{"line":45,"column":44}},"14":{"start":{"line":47,"column":6},"end":{"line":49,"column":7}},"15":{"start":{"line":48,"column":8},"end":{"line":48,"column":39}},"16":{"start":{"line":52,"column":4},"end":{"line":52,"column":32}},"17":{"start":{"line":59,"column":4},"end":{"line":59,"column":53}},"18":{"start":{"line":67,"column":4},"end":{"line":67,"column":21}},"19":{"start":{"line":69,"column":4},"end":{"line":69,"column":30}},"20":{"start":{"line":77,"column":4},"end":{"line":77,"column":21}},"21":{"start":{"line":79,"column":4},"end":{"line":81,"column":5}},"22":{"start":{"line":80,"column":6},"end":{"line":80,"column":37}},"23":{"start":{"line":83,"column":4},"end":{"line":83,"column":30}},"24":{"start":{"line":91,"column":4},"end":{"line":91,"column":21}},"25":{"start":{"line":93,"column":4},"end":{"line":102,"column":5}},"26":{"start":{"line":94,"column":20},"end":{"line":94,"column":39}},"27":{"start":{"line":97,"column":6},"end":{"line":97,"column":28}},"28":{"start":{"line":98,"column":6},"end":{"line":98,"column":32}},"29":{"start":{"line":100,"column":6},"end":{"line":100,"column":17}},"30":{"start":{"line":101,"column":6},"end":{"line":101,"column":18}},"31":{"start":{"line":104,"column":4},"end":{"line":104,"column":17}},"32":{"start":{"line":105,"column":4},"end":{"line":105,"column":15}},"33":{"start":{"line":113,"column":36},"end":{"line":113,"column":52}},"34":{"start":{"line":115,"column":4},"end":{"line":115,"column":30}},"35":{"start":{"line":116,"column":4},"end":{"line":116,"column":26}},"36":{"start":{"line":118,"column":4},"end":{"line":120,"column":5}},"37":{"start":{"line":119,"column":6},"end":{"line":119,"column":31}},"38":{"start":{"line":122,"column":4},"end":{"line":122,"column":15}},"39":{"start":{"line":130,"column":21},"end":{"line":140,"column":5}},"40":{"start":{"line":131,"column":6},"end":{"line":133,"column":7}},"41":{"start":{"line":132,"column":8},"end":{"line":132,"column":25}},"42":{"start":{"line":135,"column":6},"end":{"line":137,"column":7}},"43":{"start":{"line":136,"column":8},"end":{"line":136,"column":40}},"44":{"start":{"line":139,"column":6},"end":{"line":139,"column":18}},"45":{"start":{"line":142,"column":4},"end":{"line":142,"column":49}}},"fnMap":{"0":{"name":"(anonymous_0)","decl":{"start":{"line":9,"column":2},"end":{"line":9,"column":3}},"loc":{"start":{"line":9,"column":25},"end":{"line":20,"column":3}},"line":9},"1":{"name":"(anonymous_1)","decl":{"start":{"line":22,"column":2},"end":{"line":22,"column":3}},"loc":{"start":{"line":22,"column":14},"end":{"line":29,"column":3}},"line":22},"2":{"name":"(anonymous_2)","decl":{"start":{"line":31,"column":2},"end":{"line":31,"column":3}},"loc":{"start":{"line":31,"column":14},"end":{"line":33,"column":3}},"line":31},"3":{"name":"(anonymous_3)","decl":{"start":{"line":35,"column":2},"end":{"line":35,"column":3}},"loc":{"start":{"line":35,"column":18},"end":{"line":37,"column":3}},"line":35},"4":{"name":"(anonymous_4)","decl":{"start":{"line":39,"column":2},"end":{"line":39,"column":3}},"loc":{"start":{"line":39,"column":29},"end":{"line":53,"column":3}},"line":39},"5":{"name":"(anonymous_5)","decl":{"start":{"line":66,"column":2},"end":{"line":66,"column":3}},"loc":{"start":{"line":66,"column":12},"end":{"line":70,"column":3}},"line":66},"6":{"name":"(anonymous_6)","decl":{"start":{"line":76,"column":2},"end":{"line":76,"column":3}},"loc":{"start":{"line":76,"column":19},"end":{"line":84,"column":3}},"line":76},"7":{"name":"(anonymous_7)","decl":{"start":{"line":90,"column":2},"end":{"line":90,"column":3}},"loc":{"start":{"line":90,"column":12},"end":{"line":106,"column":3}},"line":90},"8":{"name":"(anonymous_8)","decl":{"start":{"line":112,"column":2},"end":{"line":112,"column":3}},"loc":{"start":{"line":112,"column":15},"end":{"line":123,"column":3}},"line":112},"9":{"name":"(anonymous_9)","decl":{"start":{"line":129,"column":2},"end":{"line":129,"column":3}},"loc":{"start":{"line":129,"column":20},"end":{"line":143,"column":3}},"line":129},"10":{"name":"(anonymous_10)","decl":{"start":{"line":130,"column":21},"end":{"line":130,"column":22}},"loc":{"start":{"line":130,"column":35},"end":{"line":140,"column":5}},"line":130}},"branchMap":{"0":{"loc":{"start":{"line":10,"column":4},"end":{"line":12,"column":5}},"type":"if","locations":[{"start":{"line":10,"column":4},"end":{"line":12,"column":5}},{"start":{},"end":{}}],"line":10},"1":{"loc":{"start":{"line":10,"column":8},"end":{"line":10,"column":51}},"type":"binary-expr","locations":[{"start":{"line":10,"column":8},"end":{"line":10,"column":35}},{"start":{"line":10,"column":39},"end":{"line":10,"column":51}}],"line":10},"2":{"loc":{"start":{"line":40,"column":4},"end":{"line":42,"column":5}},"type":"if","locations":[{"start":{"line":40,"column":4},"end":{"line":42,"column":5}},{"start":{},"end":{}}],"line":40},"3":{"loc":{"start":{"line":44,"column":4},"end":{"line":50,"column":5}},"type":"if","locations":[{"start":{"line":44,"column":4},"end":{"line":50,"column":5}},{"start":{},"end":{}}],"line":44},"4":{"loc":{"start":{"line":79,"column":4},"end":{"line":81,"column":5}},"type":"if","locations":[{"start":{"line":79,"column":4},"end":{"line":81,"column":5}},{"start":{},"end":{}}],"line":79},"5":{"loc":{"start":{"line":93,"column":4},"end":{"line":102,"column":5}},"type":"if","locations":[{"start":{"line":93,"column":4},"end":{"line":102,"column":5}},{"start":{},"end":{}}],"line":93},"6":{"loc":{"start":{"line":115,"column":19},"end":{"line":115,"column":30}},"type":"binary-expr","locations":[{"start":{"line":115,"column":19},"end":{"line":115,"column":25}},{"start":{"line":115,"column":29},"end":{"line":115,"column":30}}],"line":115},"7":{"loc":{"start":{"line":116,"column":17},"end":{"line":116,"column":26}},"type":"binary-expr","locations":[{"start":{"line":116,"column":17},"end":{"line":116,"column":21}},{"start":{"line":116,"column":25},"end":{"line":116,"column":26}}],"line":116},"8":{"loc":{"start":{"line":131,"column":6},"end":{"line":133,"column":7}},"type":"if","locations":[{"start":{"line":131,"column":6},"end":{"line":133,"column":7}},{"start":{},"end":{}}],"line":131},"9":{"loc":{"start":{"line":135,"column":6},"end":{"line":137,"column":7}},"type":"if","locations":[{"start":{"line":135,"column":6},"end":{"line":137,"column":7}},{"start":{},"end":{}}],"line":135}},"s":{"0":6,"1":4,"2":2,"3":2,"4":2,"5":2,"6":2,"7":3,"8":107,"9":112,"10":2,"11":0,"12":2,"13":1,"14":1,"15":1,"16":2,"17":5,"18":0,"19":0,"20":104,"21":104,"22":4,"23":104,"24":305,"25":305,"26":199,"27":199,"28":199,"29":199,"30":199,"31":106,"32":106,"33":1,"34":1,"35":1,"36":1,"37":2,"38":1,"39":1,"40":6,"41":0,"42":6,"43":1,"44":5,"45":1},"f":{"0":6,"1":3,"2":107,"3":112,"4":2,"5":0,"6":104,"7":305,"8":1,"9":1,"10":6},"b":{"0":[4,2],"1":[6,3],"2":[0,2],"3":[1,1],"4":[4,100],"5":[199,106],"6":[1,0],"7":[1,0],"8":[0,6],"9":[1,5]},"_coverageSchema":"1a1c01bbd47fc00a2c39e90264f33305004495a9","hash":"efa30dc0e3e992140affeb621f74c1d14bd4f636"}
,"C:\\Users\\Marcu\\personal\\university\\DD2480\\JavaScript\\Cache\\Memoize.js": {"path":"C:\\Users\\Marcu\\personal\\university\\DD2480\\JavaScript\\Cache\\Memoize.js","statementMap":{"0":{"start":{"line":16,"column":16},"end":{"line":56,"column":1}},"1":{"start":{"line":17,"column":23},"end":{"line":27,"column":3}},"2":{"start":{"line":18,"column":4},"end":{"line":20,"column":5}},"3":{"start":{"line":19,"column":6},"end":{"line":19,"column":23}},"4":{"start":{"line":22,"column":4},"end":{"line":24,"column":5}},"5":{"start":{"line":23,"column":6},"end":{"line":23,"column":38}},"6":{"start":{"line":26,"column":4},"end":{"line":26,"column":16}},"7":{"start":{"line":29,"column":2},"end":{"line":55,"column":3}},"8":{"start":{"line":36,"column":20},"end":{"line":36,"column":54}},"9":{"start":{"line":42,"column":4},"end":{"line":44,"column":5}},"10":{"start":{"line":43,"column":6},"end":{"line":43,"column":31}},"11":{"start":{"line":51,"column":19},"end":{"line":51,"column":32}},"12":{"start":{"line":52,"column":4},"end":{"line":52,"column":30}},"13":{"start":{"line":54,"column":4},"end":{"line":54,"column":17}}},"fnMap":{"0":{"name":"(anonymous_0)","decl":{"start":{"line":16,"column":16},"end":{"line":16,"column":17}},"loc":{"start":{"line":16,"column":45},"end":{"line":56,"column":1}},"line":16},"1":{"name":"(anonymous_1)","decl":{"start":{"line":17,"column":23},"end":{"line":17,"column":24}},"loc":{"start":{"line":17,"column":37},"end":{"line":27,"column":3}},"line":17},"2":{"name":"(anonymous_2)","decl":{"start":{"line":29,"column":9},"end":{"line":29,"column":10}},"loc":{"start":{"line":29,"column":22},"end":{"line":55,"column":3}},"line":29}},"branchMap":{"0":{"loc":{"start":{"line":16,"column":23},"end":{"line":16,"column":40}},"type":"default-arg","locations":[{"start":{"line":16,"column":31},"end":{"line":16,"column":40}}],"line":16},"1":{"loc":{"start":{"line":18,"column":4},"end":{"line":20,"column":5}},"type":"if","locations":[{"start":{"line":18,"column":4},"end":{"line":20,"column":5}},{"start":{},"end":{}}],"line":18},"2":{"loc":{"start":{"line":22,"column":4},"end":{"line":24,"column":5}},"type":"if","locations":[{"start":{"line":22,"column":4},"end":{"line":24,"column":5}},{"start":{},"end":{}}],"line":22},"3":{"loc":{"start":{"line":42,"column":4},"end":{"line":44,"column":5}},"type":"if","locations":[{"start":{"line":42,"column":4},"end":{"line":44,"column":5}},{"start":{},"end":{}}],"line":42}},"s":{"0":1,"1":6,"2":74,"3":6,"4":68,"5":0,"6":68,"7":6,"8":18,"9":18,"10":9,"11":9,"12":9,"13":9},"f":{"0":6,"1":74,"2":18},"b":{"0":[5],"1":[6,68],"2":[0,68],"3":[9,9]},"_coverageSchema":"1a1c01bbd47fc00a2c39e90264f33305004495a9","hash":"fd587631c62272c97168c4923fc118ec7906f213"}
,"C:\\Users\\Marcu\\personal\\university\\DD2480\\JavaScript\\Cache\\test\\cacheTest.js": {"path":"C:\\Users\\Marcu\\personal\\university\\DD2480\\JavaScript\\Cache\\test\\cacheTest.js","statementMap":{"0":{"start":{"line":8,"column":30},"end":{"line":26,"column":1}},"1":{"start":{"line":9,"column":2},"end":{"line":15,"column":3}},"2":{"start":{"line":10,"column":18},"end":{"line":10,"column":30}},"3":{"start":{"line":12,"column":4},"end":{"line":14,"column":5}},"4":{"start":{"line":13,"column":6},"end":{"line":13,"column":18}},"5":{"start":{"line":17,"column":2},"end":{"line":19,"column":3}},"6":{"start":{"line":18,"column":4},"end":{"line":18,"column":12}},"7":{"start":{"line":21,"column":17},"end":{"line":21,"column":76}},"8":{"start":{"line":23,"column":2},"end":{"line":23,"column":31}},"9":{"start":{"line":25,"column":2},"end":{"line":25,"column":15}},"10":{"start":{"line":33,"column":21},"end":{"line":37,"column":1}},"11":{"start":{"line":34,"column":2},"end":{"line":36,"column":3}},"12":{"start":{"line":35,"column":36},"end":{"line":35,"column":58}}},"fnMap":{"0":{"name":"(anonymous_0)","decl":{"start":{"line":8,"column":30},"end":{"line":8,"column":31}},"loc":{"start":{"line":8,"column":51},"end":{"line":26,"column":1}},"line":8},"1":{"name":"(anonymous_1)","decl":{"start":{"line":33,"column":21},"end":{"line":33,"column":22}},"loc":{"start":{"line":33,"column":34},"end":{"line":37,"column":1}},"line":33},"2":{"name":"(anonymous_2)","decl":{"start":{"line":35,"column":16},"end":{"line":35,"column":17}},"loc":{"start":{"line":35,"column":36},"end":{"line":35,"column":58}},"line":35}},"branchMap":{"0":{"loc":{"start":{"line":8,"column":34},"end":{"line":8,"column":46}},"type":"default-arg","locations":[{"start":{"line":8,"column":42},"end":{"line":8,"column":46}}],"line":8},"1":{"loc":{"start":{"line":9,"column":2},"end":{"line":15,"column":3}},"type":"if","locations":[{"start":{"line":9,"column":2},"end":{"line":15,"column":3}},{"start":{},"end":{}}],"line":9},"2":{"loc":{"start":{"line":12,"column":4},"end":{"line":14,"column":5}},"type":"if","locations":[{"start":{"line":12,"column":4},"end":{"line":14,"column":5}},{"start":{},"end":{}}],"line":12},"3":{"loc":{"start":{"line":17,"column":2},"end":{"line":19,"column":3}},"type":"if","locations":[{"start":{"line":17,"column":2},"end":{"line":19,"column":3}},{"start":{},"end":{}}],"line":17},"4":{"loc":{"start":{"line":17,"column":6},"end":{"line":17,"column":24}},"type":"binary-expr","locations":[{"start":{"line":17,"column":6},"end":{"line":17,"column":13}},{"start":{"line":17,"column":17},"end":{"line":17,"column":24}}],"line":17},"5":{"loc":{"start":{"line":23,"column":2},"end":{"line":23,"column":31}},"type":"binary-expr","locations":[{"start":{"line":23,"column":2},"end":{"line":23,"column":7}},{"start":{"line":23,"column":11},"end":{"line":23,"column":31}}],"line":23}},"s":{"0":3,"1":592,"2":592,"3":592,"4":386,"5":206,"6":10,"7":196,"8":196,"9":196,"10":3,"11":2,"12":6},"f":{"0":592,"1":2,"2":6},"b":{"0":[0],"1":[592,0],"2":[386,206],"3":[10,196],"4":[206,202],"5":[196,196]},"_coverageSchema":"1a1c01bbd47fc00a2c39e90264f33305004495a9","hash":"7ff97b5614c225d9fa3d9697c85215b8cf341942"}
,"C:\\Users\\Marcu\\personal\\university\\DD2480\\JavaScript\\Cellular-Automata\\ConwaysGameOfLife.js": {"path":"C:\\Users\\Marcu\\personal\\university\\DD2480\\JavaScript\\Cellular-Automata\\ConwaysGameOfLife.js","statementMap":{"0":{"start":{"line":15,"column":25},"end":{"line":15,"column":27}},"1":{"start":{"line":16,"column":2},"end":{"line":39,"column":3}},"2":{"start":{"line":16,"column":15},"end":{"line":16,"column":16}},"3":{"start":{"line":17,"column":30},"end":{"line":17,"column":32}},"4":{"start":{"line":18,"column":4},"end":{"line":37,"column":5}},"5":{"start":{"line":18,"column":17},"end":{"line":18,"column":18}},"6":{"start":{"line":20,"column":27},"end":{"line":20,"column":28}},"7":{"start":{"line":21,"column":6},"end":{"line":21,"column":63}},"8":{"start":{"line":21,"column":26},"end":{"line":21,"column":63}},"9":{"start":{"line":22,"column":6},"end":{"line":22,"column":50}},"10":{"start":{"line":22,"column":17},"end":{"line":22,"column":50}},"11":{"start":{"line":23,"column":6},"end":{"line":23,"column":81}},"12":{"start":{"line":23,"column":44},"end":{"line":23,"column":81}},"13":{"start":{"line":24,"column":6},"end":{"line":24,"column":50}},"14":{"start":{"line":24,"column":17},"end":{"line":24,"column":50}},"15":{"start":{"line":25,"column":6},"end":{"line":25,"column":68}},"16":{"start":{"line":25,"column":35},"end":{"line":25,"column":68}},"17":{"start":{"line":26,"column":6},"end":{"line":26,"column":78}},"18":{"start":{"line":26,"column":41},"end":{"line":26,"column":78}},"19":{"start":{"line":27,"column":6},"end":{"line":27,"column":65}},"20":{"start":{"line":27,"column":32},"end":{"line":27,"column":65}},"21":{"start":{"line":28,"column":6},"end":{"line":28,"column":96}},"22":{"start":{"line":28,"column":59},"end":{"line":28,"column":96}},"23":{"start":{"line":31,"column":20},"end":{"line":31,"column":37}},"24":{"start":{"line":32,"column":6},"end":{"line":36,"column":7}},"25":{"start":{"line":33,"column":8},"end":{"line":33,"column":33}},"26":{"start":{"line":35,"column":8},"end":{"line":35,"column":33}},"27":{"start":{"line":38,"column":4},"end":{"line":38,"column":42}},"28":{"start":{"line":40,"column":2},"end":{"line":40,"column":23}}},"fnMap":{"0":{"name":"newGeneration","decl":{"start":{"line":14,"column":16},"end":{"line":14,"column":29}},"loc":{"start":{"line":14,"column":38},"end":{"line":41,"column":1}},"line":14}},"branchMap":{"0":{"loc":{"start":{"line":21,"column":6},"end":{"line":21,"column":63}},"type":"if","locations":[{"start":{"line":21,"column":6},"end":{"line":21,"column":63}},{"start":{},"end":{}}],"line":21},"1":{"loc":{"start":{"line":21,"column":10},"end":{"line":21,"column":24}},"type":"binary-expr","locations":[{"start":{"line":21,"column":10},"end":{"line":21,"column":15}},{"start":{"line":21,"column":19},"end":{"line":21,"column":24}}],"line":21},"2":{"loc":{"start":{"line":22,"column":6},"end":{"line":22,"column":50}},"type":"if","locations":[{"start":{"line":22,"column":6},"end":{"line":22,"column":50}},{"start":{},"end":{}}],"line":22},"3":{"loc":{"start":{"line":23,"column":6},"end":{"line":23,"column":81}},"type":"if","locations":[{"start":{"line":23,"column":6},"end":{"line":23,"column":81}},{"start":{},"end":{}}],"line":23},"4":{"loc":{"start":{"line":23,"column":10},"end":{"line":23,"column":42}},"type":"binary-expr","locations":[{"start":{"line":23,"column":10},"end":{"line":23,"column":15}},{"start":{"line":23,"column":19},"end":{"line":23,"column":42}}],"line":23},"5":{"loc":{"start":{"line":24,"column":6},"end":{"line":24,"column":50}},"type":"if","locations":[{"start":{"line":24,"column":6},"end":{"line":24,"column":50}},{"start":{},"end":{}}],"line":24},"6":{"loc":{"start":{"line":25,"column":6},"end":{"line":25,"column":68}},"type":"if","locations":[{"start":{"line":25,"column":6},"end":{"line":25,"column":68}},{"start":{},"end":{}}],"line":25},"7":{"loc":{"start":{"line":26,"column":6},"end":{"line":26,"column":78}},"type":"if","locations":[{"start":{"line":26,"column":6},"end":{"line":26,"column":78}},{"start":{},"end":{}}],"line":26},"8":{"loc":{"start":{"line":26,"column":10},"end":{"line":26,"column":39}},"type":"binary-expr","locations":[{"start":{"line":26,"column":10},"end":{"line":26,"column":30}},{"start":{"line":26,"column":34},"end":{"line":26,"column":39}}],"line":26},"9":{"loc":{"start":{"line":27,"column":6},"end":{"line":27,"column":65}},"type":"if","locations":[{"start":{"line":27,"column":6},"end":{"line":27,"column":65}},{"start":{},"end":{}}],"line":27},"10":{"loc":{"start":{"line":28,"column":6},"end":{"line":28,"column":96}},"type":"if","locations":[{"start":{"line":28,"column":6},"end":{"line":28,"column":96}},{"start":{},"end":{}}],"line":28},"11":{"loc":{"start":{"line":28,"column":10},"end":{"line":28,"column":57}},"type":"binary-expr","locations":[{"start":{"line":28,"column":10},"end":{"line":28,"column":30}},{"start":{"line":28,"column":34},"end":{"line":28,"column":57}}],"line":28},"12":{"loc":{"start":{"line":32,"column":6},"end":{"line":36,"column":7}},"type":"if","locations":[{"start":{"line":32,"column":6},"end":{"line":36,"column":7}},{"start":{"line":34,"column":13},"end":{"line":36,"column":7}}],"line":32},"13":{"loc":{"start":{"line":32,"column":10},"end":{"line":32,"column":99}},"type":"binary-expr","locations":[{"start":{"line":32,"column":11},"end":{"line":32,"column":16}},{"start":{"line":32,"column":20},"end":{"line":32,"column":39}},{"start":{"line":32,"column":43},"end":{"line":32,"column":62}},{"start":{"line":32,"column":68},"end":{"line":32,"column":74}},{"start":{"line":32,"column":78},"end":{"line":32,"column":98}}],"line":32}},"s":{"0":1,"1":1,"2":1,"3":3,"4":3,"5":3,"6":9,"7":9,"8":4,"9":9,"10":6,"11":9,"12":4,"13":9,"14":6,"15":9,"16":6,"17":9,"18":4,"19":9,"20":6,"21":9,"22":4,"23":9,"24":9,"25":3,"26":6,"27":3,"28":1},"f":{"0":1},"b":{"0":[4,5],"1":[9,6],"2":[6,3],"3":[4,5],"4":[9,6],"5":[6,3],"6":[6,3],"7":[4,5],"8":[9,6],"9":[6,3],"10":[4,5],"11":[9,6],"12":[3,6],"13":[9,3,1,8,6]},"_coverageSchema":"1a1c01bbd47fc00a2c39e90264f33305004495a9","hash":"60a55ad33ebae5958d6acc82ec43e2d7b1521a72"}
[...]
,"C:\\Users\\Marcu\\personal\\university\\DD2480\\JavaScript\\String\\ValidateCreditCard.js": {"path":"C:\\Users\\Marcu\\personal\\university\\DD2480\\JavaScript\\String\\ValidateCreditCard.js","statementMap":{"0":{"start":{"line":15,"column":23},"end":{"line":32,"column":1}},"1":{"start":{"line":16,"column":22},"end":{"line":16,"column":23}},"2":{"start":{"line":17,"column":2},"end":{"line":29,"column":4}},"3":{"start":{"line":18,"column":23},"end":{"line":18,"column":38}},"4":{"start":{"line":19,"column":4},"end":{"line":27,"column":5}},"5":{"start":{"line":21,"column":6},"end":{"line":21,"column":23}},"6":{"start":{"line":23,"column":6},"end":{"line":26,"column":7}},"7":{"start":{"line":24,"column":8},"end":{"line":24,"column":26}},"8":{"start":{"line":25,"column":8},"end":{"line":25,"column":25}},"9":{"start":{"line":28,"column":4},"end":{"line":28,"column":33}},"10":{"start":{"line":31,"column":2},"end":{"line":31,"column":33}},"11":{"start":{"line":34,"column":27},"end":{"line":57,"column":1}},"12":{"start":{"line":35,"column":30},"end":{"line":35,"column":63}},"13":{"start":{"line":37,"column":2},"end":{"line":39,"column":3}},"14":{"start":{"line":38,"column":4},"end":{"line":38,"column":58}},"15":{"start":{"line":41,"column":23},"end":{"line":41,"column":86}},"16":{"start":{"line":42,"column":2},"end":{"line":44,"column":3}},"17":{"start":{"line":43,"column":4},"end":{"line":43,"column":73}},"18":{"start":{"line":45,"column":33},"end":{"line":45,"column":56}},"19":{"start":{"line":46,"column":2},"end":{"line":48,"column":3}},"20":{"start":{"line":47,"column":4},"end":{"line":47,"column":52}},"21":{"start":{"line":49,"column":2},"end":{"line":51,"column":3}},"22":{"start":{"line":49,"column":45},"end":{"line":49,"column":83}},"23":{"start":{"line":50,"column":4},"end":{"line":50,"column":62}},"24":{"start":{"line":52,"column":2},"end":{"line":54,"column":3}},"25":{"start":{"line":53,"column":4},"end":{"line":53,"column":62}},"26":{"start":{"line":56,"column":2},"end":{"line":56,"column":13}}},"fnMap":{"0":{"name":"(anonymous_0)","decl":{"start":{"line":15,"column":23},"end":{"line":15,"column":24}},"loc":{"start":{"line":15,"column":45},"end":{"line":32,"column":1}},"line":15},"1":{"name":"(anonymous_1)","decl":{"start":{"line":17,"column":37},"end":{"line":17,"column":38}},"loc":{"start":{"line":17,"column":55},"end":{"line":29,"column":3}},"line":17},"2":{"name":"(anonymous_2)","decl":{"start":{"line":34,"column":27},"end":{"line":34,"column":28}},"loc":{"start":{"line":34,"column":49},"end":{"line":57,"column":1}},"line":34},"3":{"name":"(anonymous_3)","decl":{"start":{"line":49,"column":32},"end":{"line":49,"column":33}},"loc":{"start":{"line":49,"column":45},"end":{"line":49,"column":83}},"line":49}},"branchMap":{"0":{"loc":{"start":{"line":19,"column":4},"end":{"line":27,"column":5}},"type":"if","locations":[{"start":{"line":19,"column":4},"end":{"line":27,"column":5}},{"start":{},"end":{}}],"line":19},"1":{"loc":{"start":{"line":23,"column":6},"end":{"line":26,"column":7}},"type":"if","locations":[{"start":{"line":23,"column":6},"end":{"line":26,"column":7}},{"start":{},"end":{}}],"line":23},"2":{"loc":{"start":{"line":37,"column":2},"end":{"line":39,"column":3}},"type":"if","locations":[{"start":{"line":37,"column":2},"end":{"line":39,"column":3}},{"start":{},"end":{}}],"line":37},"3":{"loc":{"start":{"line":42,"column":2},"end":{"line":44,"column":3}},"type":"if","locations":[{"start":{"line":42,"column":2},"end":{"line":44,"column":3}},{"start":{},"end":{}}],"line":42},"4":{"loc":{"start":{"line":46,"column":2},"end":{"line":48,"column":3}},"type":"if","locations":[{"start":{"line":46,"column":2},"end":{"line":48,"column":3}},{"start":{},"end":{}}],"line":46},"5":{"loc":{"start":{"line":46,"column":8},"end":{"line":46,"column":72}},"type":"binary-expr","locations":[{"start":{"line":46,"column":9},"end":{"line":46,"column":37}},{"start":{"line":46,"column":43},"end":{"line":46,"column":71}}],"line":46},"6":{"loc":{"start":{"line":49,"column":2},"end":{"line":51,"column":3}},"type":"if","locations":[{"start":{"line":49,"column":2},"end":{"line":51,"column":3}},{"start":{},"end":{}}],"line":49},"7":{"loc":{"start":{"line":52,"column":2},"end":{"line":54,"column":3}},"type":"if","locations":[{"start":{"line":52,"column":2},"end":{"line":54,"column":3}},{"start":{},"end":{}}],"line":52}},"s":{"0":1,"1":4,"2":4,"3":60,"4":60,"5":31,"6":31,"7":6,"8":6,"9":60,"10":4,"11":1,"12":19,"13":19,"14":1,"15":18,"16":18,"17":3,"18":15,"19":15,"20":2,"21":13,"22":61,"23":9,"24":4,"25":3,"26":1},"f":{"0":4,"1":60,"2":19,"3":61},"b":{"0":[31,29],"1":[6,25],"2":[1,18],"3":[3,15],"4":[2,13],"5":[15,14],"6":[9,4],"7":[3,1]},"_coverageSchema":"1a1c01bbd47fc00a2c39e90264f33305004495a9","hash":"bfcede8004f4d64e8648000b5fe9e7163669d48f"}
,"C:\\Users\\Marcu\\personal\\university\\DD2480\\JavaScript\\String\\ValidateEmail.js": {"path":"C:\\Users\\Marcu\\personal\\university\\DD2480\\JavaScript\\String\\ValidateEmail.js","statementMap":{"0":{"start":{"line":4,"column":22},"end":{"line":10,"column":1}},"1":{"start":{"line":5,"column":2},"end":{"line":7,"column":3}},"2":{"start":{"line":6,"column":4},"end":{"line":6,"column":62}},"3":{"start":{"line":9,"column":2},"end":{"line":9,"column":47}}},"fnMap":{"0":{"name":"(anonymous_0)","decl":{"start":{"line":4,"column":22},"end":{"line":4,"column":23}},"loc":{"start":{"line":4,"column":31},"end":{"line":10,"column":1}},"line":4}},"branchMap":{"0":{"loc":{"start":{"line":5,"column":2},"end":{"line":7,"column":3}},"type":"if","locations":[{"start":{"line":5,"column":2},"end":{"line":7,"column":3}},{"start":{},"end":{}}],"line":5},"1":{"loc":{"start":{"line":5,"column":6},"end":{"line":5,"column":32}},"type":"binary-expr","locations":[{"start":{"line":5,"column":6},"end":{"line":5,"column":16}},{"start":{"line":5,"column":20},"end":{"line":5,"column":32}}],"line":5}},"s":{"0":1,"1":6,"2":2,"3":4},"f":{"0":6},"b":{"0":[2,4],"1":[6,5]},"_coverageSchema":"1a1c01bbd47fc00a2c39e90264f33305004495a9","hash":"cfa9bd676e7ed6725770271bc6bf15afee63077a"}
,"C:\\Users\\Marcu\\personal\\university\\DD2480\\JavaScript\\String\\ValidateUrl.js": {"path":"C:\\Users\\Marcu\\personal\\university\\DD2480\\JavaScript\\String\\ValidateUrl.js","statementMap":{"0":{"start":{"line":7,"column":20},"end":{"line":11,"column":1}},"1":{"start":{"line":8,"column":22},"end":{"line":8,"column":99}},"2":{"start":{"line":10,"column":2},"end":{"line":10,"column":30}}},"fnMap":{"0":{"name":"(anonymous_0)","decl":{"start":{"line":7,"column":20},"end":{"line":7,"column":21}},"loc":{"start":{"line":7,"column":29},"end":{"line":11,"column":1}},"line":7}},"branchMap":{},"s":{"0":1,"1":5,"2":5},"f":{"0":5},"b":{},"_coverageSchema":"1a1c01bbd47fc00a2c39e90264f33305004495a9","hash":"64948583042fca6c6d1ecf076638b80351bc16d1"}
,"C:\\Users\\Marcu\\personal\\university\\DD2480\\JavaScript\\String\\ZFunction.js": {"path":"C:\\Users\\Marcu\\personal\\university\\DD2480\\JavaScript\\String\\ZFunction.js","statementMap":{"0":{"start":{"line":12,"column":17},"end":{"line":12,"column":28}},"1":{"start":{"line":13,"column":17},"end":{"line":13,"column":38}},"2":{"start":{"line":15,"column":13},"end":{"line":15,"column":14}},"3":{"start":{"line":16,"column":14},"end":{"line":16,"column":15}},"4":{"start":{"line":17,"column":2},"end":{"line":37,"column":3}},"5":{"start":{"line":17,"column":19},"end":{"line":17,"column":20}},"6":{"start":{"line":20,"column":4},"end":{"line":22,"column":5}},"7":{"start":{"line":21,"column":6},"end":{"line":21,"column":71}},"8":{"start":{"line":25,"column":4},"end":{"line":30,"column":5}},"9":{"start":{"line":29,"column":6},"end":{"line":29,"column":21}},"10":{"start":{"line":33,"column":4},"end":{"line":36,"column":5}},"11":{"start":{"line":34,"column":6},"end":{"line":34,"column":18}},"12":{"start":{"line":35,"column":6},"end":{"line":35,"column":39}},"13":{"start":{"line":38,"column":2},"end":{"line":38,"column":15}}},"fnMap":{"0":{"name":"zFunction","decl":{"start":{"line":11,"column":9},"end":{"line":11,"column":18}},"loc":{"start":{"line":11,"column":26},"end":{"line":39,"column":1}},"line":11}},"branchMap":{"0":{"loc":{"start":{"line":20,"column":4},"end":{"line":22,"column":5}},"type":"if","locations":[{"start":{"line":20,"column":4},"end":{"line":22,"column":5}},{"start":{},"end":{}}],"line":20},"1":{"loc":{"start":{"line":26,"column":6},"end":{"line":27,"column":57}},"type":"binary-expr","locations":[{"start":{"line":26,"column":6},"end":{"line":26,"column":36}},{"start":{"line":27,"column":6},"end":{"line":27,"column":57}}],"line":26},"2":{"loc":{"start":{"line":33,"column":4},"end":{"line":36,"column":5}},"type":"if","locations":[{"start":{"line":33,"column":4},"end":{"line":36,"column":5}},{"start":{},"end":{}}],"line":33}},"s":{"0":2,"1":2,"2":2,"3":2,"4":2,"5":2,"6":29,"7":29,"8":29,"9":59,"10":29,"11":2,"12":2,"13":2},"f":{"0":2},"b":{"0":[29,0],"1":[88,85],"2":[2,27]},"_coverageSchema":"1a1c01bbd47fc00a2c39e90264f33305004495a9","hash":"aff0f947e085e3c1e6b0ace62d001adafb712a86"}
,"C:\\Users\\Marcu\\personal\\university\\DD2480\\JavaScript\\Timing-Functions\\GetMonthDays.js": {"path":"C:\\Users\\Marcu\\personal\\university\\DD2480\\JavaScript\\Timing-Functions\\GetMonthDays.js","statementMap":{"0":{"start":{"line":9,"column":21},"end":{"line":31,"column":1}},"1":{"start":{"line":10,"column":26},"end":{"line":10,"column":49}},"2":{"start":{"line":11,"column":26},"end":{"line":11,"column":39}},"3":{"start":{"line":13,"column":2},"end":{"line":17,"column":3}},"4":{"start":{"line":16,"column":4},"end":{"line":16,"column":48}},"5":{"start":{"line":19,"column":2},"end":{"line":19,"column":58}},"6":{"start":{"line":19,"column":47},"end":{"line":19,"column":56}},"7":{"start":{"line":21,"column":2},"end":{"line":21,"column":58}},"8":{"start":{"line":21,"column":47},"end":{"line":21,"column":56}},"9":{"start":{"line":24,"column":2},"end":{"line":28,"column":3}},"10":{"start":{"line":25,"column":4},"end":{"line":27,"column":5}},"11":{"start":{"line":26,"column":6},"end":{"line":26,"column":15}},"12":{"start":{"line":30,"column":2},"end":{"line":30,"column":11}}},"fnMap":{"0":{"name":"(anonymous_0)","decl":{"start":{"line":9,"column":21},"end":{"line":9,"column":22}},"loc":{"start":{"line":9,"column":44},"end":{"line":31,"column":1}},"line":9}},"branchMap":{"0":{"loc":{"start":{"line":13,"column":2},"end":{"line":17,"column":3}},"type":"if","locations":[{"start":{"line":13,"column":2},"end":{"line":17,"column":3}},{"start":{},"end":{}}],"line":13},"1":{"loc":{"start":{"line":13,"column":6},"end":{"line":14,"column":23}},"type":"binary-expr","locations":[{"start":{"line":13,"column":6},"end":{"line":13,"column":44}},{"start":{"line":13,"column":48},"end":{"line":13,"column":86}},{"start":{"line":14,"column":5},"end":{"line":14,"column":22}}],"line":13},"2":{"loc":{"start":{"line":19,"column":2},"end":{"line":19,"column":58}},"type":"if","locations":[{"start":{"line":19,"column":2},"end":{"line":19,"column":58}},{"start":{},"end":{}}],"line":19},"3":{"loc":{"start":{"line":21,"column":2},"end":{"line":21,"column":58}},"type":"if","locations":[{"start":{"line":21,"column":2},"end":{"line":21,"column":58}},{"start":{},"end":{}}],"line":21},"4":{"loc":{"start":{"line":24,"column":2},"end":{"line":28,"column":3}},"type":"if","locations":[{"start":{"line":24,"column":2},"end":{"line":28,"column":3}},{"start":{},"end":{}}],"line":24},"5":{"loc":{"start":{"line":25,"column":4},"end":{"line":27,"column":5}},"type":"if","locations":[{"start":{"line":25,"column":4},"end":{"line":27,"column":5}},{"start":{},"end":{}}],"line":25},"6":{"loc":{"start":{"line":25,"column":8},"end":{"line":25,"column":68}},"type":"binary-expr","locations":[{"start":{"line":25,"column":9},"end":{"line":25,"column":25}},{"start":{"line":25,"column":31},"end":{"line":25,"column":47}},{"start":{"line":25,"column":51},"end":{"line":25,"column":67}}],"line":25}},"s":{"0":1,"1":4,"2":4,"3":4,"4":1,"5":3,"6":0,"7":3,"8":1,"9":2,"10":1,"11":1,"12":1},"f":{"0":4},"b":{"0":[1,3],"1":[4,4,3],"2":[0,3],"3":[1,2],"4":[1,1],"5":[1,0],"6":[1,0,0]},"_coverageSchema":"1a1c01bbd47fc00a2c39e90264f33305004495a9","hash":"54a1413d60d3a53d64c71cdcbd1ae09fa17a7eef"}
,"C:\\Users\\Marcu\\personal\\university\\DD2480\\JavaScript\\Trees\\BreadthFirstTreeTraversal.js": {"path":"C:\\Users\\Marcu\\personal\\university\\DD2480\\JavaScript\\Trees\\BreadthFirstTreeTraversal.js","statementMap":{"0":{"start":{"line":8,"column":4},"end":{"line":8,"column":20}},"1":{"start":{"line":9,"column":4},"end":{"line":9,"column":20}},"2":{"start":{"line":10,"column":4},"end":{"line":10,"column":21}},"3":{"start":{"line":16,"column":4},"end":{"line":16,"column":20}},"4":{"start":{"line":20,"column":22},"end":{"line":20,"column":24}},"5":{"start":{"line":21,"column":4},"end":{"line":23,"column":5}},"6":{"start":{"line":22,"column":6},"end":{"line":22,"column":31}},"7":{"start":{"line":24,"column":4},"end":{"line":33,"column":5}},"8":{"start":{"line":24,"column":17},"end":{"line":24,"column":18}},"9":{"start":{"line":25,"column":26},"end":{"line":25,"column":38}},"10":{"start":{"line":26,"column":6},"end":{"line":28,"column":7}},"11":{"start":{"line":27,"column":8},"end":{"line":27,"column":40}},"12":{"start":{"line":29,"column":6},"end":{"line":31,"column":7}},"13":{"start":{"line":30,"column":8},"end":{"line":30,"column":41}},"14":{"start":{"line":32,"column":6},"end":{"line":32,"column":37}},"15":{"start":{"line":34,"column":4},"end":{"line":34,"column":20}},"16":{"start":{"line":38,"column":22},"end":{"line":38,"column":24}},"17":{"start":{"line":39,"column":14},"end":{"line":39,"column":39}},"18":{"start":{"line":40,"column":4},"end":{"line":42,"column":5}},"19":{"start":{"line":40,"column":17},"end":{"line":40,"column":18}},"20":{"start":{"line":41,"column":6},"end":{"line":41,"column":49}},"21":{"start":{"line":43,"column":4},"end":{"line":43,"column":20}},"22":{"start":{"line":48,"column":4},"end":{"line":50,"column":5}},"23":{"start":{"line":49,"column":6},"end":{"line":49,"column":14}},"24":{"start":{"line":51,"column":20},"end":{"line":51,"column":45}},"25":{"start":{"line":52,"column":20},"end":{"line":52,"column":46}},"26":{"start":{"line":53,"column":4},"end":{"line":53,"column":56}},"27":{"start":{"line":57,"column":4},"end":{"line":59,"column":5}},"28":{"start":{"line":58,"column":6},"end":{"line":58,"column":12}},"29":{"start":{"line":60,"column":4},"end":{"line":65,"column":5}},"30":{"start":{"line":61,"column":6},"end":{"line":61,"column":31}},"31":{"start":{"line":63,"column":6},"end":{"line":63,"column":66}},"32":{"start":{"line":64,"column":6},"end":{"line":64,"column":67}}},"fnMap":{"0":{"name":"(anonymous_0)","decl":{"start":{"line":7,"column":2},"end":{"line":7,"column":3}},"loc":{"start":{"line":7,"column":21},"end":{"line":11,"column":3}},"line":7},"1":{"name":"(anonymous_1)","decl":{"start":{"line":15,"column":2},"end":{"line":15,"column":3}},"loc":{"start":{"line":15,"column":17},"end":{"line":17,"column":3}},"line":15},"2":{"name":"(anonymous_2)","decl":{"start":{"line":19,"column":2},"end":{"line":19,"column":3}},"loc":{"start":{"line":19,"column":27},"end":{"line":35,"column":3}},"line":19},"3":{"name":"(anonymous_3)","decl":{"start":{"line":37,"column":2},"end":{"line":37,"column":3}},"loc":{"start":{"line":37,"column":27},"end":{"line":44,"column":3}},"line":37},"4":{"name":"(anonymous_4)","decl":{"start":{"line":47,"column":2},"end":{"line":47,"column":3}},"loc":{"start":{"line":47,"column":19},"end":{"line":54,"column":3}},"line":47},"5":{"name":"(anonymous_5)","decl":{"start":{"line":56,"column":2},"end":{"line":56,"column":3}},"loc":{"start":{"line":56,"column":50},"end":{"line":66,"column":3}},"line":56}},"branchMap":{"0":{"loc":{"start":{"line":21,"column":4},"end":{"line":23,"column":5}},"type":"if","locations":[{"start":{"line":21,"column":4},"end":{"line":23,"column":5}},{"start":{},"end":{}}],"line":21},"1":{"loc":{"start":{"line":26,"column":6},"end":{"line":28,"column":7}},"type":"if","locations":[{"start":{"line":26,"column":6},"end":{"line":28,"column":7}},{"start":{},"end":{}}],"line":26},"2":{"loc":{"start":{"line":29,"column":6},"end":{"line":31,"column":7}},"type":"if","locations":[{"start":{"line":29,"column":6},"end":{"line":31,"column":7}},{"start":{},"end":{}}],"line":29},"3":{"loc":{"start":{"line":48,"column":4},"end":{"line":50,"column":5}},"type":"if","locations":[{"start":{"line":48,"column":4},"end":{"line":50,"column":5}},{"start":{},"end":{}}],"line":48},"4":{"loc":{"start":{"line":53,"column":11},"end":{"line":53,"column":56}},"type":"cond-expr","locations":[{"start":{"line":53,"column":31},"end":{"line":53,"column":42}},{"start":{"line":53,"column":45},"end":{"line":53,"column":56}}],"line":53},"5":{"loc":{"start":{"line":57,"column":4},"end":{"line":59,"column":5}},"type":"if","locations":[{"start":{"line":57,"column":4},"end":{"line":59,"column":5}},{"start":{},"end":{}}],"line":57},"6":{"loc":{"start":{"line":60,"column":4},"end":{"line":65,"column":5}},"type":"if","locations":[{"start":{"line":60,"column":4},"end":{"line":65,"column":5}},{"start":{"line":62,"column":11},"end":{"line":65,"column":5}}],"line":60}},"s":{"0":6,"1":6,"2":6,"3":2,"4":2,"5":2,"6":1,"7":2,"8":2,"9":6,"10":6,"11":2,"12":6,"13":3,"14":6,"15":2,"16":1,"17":1,"18":1,"19":1,"20":4,"21":1,"22":13,"23":7,"24":6,"25":6,"26":6,"27":22,"28":7,"29":15,"30":6,"31":9,"32":9},"f":{"0":6,"1":2,"2":2,"3":1,"4":13,"5":22},"b":{"0":[1,1],"1":[2,4],"2":[3,3],"3":[7,6],"4":[1,5],"5":[7,15],"6":[6,9]},"_coverageSchema":"1a1c01bbd47fc00a2c39e90264f33305004495a9","hash":"669fb9fc89f0adbf4b9e52d869ae7c9dc6f1d522"}
,"C:\\Users\\Marcu\\personal\\university\\DD2480\\JavaScript\\Trees\\FenwickTree.js": {"path":"C:\\Users\\Marcu\\personal\\university\\DD2480\\JavaScript\\Trees\\FenwickTree.js","statementMap":{"0":{"start":{"line":9,"column":4},"end":{"line":11,"column":5}},"1":{"start":{"line":9,"column":17},"end":{"line":9,"column":18}},"2":{"start":{"line":10,"column":6},"end":{"line":10,"column":25}},"3":{"start":{"line":12,"column":4},"end":{"line":14,"column":5}},"4":{"start":{"line":12,"column":17},"end":{"line":12,"column":18}},"5":{"start":{"line":13,"column":6},"end":{"line":13,"column":47}},"6":{"start":{"line":18,"column":4},"end":{"line":18,"column":21}},"7":{"start":{"line":19,"column":4},"end":{"line":22,"column":5}},"8":{"start":{"line":20,"column":6},"end":{"line":20,"column":34}},"9":{"start":{"line":21,"column":6},"end":{"line":21,"column":31}},"10":{"start":{"line":26,"column":18},"end":{"line":26,"column":19}},"11":{"start":{"line":27,"column":4},"end":{"line":27,"column":21}},"12":{"start":{"line":28,"column":4},"end":{"line":31,"column":5}},"13":{"start":{"line":29,"column":6},"end":{"line":29,"column":36}},"14":{"start":{"line":30,"column":6},"end":{"line":30,"column":31}},"15":{"start":{"line":33,"column":4},"end":{"line":33,"column":18}}},"fnMap":{"0":{"name":"(anonymous_0)","decl":{"start":{"line":8,"column":2},"end":{"line":8,"column":3}},"loc":{"start":{"line":8,"column":39},"end":{"line":15,"column":3}},"line":8},"1":{"name":"(anonymous_1)","decl":{"start":{"line":17,"column":2},"end":{"line":17,"column":3}},"loc":{"start":{"line":17,"column":41},"end":{"line":23,"column":3}},"line":17},"2":{"name":"(anonymous_2)","decl":{"start":{"line":25,"column":2},"end":{"line":25,"column":3}},"loc":{"start":{"line":25,"column":37},"end":{"line":34,"column":3}},"line":25}},"branchMap":{},"s":{"0":1,"1":1,"2":7,"3":1,"4":1,"5":7,"6":8,"7":8,"8":14,"9":14,"10":2,"11":2,"12":2,"13":6,"14":6,"15":2},"f":{"0":1,"1":8,"2":2},"b":{},"_coverageSchema":"1a1c01bbd47fc00a2c39e90264f33305004495a9","hash":"e3adb73c6b7d86dd1416cdcb0343a2131d3cdd19"}
}
