TN:
SF:Backtracking\AllCombinationsOfSizeK.js
FN:25,(anonymous_0)
FN:32,(anonymous_1)
FNF:2
FNH:2
FNDA:2,(anonymous_0)
FNDA:18,(anonymous_1)
DA:26,2
DA:27,2
DA:28,2
DA:29,2
DA:33,18
DA:34,9
DA:35,9
DA:37,9
DA:38,16
DA:39,16
DA:40,16
DA:42,9
LF:12
LH:12
BRDA:32,0,0,2
BRDA:32,1,0,2
BRDA:32,2,0,2
BRDA:33,3,0,9
BRDA:33,3,1,9
BRF:5
BRH:5
end_of_record
TN:
SF:Backtracking\GeneratePermutations.js
FN:12,(anonymous_0)
FN:20,(anonymous_1)
FN:22,(anonymous_2)
FNF:3
FNH:3
FNDA:692820,(anonymous_0)
FNDA:5,(anonymous_1)
FNDA:692825,(anonymous_2)
DA:12,1
DA:13,692820
DA:15,692820
DA:17,692820
DA:20,1
DA:21,5
DA:22,5
DA:23,692825
DA:24,403209
DA:25,403209
DA:27,289616
DA:28,692820
DA:29,692820
DA:31,289616
DA:33,5
LF:15
LH:15
BRDA:23,0,0,403209
BRDA:23,0,1,289616
BRF:2
BRH:2
end_of_record
TN:
SF:Backtracking\KnightTour.js
FN:4,(anonymous_0)
FN:5,(anonymous_1)
FN:9,(anonymous_2)
FN:22,(anonymous_3)
FN:25,(anonymous_4)
FN:27,(anonymous_5)
FN:30,(anonymous_6)
FN:40,(anonymous_7)
FN:55,(anonymous_8)
FN:55,(anonymous_9)
FNF:10
FNH:8
FNDA:1,(anonymous_0)
FNDA:5,(anonymous_1)
FNDA:2088017,(anonymous_2)
FNDA:16704136,(anonymous_3)
FNDA:2088018,(anonymous_4)
FNDA:10440090,(anonymous_5)
FNDA:1,(anonymous_6)
FNDA:2088018,(anonymous_7)
FNDA:0,(anonymous_8)
FNDA:0,(anonymous_9)
DA:5,5
DA:6,1
DA:11,2088017
DA:22,16704136
DA:27,10440090
DA:32,1
DA:33,1
DA:34,2
DA:37,0
DA:42,2088018
DA:44,2088017
DA:45,7344942
DA:46,2088016
DA:47,2088016
DA:49,2087991
DA:52,2087992
DA:55,0
DA:57,0
DA:58,0
DA:59,0
DA:60,0
DA:62,0
LF:22
LH:15
BRDA:22,0,0,16704136
BRDA:22,0,1,14090356
BRDA:22,0,2,11262882
BRDA:22,0,3,9375231
BRDA:34,1,0,1
BRDA:34,1,1,1
BRDA:42,2,0,1
BRDA:42,2,1,2088017
BRDA:45,3,0,2088016
BRDA:45,3,1,5256926
BRDA:47,4,0,25
BRDA:47,4,1,2087991
BRDA:55,5,0,0
BRF:13
BRH:12
end_of_record
TN:
SF:Backtracking\NQueens.js
FN:2,(anonymous_0)
FN:6,(anonymous_1)
FN:11,(anonymous_2)
FN:32,(anonymous_3)
FN:36,(anonymous_4)
FN:40,(anonymous_5)
FN:57,(anonymous_6)
FN:57,(anonymous_7)
FNF:8
FNH:6
FNDA:3,(anonymous_0)
FNDA:12,(anonymous_1)
FNDA:15780,(anonymous_2)
FNDA:2072,(anonymous_3)
FNDA:2072,(anonymous_4)
FNDA:2074,(anonymous_5)
FNDA:0,(anonymous_6)
FNDA:0,(anonymous_7)
DA:3,3
DA:4,1
DA:6,12
DA:7,2
DA:8,2
DA:15,15780
DA:16,58782
DA:20,5540
DA:21,18812
DA:25,3443
DA:26,12848
DA:29,2072
DA:33,2072
DA:37,2072
DA:41,2074
DA:42,94
DA:43,94
DA:46,1980
DA:47,15780
DA:48,2072
DA:49,2072
DA:50,2072
DA:54,1980
DA:57,0
DA:58,0
DA:59,0
DA:61,0
DA:62,0
LF:28
LH:23
BRDA:3,0,0,1
BRDA:3,0,1,2
BRDA:16,1,0,10240
BRDA:16,1,1,48542
BRDA:20,2,0,22255
BRDA:20,2,1,19598
BRDA:21,3,0,2097
BRDA:21,3,1,16715
BRDA:25,4,0,14920
BRDA:25,4,1,14013
BRDA:26,5,0,1371
BRDA:26,5,1,11477
BRDA:40,6,0,2
BRDA:41,7,0,94
BRDA:41,7,1,1980
BRDA:47,8,0,2072
BRDA:47,8,1,13708
BRDA:57,9,0,0
BRDA:58,10,0,0
BRDA:58,10,1,0
BRF:20
BRH:17
end_of_record
TN:
SF:Backtracking\RatInAMaze.js
FN:24,validateGrid
FN:27,(anonymous_1)
FN:30,(anonymous_2)
FN:31,(anonymous_3)
FN:36,isSafe
FN:51,getPathPart
FN:92,getPath
FN:111,(anonymous_7)
FNF:8
FNH:8
FNDA:15,validateGrid
FNDA:24,(anonymous_1)
FNDA:23,(anonymous_2)
FNDA:115,(anonymous_3)
FNDA:121,isSafe
FNDA:124,getPathPart
FNDA:6,getPath
FNDA:15,(anonymous_7)
DA:25,15
DA:27,24
DA:28,9
DA:30,8
DA:31,115
DA:33,8
DA:37,121
DA:38,121
DA:52,124
DA:55,124
DA:56,3
DA:57,3
DA:61,121
DA:64,65
DA:69,44
DA:72,44
DA:73,44
DA:76,32
DA:77,32
DA:80,22
DA:81,22
DA:84,20
DA:85,20
DA:88,16
DA:89,16
DA:94,6
DA:97,6
DA:98,6
DA:99,21
DA:100,21
DA:101,21
DA:104,6
DA:113,15
DA:116,6
DA:118,6
DA:119,3
DA:120,3
DA:122,3
DA:123,3
LF:39
LH:39
BRDA:25,0,0,6
BRDA:25,0,1,9
BRDA:25,1,0,15
BRDA:25,1,1,10
BRDA:28,2,0,1
BRDA:28,2,1,8
BRDA:31,3,0,115
BRDA:31,3,1,65
BRDA:33,4,0,2
BRDA:33,4,1,6
BRDA:38,5,0,121
BRDA:38,5,1,119
BRDA:38,5,2,114
BRDA:38,5,3,107
BRDA:38,5,4,107
BRDA:55,6,0,3
BRDA:55,6,1,121
BRDA:55,7,0,124
BRDA:55,7,1,18
BRDA:55,7,2,4
BRDA:61,8,0,56
BRDA:61,8,1,65
BRDA:64,9,0,21
BRDA:64,9,1,44
BRDA:73,10,0,12
BRDA:73,10,1,32
BRDA:77,11,0,10
BRDA:77,11,1,22
BRDA:81,12,0,2
BRDA:81,12,1,20
BRDA:85,13,0,4
BRDA:85,13,1,16
BRDA:118,14,0,3
BRDA:118,14,1,3
BRF:34
BRH:34
end_of_record
TN:
SF:Backtracking\Sudoku.js
FN:3,(anonymous_0)
FN:7,(anonymous_1)
FN:17,(anonymous_2)
FN:41,(anonymous_3)
FN:59,(anonymous_4)
FN:63,(anonymous_5)
FN:63,(anonymous_6)
FNF:7
FNH:5
FNDA:3,(anonymous_0)
FNDA:772,(anonymous_1)
FNDA:6732,(anonymous_2)
FNDA:770,(anonymous_3)
FNDA:9,(anonymous_4)
FNDA:0,(anonymous_5)
FNDA:0,(anonymous_6)
DA:4,3
DA:9,772
DA:10,3190
DA:11,26322
DA:14,2
DA:21,6732
DA:22,41992
DA:25,2767
DA:26,16037
DA:30,1078
DA:31,1078
DA:32,1078
DA:33,2885
DA:34,8379
DA:38,769
DA:42,770
DA:45,770
DA:47,769
DA:48,6732
DA:49,769
DA:50,769
DA:52,720
DA:56,720
DA:60,9
DA:63,0
DA:65,0
DA:66,0
DA:67,0
DA:69,0
LF:29
LH:24
BRDA:11,0,0,770
BRDA:11,0,1,25552
BRDA:22,1,0,3965
BRDA:22,1,1,38027
BRDA:26,2,0,1689
BRDA:26,2,1,14348
BRDA:34,3,0,309
BRDA:34,3,1,8070
BRDA:34,4,0,8379
BRDA:34,4,1,5718
BRDA:34,4,2,3841
BRDA:45,5,0,1
BRDA:45,5,1,769
BRDA:45,6,0,770
BRDA:45,6,1,1
BRDA:48,7,0,769
BRDA:48,7,1,5963
BRDA:50,8,0,49
BRDA:50,8,1,720
BRDA:63,9,0,0
BRDA:66,10,0,0
BRDA:66,10,1,0
BRDA:66,11,0,0
BRDA:66,11,1,0
BRF:24
BRH:19
end_of_record
TN:
SF:Backtracking\SumOfSubset.js
FN:20,(anonymous_0)
FN:36,(anonymous_1)
FNF:2
FNH:2
FNDA:120,(anonymous_0)
FNDA:119,(anonymous_1)
DA:20,1
DA:24,120
DA:28,117
DA:31,32
DA:36,32
DA:38,119
DA:42,119
DA:45,119
DA:48,119
DA:57,119
DA:61,32
LF:11
LH:11
BRDA:24,0,0,3
BRDA:24,0,1,117
BRDA:28,1,0,85
BRDA:28,1,1,32
BRF:4
BRH:4
end_of_record
TN:
SF:Backtracking\generateParentheses.js
FN:8,(anonymous_0)
FN:11,(anonymous_1)
FNF:2
FNH:2
FNDA:1,(anonymous_0)
FNDA:54,(anonymous_1)
DA:8,1
DA:9,1
DA:11,1
DA:12,54
DA:13,5
DA:14,5
DA:17,49
DA:18,17
DA:21,49
DA:22,36
DA:26,1
DA:28,1
LF:12
LH:12
BRDA:12,0,0,5
BRDA:12,0,1,49
BRDA:12,1,0,54
BRDA:12,1,1,14
BRDA:17,2,0,17
BRDA:17,2,1,32
BRDA:21,3,0,36
BRDA:21,3,1,13
BRF:8
BRH:8
end_of_record
TN:
SF:Bit-Manipulation\BinaryCountSetBits.js
FN:10,BinaryCountSetBits
FNF:1
FNH:1
FNDA:8,BinaryCountSetBits
DA:15,8
DA:18,6
LF:2
LH:2
BRDA:15,0,0,2
BRDA:15,0,1,6
BRF:2
BRH:2
end_of_record
TN:
SF:Bit-Manipulation\IsPowerOfTwo.js
FN:25,(anonymous_0)
FNF:1
FNH:1
FNDA:5,(anonymous_0)
DA:25,1
DA:26,5
DA:27,3
DA:29,2
LF:4
LH:4
BRDA:26,0,0,3
BRDA:26,0,1,2
BRDA:26,1,0,5
BRDA:26,1,1,4
BRF:4
BRH:4
end_of_record
TN:
SF:Bit-Manipulation\LogTwo.js
FN:7,(anonymous_0)
FNF:1
FNH:1
FNDA:99,(anonymous_0)
DA:7,1
DA:8,99
DA:9,99
DA:10,474
DA:11,474
DA:13,99
LF:6
LH:6
BRF:0
BRH:0
end_of_record
TN:
SF:Bit-Manipulation\NextPowerOfTwo.js
FN:10,(anonymous_0)
FNF:1
FNH:1
FNDA:8,(anonymous_0)
DA:10,1
DA:11,8
DA:12,5
DA:13,5
DA:14,26
DA:15,26
DA:17,5
LF:7
LH:7
BRDA:11,0,0,3
BRDA:11,0,1,5
BRDA:11,1,0,8
BRDA:11,1,1,7
BRF:4
BRH:4
end_of_record
TN:
SF:Bit-Manipulation\SetBit.js
FN:29,(anonymous_0)
FNF:1
FNH:1
FNDA:4,(anonymous_0)
DA:29,1
DA:30,4
LF:2
LH:2
BRF:0
BRH:0
end_of_record
TN:
SF:Cache\LFUCache.js
FN:2,(anonymous_0)
FN:13,(anonymous_1)
FN:14,(anonymous_2)
FN:21,(anonymous_3)
FN:36,(anonymous_4)
FN:55,(anonymous_5)
FN:69,(anonymous_6)
FN:77,(anonymous_7)
FN:84,(anonymous_8)
FN:98,(anonymous_9)
FN:108,(anonymous_10)
FN:134,(anonymous_11)
FN:146,(anonymous_12)
FN:170,(anonymous_13)
FN:205,(anonymous_14)
FN:224,(anonymous_15)
FN:237,(anonymous_16)
FN:238,(anonymous_17)
FNF:18
FNH:16
FNDA:104,(anonymous_0)
FNDA:0,(anonymous_1)
FNDA:0,(anonymous_2)
FNDA:203,(anonymous_3)
FNDA:307,(anonymous_4)
FNDA:3,(anonymous_5)
FNDA:4,(anonymous_6)
FNDA:4,(anonymous_7)
FNDA:2,(anonymous_8)
FNDA:3,(anonymous_9)
FNDA:7,(anonymous_10)
FNDA:4,(anonymous_11)
FNDA:307,(anonymous_12)
FNDA:106,(anonymous_13)
FNDA:1,(anonymous_14)
FNDA:1,(anonymous_15)
FNDA:1,(anonymous_16)
FNDA:12,(anonymous_17)
DA:3,104
DA:4,104
DA:5,104
DA:7,104
DA:13,0
DA:14,0
DA:22,203
DA:23,203
DA:24,203
DA:26,203
DA:28,203
DA:37,307
DA:39,307
DA:40,10
DA:43,307
DA:56,3
DA:57,3
DA:58,3
DA:59,3
DA:60,3
DA:62,3
DA:70,4
DA:78,4
DA:85,2
DA:86,1
DA:88,1
DA:89,1
DA:92,1
DA:95,2
DA:99,3
DA:109,7
DA:110,7
DA:113,7
DA:114,10
DA:117,7
DA:121,3
DA:123,3
DA:125,3
DA:126,3
DA:135,4
DA:137,4
DA:147,307
DA:149,307
DA:150,201
DA:151,201
DA:153,201
DA:155,201
DA:158,106
DA:159,106
DA:171,106
DA:173,106
DA:174,0
DA:177,106
DA:178,2
DA:179,2
DA:181,2
DA:183,2
DA:187,104
DA:188,2
DA:191,104
DA:193,104
DA:194,104
DA:196,104
DA:206,1
DA:208,1
DA:209,1
DA:211,1
DA:212,2
DA:213,2
DA:216,1
DA:225,1
DA:226,1
DA:228,1
DA:238,1
DA:239,12
DA:240,0
DA:243,12
DA:244,1
DA:247,11
DA:250,1
LF:80
LH:76
BRDA:39,0,0,10
BRDA:39,0,1,297
BRDA:85,1,0,1
BRDA:85,1,1,1
BRDA:92,2,0,1
BRDA:92,2,1,0
BRDA:110,3,0,7
BRDA:110,3,1,0
BRDA:149,4,0,201
BRDA:149,4,1,106
BRDA:170,5,0,104
BRDA:173,6,0,0
BRDA:173,6,1,106
BRDA:177,7,0,2
BRDA:177,7,1,104
BRDA:187,8,0,2
BRDA:187,8,1,102
BRDA:208,9,0,1
BRDA:208,9,1,0
BRDA:209,10,0,1
BRDA:209,10,1,0
BRDA:239,11,0,0
BRDA:239,11,1,12
BRDA:243,12,0,1
BRDA:243,12,1,11
BRF:25
BRH:19
end_of_record
TN:
SF:Cache\LRUCache.js
FN:9,(anonymous_0)
FN:22,(anonymous_1)
FN:31,(anonymous_2)
FN:35,(anonymous_3)
FN:39,(anonymous_4)
FN:66,(anonymous_5)
FN:76,(anonymous_6)
FN:90,(anonymous_7)
FN:112,(anonymous_8)
FN:129,(anonymous_9)
FN:130,(anonymous_10)
FNF:11
FNH:10
FNDA:6,(anonymous_0)
FNDA:3,(anonymous_1)
FNDA:107,(anonymous_2)
FNDA:112,(anonymous_3)
FNDA:2,(anonymous_4)
FNDA:0,(anonymous_5)
FNDA:104,(anonymous_6)
FNDA:305,(anonymous_7)
FNDA:1,(anonymous_8)
FNDA:1,(anonymous_9)
FNDA:6,(anonymous_10)
DA:10,6
DA:11,4
DA:14,2
DA:15,2
DA:16,2
DA:17,2
DA:19,2
DA:23,3
DA:32,107
DA:36,112
DA:40,2
DA:41,0
DA:44,2
DA:45,1
DA:47,1
DA:48,1
DA:52,2
DA:59,5
DA:67,0
DA:69,0
DA:77,104
DA:79,104
DA:80,4
DA:83,104
DA:91,305
DA:93,305
DA:94,199
DA:97,199
DA:98,199
DA:100,199
DA:101,199
DA:104,106
DA:105,106
DA:113,1
DA:115,1
DA:116,1
DA:118,1
DA:119,2
DA:122,1
DA:130,1
DA:131,6
DA:132,0
DA:135,6
DA:136,1
DA:139,5
DA:142,1
LF:46
LH:42
BRDA:10,0,0,4
BRDA:10,0,1,2
BRDA:10,1,0,6
BRDA:10,1,1,3
BRDA:40,2,0,0
BRDA:40,2,1,2
BRDA:44,3,0,1
BRDA:44,3,1,1
BRDA:79,4,0,4
BRDA:79,4,1,100
BRDA:93,5,0,199
BRDA:93,5,1,106
BRDA:115,6,0,1
BRDA:115,6,1,0
BRDA:116,7,0,1
BRDA:116,7,1,0
BRDA:131,8,0,0
BRDA:131,8,1,6
BRDA:135,9,0,1
BRDA:135,9,1,5
BRF:20
BRH:16
end_of_record
TN:
SF:Cache\Memoize.js
FN:16,(anonymous_0)
FN:17,(anonymous_1)
FN:29,(anonymous_2)
FNF:3
FNH:3
FNDA:6,(anonymous_0)
FNDA:74,(anonymous_1)
FNDA:18,(anonymous_2)
DA:16,1
DA:17,6
DA:18,74
DA:19,6
DA:22,68
DA:23,0
DA:26,68
DA:29,6
DA:36,18
DA:42,18
DA:43,9
DA:51,9
DA:52,9
DA:54,9
LF:14
LH:13
BRDA:16,0,0,5
BRDA:18,1,0,6
BRDA:18,1,1,68
BRDA:22,2,0,0
BRDA:22,2,1,68
BRDA:42,3,0,9
BRDA:42,3,1,9
BRF:7
BRH:6
end_of_record
TN:
SF:Cache\test\cacheTest.js
FN:8,(anonymous_0)
FN:33,(anonymous_1)
FN:35,(anonymous_2)
FNF:3
FNH:3
FNDA:592,(anonymous_0)
FNDA:2,(anonymous_1)
FNDA:6,(anonymous_2)
DA:8,3
DA:9,592
DA:10,592
DA:12,592
DA:13,386
DA:17,206
DA:18,10
DA:21,196
DA:23,196
DA:25,196
DA:33,3
DA:34,2
DA:35,6
LF:13
LH:13
BRDA:8,0,0,0
BRDA:9,1,0,592
BRDA:9,1,1,0
BRDA:12,2,0,386
BRDA:12,2,1,206
BRDA:17,3,0,10
BRDA:17,3,1,196
BRDA:17,4,0,206
BRDA:17,4,1,202
BRDA:23,5,0,196
BRDA:23,5,1,196
BRF:11
BRH:9
end_of_record
TN:
SF:Cellular-Automata\ConwaysGameOfLife.js
FN:14,newGeneration
FNF:1
FNH:1
FNDA:1,newGeneration
DA:15,1
DA:16,1
DA:17,3
DA:18,3
DA:20,9
DA:21,9
DA:22,9
DA:23,9
DA:24,9
DA:25,9
DA:26,9
DA:27,9
DA:28,9
DA:31,9
DA:32,9
DA:33,3
DA:35,6
DA:38,3
DA:40,1
LF:19
LH:19
BRDA:21,0,0,4
BRDA:21,0,1,5
BRDA:21,1,0,9
BRDA:21,1,1,6
BRDA:22,2,0,6
BRDA:22,2,1,3
BRDA:23,3,0,4
BRDA:23,3,1,5
BRDA:23,4,0,9
BRDA:23,4,1,6
BRDA:24,5,0,6
BRDA:24,5,1,3
BRDA:25,6,0,6
BRDA:25,6,1,3
BRDA:26,7,0,4
BRDA:26,7,1,5
BRDA:26,8,0,9
BRDA:26,8,1,6
BRDA:27,9,0,6
BRDA:27,9,1,3
BRDA:28,10,0,4
BRDA:28,10,1,5
BRDA:28,11,0,9
BRDA:28,11,1,6
BRDA:32,12,0,3
BRDA:32,12,1,6
BRDA:32,13,0,9
BRDA:32,13,1,3
BRDA:32,13,2,1
BRDA:32,13,3,8
BRDA:32,13,4,6
BRF:31
BRH:31
end_of_record
TN:
SF:Ciphers\AffineCipher.js
FN:16,mod
FN:26,inverseMod
FN:39,isCorrectFormat
FN:60,findCharIndex
FN:72,encrypt
FN:91,decrypt
FNF:6
FNH:6
FNDA:704,mod
FNDA:40,inverseMod
FNDA:18,isCorrectFormat
FNDA:87,findCharIndex
FNDA:11,encrypt
FNDA:7,decrypt
DA:8,1
DA:17,704
DA:27,40
DA:28,624
DA:40,18
DA:41,8
DA:44,10
DA:45,0
DA:48,10
DA:49,4
DA:52,6
DA:61,87
DA:73,11
DA:74,11
DA:75,3
DA:76,47
DA:77,47
DA:78,40
DA:81,3
DA:92,7
DA:93,7
DA:94,3
DA:95,3
DA:96,47
DA:98,40
DA:99,40
DA:102,3
LF:27
LH:26
BRDA:28,0,0,40
BRDA:28,0,1,584
BRDA:40,1,0,8
BRDA:40,1,1,10
BRDA:40,2,0,18
BRDA:40,2,1,12
BRDA:44,3,0,0
BRDA:44,3,1,10
BRDA:48,4,0,4
BRDA:48,4,1,6
BRDA:74,5,0,3
BRDA:74,5,1,0
BRDA:77,6,0,7
BRDA:77,6,1,40
BRDA:93,7,0,3
BRDA:93,7,1,0
BRDA:96,8,0,7
BRDA:96,8,1,40
BRF:18
BRH:15
end_of_record
TN:
SF:Ciphers\Atbash.js
FN:8,(anonymous_0)
FN:13,(anonymous_1)
FNF:2
FNH:2
FNDA:8,(anonymous_0)
FNDA:70,(anonymous_1)
DA:8,1
DA:9,8
DA:10,6
DA:13,2
DA:14,70
DA:16,70
DA:17,2
DA:20,68
LF:8
LH:8
BRDA:9,0,0,6
BRDA:9,0,1,2
BRDA:16,1,0,2
BRDA:16,1,1,68
BRF:4
BRH:4
end_of_record
TN:
SF:Ciphers\CaesarCipher.js
FN:9,(anonymous_0)
FN:16,(anonymous_1)
FN:19,(anonymous_2)
FN:23,(anonymous_3)
FNF:4
FNH:4
FNDA:7,(anonymous_0)
FNDA:104,(anonymous_1)
FNDA:104,(anonymous_2)
FNDA:102,(anonymous_3)
DA:9,1
DA:10,7
DA:11,3
DA:14,4
DA:16,104
DA:18,4
DA:19,104
DA:23,4
DA:24,102
DA:25,41
DA:28,61
LF:11
LH:11
BRDA:10,0,0,3
BRDA:10,0,1,4
BRDA:10,1,0,7
BRDA:10,1,1,6
BRDA:10,1,2,5
BRDA:24,2,0,41
BRDA:24,2,1,61
BRF:7
BRH:7
end_of_record
TN:
SF:Ciphers\KeywordShiftedAlphabet.js
FN:21,checkKeywordValidity
FN:22,(anonymous_1)
FN:31,getEncryptedAlphabet
FN:33,(anonymous_3)
FN:41,translate
FN:42,(anonymous_5)
FN:51,checkInputs
FN:61,encrypt
FN:66,decrypt
FNF:9
FNH:9
FNDA:4,checkKeywordValidity
FNDA:28,(anonymous_1)
FNDA:4,getEncryptedAlphabet
FNDA:104,(anonymous_3)
FNDA:4,translate
FNDA:52,(anonymous_5)
FNDA:4,checkInputs
FNDA:2,encrypt
FNDA:2,decrypt
DA:19,1
DA:22,4
DA:23,28
DA:24,28
DA:25,0
DA:28,4
DA:32,4
DA:33,4
DA:34,104
DA:35,76
DA:38,4
DA:42,4
DA:43,52
DA:44,52
DA:45,52
DA:46,52
DA:47,52
DA:52,4
DA:53,0
DA:56,4
DA:57,0
DA:62,2
DA:63,2
DA:67,2
DA:68,2
LF:25
LH:22
BRDA:24,0,0,0
BRDA:24,0,1,28
BRDA:34,1,0,76
BRDA:34,1,1,28
BRDA:45,2,0,46
BRDA:45,2,1,6
BRDA:46,3,0,12
BRDA:46,3,1,40
BRDA:52,4,0,0
BRDA:52,4,1,4
BRDA:52,5,0,4
BRDA:52,5,1,4
BRDA:56,6,0,0
BRDA:56,6,1,4
BRF:14
BRH:11
end_of_record
TN:
SF:Ciphers\ROT13.js
FN:8,ROT13
FN:13,(anonymous_1)
FNF:2
FNH:2
FNDA:9,ROT13
FNDA:97,(anonymous_1)
DA:9,9
DA:10,6
DA:13,3
DA:14,97
DA:16,97
DA:17,51
DA:20,46
LF:7
LH:7
BRDA:9,0,0,6
BRDA:9,0,1,3
BRDA:16,1,0,51
BRDA:16,1,1,46
BRF:4
BRH:4
end_of_record
TN:
SF:Ciphers\VigenereCipher.js
FN:6,isLetter
FN:15,isUpperCase
FN:30,encrypt
FN:55,decrypt
FNF:4
FNH:4
FNDA:52,isLetter
FNDA:46,isUpperCase
FNDA:2,encrypt
FNDA:2,decrypt
DA:7,52
DA:16,46
DA:17,6
DA:19,40
DA:20,40
DA:31,2
DA:33,2
DA:34,26
DA:35,26
DA:36,23
DA:37,3
DA:39,20
DA:42,3
DA:44,26
DA:46,2
DA:56,2
DA:58,2
DA:59,26
DA:60,26
DA:61,23
DA:62,3
DA:64,20
DA:67,3
DA:69,26
DA:71,2
LF:25
LH:25
BRDA:7,0,0,52
BRDA:7,0,1,52
BRDA:16,1,0,6
BRDA:16,1,1,40
BRDA:19,2,0,40
BRDA:19,2,1,0
BRDA:35,3,0,23
BRDA:35,3,1,3
BRDA:36,4,0,3
BRDA:36,4,1,20
BRDA:60,5,0,23
BRDA:60,5,1,3
BRDA:61,6,0,3
BRDA:61,6,1,20
BRF:14
BRH:13
end_of_record
TN:
SF:Ciphers\XORCipher.js
FN:12,(anonymous_0)
FN:18,(anonymous_1)
FNF:2
FNH:2
FNDA:8,(anonymous_0)
FNDA:22,(anonymous_1)
DA:12,1
DA:13,8
DA:14,6
DA:17,2
DA:18,22
LF:5
LH:5
BRDA:13,0,0,6
BRDA:13,0,1,2
BRDA:13,1,0,8
BRDA:13,1,1,2
BRF:4
BRH:4
end_of_record
TN:
SF:Conversions\ArbitraryBase.js
FN:8,(anonymous_0)
FN:9,(anonymous_1)
FN:9,(anonymous_2)
FN:12,(anonymous_3)
FNF:4
FNH:4
FNDA:7,(anonymous_0)
FNDA:21,(anonymous_1)
FNDA:21,(anonymous_2)
FNDA:14,(anonymous_3)
DA:8,1
DA:9,21
DA:10,0
DA:12,7
DA:13,14
DA:14,14
DA:15,0
DA:18,7
DA:19,7
DA:20,7
DA:21,7
DA:22,7
DA:23,18
DA:24,18
DA:25,0
DA:27,18
DA:28,18
DA:30,7
DA:31,7
DA:32,7
DA:33,2508
DA:34,2508
DA:35,2508
DA:37,7
DA:38,7
LF:25
LH:22
BRDA:9,0,0,0
BRDA:9,0,1,7
BRDA:14,1,0,0
BRDA:14,1,1,14
BRDA:24,2,0,0
BRDA:24,2,1,18
BRF:6
BRH:3
end_of_record
TN:
SF:Conversions\ArrayBufferToBase64.js
FN:8,bufferToBase64
FNF:1
FNH:1
FNDA:3,bufferToBase64
DA:10,3
DA:12,3
DA:14,3
DA:15,3
DA:18,3
DA:20,12
DA:21,12
DA:22,12
DA:23,12
DA:25,12
DA:33,3
DA:34,3
DA:35,3
DA:38,0
LF:14
LH:13
BRDA:33,0,0,3
BRDA:33,0,1,0
BRF:2
BRH:1
end_of_record
TN:
SF:Conversions\Base64ToArrayBuffer.js
FN:8,base64ToBuffer
FNF:1
FNH:1
FNDA:3,base64ToBuffer
DA:10,3
DA:12,3
DA:14,3
DA:16,3
DA:18,3
DA:20,3
DA:23,3
DA:25,12
DA:26,12
DA:27,12
DA:28,12
DA:31,12
DA:32,12
DA:35,12
DA:36,12
DA:37,12
DA:39,12
DA:40,12
DA:41,12
DA:44,3
LF:20
LH:20
BRDA:14,0,0,3
BRDA:14,0,1,0
BRDA:31,1,0,3
BRDA:31,1,1,9
BRDA:32,2,0,3
BRDA:32,2,1,9
BRF:6
BRH:5
end_of_record
TN:
SF:Conversions\BinaryToDecimal.js
FN:1,binaryToDecimal
FN:4,(anonymous_1)
FNF:2
FNH:2
FNDA:3,binaryToDecimal
FNDA:19,(anonymous_1)
DA:2,3
DA:3,3
DA:4,3
DA:5,19
DA:7,3
LF:5
LH:5
BRF:0
BRH:0
end_of_record
TN:
SF:Conversions\BinaryToHex.js
FN:1,(anonymous_0)
FN:6,(anonymous_1)
FN:30,(anonymous_2)
FNF:3
FNH:3
FNDA:1,(anonymous_0)
FNDA:6,(anonymous_1)
FNDA:4,(anonymous_2)
DA:1,1
DA:2,1
DA:3,1
DA:6,1
DA:7,6
DA:8,6
DA:9,1
DA:11,6
DA:12,0
DA:13,0
DA:14,0
DA:15,0
DA:16,1
DA:17,0
DA:18,0
DA:19,0
DA:20,1
DA:21,0
DA:22,1
DA:23,0
DA:24,0
DA:25,1
DA:26,1
DA:27,1
DA:30,1
DA:47,4
DA:48,4
DA:49,4
DA:50,6
DA:51,5
DA:53,1
DA:56,4
LF:32
LH:22
BRDA:8,0,0,1
BRDA:8,0,1,5
BRDA:11,1,0,0
BRDA:11,1,1,0
BRDA:11,1,2,0
BRDA:11,1,3,0
BRDA:11,1,4,1
BRDA:11,1,5,0
BRDA:11,1,6,0
BRDA:11,1,7,0
BRDA:11,1,8,1
BRDA:11,1,9,0
BRDA:11,1,10,1
BRDA:11,1,11,0
BRDA:11,1,12,0
BRDA:11,1,13,1
BRDA:11,1,14,1
BRDA:11,1,15,1
BRDA:50,2,0,5
BRDA:50,2,1,1
BRF:20
BRH:10
end_of_record
TN:
SF:Conversions\DateDayDifference.js
FN:10,(anonymous_0)
FN:16,(anonymous_1)
FN:20,(anonymous_2)
FN:26,(anonymous_3)
FN:28,(anonymous_4)
FNF:5
FNH:5
FNDA:6,(anonymous_0)
FNDA:8,(anonymous_1)
FNDA:4,(anonymous_2)
FNDA:12,(anonymous_3)
FNDA:12,(anonymous_4)
DA:10,1
DA:11,6
DA:12,6
DA:13,6
DA:14,4
DA:16,1
DA:17,8
DA:20,1
DA:22,4
DA:23,0
DA:26,12
DA:28,12
DA:30,4
DA:34,0
DA:36,4
LF:15
LH:13
BRDA:11,0,0,0
BRDA:11,0,1,6
BRDA:12,1,0,0
BRDA:12,1,1,6
BRDA:13,2,0,2
BRDA:13,2,1,4
BRDA:17,3,0,2
BRDA:17,3,1,6
BRDA:17,4,0,2
BRDA:17,4,1,4
BRDA:22,5,0,0
BRDA:22,5,1,4
BRDA:22,6,0,4
BRDA:22,6,1,0
BRDA:30,7,0,0
BRDA:30,7,1,4
BRDA:30,8,0,4
BRDA:30,8,1,4
BRDA:30,8,2,4
BRDA:30,8,3,4
BRDA:30,8,4,4
BRDA:30,8,5,4
BRDA:30,8,6,4
BRDA:30,8,7,4
BRF:24
BRH:19
end_of_record
TN:
SF:Conversions\DateToDay.js
FN:18,(anonymous_0)
FN:24,(anonymous_1)
FNF:2
FNH:2
FNDA:7,(anonymous_0)
FNDA:21,(anonymous_1)
DA:16,1
DA:18,1
DA:20,7
DA:21,0
DA:24,21
DA:26,7
DA:27,0
DA:34,7
DA:35,4
DA:36,4
DA:40,7
DA:41,7
DA:56,7
DA:57,7
LF:14
LH:12
BRDA:20,0,0,0
BRDA:20,0,1,7
BRDA:26,1,0,0
BRDA:26,1,1,7
BRDA:26,2,0,7
BRDA:26,2,1,7
BRDA:26,2,2,7
BRDA:26,2,3,7
BRDA:34,3,0,4
BRDA:34,3,1,3
BRF:10
BRH:8
end_of_record
TN:
SF:Conversions\DecimalToBinary.js
FN:1,decimalToBinary
FNF:1
FNH:1
FNDA:5,decimalToBinary
DA:2,5
DA:3,5
DA:4,24
DA:5,24
DA:7,5
LF:5
LH:5
BRF:0
BRH:0
end_of_record
TN:
SF:Conversions\DecimalToHex.js
FN:1,intToHex
FN:13,decimalToHex
FNF:2
FNH:2
FNDA:7,intToHex
FNDA:3,decimalToHex
DA:2,7
DA:3,0
DA:4,0
DA:5,0
DA:6,0
DA:7,0
DA:8,2
DA:10,5
DA:14,3
DA:15,3
DA:16,4
DA:17,4
DA:19,3
LF:13
LH:8
BRDA:2,0,0,0
BRDA:2,0,1,0
BRDA:2,0,2,0
BRDA:2,0,3,0
BRDA:2,0,4,0
BRDA:2,0,5,2
BRF:6
BRH:1
end_of_record
TN:
SF:Conversions\DecimalToOctal.js
FN:1,decimalToOctal
FNF:1
FNH:1
FNDA:5,decimalToOctal
DA:2,5
DA:3,5
DA:4,5
DA:5,9
DA:6,9
DA:7,9
DA:9,5
LF:7
LH:7
BRF:0
BRH:0
end_of_record
TN:
SF:Conversions\DecimalToRoman.js
FN:41,decimalToRoman
FNF:1
FNH:1
FNDA:3,decimalToRoman
DA:9,1
DA:25,1
DA:42,3
DA:43,3
DA:44,39
DA:45,15
DA:46,15
DA:49,3
LF:8
LH:8
BRF:0
BRH:0
end_of_record
TN:
SF:Conversions\HexToBinary.js
FN:1,(anonymous_0)
FN:20,(anonymous_1)
FN:37,(anonymous_2)
FNF:3
FNH:3
FNDA:6,(anonymous_0)
FNDA:10,(anonymous_1)
FNDA:6,(anonymous_2)
DA:1,6
DA:20,1
DA:21,10
DA:22,3
DA:25,7
DA:26,3
DA:35,4
DA:37,6
LF:8
LH:8
BRDA:21,0,0,3
BRDA:21,0,1,7
BRDA:25,1,0,3
BRDA:25,1,1,4
BRF:4
BRH:4
end_of_record
TN:
SF:Conversions\HexToRGB.js
FN:1,hexStringToRGB
FNF:1
FNH:1
FNDA:3,hexStringToRGB
DA:2,3
DA:3,3
DA:4,3
DA:6,3
DA:7,3
DA:8,3
DA:9,3
DA:11,3
LF:8
LH:8
BRF:0
BRH:0
end_of_record
TN:
SF:Conversions\LitersToImperialGallons.js
FN:7,(anonymous_0)
FNF:1
FNH:1
FNDA:1,(anonymous_0)
DA:7,1
DA:8,1
LF:2
LH:2
BRF:0
BRH:0
end_of_record
TN:
SF:Conversions\LitersToUSGallons.js
FN:7,(anonymous_0)
FNF:1
FNH:1
FNDA:1,(anonymous_0)
DA:7,1
DA:8,1
LF:2
LH:2
BRF:0
BRH:0
end_of_record
TN:
SF:Conversions\LowerCaseConversion.js
FN:18,(anonymous_0)
FN:20,(anonymous_1)
FNF:2
FNH:2
FNDA:5,(anonymous_0)
FNDA:25,(anonymous_1)
DA:18,1
DA:20,5
DA:22,25
DA:24,25
DA:26,14
DA:29,11
DA:32,5
LF:7
LH:7
BRDA:24,0,0,14
BRDA:24,0,1,11
BRDA:24,1,0,25
BRDA:24,1,1,25
BRF:4
BRH:4
end_of_record
TN:
SF:Conversions\MeterToFeetConversion.js
FN:2,(anonymous_0)
FN:6,(anonymous_1)
FNF:2
FNH:2
FNDA:1,(anonymous_0)
FNDA:1,(anonymous_1)
DA:2,1
DA:3,1
DA:6,1
DA:7,1
LF:4
LH:4
BRF:0
BRH:0
end_of_record
TN:
SF:Conversions\OctToDecimal.js
FN:1,octalToDecimal
FNF:1
FNH:1
FNDA:5,octalToDecimal
DA:2,5
DA:3,5
DA:4,5
DA:5,9
DA:6,9
DA:7,9
DA:8,9
DA:10,5
LF:8
LH:8
BRF:0
BRH:0
end_of_record
TN:
SF:Conversions\OuncesToKilograms.js
FN:7,(anonymous_0)
FNF:1
FNH:1
FNDA:1,(anonymous_0)
DA:7,1
DA:8,1
LF:2
LH:2
BRF:0
BRH:0
end_of_record
TN:
SF:Conversions\RGBToHex.js
FN:1,RGBToHex
FN:10,(anonymous_1)
FNF:2
FNH:2
FNDA:4,RGBToHex
FNDA:12,(anonymous_1)
DA:2,4
DA:7,0
DA:10,12
DA:12,4
LF:4
LH:3
BRDA:2,0,0,0
BRDA:2,0,1,4
BRDA:3,1,0,4
BRDA:3,1,1,4
BRDA:3,1,2,4
BRDA:10,2,0,12
BRDA:10,2,1,0
BRF:7
BRH:5
end_of_record
TN:
SF:Conversions\RailwayTimeConversion.js
FN:18,(anonymous_0)
FNF:1
FNH:1
FNDA:4,(anonymous_0)
DA:18,1
DA:20,4
DA:21,0
DA:24,4
DA:26,4
DA:28,4
DA:29,2
DA:31,2
LF:8
LH:7
BRDA:20,0,0,0
BRDA:20,0,1,4
BRDA:28,1,0,2
BRDA:28,1,1,2
BRDA:29,2,0,0
BRDA:29,2,1,2
BRDA:31,3,0,0
BRDA:31,3,1,2
BRF:8
BRH:5
end_of_record
TN:
SF:Conversions\RgbHsvConversion.js
FN:19,hsvToRgb
FN:48,rgbToHsv
FN:84,approximatelyEqualHsv
FN:92,getRgbBySection
FN:93,convertToInt
FNF:5
FNH:5
FNDA:10,hsvToRgb
FNDA:10,rgbToHsv
FNDA:10,approximatelyEqualHsv
FNDA:10,getRgbBySection
FNDA:30,convertToInt
DA:20,10
DA:21,0
DA:24,10
DA:25,0
DA:28,10
DA:29,0
DA:32,10
DA:33,10
DA:34,10
DA:35,10
DA:37,10
DA:49,10
DA:50,0
DA:53,10
DA:54,0
DA:57,10
DA:58,0
DA:61,10
DA:62,10
DA:63,10
DA:64,10
DA:65,10
DA:66,10
DA:69,10
DA:70,2
DA:71,8
DA:72,4
DA:73,4
DA:74,2
DA:76,2
DA:79,10
DA:81,10
DA:85,10
DA:86,10
DA:87,10
DA:89,10
DA:94,30
DA:101,10
DA:102,4
DA:103,4
DA:104,4
DA:105,6
DA:106,1
DA:107,1
DA:108,1
DA:109,5
DA:110,1
DA:111,1
DA:112,1
DA:113,4
DA:114,2
DA:115,2
DA:116,2
DA:117,2
DA:118,1
DA:119,1
DA:120,1
DA:122,1
DA:123,1
DA:124,1
DA:127,10
LF:61
LH:55
BRDA:20,0,0,0
BRDA:20,0,1,10
BRDA:20,1,0,10
BRDA:20,1,1,10
BRDA:24,2,0,0
BRDA:24,2,1,10
BRDA:24,3,0,10
BRDA:24,3,1,10
BRDA:28,4,0,0
BRDA:28,4,1,10
BRDA:28,5,0,10
BRDA:28,5,1,10
BRDA:49,6,0,0
BRDA:49,6,1,10
BRDA:49,7,0,10
BRDA:49,7,1,10
BRDA:53,8,0,0
BRDA:53,8,1,10
BRDA:53,9,0,10
BRDA:53,9,1,10
BRDA:57,10,0,0
BRDA:57,10,1,10
BRDA:57,11,0,10
BRDA:57,11,1,10
BRDA:66,12,0,1
BRDA:66,12,1,9
BRDA:69,13,0,2
BRDA:69,13,1,8
BRDA:71,14,0,4
BRDA:71,14,1,4
BRDA:73,15,0,2
BRDA:73,15,1,2
BRDA:89,16,0,10
BRDA:89,16,1,10
BRDA:89,16,2,10
BRDA:101,17,0,4
BRDA:101,17,1,6
BRDA:101,18,0,10
BRDA:101,18,1,10
BRDA:105,19,0,1
BRDA:105,19,1,5
BRDA:105,20,0,6
BRDA:105,20,1,6
BRDA:109,21,0,1
BRDA:109,21,1,4
BRDA:109,22,0,5
BRDA:109,22,1,5
BRDA:113,23,0,2
BRDA:113,23,1,2
BRDA:113,24,0,4
BRDA:113,24,1,4
BRDA:117,25,0,1
BRDA:117,25,1,1
BRDA:117,26,0,2
BRDA:117,26,1,2
BRF:55
BRH:49
end_of_record
TN:
SF:Conversions\RomanToDecimal.js
FN:11,romanToDecimal
FNF:1
FNH:1
FNDA:3,romanToDecimal
DA:1,1
DA:12,3
DA:14,3
DA:16,3
DA:17,3
DA:18,18
DA:20,18
DA:21,15
DA:24,18
DA:25,18
DA:26,14
DA:28,4
DA:31,18
DA:33,3
LF:14
LH:14
BRDA:20,0,0,15
BRDA:20,0,1,3
BRDA:21,1,0,8
BRDA:21,1,1,7
BRDA:25,2,0,14
BRDA:25,2,1,4
BRF:6
BRH:6
end_of_record
TN:
SF:Conversions\TemperatureConversion.js
FN:4,(anonymous_0)
FN:10,(anonymous_1)
FN:16,(anonymous_2)
FN:22,(anonymous_3)
FN:28,(anonymous_4)
FN:34,(anonymous_5)
FN:40,(anonymous_6)
FN:46,(anonymous_7)
FN:52,(anonymous_8)
FN:58,(anonymous_9)
FN:64,(anonymous_10)
FN:70,(anonymous_11)
FN:76,(anonymous_12)
FN:81,(anonymous_13)
FN:86,(anonymous_14)
FN:91,(anonymous_15)
FNF:16
FNH:16
FNDA:1,(anonymous_0)
FNDA:1,(anonymous_1)
FNDA:1,(anonymous_2)
FNDA:1,(anonymous_3)
FNDA:1,(anonymous_4)
FNDA:1,(anonymous_5)
FNDA:1,(anonymous_6)
FNDA:1,(anonymous_7)
FNDA:1,(anonymous_8)
FNDA:1,(anonymous_9)
FNDA:1,(anonymous_10)
FNDA:1,(anonymous_11)
FNDA:1,(anonymous_12)
FNDA:1,(anonymous_13)
FNDA:1,(anonymous_14)
FNDA:1,(anonymous_15)
DA:4,1
DA:7,1
DA:10,1
DA:13,1
DA:16,1
DA:19,1
DA:22,1
DA:25,1
DA:28,1
DA:31,1
DA:34,1
DA:37,1
DA:40,1
DA:43,1
DA:46,1
DA:49,1
DA:52,1
DA:55,1
DA:58,1
DA:61,1
DA:64,1
DA:67,1
DA:70,1
DA:73,1
DA:76,1
DA:78,1
DA:81,1
DA:83,1
DA:86,1
DA:88,1
DA:91,1
DA:93,1
LF:32
LH:32
BRF:0
BRH:0
end_of_record
TN:
SF:Conversions\TitleCaseConversion.js
FN:13,(anonymous_0)
FN:16,(anonymous_1)
FN:28,(anonymous_2)
FNF:3
FNH:3
FNDA:12,(anonymous_0)
FNDA:27,(anonymous_1)
FNDA:134,(anonymous_2)
DA:13,1
DA:14,12
DA:16,11
DA:17,27
DA:19,27
DA:21,27
DA:23,9
DA:26,18
DA:28,27
DA:30,134
DA:32,134
DA:34,47
DA:37,87
DA:40,27
DA:43,11
LF:15
LH:15
BRDA:14,0,0,1
BRDA:14,0,1,11
BRDA:21,1,0,9
BRDA:21,1,1,18
BRDA:21,2,0,27
BRDA:21,2,1,9
BRDA:32,3,0,47
BRDA:32,3,1,87
BRDA:32,4,0,134
BRDA:32,4,1,127
BRF:10
BRH:10
end_of_record
TN:
SF:Conversions\UpperCaseConversion.js
FN:18,(anonymous_0)
FN:20,(anonymous_1)
FNF:2
FNH:2
FNDA:10,(anonymous_0)
FNDA:134,(anonymous_1)
DA:18,1
DA:20,10
DA:22,134
DA:24,134
DA:26,63
DA:29,71
DA:32,10
LF:7
LH:7
BRDA:24,0,0,63
BRDA:24,0,1,71
BRDA:24,1,0,134
BRDA:24,1,1,63
BRF:4
BRH:4
end_of_record
TN:
SF:Data-Structures\Array\LocalMaximomPoint.js
FN:12,(anonymous_0)
FN:28,(anonymous_1)
FNF:2
FNH:2
FNDA:12,(anonymous_0)
FNDA:5,(anonymous_1)
DA:12,1
DA:14,12
DA:17,12
DA:19,5
DA:20,7
DA:21,3
DA:24,4
DA:28,5
LF:8
LH:8
BRDA:17,0,0,5
BRDA:17,0,1,7
BRDA:17,1,0,12
BRDA:17,1,1,11
BRDA:17,1,2,9
BRDA:17,1,3,7
BRDA:20,2,0,3
BRDA:20,2,1,4
BRDA:20,3,0,7
BRDA:20,3,1,7
BRF:10
BRH:10
end_of_record
TN:
SF:Data-Structures\Array\NumberOfLocalMaximumPoints.js
FN:14,(anonymous_0)
FN:28,(anonymous_1)
FN:40,(anonymous_2)
FNF:3
FNH:3
FNDA:65,(anonymous_0)
FNDA:123,(anonymous_1)
FNDA:7,(anonymous_2)
DA:14,1
DA:17,65
DA:18,7
DA:20,58
DA:21,7
DA:24,51
DA:28,1
DA:30,123
DA:31,65
DA:35,58
DA:36,58
DA:40,7
LF:12
LH:12
BRDA:17,0,0,7
BRDA:17,0,1,58
BRDA:20,1,0,7
BRDA:20,1,1,51
BRDA:24,2,0,51
BRDA:24,2,1,19
BRDA:30,3,0,65
BRDA:30,3,1,58
BRDA:31,4,0,19
BRDA:31,4,1,46
BRF:10
BRH:10
end_of_record
TN:
SF:Data-Structures\Array\QuickSelect.js
FN:14,QuickSelect
FN:22,RandomizedSelect
FN:34,RandomizedPartition
FN:40,Partition
FN:56,getRandomInt
FN:60,Swap
FNF:6
FNH:6
FNDA:25,QuickSelect
FNDA:43,RandomizedSelect
FNDA:32,RandomizedPartition
FNDA:32,Partition
FNDA:32,getRandomInt
FNDA:113,Swap
DA:15,25
DA:16,3
DA:19,22
DA:23,43
DA:25,32
DA:26,32
DA:28,32
DA:29,21
DA:31,9
DA:35,32
DA:36,32
DA:37,32
DA:41,32
DA:42,32
DA:44,32
DA:45,88
DA:46,49
DA:47,49
DA:51,32
DA:53,32
DA:57,32
DA:61,113
LF:22
LH:22
BRDA:15,0,0,3
BRDA:15,0,1,22
BRDA:15,1,0,25
BRDA:15,1,1,23
BRDA:23,2,0,11
BRDA:23,2,1,32
BRDA:28,3,0,11
BRDA:28,3,1,21
BRDA:29,4,0,12
BRDA:29,4,1,9
BRDA:45,5,0,49
BRDA:45,5,1,39
BRF:12
BRH:12
end_of_record
TN:
SF:Data-Structures\Array\Reverse.js
FN:8,(anonymous_0)
FNF:1
FNH:1
FNDA:3,(anonymous_0)
DA:8,1
DA:10,3
DA:11,3
DA:12,3
DA:13,3
DA:15,3
LF:6
LH:6
BRF:0
BRH:0
end_of_record
TN:
SF:Data-Structures\Graph\Graph2.js
FN:5,(anonymous_0)
FN:20,(anonymous_1)
FN:28,(anonymous_2)
FN:39,(anonymous_3)
FN:39,(anonymous_4)
FNF:5
FNH:4
FNDA:1,(anonymous_0)
FNDA:6,(anonymous_1)
FNDA:8,(anonymous_2)
FNDA:1,(anonymous_3)
FNDA:0,(anonymous_4)
DA:6,1
DA:7,1
DA:24,6
DA:31,8
DA:35,8
DA:39,0
DA:41,1
DA:44,1
DA:47,6
DA:48,6
DA:52,6
DA:53,16
DA:57,6
LF:13
LH:12
BRDA:39,0,0,0
BRF:1
BRH:0
end_of_record
TN:
SF:Data-Structures\Graph\Graph3.js
FN:2,(anonymous_0)
FN:6,(anonymous_1)
FN:10,(anonymous_2)
FN:15,(anonymous_3)
FN:17,(anonymous_4)
FN:20,(anonymous_5)
FN:24,(anonymous_6)
FN:34,(anonymous_7)
FN:41,dfs
FN:45,(anonymous_9)
FN:59,(anonymous_10)
FN:73,(anonymous_11)
FN:83,(anonymous_12)
FN:97,(anonymous_13)
FNF:14
FNH:14
FNDA:1,(anonymous_0)
FNDA:6,(anonymous_1)
FNDA:7,(anonymous_2)
FNDA:2,(anonymous_3)
FNDA:1,(anonymous_4)
FNDA:5,(anonymous_5)
FNDA:3,(anonymous_6)
FNDA:2,(anonymous_7)
FNDA:11,dfs
FNDA:24,(anonymous_9)
FNDA:2,(anonymous_10)
FNDA:24,(anonymous_11)
FNDA:2,(anonymous_12)
FNDA:24,(anonymous_13)
DA:3,1
DA:7,6
DA:11,7
DA:12,7
DA:16,2
DA:17,1
DA:19,2
DA:20,5
DA:25,3
DA:26,2
DA:27,2
DA:35,2
DA:37,2
DA:38,2
DA:39,2
DA:42,11
DA:43,11
DA:44,11
DA:45,11
DA:46,24
DA:47,9
DA:52,2
DA:53,2
DA:60,2
DA:62,2
DA:63,2
DA:64,2
DA:66,2
DA:69,2
DA:70,11
DA:71,11
DA:73,11
DA:74,24
DA:75,9
DA:76,9
DA:80,2
DA:84,2
DA:86,2
DA:87,2
DA:88,2
DA:91,2
DA:93,2
DA:94,11
DA:95,11
DA:97,11
DA:98,24
DA:99,9
DA:100,9
DA:104,2
LF:49
LH:49
BRDA:7,0,0,6
BRDA:7,0,1,0
BRDA:35,1,0,0
BRDA:35,1,1,2
BRDA:42,2,0,0
BRDA:42,2,1,11
BRDA:46,3,0,9
BRDA:46,3,1,15
BRDA:60,4,0,0
BRDA:60,4,1,2
BRDA:74,5,0,9
BRDA:74,5,1,15
BRDA:84,6,0,0
BRDA:84,6,1,2
BRDA:98,7,0,9
BRDA:98,7,1,15
BRF:16
BRH:11
end_of_record
TN:
SF:Data-Structures\Heap\MinHeap.js
FN:22,(anonymous_0)
FN:30,(anonymous_1)
FN:56,(anonymous_2)
FN:83,(anonymous_3)
FN:93,(anonymous_4)
FN:105,(anonymous_5)
FN:113,(anonymous_6)
FN:119,(anonymous_7)
FNF:8
FNH:8
FNDA:4,(anonymous_0)
FNDA:4,(anonymous_1)
FNDA:25,(anonymous_2)
FNDA:1,(anonymous_3)
FNDA:1,(anonymous_4)
FNDA:1,(anonymous_5)
FNDA:1,(anonymous_6)
FNDA:10,(anonymous_7)
DA:23,4
DA:31,4
DA:33,4
DA:34,24
DA:36,4
DA:57,25
DA:59,25
DA:60,29
DA:61,29
DA:65,29
DA:66,8
DA:67,8
DA:68,8
DA:70,21
DA:84,1
DA:86,1
DA:87,1
DA:88,1
DA:89,1
DA:94,1
DA:106,1
DA:107,1
DA:108,1
DA:109,1
DA:114,1
DA:115,1
DA:120,10
DA:121,10
DA:122,10
LF:29
LH:29
BRDA:60,0,0,27
BRDA:60,0,1,2
BRDA:61,1,0,8
BRDA:61,1,1,21
BRDA:61,2,0,29
BRDA:61,2,1,27
BRDA:65,3,0,8
BRDA:65,3,1,21
BRDA:86,4,0,2
BRDA:86,4,1,2
BRF:10
BRH:10
end_of_record
TN:
SF:Data-Structures\Heap\MinPriorityQueue.js
FN:16,(anonymous_0)
FN:24,(anonymous_1)
FN:40,(anonymous_2)
FN:45,(anonymous_3)
FN:50,(anonymous_4)
FN:56,(anonymous_5)
FN:56,(anonymous_6)
FN:63,(anonymous_7)
FN:79,(anonymous_8)
FN:112,(anonymous_9)
FNF:10
FNH:8
FNDA:5,(anonymous_0)
FNDA:32,(anonymous_1)
FNDA:0,(anonymous_2)
FNDA:9,(anonymous_3)
FNDA:32,(anonymous_4)
FNDA:2,(anonymous_5)
FNDA:0,(anonymous_6)
FNDA:1,(anonymous_7)
FNDA:15,(anonymous_8)
FNDA:9,(anonymous_9)
DA:17,5
DA:18,5
DA:19,5
DA:25,32
DA:26,32
DA:27,32
DA:28,32
DA:29,52
DA:30,16
DA:31,16
DA:32,16
DA:34,52
DA:36,32
DA:41,0
DA:46,9
DA:51,32
DA:52,32
DA:56,0
DA:57,2
DA:64,1
DA:65,1
DA:67,8
DA:68,8
DA:69,8
DA:70,8
DA:74,1
DA:75,1
DA:80,15
DA:81,15
DA:83,18
DA:84,6
DA:85,0
DA:86,6
DA:87,4
DA:90,14
DA:91,2
DA:93,12
DA:97,12
DA:100,0
DA:103,14
DA:104,14
DA:105,14
DA:106,14
DA:114,9
DA:115,8
DA:116,1
DA:117,1
DA:119,7
DA:120,7
DA:121,7
DA:122,7
DA:123,7
LF:52
LH:48
BRDA:25,0,0,0
BRDA:25,0,1,32
BRDA:29,1,0,16
BRDA:29,1,1,36
BRDA:51,2,0,0
BRDA:51,2,1,32
BRDA:56,3,0,0
BRDA:81,4,0,29
BRDA:81,4,1,11
BRDA:83,5,0,6
BRDA:83,5,1,12
BRDA:84,6,0,0
BRDA:84,6,1,6
BRDA:84,7,0,6
BRDA:84,7,1,2
BRDA:86,8,0,4
BRDA:86,8,1,2
BRDA:90,9,0,2
BRDA:90,9,1,12
BRDA:91,10,0,2
BRDA:91,10,1,0
BRDA:93,11,0,12
BRDA:93,11,1,0
BRDA:94,12,0,12
BRDA:94,12,1,2
BRDA:98,13,0,6
BRDA:98,13,1,6
BRDA:114,14,0,1
BRDA:114,14,1,8
BRDA:115,15,0,1
BRDA:115,15,1,7
BRF:31
BRH:25
end_of_record
TN:
SF:Data-Structures\Linked-List\AddTwoNumbers.js
FN:17,(anonymous_0)
FN:21,(anonymous_1)
FN:47,(anonymous_2)
FNF:3
FNH:3
FNDA:1,(anonymous_0)
FNDA:1,(anonymous_1)
FNDA:1,(anonymous_2)
DA:18,1
DA:22,1
DA:23,1
DA:24,1
DA:25,1
DA:26,1
DA:27,3
DA:28,3
DA:29,3
DA:30,3
DA:31,3
DA:32,3
DA:33,3
DA:34,3
DA:36,3
DA:37,3
DA:40,1
DA:41,0
DA:44,1
DA:48,1
DA:49,1
DA:50,1
DA:51,3
DA:52,3
DA:55,1
LF:25
LH:24
BRDA:26,0,0,4
BRDA:26,0,1,1
BRDA:27,1,0,3
BRDA:27,1,1,0
BRDA:28,2,0,3
BRDA:28,2,1,0
BRDA:33,3,0,3
BRDA:33,3,1,0
BRDA:36,4,0,3
BRDA:36,4,1,0
BRDA:40,5,0,0
BRDA:40,5,1,1
BRF:12
BRH:7
end_of_record
TN:
SF:Data-Structures\Linked-List\CycleDetection.js
FN:6,detectCycle
FNF:1
FNH:1
FNDA:4,detectCycle
DA:12,4
DA:14,3
DA:15,3
DA:16,3
DA:17,6
DA:18,5
DA:19,5
DA:21,2
LF:8
LH:8
BRDA:12,0,0,1
BRDA:12,0,1,3
BRDA:16,1,0,8
BRDA:16,1,1,6
BRDA:17,2,0,1
BRDA:17,2,1,5
BRF:6
BRH:6
end_of_record
TN:
SF:Data-Structures\Linked-List\DoublyLinkedList.js
FN:2,(anonymous_0)
FN:10,(anonymous_1)
FN:17,(anonymous_2)
FN:33,(anonymous_3)
FN:77,(anonymous_4)
FN:117,(anonymous_5)
FN:136,(anonymous_6)
FN:141,(anonymous_7)
FN:146,(anonymous_8)
FN:151,(anonymous_9)
FN:156,(anonymous_10)
FN:169,(anonymous_11)
FN:182,(anonymous_12)
FN:187,(anonymous_13)
FN:192,(anonymous_14)
FN:197,(anonymous_15)
FN:202,(anonymous_16)
FN:206,(anonymous_17)
FN:217,(anonymous_18)
FNF:19
FNH:16
FNDA:21,(anonymous_0)
FNDA:11,(anonymous_1)
FNDA:10,(anonymous_2)
FNDA:11,(anonymous_3)
FNDA:5,(anonymous_4)
FNDA:1,(anonymous_5)
FNDA:0,(anonymous_6)
FNDA:1,(anonymous_7)
FNDA:0,(anonymous_8)
FNDA:1,(anonymous_9)
FNDA:1,(anonymous_10)
FNDA:1,(anonymous_11)
FNDA:2,(anonymous_12)
FNDA:3,(anonymous_13)
FNDA:9,(anonymous_14)
FNDA:4,(anonymous_15)
FNDA:3,(anonymous_16)
FNDA:2,(anonymous_17)
FNDA:0,(anonymous_18)
DA:3,21
DA:4,21
DA:5,21
DA:11,11
DA:12,11
DA:13,11
DA:18,10
DA:20,10
DA:21,5
DA:22,5
DA:24,5
DA:25,5
DA:26,5
DA:29,10
DA:35,11
DA:36,11
DA:37,11
DA:38,11
DA:39,11
DA:41,11
DA:42,6
DA:43,6
DA:44,6
DA:46,0
DA:47,0
DA:48,0
DA:50,5
DA:51,5
DA:52,5
DA:53,5
DA:54,5
DA:56,0
DA:57,0
DA:58,0
DA:61,0
DA:62,0
DA:65,0
DA:66,0
DA:69,11
DA:70,11
DA:72,0
DA:79,5
DA:80,4
DA:81,4
DA:82,4
DA:85,4
DA:86,2
DA:89,2
DA:90,0
DA:92,2
DA:94,2
DA:95,2
DA:96,2
DA:97,2
DA:99,0
DA:100,0
DA:101,0
DA:105,0
DA:106,0
DA:109,4
DA:110,4
DA:112,1
DA:118,1
DA:119,1
DA:122,1
DA:123,1
DA:124,1
DA:127,0
DA:128,0
DA:132,0
DA:137,0
DA:142,1
DA:147,0
DA:152,1
DA:157,1
DA:158,1
DA:160,1
DA:161,1
DA:162,1
DA:165,1
DA:170,1
DA:171,1
DA:173,1
DA:174,2
DA:175,2
DA:178,1
DA:183,2
DA:188,3
DA:193,9
DA:198,4
DA:203,3
DA:204,3
DA:206,2
DA:207,2
DA:208,6
DA:209,6
DA:212,2
DA:218,0
DA:219,0
DA:220,0
DA:221,0
LF:101
LH:75
BRDA:20,0,0,5
BRDA:20,0,1,5
BRDA:35,1,0,11
BRDA:35,1,1,0
BRDA:35,2,0,11
BRDA:35,2,1,11
BRDA:41,3,0,6
BRDA:41,3,1,5
BRDA:42,4,0,6
BRDA:42,4,1,0
BRDA:50,5,0,5
BRDA:50,5,1,0
BRDA:79,6,0,4
BRDA:79,6,1,1
BRDA:79,7,0,5
BRDA:79,7,1,5
BRDA:85,8,0,2
BRDA:85,8,1,2
BRDA:89,9,0,0
BRDA:89,9,1,2
BRDA:94,10,0,2
BRDA:94,10,1,0
BRDA:123,11,0,1
BRDA:123,11,1,0
BRDA:161,12,0,0
BRDA:161,12,1,1
BRDA:204,13,0,1
BRDA:204,13,1,2
BRF:28
BRH:21
end_of_record
TN:
SF:Data-Structures\Linked-List\ReverseSinglyLinkedList.js
FN:4,(anonymous_0)
FNF:1
FNH:1
FNDA:1,(anonymous_0)
DA:5,1
DA:6,1
DA:7,1
DA:8,3
DA:9,3
DA:10,3
DA:11,3
DA:13,1
LF:8
LH:8
BRF:0
BRH:0
end_of_record
TN:
SF:Data-Structures\Linked-List\SinglyCircularLinkedList.js
FN:5,(anonymous_0)
FN:11,(anonymous_1)
FN:13,(anonymous_2)
FN:15,(anonymous_3)
FN:18,(anonymous_4)
FN:23,(anonymous_5)
FN:35,(anonymous_6)
FN:44,(anonymous_7)
FN:56,(anonymous_8)
FN:69,(anonymous_9)
FN:84,(anonymous_10)
FN:94,(anonymous_11)
FN:109,(anonymous_12)
FN:122,(anonymous_13)
FN:129,(anonymous_14)
FN:129,(anonymous_15)
FN:140,(anonymous_16)
FN:151,(anonymous_17)
FNF:18
FNH:16
FNDA:13,(anonymous_0)
FNDA:2,(anonymous_1)
FNDA:6,(anonymous_2)
FNDA:11,(anonymous_3)
FNDA:65,(anonymous_4)
FNDA:44,(anonymous_5)
FNDA:17,(anonymous_6)
FNDA:50,(anonymous_7)
FNDA:4,(anonymous_8)
FNDA:3,(anonymous_9)
FNDA:2,(anonymous_10)
FNDA:2,(anonymous_11)
FNDA:3,(anonymous_12)
FNDA:2,(anonymous_13)
FNDA:0,(anonymous_14)
FNDA:0,(anonymous_15)
FNDA:18,(anonymous_16)
FNDA:1,(anonymous_17)
DA:6,13
DA:7,13
DA:11,13
DA:13,13
DA:15,13
DA:19,65
DA:24,44
DA:25,44
DA:26,44
DA:27,65
DA:29,44
DA:31,0
DA:36,17
DA:37,17
DA:38,17
DA:39,17
DA:40,17
DA:45,50
DA:46,38
DA:48,38
DA:49,38
DA:50,38
DA:51,38
DA:52,38
DA:57,4
DA:58,1
DA:59,0
DA:60,0
DA:61,0
DA:62,0
DA:63,0
DA:64,0
DA:65,0
DA:70,3
DA:72,3
DA:73,3
DA:74,4
DA:75,2
DA:77,2
DA:78,2
DA:80,1
DA:85,2
DA:86,1
DA:87,1
DA:88,1
DA:89,1
DA:90,1
DA:95,2
DA:96,1
DA:97,1
DA:98,0
DA:99,0
DA:101,1
DA:102,1
DA:103,1
DA:104,1
DA:105,1
DA:110,3
DA:111,2
DA:112,2
DA:113,2
DA:114,2
DA:115,2
DA:116,2
DA:117,2
DA:118,2
DA:123,2
DA:124,1
DA:125,1
DA:129,0
DA:130,0
DA:132,0
DA:133,0
DA:134,0
DA:135,0
DA:141,18
DA:142,18
DA:143,18
DA:144,67
DA:145,67
DA:146,67
DA:148,18
DA:152,1
DA:153,1
LF:84
LH:68
BRDA:13,0,0,6
BRDA:13,0,1,2
BRDA:24,1,0,44
BRDA:24,1,1,0
BRDA:24,2,0,44
BRDA:24,2,1,44
BRDA:24,2,2,44
BRDA:26,3,0,109
BRDA:26,3,1,65
BRDA:45,4,0,12
BRDA:45,4,1,38
BRDA:57,5,0,3
BRDA:57,5,1,1
BRDA:58,6,0,1
BRDA:58,6,1,0
BRDA:59,7,0,0
BRDA:59,7,1,0
BRDA:59,8,0,0
BRDA:59,8,1,0
BRDA:74,9,0,2
BRDA:74,9,1,2
BRDA:85,10,0,1
BRDA:85,10,1,1
BRDA:90,11,0,1
BRDA:90,11,1,0
BRDA:95,12,0,1
BRDA:95,12,1,1
BRDA:97,13,0,0
BRDA:97,13,1,1
BRDA:105,14,0,1
BRDA:105,14,1,0
BRDA:110,15,0,1
BRDA:110,15,1,2
BRDA:111,16,0,0
BRDA:111,16,1,2
BRDA:112,17,0,0
BRDA:112,17,1,2
BRDA:113,18,0,0
BRDA:113,18,1,2
BRDA:113,19,0,2
BRDA:113,19,1,0
BRDA:118,20,0,2
BRDA:118,20,1,0
BRDA:123,21,0,1
BRDA:123,21,1,1
BRDA:129,22,0,0
BRDA:132,23,0,0
BRDA:132,23,1,0
BRDA:143,24,0,85
BRDA:143,24,1,81
BRF:50
BRH:33
end_of_record
TN:
SF:Data-Structures\Linked-List\SinglyLinkedList.js
FN:12,(anonymous_0)
FN:19,(anonymous_1)
FN:32,(anonymous_2)
FN:37,(anonymous_3)
FN:42,(anonymous_4)
FN:47,(anonymous_5)
FN:52,(anonymous_6)
FN:57,(anonymous_7)
FN:71,(anonymous_8)
FN:85,(anonymous_9)
FN:102,(anonymous_10)
FN:121,(anonymous_11)
FN:147,(anonymous_12)
FN:161,(anonymous_13)
FN:174,(anonymous_14)
FN:199,(anonymous_15)
FN:219,(anonymous_16)
FN:232,(anonymous_17)
FN:239,(anonymous_18)
FN:250,(anonymous_19)
FN:271,(anonymous_20)
FN:275,(anonymous_21)
FN:285,(anonymous_22)
FN:290,(anonymous_23)
FNF:24
FNH:23
FNDA:150,(anonymous_0)
FNDA:22,(anonymous_1)
FNDA:48,(anonymous_2)
FNDA:81,(anonymous_3)
FNDA:4,(anonymous_4)
FNDA:4,(anonymous_5)
FNDA:18,(anonymous_6)
FNDA:66,(anonymous_7)
FNDA:24,(anonymous_8)
FNDA:6,(anonymous_9)
FNDA:3,(anonymous_10)
FNDA:2,(anonymous_11)
FNDA:4,(anonymous_12)
FNDA:4,(anonymous_13)
FNDA:4,(anonymous_14)
FNDA:3,(anonymous_15)
FNDA:3,(anonymous_16)
FNDA:1,(anonymous_17)
FNDA:31,(anonymous_18)
FNDA:4,(anonymous_19)
FNDA:3,(anonymous_20)
FNDA:2,(anonymous_21)
FNDA:0,(anonymous_22)
FNDA:1,(anonymous_23)
DA:13,150
DA:14,150
DA:20,22
DA:21,22
DA:22,22
DA:24,22
DA:25,2
DA:26,8
DA:33,48
DA:38,81
DA:43,4
DA:48,4
DA:53,18
DA:59,66
DA:60,15
DA:62,51
DA:64,51
DA:65,51
DA:66,51
DA:67,51
DA:72,24
DA:74,24
DA:75,21
DA:78,24
DA:79,24
DA:80,24
DA:81,24
DA:87,6
DA:88,0
DA:91,6
DA:92,6
DA:93,6
DA:95,6
DA:96,2
DA:98,6
DA:103,3
DA:105,3
DA:106,1
DA:109,2
DA:110,2
DA:111,2
DA:112,2
DA:114,2
DA:115,2
DA:116,2
DA:117,2
DA:122,2
DA:123,2
DA:124,2
DA:126,2
DA:127,1
DA:130,1
DA:131,0
DA:134,1
DA:135,1
DA:136,0
DA:137,0
DA:138,0
DA:139,0
DA:141,1
DA:143,1
DA:148,4
DA:149,4
DA:150,4
DA:151,14
DA:152,3
DA:154,11
DA:155,11
DA:157,1
DA:162,4
DA:163,0
DA:165,4
DA:166,4
DA:167,8
DA:168,8
DA:170,4
DA:176,4
DA:177,0
DA:179,4
DA:180,3
DA:181,1
DA:182,1
DA:184,1
DA:185,0
DA:186,0
DA:190,1
DA:191,1
DA:192,1
DA:194,1
DA:195,1
DA:201,3
DA:202,0
DA:204,3
DA:205,2
DA:207,1
DA:208,1
DA:209,0
DA:210,0
DA:212,1
DA:213,1
DA:214,1
DA:215,1
DA:221,3
DA:222,3
DA:224,3
DA:225,7
DA:226,7
DA:228,3
DA:233,1
DA:234,1
DA:235,1
DA:240,31
DA:241,31
DA:242,31
DA:243,69
DA:244,69
DA:246,31
DA:251,4
DA:252,4
DA:253,4
DA:254,4
DA:255,4
DA:256,16
DA:257,16
DA:259,4
DA:260,4
DA:261,4
DA:262,4
DA:263,16
DA:264,16
DA:266,4
DA:267,4
DA:272,3
DA:273,3
DA:275,2
DA:276,2
DA:277,6
DA:278,6
DA:281,2
DA:286,0
DA:291,1
DA:292,1
DA:293,1
DA:294,1
DA:295,3
DA:296,3
DA:297,3
DA:298,3
DA:300,1
DA:301,1
LF:150
LH:136
BRDA:24,0,0,2
BRDA:24,0,1,20
BRDA:43,1,0,4
BRDA:43,1,1,1
BRDA:48,2,0,4
BRDA:48,2,1,1
BRDA:59,3,0,15
BRDA:59,3,1,51
BRDA:74,4,0,21
BRDA:74,4,1,3
BRDA:87,5,0,0
BRDA:87,5,1,6
BRDA:95,6,0,2
BRDA:95,6,1,4
BRDA:103,7,0,0
BRDA:103,7,1,3
BRDA:105,8,0,1
BRDA:105,8,1,2
BRDA:122,9,0,0
BRDA:122,9,1,2
BRDA:126,10,0,1
BRDA:126,10,1,1
BRDA:130,11,0,0
BRDA:130,11,1,1
BRDA:135,12,0,0
BRDA:135,12,1,1
BRDA:143,13,0,1
BRDA:143,13,1,1
BRDA:148,14,0,0
BRDA:148,14,1,4
BRDA:151,15,0,3
BRDA:151,15,1,11
BRDA:162,16,0,0
BRDA:162,16,1,4
BRDA:162,17,0,4
BRDA:162,17,1,4
BRDA:176,18,0,0
BRDA:176,18,1,4
BRDA:176,19,0,4
BRDA:176,19,1,4
BRDA:179,20,0,1
BRDA:179,20,1,3
BRDA:180,21,0,2
BRDA:180,21,1,1
BRDA:201,22,0,0
BRDA:201,22,1,3
BRDA:201,23,0,3
BRDA:201,23,1,3
BRDA:204,24,0,1
BRDA:204,24,1,2
BRDA:205,25,0,1
BRDA:205,25,1,1
BRDA:224,26,0,10
BRDA:224,26,1,9
BRDA:251,27,0,0
BRDA:251,27,1,4
BRDA:273,28,0,1
BRDA:273,28,1,2
BRF:58
BRH:48
end_of_record
TN:
SF:Data-Structures\Queue\Queue.js
FN:12,(anonymous_0)
FN:20,(anonymous_1)
FN:29,(anonymous_2)
FN:47,(anonymous_3)
FN:69,(anonymous_4)
FN:81,(anonymous_5)
FN:93,(anonymous_6)
FN:109,(anonymous_7)
FNF:8
FNH:8
FNDA:9,(anonymous_0)
FNDA:101,(anonymous_1)
FNDA:38,(anonymous_2)
FNDA:31,(anonymous_3)
FNDA:32,(anonymous_4)
FNDA:1,(anonymous_5)
FNDA:1,(anonymous_6)
FNDA:99,(anonymous_7)
DA:13,9
DA:14,9
DA:15,9
DA:17,9
DA:21,101
DA:30,38
DA:32,38
DA:33,21
DA:34,21
DA:36,17
DA:37,17
DA:40,38
DA:48,31
DA:49,0
DA:52,31
DA:54,31
DA:56,31
DA:57,18
DA:60,31
DA:62,31
DA:70,32
DA:71,0
DA:74,32
DA:82,1
DA:83,0
DA:86,1
DA:94,1
DA:95,1
DA:97,1
DA:98,4
DA:99,4
DA:102,1
DA:110,99
LF:33
LH:30
BRDA:32,0,0,21
BRDA:32,0,1,17
BRDA:32,1,0,38
BRDA:32,1,1,21
BRDA:48,2,0,0
BRDA:48,2,1,31
BRDA:56,3,0,18
BRDA:56,3,1,13
BRDA:70,4,0,0
BRDA:70,4,1,32
BRDA:82,5,0,0
BRDA:82,5,1,1
BRF:12
BRH:9
end_of_record
TN:
SF:Data-Structures\Queue\QueueUsing2Stacks.js
FN:5,(anonymous_0)
FN:11,(anonymous_1)
FN:15,(anonymous_2)
FN:34,(anonymous_3)
FN:34,(anonymous_4)
FN:43,(anonymous_5)
FN:43,(anonymous_6)
FNF:7
FNH:3
FNDA:1,(anonymous_0)
FNDA:4,(anonymous_1)
FNDA:2,(anonymous_2)
FNDA:0,(anonymous_3)
FNDA:0,(anonymous_4)
FNDA:0,(anonymous_5)
FNDA:0,(anonymous_6)
DA:6,1
DA:7,1
DA:12,4
DA:17,2
DA:18,2
DA:19,7
DA:22,2
DA:23,2
DA:25,2
DA:26,2
DA:27,5
DA:29,2
DA:34,0
DA:35,0
DA:36,0
DA:37,0
DA:38,0
DA:43,0
DA:44,0
DA:45,0
DA:46,0
DA:47,0
LF:22
LH:12
BRDA:22,0,0,2
BRDA:22,0,1,0
BRDA:34,1,0,0
BRDA:43,2,0,0
BRF:4
BRH:1
end_of_record
TN:
SF:Data-Structures\Tree\AVLTree.js
FN:17,(anonymous_0)
FN:18,comparator
FN:19,(anonymous_2)
FN:34,(anonymous_3)
FN:35,_avl
FN:47,(anonymous_5)
FN:55,(anonymous_6)
FN:61,(anonymous_7)
FN:66,(anonymous_8)
FN:72,(anonymous_9)
FN:75,(anonymous_10)
FN:83,(anonymous_11)
FN:93,(anonymous_12)
FN:109,(anonymous_13)
FN:129,(anonymous_14)
FN:147,(anonymous_15)
FN:179,(anonymous_16)
FN:198,(anonymous_17)
FN:208,(anonymous_18)
FN:219,(anonymous_19)
FNF:20
FNH:20
FNDA:1,(anonymous_0)
FNDA:2,comparator
FNDA:175,(anonymous_2)
FNDA:1,(anonymous_3)
FNDA:3,_avl
FNDA:18,(anonymous_5)
FNDA:356,(anonymous_6)
FNDA:75,(anonymous_7)
FNDA:115,(anonymous_8)
FNDA:71,(anonymous_9)
FNDA:12,(anonymous_10)
FNDA:10,(anonymous_11)
FNDA:10,(anonymous_12)
FNDA:26,(anonymous_13)
FNDA:64,(anonymous_14)
FNDA:27,(anonymous_15)
FNDA:56,(anonymous_16)
FNDA:19,(anonymous_17)
FNDA:20,(anonymous_18)
FNDA:11,(anonymous_19)
DA:17,1
DA:19,2
DA:20,175
DA:21,104
DA:22,28
DA:25,1
DA:34,1
DA:37,3
DA:38,3
DA:41,3
DA:43,3
DA:47,1
DA:48,18
DA:49,18
DA:50,18
DA:51,18
DA:55,1
DA:56,356
DA:57,249
DA:61,1
DA:62,75
DA:66,1
DA:67,115
DA:68,109
DA:72,71
DA:75,1
DA:76,12
DA:77,12
DA:78,12
DA:79,12
DA:80,12
DA:81,12
DA:83,1
DA:84,10
DA:85,10
DA:86,10
DA:87,10
DA:88,10
DA:89,10
DA:93,1
DA:94,10
DA:95,1
DA:97,9
DA:98,3
DA:100,6
DA:101,2
DA:102,2
DA:104,4
DA:105,4
DA:109,1
DA:110,26
DA:111,26
DA:112,22
DA:114,4
DA:115,2
DA:116,1
DA:118,1
DA:119,1
DA:121,2
DA:122,1
DA:123,1
DA:125,1
DA:129,1
DA:130,64
DA:131,18
DA:132,18
DA:134,46
DA:135,28
DA:136,18
DA:137,17
DA:139,1
DA:141,45
DA:142,45
DA:143,45
DA:147,1
DA:148,27
DA:149,26
DA:150,12
DA:151,6
DA:152,6
DA:153,6
DA:154,2
DA:155,2
DA:156,4
DA:157,2
DA:158,2
DA:160,2
DA:161,2
DA:162,1
DA:164,2
DA:165,2
DA:168,14
DA:169,7
DA:171,7
DA:174,26
DA:175,26
DA:176,26
DA:179,1
DA:180,56
DA:181,55
DA:182,19
DA:184,36
DA:185,16
DA:187,20
DA:198,1
DA:199,19
DA:200,19
DA:201,19
DA:208,1
DA:209,20
DA:210,20
DA:219,1
DA:220,11
DA:221,11
DA:222,11
DA:224,1
LF:116
LH:116
BRDA:20,0,0,71
BRDA:20,0,1,104
BRDA:21,1,0,76
BRDA:21,1,1,28
BRDA:26,2,0,1
BRDA:26,2,1,1
BRDA:38,3,0,1
BRDA:38,3,1,2
BRDA:56,4,0,107
BRDA:56,4,1,249
BRDA:62,5,0,6
BRDA:62,5,1,69
BRDA:67,6,0,6
BRDA:67,6,1,109
BRDA:94,7,0,1
BRDA:94,7,1,9
BRDA:94,8,0,10
BRDA:94,8,1,3
BRDA:97,9,0,3
BRDA:97,9,1,6
BRDA:97,10,0,9
BRDA:97,10,1,7
BRDA:100,11,0,2
BRDA:100,11,1,4
BRDA:100,12,0,6
BRDA:100,12,1,2
BRDA:111,13,0,22
BRDA:111,13,1,4
BRDA:114,14,0,2
BRDA:114,14,1,2
BRDA:115,15,0,1
BRDA:115,15,1,1
BRDA:121,16,0,1
BRDA:121,16,1,1
BRDA:130,17,0,18
BRDA:130,17,1,46
BRDA:134,18,0,28
BRDA:134,18,1,18
BRDA:136,19,0,17
BRDA:136,19,1,1
BRDA:143,20,0,35
BRDA:143,20,1,10
BRDA:148,21,0,1
BRDA:148,21,1,26
BRDA:149,22,0,12
BRDA:149,22,1,14
BRDA:150,23,0,6
BRDA:150,23,1,6
BRDA:150,24,0,12
BRDA:150,24,1,8
BRDA:153,25,0,2
BRDA:153,25,1,4
BRDA:156,26,0,2
BRDA:156,26,1,2
BRDA:168,27,0,7
BRDA:168,27,1,7
BRDA:180,28,0,1
BRDA:180,28,1,55
BRDA:181,29,0,19
BRDA:181,29,1,36
BRDA:184,30,0,16
BRDA:184,30,1,20
BRF:62
BRH:62
end_of_record
TN:
SF:Data-Structures\Tree\SegmentTree.js
FN:16,(anonymous_0)
FN:31,(anonymous_1)
FN:48,(anonymous_2)
FN:68,(anonymous_3)
FNF:4
FNH:4
FNDA:1,(anonymous_0)
FNDA:1,(anonymous_1)
FNDA:1,(anonymous_2)
FNDA:2,(anonymous_3)
DA:23,1
DA:24,1
DA:25,1
DA:27,1
DA:32,1
DA:36,1
DA:37,12
DA:42,1
DA:44,11
DA:49,1
DA:55,1
DA:57,1
DA:60,1
DA:63,3
DA:69,2
DA:71,2
DA:72,2
DA:75,2
DA:83,4
DA:84,0
DA:88,4
DA:89,4
DA:93,2
LF:23
LH:22
BRDA:83,0,0,0
BRDA:83,0,1,4
BRDA:88,1,0,4
BRDA:88,1,1,0
BRF:4
BRH:2
end_of_record
TN:
SF:Data-Structures\Vectors\Vector2.js
FN:9,(anonymous_0)
FN:20,(anonymous_1)
FN:31,(anonymous_2)
FN:40,(anonymous_3)
FN:49,(anonymous_4)
FN:63,(anonymous_5)
FN:75,(anonymous_6)
FN:87,(anonymous_7)
FN:99,(anonymous_8)
FN:110,(anonymous_9)
FN:120,(anonymous_10)
FN:134,(anonymous_11)
FNF:12
FNH:12
FNDA:58,(anonymous_0)
FNDA:2,(anonymous_1)
FNDA:12,(anonymous_2)
FNDA:6,(anonymous_3)
FNDA:2,(anonymous_4)
FNDA:2,(anonymous_5)
FNDA:4,(anonymous_6)
FNDA:2,(anonymous_7)
FNDA:2,(anonymous_8)
FNDA:2,(anonymous_9)
FNDA:2,(anonymous_10)
FNDA:2,(anonymous_11)
DA:10,58
DA:11,58
DA:21,2
DA:32,12
DA:41,6
DA:50,2
DA:51,2
DA:52,0
DA:54,2
DA:64,2
DA:65,2
DA:66,2
DA:76,4
DA:77,4
DA:78,4
DA:88,2
DA:89,2
DA:90,2
DA:100,2
DA:101,2
DA:111,2
DA:121,2
DA:122,2
DA:123,2
DA:124,2
DA:125,2
DA:135,2
LF:27
LH:26
BRDA:21,0,0,2
BRDA:21,0,1,1
BRDA:32,1,0,12
BRDA:32,1,1,11
BRDA:51,2,0,0
BRDA:51,2,1,2
BRF:6
BRH:5
end_of_record
TN:
SF:Dynamic-Programming\CatalanNumbers.js
FN:15,(anonymous_0)
FNF:1
FNH:1
FNDA:21,(anonymous_0)
DA:15,1
DA:16,21
DA:17,1
DA:19,20
DA:21,20
DA:22,190
DA:23,190
DA:24,1520
DA:26,190
DA:29,20
LF:10
LH:10
BRDA:16,0,0,1
BRDA:16,0,1,20
BRF:2
BRH:2
end_of_record
TN:
SF:Dynamic-Programming\ClimbingStairs.js
FN:9,(anonymous_0)
FNF:1
FNH:1
FNDA:4,(anonymous_0)
DA:9,1
DA:10,4
DA:11,4
DA:14,4
DA:15,26
DA:16,26
DA:17,26
DA:19,4
LF:8
LH:8
BRF:0
BRH:0
end_of_record
TN:
SF:Dynamic-Programming\CoinChange.js
FN:5,(anonymous_0)
FN:22,(anonymous_1)
FNF:2
FNH:2
FNDA:7,(anonymous_0)
FNDA:7,(anonymous_1)
DA:5,1
DA:7,7
DA:8,7
DA:10,7
DA:12,25
DA:13,3874
DA:16,7
DA:22,1
DA:23,7
DA:24,7
DA:25,670
DA:26,670
DA:27,3999
DA:28,3874
DA:30,670
DA:32,7
LF:16
LH:16
BRDA:27,0,0,125
BRDA:27,0,1,3874
BRDA:32,1,0,2
BRDA:32,1,1,5
BRF:4
BRH:4
end_of_record
TN:
SF:Dynamic-Programming\EditDistance.js
FN:15,(anonymous_0)
FN:18,(anonymous_1)
FNF:2
FNH:2
FNDA:3,(anonymous_0)
FNDA:23,(anonymous_1)
DA:15,1
DA:16,3
DA:17,3
DA:18,23
DA:26,3
DA:27,24
DA:30,3
DA:31,23
DA:38,3
DA:39,20
DA:40,147
DA:41,147
DA:43,147
DA:44,19
DA:46,128
DA:51,3
LF:16
LH:16
BRDA:43,0,0,19
BRDA:43,0,1,128
BRF:2
BRH:2
end_of_record
TN:
SF:Dynamic-Programming\FastFibonacciNumber.js
FN:10,(anonymous_0)
FN:18,(anonymous_1)
FNF:2
FNH:2
FNDA:21,(anonymous_0)
FNDA:8,(anonymous_1)
DA:10,1
DA:11,21
DA:12,16
DA:13,16
DA:14,16
DA:15,16
DA:18,1
DA:19,8
DA:20,3
DA:22,5
LF:10
LH:10
BRDA:11,0,0,5
BRDA:11,0,1,16
BRDA:15,1,0,8
BRDA:15,1,1,8
BRDA:19,2,0,3
BRDA:19,2,1,5
BRF:6
BRH:6
end_of_record
TN:
SF:Dynamic-Programming\FibonacciNumber.js
FN:8,(anonymous_0)
FNF:1
FNH:1
FNDA:13,(anonymous_0)
DA:8,2
DA:9,13
DA:10,3
DA:14,10
DA:15,10
DA:17,10
DA:18,657
DA:20,657
DA:21,657
DA:24,10
LF:10
LH:10
BRDA:9,0,0,3
BRDA:9,0,1,10
BRDA:24,1,0,9
BRDA:24,1,1,1
BRF:4
BRH:4
end_of_record
TN:
SF:Dynamic-Programming\KadaneAlgo.js
FN:12,kadaneAlgo
FNF:1
FNH:1
FNDA:2,kadaneAlgo
DA:13,2
DA:14,2
DA:15,2
DA:16,10
DA:17,10
DA:18,7
DA:19,3
DA:20,3
DA:23,2
LF:9
LH:9
BRDA:17,0,0,7
BRDA:17,0,1,3
BRDA:19,1,0,3
BRDA:19,1,1,0
BRF:4
BRH:3
end_of_record
TN:
SF:Dynamic-Programming\LevenshteinDistance.js
FN:10,minimum
FN:20,costOfSubstitution
FN:25,calculateLevenshteinDp
FNF:3
FNH:3
FNDA:106,minimum
FNDA:106,costOfSubstitution
FNDA:3,calculateLevenshteinDp
DA:11,106
DA:12,27
DA:13,79
DA:14,20
DA:16,59
DA:21,106
DA:26,3
DA:27,3
DA:28,19
DA:31,3
DA:32,19
DA:33,144
DA:34,22
DA:35,122
DA:36,16
DA:38,106
DA:43,3
LF:17
LH:17
BRDA:11,0,0,27
BRDA:11,0,1,79
BRDA:11,1,0,106
BRDA:11,1,1,73
BRDA:13,2,0,20
BRDA:13,2,1,59
BRDA:13,3,0,79
BRDA:13,3,1,20
BRDA:21,4,0,15
BRDA:21,4,1,91
BRDA:33,5,0,22
BRDA:33,5,1,122
BRDA:35,6,0,16
BRDA:35,6,1,106
BRF:14
BRH:14
end_of_record
TN:
SF:Dynamic-Programming\LongestCommonSubsequence.js
FN:30,longestCommonSubsequence
FN:32,(anonymous_1)
FN:34,recursive
FNF:3
FNH:3
FNDA:17,longestCommonSubsequence
FNDA:74,(anonymous_1)
FNDA:512,recursive
DA:31,17
DA:32,74
DA:35,512
DA:36,86
DA:39,426
DA:40,166
DA:43,260
DA:44,25
DA:45,25
DA:47,235
DA:51,235
DA:55,17
LF:12
LH:12
BRDA:35,0,0,86
BRDA:35,0,1,426
BRDA:35,1,0,512
BRDA:35,1,1,464
BRDA:39,2,0,166
BRDA:39,2,1,260
BRDA:43,3,0,25
BRDA:43,3,1,235
BRF:8
BRH:8
end_of_record
TN:
SF:Dynamic-Programming\LongestPalindromicSubsequence.js
FN:9,(anonymous_0)
FN:12,(anonymous_1)
FN:12,(anonymous_2)
FNF:3
FNH:3
FNDA:4,(anonymous_0)
FNDA:28,(anonymous_1)
FNDA:226,(anonymous_2)
DA:9,1
DA:10,4
DA:12,226
DA:15,4
DA:16,28
DA:19,4
DA:20,24
DA:21,99
DA:22,99
DA:23,11
DA:25,88
DA:30,4
LF:12
LH:12
BRDA:22,0,0,11
BRDA:22,0,1,88
BRF:2
BRH:2
end_of_record
TN:
SF:Dynamic-Programming\LongestValidParentheses.js
FN:8,(anonymous_0)
FNF:1
FNH:1
FNDA:4,(anonymous_0)
DA:8,1
DA:9,4
DA:10,4
DA:13,4
DA:15,4
DA:16,12
DA:18,12
DA:19,3
DA:20,3
DA:21,3
DA:23,9
DA:28,4
DA:29,9
DA:33,4
DA:34,4
LF:15
LH:15
BRDA:18,0,0,3
BRDA:18,0,1,9
BRDA:18,1,0,12
BRDA:18,1,1,5
BRF:4
BRH:4
end_of_record
TN:
SF:Dynamic-Programming\MaxProductOfThree.js
FN:8,maxProductOfThree
FNF:1
FNH:1
FNDA:3,maxProductOfThree
DA:10,3
DA:11,3
DA:12,2
DA:13,2
DA:14,2
DA:15,2
DA:16,2
DA:17,2
DA:18,10
DA:19,0
DA:20,0
DA:21,0
DA:22,10
DA:23,3
DA:24,3
DA:25,7
DA:26,2
DA:28,10
DA:29,7
DA:30,7
DA:31,3
DA:32,3
DA:35,2
DA:36,2
DA:37,2
LF:25
LH:22
BRDA:11,0,0,1
BRDA:11,0,1,2
BRDA:18,1,0,0
BRDA:18,1,1,10
BRDA:22,2,0,3
BRDA:22,2,1,7
BRDA:22,3,0,10
BRDA:22,3,1,8
BRDA:25,4,0,2
BRDA:25,4,1,5
BRDA:25,5,0,7
BRDA:25,5,1,6
BRDA:28,6,0,7
BRDA:28,6,1,3
BRDA:31,7,0,3
BRDA:31,7,1,0
BRDA:31,8,0,3
BRDA:31,8,1,3
BRF:18
BRH:16
end_of_record
TN:
SF:Dynamic-Programming\RodCutting.js
FN:6,rodCut
FNF:1
FNH:1
FNDA:5,rodCut
DA:7,5
DA:8,5
DA:10,5
DA:11,32
DA:12,129
DA:13,32
DA:16,5
LF:7
LH:7
BRF:0
BRH:0
end_of_record
TN:
SF:Dynamic-Programming\SieveOfEratosthenes.js
FN:8,sieveOfEratosthenes
FN:20,(anonymous_1)
FNF:2
FNH:2
FNDA:5,sieveOfEratosthenes
FNDA:106,(anonymous_1)
DA:9,5
DA:10,3
DA:11,3
DA:12,3
DA:13,12
DA:14,8
DA:15,89
DA:20,3
DA:21,106
DA:22,32
DA:24,106
LF:11
LH:11
BRDA:9,0,0,2
BRDA:9,0,1,3
BRDA:13,1,0,8
BRDA:13,1,1,4
BRDA:21,2,0,32
BRDA:21,2,1,74
BRF:6
BRH:6
end_of_record
TN:
SF:Dynamic-Programming\TrappingRainWater.js
FN:38,(anonymous_0)
FN:60,(anonymous_1)
FNF:2
FNH:2
FNDA:2,(anonymous_0)
FNDA:18,(anonymous_1)
DA:38,1
DA:39,2
DA:41,2
DA:42,2
DA:43,18
DA:44,18
DA:45,18
DA:48,2
DA:49,2
DA:50,18
DA:51,18
DA:53,18
DA:54,9
DA:56,9
DA:58,18
DA:60,18
LF:16
LH:16
BRDA:53,0,0,9
BRDA:53,0,1,9
BRF:2
BRH:2
end_of_record
TN:
SF:Dynamic-Programming\TribonacciNumber.js
FN:8,(anonymous_0)
FNF:1
FNH:1
FNDA:5,(anonymous_0)
DA:8,1
DA:10,5
DA:11,5
DA:12,5
DA:13,5
DA:14,5
DA:15,31
DA:17,5
LF:8
LH:8
BRF:0
BRH:0
end_of_record
TN:
SF:Dynamic-Programming\UniquePaths.js
FN:22,(anonymous_0)
FNF:1
FNH:1
FNDA:2,(anonymous_0)
DA:22,1
DA:24,2
DA:28,2
DA:30,2
DA:31,15
DA:35,93
DA:38,2
LF:7
LH:7
BRDA:24,0,0,0
BRDA:24,0,1,2
BRDA:24,1,0,2
BRDA:24,1,1,2
BRF:4
BRH:3
end_of_record
TN:
SF:Dynamic-Programming\UniquePaths2.js
FN:24,(anonymous_0)
FN:41,(anonymous_1)
FNF:2
FNH:2
FNDA:4,(anonymous_0)
FNDA:6,(anonymous_1)
DA:24,1
DA:25,4
DA:26,4
DA:27,12
DA:28,12
DA:29,36
DA:31,12
DA:33,4
DA:41,1
DA:42,6
DA:43,2
DA:46,4
DA:47,4
DA:48,4
DA:51,4
DA:54,12
DA:55,1
DA:57,11
DA:59,4
DA:60,12
DA:61,0
DA:63,12
DA:68,4
DA:69,8
DA:70,16
DA:73,4
LF:26
LH:25
BRDA:24,0,0,4
BRDA:42,1,0,2
BRDA:42,1,1,4
BRDA:54,2,0,1
BRDA:54,2,1,11
BRDA:60,3,0,0
BRDA:60,3,1,12
BRDA:70,4,0,2
BRDA:70,4,1,14
BRF:9
BRH:8
end_of_record
TN:
SF:Dynamic-Programming\ZeroOneKnapsack.js
FN:6,(anonymous_0)
FN:23,(anonymous_1)
FN:55,(anonymous_2)
FNF:3
FNH:1
FNDA:25,(anonymous_0)
FNDA:0,(anonymous_1)
FNDA:0,(anonymous_2)
DA:6,1
DA:7,25
DA:8,11
DA:9,11
DA:11,14
DA:12,2
DA:14,12
DA:15,10
DA:16,10
DA:18,2
DA:19,2
DA:23,1
DA:31,0
DA:39,0
DA:40,0
DA:41,0
DA:43,0
DA:45,0
DA:46,0
DA:47,0
DA:48,0
DA:49,0
DA:50,0
DA:51,0
DA:52,0
DA:53,0
DA:55,0
DA:56,0
DA:58,0
DA:59,0
DA:60,0
DA:61,0
DA:62,0
DA:64,0
DA:66,0
DA:67,0
DA:68,0
DA:71,0
LF:38
LH:12
BRDA:7,0,0,11
BRDA:7,0,1,14
BRDA:7,1,0,25
BRDA:7,1,1,20
BRDA:11,2,0,2
BRDA:11,2,1,12
BRDA:14,3,0,10
BRDA:14,3,1,2
BRF:8
BRH:8
end_of_record
TN:
SF:Dynamic-Programming\Sliding-Window\HouseRobber.js
FN:8,(anonymous_0)
FNF:1
FNH:1
FNDA:5,(anonymous_0)
DA:8,1
DA:9,5
DA:11,5
DA:12,4
DA:13,3
DA:15,2
DA:16,2
DA:17,2
DA:19,2
DA:20,5
DA:22,2
LF:11
LH:11
BRDA:11,0,0,1
BRDA:11,0,1,4
BRDA:12,1,0,1
BRDA:12,1,1,3
BRDA:13,2,0,1
BRDA:13,2,1,2
BRF:6
BRH:6
end_of_record
TN:
SF:Dynamic-Programming\Sliding-Window\LongestSubstringWithoutRepeatingCharacters.js
FN:13,LongestSubstringWithoutRepeatingCharacters
FNF:1
FNH:1
FNDA:5,LongestSubstringWithoutRepeatingCharacters
DA:14,5
DA:15,5
DA:16,5
DA:17,5
DA:18,5
DA:19,31
DA:20,20
DA:21,20
DA:22,20
DA:24,11
DA:25,3
DA:26,3
DA:28,11
DA:29,11
DA:32,5
LF:15
LH:15
BRDA:19,0,0,20
BRDA:19,0,1,11
BRF:2
BRH:2
end_of_record
TN:
SF:Dynamic-Programming\Sliding-Window\MaxConsecutiveOnes.js
FN:8,(anonymous_0)
FNF:1
FNH:1
FNDA:4,(anonymous_0)
DA:8,1
DA:9,4
DA:11,3
DA:12,3
DA:14,3
DA:15,3
DA:19,22
DA:21,22
DA:22,18
DA:23,7
DA:25,18
DA:27,22
DA:29,3
LF:13
LH:13
BRDA:9,0,0,1
BRDA:9,0,1,3
BRDA:19,1,0,7
BRDA:19,1,1,15
BRDA:22,2,0,7
BRDA:22,2,1,11
BRF:6
BRH:6
end_of_record
TN:
SF:Dynamic-Programming\Sliding-Window\MaxConsecutiveOnesIII.js
FN:9,(anonymous_0)
FNF:1
FNH:1
FNDA:3,(anonymous_0)
DA:9,1
DA:10,3
DA:12,2
DA:14,2
DA:15,2
DA:19,14
DA:20,3
DA:23,14
DA:24,0
DA:25,0
DA:27,0
DA:29,14
DA:31,2
LF:13
LH:10
BRDA:10,0,0,1
BRDA:10,0,1,2
BRDA:19,1,0,3
BRDA:19,1,1,11
BRDA:24,2,0,0
BRDA:24,2,1,0
BRF:6
BRH:4
end_of_record
TN:
SF:Dynamic-Programming\Sliding-Window\PermutationinString.js
FN:15,PermutationinString
FN:38,equals
FN:42,SetHash
FNF:3
FNH:3
FNDA:4,PermutationinString
FNDA:21,equals
FNDA:6,SetHash
DA:16,4
DA:17,3
DA:18,3
DA:19,3
DA:20,3
DA:21,3
DA:22,7
DA:23,7
DA:25,3
DA:26,2
DA:27,9
DA:28,9
DA:29,9
DA:30,9
DA:31,9
DA:32,9
DA:33,9
DA:34,9
DA:36,1
DA:39,21
DA:43,6
DA:44,6
DA:45,6
DA:46,156
DA:48,6
LF:25
LH:25
BRDA:16,0,0,1
BRDA:16,0,1,3
BRDA:25,1,0,1
BRDA:25,1,1,2
BRDA:27,2,0,0
BRDA:27,2,1,9
BRDA:31,3,0,9
BRDA:31,3,1,0
BRDA:34,4,0,1
BRDA:34,4,1,8
BRF:10
BRH:8
end_of_record
TN:
SF:Geometry\Circle.js
FN:8,(anonymous_0)
FN:12,(anonymous_1)
FN:16,(anonymous_2)
FNF:3
FNH:3
FNDA:1,(anonymous_0)
FNDA:1,(anonymous_1)
FNDA:1,(anonymous_2)
DA:9,1
DA:12,1
DA:13,1
DA:16,1
DA:17,1
LF:5
LH:5
BRF:0
BRH:0
end_of_record
TN:
SF:Geometry\Cone.js
FN:9,(anonymous_0)
FN:14,(anonymous_1)
FN:18,(anonymous_2)
FN:22,(anonymous_3)
FNF:4
FNH:4
FNDA:1,(anonymous_0)
FNDA:2,(anonymous_1)
FNDA:1,(anonymous_2)
FNDA:1,(anonymous_3)
DA:10,1
DA:11,1
DA:14,1
DA:15,2
DA:18,1
DA:19,1
DA:22,1
DA:23,1
LF:8
LH:8
BRF:0
BRH:0
end_of_record
TN:
SF:Geometry\ConvexHullGraham.js
FN:9,compare
FN:15,orientation
FN:28,convexHull
FNF:3
FNH:3
FNDA:33,compare
FNDA:47,orientation
FNDA:2,convexHull
DA:11,33
DA:12,19
DA:13,16
DA:17,47
DA:18,47
DA:21,47
DA:23,23
DA:25,7
DA:29,2
DA:30,2
DA:31,0
DA:34,2
DA:35,2
DA:38,2
DA:40,2
DA:41,2
DA:43,2
DA:44,14
DA:45,11
DA:47,11
DA:48,7
DA:49,7
DA:51,11
DA:53,14
DA:54,8
DA:55,8
DA:56,4
DA:57,4
DA:59,8
DA:62,2
DA:63,2
DA:64,2
DA:66,2
DA:67,6
DA:70,2
LF:35
LH:34
BRDA:11,0,0,14
BRDA:11,0,1,19
BRDA:12,1,0,3
BRDA:12,1,1,16
BRDA:12,2,0,19
BRDA:12,2,1,5
BRDA:21,3,0,24
BRDA:21,3,1,23
BRDA:23,4,0,16
BRDA:23,4,1,7
BRDA:30,5,0,0
BRDA:30,5,1,2
BRDA:44,6,0,11
BRDA:44,6,1,3
BRDA:44,7,0,14
BRDA:44,7,1,12
BRDA:47,8,0,18
BRDA:47,8,1,15
BRDA:53,9,0,8
BRDA:53,9,1,6
BRDA:53,10,0,14
BRDA:53,10,1,12
BRDA:55,11,0,12
BRDA:55,11,1,8
BRF:24
BRH:23
end_of_record
TN:
SF:Geometry\Pyramid.js
FN:9,(anonymous_0)
FN:14,(anonymous_1)
FN:18,(anonymous_2)
FN:22,(anonymous_3)
FNF:4
FNH:4
FNDA:1,(anonymous_0)
FNDA:2,(anonymous_1)
FNDA:1,(anonymous_2)
FNDA:1,(anonymous_3)
DA:10,1
DA:11,1
DA:14,1
DA:15,2
DA:18,1
DA:19,1
DA:22,1
DA:23,1
LF:8
LH:8
BRF:0
BRH:0
end_of_record
TN:
SF:Geometry\Sphere.js
FN:8,(anonymous_0)
FN:12,(anonymous_1)
FN:16,(anonymous_2)
FNF:3
FNH:3
FNDA:1,(anonymous_0)
FNDA:1,(anonymous_1)
FNDA:1,(anonymous_2)
DA:9,1
DA:12,1
DA:13,1
DA:16,1
DA:17,1
LF:5
LH:5
BRF:0
BRH:0
end_of_record
TN:
SF:Graphs\BellmanFord.js
FN:28,BellmanFord
FNF:1
FNH:1
FNDA:3,BellmanFord
DA:30,3
DA:32,3
DA:37,3
DA:38,12
DA:39,92
DA:43,3
DA:44,22
DA:45,22
DA:46,22
DA:47,22
DA:48,0
DA:51,3
DA:52,11
LF:13
LH:12
BRDA:39,0,0,17
BRDA:39,0,1,75
BRDA:47,1,0,0
BRDA:47,1,1,22
BRDA:47,2,0,22
BRDA:47,2,1,22
BRDA:52,3,0,3
BRDA:52,3,1,8
BRF:8
BRH:7
end_of_record
TN:
SF:Graphs\BinaryLifting.js
FN:13,(anonymous_0)
FN:24,(anonymous_1)
FN:29,(anonymous_2)
FN:41,(anonymous_3)
FN:56,(anonymous_4)
FN:72,binaryLifting
FNF:6
FNH:6
FNDA:4,(anonymous_0)
FNDA:42,(anonymous_1)
FNDA:38,(anonymous_2)
FNDA:42,(anonymous_3)
FNDA:28,(anonymous_4)
FNDA:2,binaryLifting
DA:14,4
DA:15,4
DA:16,4
DA:17,4
DA:18,38
DA:20,4
DA:21,4
DA:26,42
DA:31,38
DA:32,4
DA:34,38
DA:35,38
DA:37,38
DA:38,38
DA:44,42
DA:45,42
DA:46,42
DA:47,126
DA:51,42
DA:52,76
DA:58,28
DA:59,0
DA:63,28
DA:64,112
DA:65,27
DA:68,28
DA:73,2
DA:74,2
DA:75,2
DA:76,15
DA:77,15
DA:79,2
LF:32
LH:31
BRDA:31,0,0,4
BRDA:31,0,1,34
BRDA:34,1,0,38
BRDA:34,1,1,0
BRDA:52,2,0,38
BRDA:52,2,1,38
BRDA:58,3,0,0
BRDA:58,3,1,28
BRDA:64,4,0,27
BRDA:64,4,1,85
BRF:10
BRH:8
end_of_record
TN:
SF:Graphs\BreadthFirstSearch.js
FN:12,breadthFirstSearch
FNF:1
FNH:1
FNDA:3,breadthFirstSearch
DA:14,3
DA:17,3
DA:18,3
DA:20,3
DA:22,15
DA:24,15
DA:26,11
DA:27,11
DA:30,11
DA:31,12
DA:36,3
LF:11
LH:11
BRDA:24,0,0,11
BRDA:24,0,1,4
BRF:2
BRH:2
end_of_record
TN:
SF:Graphs\BreadthFirstShortestPath.js
FN:11,breadthFirstShortestPath
FNF:1
FNH:1
FNDA:4,breadthFirstShortestPath
DA:13,4
DA:14,0
DA:18,4
DA:21,4
DA:22,4
DA:23,4
DA:25,4
DA:27,14
DA:28,14
DA:31,14
DA:33,12
DA:35,12
DA:38,12
DA:39,14
DA:42,14
DA:43,3
DA:47,11
DA:53,1
LF:18
LH:17
BRDA:13,0,0,0
BRDA:13,0,1,4
BRDA:31,1,0,12
BRDA:31,1,1,2
BRDA:42,2,0,3
BRDA:42,2,1,11
BRF:6
BRH:5
end_of_record
TN:
SF:Graphs\Kosaraju.js
FN:12,(anonymous_0)
FN:23,(anonymous_1)
FN:30,(anonymous_2)
FN:42,(anonymous_3)
FN:50,(anonymous_4)
FN:53,(anonymous_5)
FN:59,(anonymous_6)
FN:69,(anonymous_7)
FN:83,kosaraju
FNF:9
FNH:9
FNDA:2,(anonymous_0)
FNDA:11,(anonymous_1)
FNDA:12,(anonymous_2)
FNDA:11,(anonymous_3)
FNDA:2,(anonymous_4)
FNDA:11,(anonymous_5)
FNDA:11,(anonymous_6)
FNDA:2,(anonymous_7)
FNDA:2,kosaraju
DA:13,2
DA:14,2
DA:15,2
DA:16,2
DA:17,12
DA:19,2
DA:20,2
DA:25,11
DA:26,11
DA:27,11
DA:32,12
DA:33,2
DA:35,12
DA:36,9
DA:38,12
DA:39,12
DA:43,11
DA:44,11
DA:45,12
DA:47,11
DA:52,2
DA:53,11
DA:54,2
DA:55,11
DA:60,11
DA:61,11
DA:64,11
DA:65,12
DA:71,2
DA:72,2
DA:73,11
DA:74,11
DA:75,5
DA:76,5
DA:79,2
DA:84,2
DA:85,2
LF:37
LH:37
BRDA:32,0,0,2
BRDA:32,0,1,10
BRDA:32,1,0,12
BRDA:32,1,1,10
BRDA:35,2,0,9
BRDA:35,2,1,3
BRDA:35,3,0,12
BRDA:35,3,1,3
BRDA:45,4,0,9
BRDA:45,4,1,3
BRDA:55,5,0,2
BRDA:55,5,1,9
BRDA:65,6,0,6
BRDA:65,6,1,6
BRDA:74,7,0,5
BRDA:74,7,1,6
BRF:16
BRH:16
end_of_record
TN:
SF:Graphs\LCABinaryLifting.js
FN:12,(anonymous_0)
FN:19,(anonymous_1)
FN:29,(anonymous_2)
FN:51,lcaBinaryLifting
FNF:4
FNH:4
FNDA:2,(anonymous_0)
FNDA:21,(anonymous_1)
FNDA:13,(anonymous_2)
FNDA:2,lcaBinaryLifting
DA:13,2
DA:14,2
DA:15,2
DA:16,2
DA:21,21
DA:22,38
DA:23,19
DA:24,19
DA:31,13
DA:32,4
DA:35,13
DA:36,13
DA:37,13
DA:38,3
DA:41,10
DA:42,40
DA:43,3
DA:44,3
DA:47,10
DA:52,2
DA:53,2
DA:54,2
DA:55,13
DA:56,13
DA:58,2
LF:25
LH:25
BRDA:22,0,0,19
BRDA:22,0,1,19
BRDA:31,1,0,4
BRDA:31,1,1,9
BRDA:37,2,0,3
BRDA:37,2,1,10
BRDA:42,3,0,3
BRDA:42,3,1,37
BRF:8
BRH:8
end_of_record
TN:
SF:Graphs\NumberOfIslands.js
FN:50,(anonymous_0)
FN:54,(anonymous_1)
FNF:2
FNH:2
FNDA:3,(anonymous_0)
FNDA:48,(anonymous_1)
DA:50,1
DA:51,3
DA:52,3
DA:54,3
DA:55,48
DA:56,40
DA:58,35
DA:59,35
DA:61,11
DA:63,11
DA:64,11
DA:65,11
DA:66,11
DA:69,3
DA:70,10
DA:71,32
DA:72,32
DA:73,4
DA:74,4
DA:78,3
LF:20
LH:20
BRDA:55,0,0,8
BRDA:55,0,1,40
BRDA:55,1,0,48
BRDA:55,1,1,44
BRDA:56,2,0,5
BRDA:56,2,1,35
BRDA:56,3,0,40
BRDA:56,3,1,38
BRDA:59,4,0,24
BRDA:59,4,1,11
BRDA:72,5,0,4
BRDA:72,5,1,28
BRF:12
BRH:12
end_of_record
TN:
SF:Maths\Abs.js
FN:12,(anonymous_0)
FNF:1
FNH:1
FNDA:11,(anonymous_0)
DA:12,1
DA:13,11
DA:15,11
DA:16,3
DA:19,8
LF:5
LH:5
BRDA:15,0,0,3
BRDA:15,0,1,8
BRDA:19,1,0,4
BRDA:19,1,1,4
BRF:4
BRH:4
end_of_record
TN:
SF:Maths\AliquotSum.js
FN:14,aliquotSum
FNF:1
FNH:1
FNDA:3,aliquotSum
DA:16,3
DA:19,3
DA:22,3
DA:24,2
DA:25,2
DA:26,17
DA:29,2
LF:7
LH:7
BRDA:16,0,0,0
BRDA:16,0,1,3
BRDA:19,1,0,0
BRDA:19,1,1,3
BRDA:22,2,0,1
BRDA:22,2,1,2
BRDA:26,3,0,8
BRDA:26,3,1,9
BRF:8
BRH:6
end_of_record
TN:
SF:Maths\Area.js
FN:13,(anonymous_0)
FN:26,(anonymous_1)
FN:40,(anonymous_2)
FN:54,(anonymous_3)
FN:68,(anonymous_4)
FN:84,(anonymous_5)
FN:114,(anonymous_6)
FN:130,(anonymous_7)
FN:145,(anonymous_8)
FN:159,(anonymous_9)
FN:165,(anonymous_10)
FNF:11
FNH:11
FNDA:4,(anonymous_0)
FNDA:2,(anonymous_1)
FNDA:5,(anonymous_2)
FNDA:3,(anonymous_3)
FNDA:3,(anonymous_4)
FNDA:4,(anonymous_5)
FNDA:3,(anonymous_6)
FNDA:4,(anonymous_7)
FNDA:3,(anonymous_8)
FNDA:3,(anonymous_9)
FNDA:53,(anonymous_10)
DA:13,1
DA:14,4
DA:15,2
DA:26,1
DA:27,2
DA:28,1
DA:40,1
DA:41,5
DA:42,3
DA:43,1
DA:54,1
DA:55,3
DA:56,1
DA:68,1
DA:69,3
DA:70,2
DA:71,1
DA:84,1
DA:85,4
DA:86,3
DA:87,2
DA:88,2
DA:93,1
DA:96,1
DA:99,1
DA:102,1
DA:114,1
DA:115,3
DA:116,2
DA:117,1
DA:130,1
DA:131,4
DA:132,3
DA:133,2
DA:134,1
DA:145,1
DA:146,3
DA:147,1
DA:159,1
DA:160,3
DA:161,2
DA:162,1
DA:165,1
DA:166,53
DA:167,11
DA:168,42
DA:169,11
LF:47
LH:47
BRDA:88,0,0,1
BRDA:88,0,1,1
BRDA:89,1,0,2
BRDA:89,1,1,1
BRDA:89,1,2,1
BRDA:165,2,0,0
BRDA:166,3,0,11
BRDA:166,3,1,42
BRDA:168,4,0,11
BRDA:168,4,1,31
BRF:10
BRH:9
end_of_record
TN:
SF:Maths\ArithmeticGeometricMean.js
FN:10,(anonymous_0)
FNF:1
FNH:1
FNDA:22,(anonymous_0)
DA:10,1
DA:11,22
DA:12,21
DA:13,19
DA:15,16
DA:16,3292
DA:27,16
LF:7
LH:7
BRDA:11,0,0,1
BRDA:11,0,1,21
BRDA:11,1,0,22
BRDA:11,1,1,3
BRDA:12,2,0,2
BRDA:12,2,1,19
BRDA:12,3,0,21
BRDA:12,3,1,3
BRDA:13,4,0,3
BRDA:13,4,1,16
BRDA:17,5,0,3292
BRDA:17,5,1,3283
BRF:12
BRH:12
end_of_record
TN:
SF:Maths\ArmstrongNumber.js
FN:11,(anonymous_0)
FN:17,(anonymous_1)
FNF:2
FNH:2
FNDA:3,(anonymous_0)
FNDA:6,(anonymous_1)
DA:11,1
DA:12,3
DA:14,2
DA:16,2
DA:17,2
DA:18,6
DA:21,2
LF:7
LH:7
BRDA:12,0,0,1
BRDA:12,0,1,2
BRDA:12,1,0,3
BRDA:12,1,1,2
BRF:4
BRH:4
end_of_record
TN:
SF:Maths\AverageMean.js
FN:11,(anonymous_0)
FN:17,(anonymous_1)
FNF:2
FNH:2
FNDA:4,(anonymous_0)
FNDA:13,(anonymous_1)
DA:11,2
DA:12,4
DA:13,1
DA:17,13
DA:20,3
LF:5
LH:5
BRDA:12,0,0,1
BRDA:12,0,1,3
BRF:2
BRH:2
end_of_record
TN:
SF:Maths\AverageMedian.js
FN:11,(anonymous_0)
FN:26,(anonymous_1)
FNF:2
FNH:2
FNDA:4,(anonymous_0)
FNDA:35,(anonymous_1)
DA:11,1
DA:12,4
DA:13,4
DA:14,4
DA:15,4
DA:17,4
DA:18,2
DA:20,2
DA:23,4
DA:26,1
DA:27,35
LF:11
LH:11
BRDA:17,0,0,2
BRDA:17,0,1,2
BRF:2
BRH:2
end_of_record
TN:
SF:Maths\BinaryConvert.js
FN:11,(anonymous_0)
FNF:1
FNH:1
FNDA:6,(anonymous_0)
DA:11,1
DA:12,6
DA:13,6
DA:15,6
DA:16,43
DA:17,43
DA:18,43
DA:19,43
DA:22,6
LF:9
LH:9
BRF:0
BRH:0
end_of_record
TN:
SF:Maths\BinaryExponentiationIterative.js
FN:14,(anonymous_0)
FNF:1
FNH:1
FNDA:3,(anonymous_0)
DA:14,1
DA:15,3
DA:16,3
DA:17,6
DA:18,6
DA:19,6
DA:21,3
LF:7
LH:7
BRDA:17,0,0,5
BRDA:17,0,1,1
BRDA:19,1,0,4
BRDA:19,1,1,2
BRF:4
BRH:4
end_of_record
TN:
SF:Maths\BinaryExponentiationRecursive.js
FN:9,(anonymous_0)
FNF:1
FNH:1
FNDA:12,(anonymous_0)
DA:9,1
DA:12,12
DA:13,2
DA:14,10
DA:15,4
DA:17,6
DA:18,6
LF:7
LH:7
BRDA:12,0,0,2
BRDA:12,0,1,10
BRDA:14,1,0,4
BRDA:14,1,1,6
BRF:4
BRH:4
end_of_record
TN:
SF:Maths\BinomialCoefficient.js
FN:19,(anonymous_0)
FNF:1
FNH:1
FNDA:6,(anonymous_0)
DA:19,1
DA:20,6
DA:21,1
DA:23,5
DA:24,3
DA:26,2
DA:27,2
DA:28,8
DA:30,2
LF:9
LH:9
BRDA:20,0,0,1
BRDA:20,0,1,5
BRDA:20,1,0,6
BRDA:20,1,1,5
BRDA:23,2,0,3
BRDA:23,2,1,2
BRDA:23,3,0,5
BRDA:23,3,1,3
BRF:8
BRH:8
end_of_record
TN:
SF:Maths\BisectionMethod.js
FN:15,(anonymous_0)
FN:17,(anonymous_1)
FN:24,(anonymous_2)
FNF:3
FNH:3
FNDA:75,(anonymous_0)
FNDA:150,(anonymous_1)
FNDA:75,(anonymous_2)
DA:15,1
DA:17,75
DA:18,150
DA:19,150
DA:21,75
DA:24,75
DA:25,75
DA:27,75
DA:30,75
DA:33,75
DA:36,72
DA:37,72
DA:38,72
DA:41,72
DA:42,40
DA:43,0
LF:16
LH:15
BRDA:21,0,0,0
BRDA:21,0,1,75
BRDA:21,1,0,75
BRDA:21,1,1,75
BRDA:27,2,0,0
BRDA:27,2,1,75
BRDA:33,3,0,3
BRDA:33,3,1,72
BRDA:41,4,0,32
BRDA:41,4,1,40
BRDA:41,5,0,72
BRDA:41,5,1,32
BRDA:42,6,0,40
BRDA:42,6,1,0
BRDA:42,7,0,40
BRDA:42,7,1,40
BRF:16
BRH:13
end_of_record
TN:
SF:Maths\CircularArc.js
FN:12,circularArcLength
FN:24,circularArcArea
FNF:2
FNH:2
FNDA:2,circularArcLength
FNDA:2,circularArcArea
DA:13,2
DA:25,2
LF:2
LH:2
BRF:0
BRH:0
end_of_record
TN:
SF:Maths\CoPrimeCheck.js
FN:13,(anonymous_0)
FN:28,(anonymous_1)
FNF:2
FNH:2
FNDA:10,(anonymous_0)
FNDA:10,(anonymous_1)
DA:13,1
DA:14,10
DA:15,10
DA:16,32
DA:18,6
DA:28,1
DA:30,10
DA:31,0
DA:37,10
LF:9
LH:8
BRDA:14,0,0,0
BRDA:14,0,1,10
BRDA:16,1,0,4
BRDA:16,1,1,28
BRDA:16,2,0,32
BRDA:16,2,1,12
BRDA:30,3,0,0
BRDA:30,3,1,10
BRDA:30,4,0,10
BRDA:30,4,1,10
BRF:10
BRH:8
end_of_record
TN:
SF:Maths\CollatzSequence.js
FN:16,collatz
FNF:1
FNH:1
FNDA:2,collatz
DA:17,2
DA:19,2
DA:20,5
DA:21,4
DA:23,1
DA:26,5
DA:29,2
LF:7
LH:7
BRDA:20,0,0,4
BRDA:20,0,1,1
BRF:2
BRH:2
end_of_record
TN:
SF:Maths\Coordinate.js
FN:7,(anonymous_0)
FN:13,(anonymous_1)
FNF:2
FNH:2
FNDA:6,(anonymous_0)
FNDA:6,(anonymous_1)
DA:7,1
DA:8,6
DA:9,6
DA:10,6
DA:13,1
DA:14,6
DA:15,6
DA:16,6
LF:8
LH:8
BRF:0
BRH:0
end_of_record
TN:
SF:Maths\CountNumbersDivisible.js
FN:21,(anonymous_0)
FNF:1
FNH:1
FNDA:7,(anonymous_0)
DA:21,1
DA:22,7
DA:23,1
DA:27,6
DA:28,1
DA:33,5
DA:34,1
DA:39,4
DA:40,4
DA:43,4
DA:48,4
DA:49,1
DA:54,4
LF:13
LH:13
BRDA:22,0,0,1
BRDA:22,0,1,6
BRDA:22,1,0,7
BRDA:22,1,1,6
BRDA:22,1,2,6
BRDA:27,2,0,1
BRDA:27,2,1,5
BRDA:33,3,0,1
BRDA:33,3,1,4
BRDA:48,4,0,1
BRDA:48,4,1,3
BRF:11
BRH:11
end_of_record
TN:
SF:Maths\DecimalExpansion.js
FN:23,decExp
FNF:1
FNH:1
FNDA:78,decExp
DA:24,78
DA:25,4
DA:28,74
DA:29,0
DA:32,74
DA:33,2
DA:38,72
DA:40,72
DA:41,28
DA:42,28
DA:46,44
DA:47,44
DA:50,44
DA:52,44
DA:54,12
DA:58,32
DA:62,32
DA:63,11
DA:66,21
LF:19
LH:18
BRDA:23,0,0,11
BRDA:23,1,0,29
BRDA:23,2,0,29
BRDA:23,3,0,29
BRDA:24,4,0,4
BRDA:24,4,1,74
BRDA:24,5,0,78
BRDA:24,5,1,75
BRDA:28,6,0,0
BRDA:28,6,1,74
BRDA:32,7,0,2
BRDA:32,7,1,72
BRDA:32,8,0,74
BRDA:32,8,1,6
BRDA:40,9,0,28
BRDA:40,9,1,44
BRDA:52,10,0,12
BRDA:52,10,1,32
BRDA:62,11,0,11
BRDA:62,11,1,21
BRF:20
BRH:19
end_of_record
TN:
SF:Maths\DegreeToRadian.js
FN:21,(anonymous_0)
FNF:1
FNH:1
FNDA:8,(anonymous_0)
DA:21,2
DA:22,8
LF:2
LH:2
BRF:0
BRH:0
end_of_record
TN:
SF:Maths\EulerMethod.js
FN:11,eulerStep
FN:16,eulerFull
FNF:2
FNH:2
FNDA:7,eulerStep
FNDA:2,eulerFull
DA:13,7
DA:18,2
DA:19,2
DA:20,2
DA:22,2
DA:24,5
DA:25,5
DA:26,5
DA:29,2
LF:9
LH:9
BRF:0
BRH:0
end_of_record
TN:
SF:Maths\EulersTotient.js
FN:11,(anonymous_0)
FNF:1
FNH:1
FNDA:2,(anonymous_0)
DA:11,1
DA:14,2
DA:15,2
DA:16,3
DA:17,2
DA:18,3
DA:22,2
DA:25,2
DA:26,1
DA:28,2
LF:10
LH:10
BRDA:16,0,0,2
BRDA:16,0,1,1
BRDA:25,1,0,1
BRDA:25,1,1,1
BRF:4
BRH:4
end_of_record
TN:
SF:Maths\EulersTotientFunction.js
FN:11,(anonymous_0)
FN:20,(anonymous_1)
FNF:2
FNH:2
FNDA:26,(anonymous_0)
FNDA:1,(anonymous_1)
DA:11,1
DA:17,26
DA:20,1
DA:21,1
DA:22,1
DA:23,9
DA:25,1
LF:7
LH:7
BRDA:17,0,0,9
BRDA:17,0,1,17
BRDA:23,1,0,3
BRDA:23,1,1,6
BRF:4
BRH:4
end_of_record
TN:
SF:Maths\ExponentialFunction.js
FN:9,exponentialFunction
FNF:1
FNH:1
FNDA:2,exponentialFunction
DA:10,2
DA:11,2
DA:12,2
DA:13,1
DA:15,1
DA:16,1
DA:17,20
DA:18,20
DA:20,1
LF:9
LH:9
BRDA:12,0,0,1
BRDA:12,0,1,1
BRDA:12,1,0,2
BRDA:12,1,1,2
BRDA:12,1,2,2
BRDA:15,2,0,0
BRDA:15,2,1,1
BRF:7
BRH:6
end_of_record
TN:
SF:Maths\ExtendedEuclideanGCD.js
FN:27,(anonymous_0)
FNF:1
FNH:1
FNDA:10,(anonymous_0)
DA:27,2
DA:28,10
DA:29,8
DA:32,6
DA:33,2
DA:34,2
DA:35,2
DA:36,2
DA:37,2
DA:43,4
DA:44,4
DA:47,4
DA:48,4
DA:51,4
DA:52,4
DA:54,4
DA:55,17
DA:57,17
DA:58,17
DA:59,17
DA:61,17
DA:62,17
DA:63,17
DA:64,17
DA:65,17
DA:66,17
DA:68,4
LF:27
LH:27
BRDA:28,0,0,2
BRDA:28,0,1,8
BRDA:28,1,0,10
BRDA:28,1,1,8
BRDA:29,2,0,2
BRDA:29,2,1,6
BRDA:29,3,0,8
BRDA:29,3,1,7
BRDA:32,4,0,2
BRDA:32,4,1,4
BRF:10
BRH:10
end_of_record
TN:
SF:Maths\Factorial.js
FN:16,(anonymous_0)
FN:17,(anonymous_1)
FN:20,(anonymous_2)
FN:32,(anonymous_3)
FNF:4
FNH:4
FNDA:3,(anonymous_0)
FNDA:11,(anonymous_1)
FNDA:7,(anonymous_2)
FNDA:11,(anonymous_3)
DA:16,2
DA:17,11
DA:20,2
DA:21,7
DA:22,1
DA:24,6
DA:25,1
DA:27,5
DA:28,2
DA:30,3
DA:31,3
DA:32,11
DA:33,3
LF:13
LH:13
BRDA:21,0,0,1
BRDA:21,0,1,6
BRDA:24,1,0,1
BRDA:24,1,1,5
BRDA:27,2,0,2
BRDA:27,2,1,3
BRDA:30,3,0,3
BRDA:30,3,1,0
BRF:8
BRH:7
end_of_record
TN:
SF:Maths\Factors.js
FN:10,(anonymous_0)
FN:12,(anonymous_1)
FNF:2
FNH:2
FNDA:1,(anonymous_0)
FNDA:51,(anonymous_1)
DA:10,1
DA:11,1
DA:12,51
LF:3
LH:3
BRDA:10,0,0,0
BRF:1
BRH:0
end_of_record
TN:
SF:Maths\FareyApproximation.js
FN:28,fareyApproximation
FNF:1
FNH:1
FNDA:2,fareyApproximation
DA:29,2
DA:31,2
DA:32,40
DA:33,40
DA:35,40
DA:36,9
DA:38,31
DA:42,2
LF:8
LH:8
BRDA:28,0,0,2
BRDA:35,1,0,9
BRDA:35,1,1,31
BRF:3
BRH:3
end_of_record
TN:
SF:Maths\FermatPrimalityTest.js
FN:50,(anonymous_0)
FN:77,(anonymous_1)
FNF:2
FNH:2
FNDA:117,(anonymous_0)
FNDA:18,(anonymous_1)
DA:50,2
DA:51,117
DA:53,117
DA:54,117
DA:56,117
DA:58,4285
DA:59,1468
DA:60,1468
DA:62,2817
DA:63,2817
DA:67,117
DA:77,2
DA:79,18
DA:80,18
DA:82,17
DA:84,115
DA:87,115
DA:88,13
DA:94,4
LF:19
LH:19
BRDA:51,0,0,0
BRDA:51,0,1,117
BRDA:58,1,0,1468
BRDA:58,1,1,2817
BRDA:77,2,0,4
BRDA:79,3,0,0
BRDA:79,3,1,18
BRDA:79,4,0,18
BRDA:79,4,1,18
BRDA:80,5,0,1
BRDA:80,5,1,17
BRDA:87,6,0,13
BRDA:87,6,1,102
BRF:13
BRH:11
end_of_record
TN:
SF:Maths\Fibonacci.js
FN:2,(anonymous_0)
FN:19,(anonymous_1)
FN:30,(anonymous_2)
FN:33,(anonymous_3)
FN:47,(anonymous_4)
FN:51,(anonymous_5)
FN:78,(anonymous_6)
FN:94,(anonymous_7)
FN:95,(anonymous_8)
FN:95,(anonymous_9)
FN:98,(anonymous_10)
FN:103,(anonymous_11)
FN:104,(anonymous_12)
FN:104,(anonymous_13)
FN:113,(anonymous_14)
FN:120,(anonymous_15)
FN:138,(anonymous_16)
FN:155,(anonymous_17)
FNF:18
FNH:18
FNDA:2,(anonymous_0)
FNDA:2,(anonymous_1)
FNDA:9,(anonymous_2)
FNDA:9,(anonymous_3)
FNDA:63,(anonymous_4)
FNDA:12,(anonymous_5)
FNDA:2,(anonymous_6)
FNDA:176,(anonymous_7)
FNDA:352,(anonymous_8)
FNDA:656,(anonymous_9)
FNDA:24,(anonymous_10)
FNDA:48,(anonymous_11)
FNDA:48,(anonymous_12)
FNDA:96,(anonymous_13)
FNDA:76,(anonymous_14)
FNDA:152,(anonymous_15)
FNDA:24,(anonymous_16)
FNDA:28,(anonymous_17)
DA:2,1
DA:3,2
DA:4,2
DA:5,2
DA:7,2
DA:8,2
DA:10,2
DA:11,8
DA:16,2
DA:19,1
DA:20,2
DA:21,2
DA:22,2
DA:23,2
DA:24,12
DA:25,10
DA:29,1
DA:30,1
DA:31,9
DA:32,9
DA:33,9
DA:34,9
DA:36,1
DA:37,1
DA:39,1
DA:40,1
DA:42,2
DA:44,5
DA:45,5
DA:47,63
DA:50,1
DA:51,1
DA:52,12
DA:53,12
DA:55,12
DA:58,9
DA:60,5
DA:62,5
DA:64,5
DA:78,1
DA:79,2
DA:80,2
DA:81,2
DA:82,2
DA:83,2
DA:84,2
DA:85,8
DA:89,2
DA:94,1
DA:95,656
DA:98,1
DA:99,24
DA:100,24
DA:101,24
DA:102,24
DA:103,48
DA:104,48
DA:105,96
DA:113,1
DA:114,76
DA:115,76
DA:116,76
DA:117,76
DA:118,76
DA:119,76
DA:120,152
DA:121,76
DA:122,152
DA:123,256
DA:124,256
DA:125,512
DA:129,76
DA:138,1
DA:139,24
DA:140,24
DA:141,24
DA:142,24
DA:145,24
DA:146,24
DA:147,44
DA:148,44
DA:149,44
DA:150,44
DA:152,24
DA:155,1
DA:156,28
DA:157,28
DA:158,28
DA:171,28
DA:173,24
DA:174,24
DA:176,24
DA:181,24
DA:182,24
DA:186,24
DA:187,24
LF:96
LH:96
BRDA:4,0,0,1
BRDA:4,0,1,1
BRDA:7,1,0,2
BRDA:7,1,1,0
BRDA:8,2,0,2
BRDA:8,2,1,0
BRDA:8,3,0,1
BRDA:8,3,1,1
BRDA:12,4,0,4
BRDA:12,4,1,4
BRDA:25,5,0,5
BRDA:25,5,1,5
BRDA:32,6,0,1
BRDA:32,6,1,8
BRDA:34,7,0,1
BRDA:34,7,1,1
BRDA:34,7,2,2
BRDA:34,7,3,5
BRDA:47,8,0,7
BRDA:47,8,1,56
BRDA:53,9,0,1
BRDA:53,9,1,11
BRDA:55,10,0,3
BRDA:55,10,1,9
BRDA:58,11,0,4
BRDA:58,11,1,5
BRDA:58,12,0,1
BRDA:58,12,1,3
BRDA:64,13,0,0
BRDA:64,13,1,5
BRDA:80,14,0,1
BRDA:80,14,1,1
BRDA:83,15,0,1
BRDA:83,15,1,1
BRDA:86,16,0,4
BRDA:86,16,1,4
BRDA:100,17,0,12
BRDA:100,17,1,12
BRDA:101,18,0,12
BRDA:101,18,1,12
BRDA:105,19,0,48
BRDA:105,19,1,48
BRDA:123,20,0,128
BRDA:123,20,1,128
BRDA:141,21,0,12
BRDA:141,21,1,12
BRDA:142,22,0,12
BRDA:142,22,1,12
BRDA:145,23,0,12
BRDA:145,23,1,12
BRDA:147,24,0,28
BRDA:147,24,1,16
BRDA:149,25,0,22
BRDA:149,25,1,22
BRDA:150,26,0,24
BRDA:150,26,1,20
BRDA:157,27,0,14
BRDA:157,27,1,14
BRDA:158,28,0,14
BRDA:158,28,1,14
BRDA:171,29,0,4
BRDA:171,29,1,24
BRDA:174,30,0,12
BRDA:174,30,1,12
BRDA:187,31,0,12
BRDA:187,31,1,12
BRF:66
BRH:63
end_of_record
TN:
SF:Maths\FigurateNumber.js
FN:18,(anonymous_0)
FN:34,(anonymous_1)
FN:49,(anonymous_2)
FN:65,(anonymous_3)
FNF:4
FNH:4
FNDA:6,(anonymous_0)
FNDA:6,(anonymous_1)
FNDA:6,(anonymous_2)
FNDA:2,(anonymous_3)
DA:18,1
DA:19,6
DA:20,36
DA:21,5
DA:22,31
DA:23,1
DA:26,0
DA:34,1
DA:35,6
DA:36,19
DA:37,4
DA:38,15
DA:39,2
DA:42,0
DA:49,1
DA:50,6
DA:51,20
DA:52,5
DA:53,15
DA:54,1
DA:57,0
DA:65,1
DA:66,2
LF:23
LH:20
BRDA:20,0,0,5
BRDA:20,0,1,31
BRDA:22,1,0,1
BRDA:22,1,1,30
BRDA:36,2,0,4
BRDA:36,2,1,15
BRDA:38,3,0,2
BRDA:38,3,1,13
BRDA:51,4,0,5
BRDA:51,4,1,15
BRDA:53,5,0,1
BRDA:53,5,1,14
BRF:12
BRH:12
end_of_record
TN:
SF:Maths\FindHcf.js
FN:7,(anonymous_0)
FNF:1
FNH:1
FNDA:6,(anonymous_0)
DA:7,2
DA:9,6
DA:10,3
DA:14,3
DA:15,1
DA:19,2
DA:20,2
DA:21,0
DA:23,2
DA:28,2
LF:10
LH:9
BRDA:9,0,0,3
BRDA:9,0,1,3
BRDA:9,1,0,6
BRDA:9,1,1,4
BRDA:14,2,0,1
BRDA:14,2,1,2
BRDA:14,3,0,3
BRDA:14,3,1,2
BRDA:20,4,0,0
BRDA:20,4,1,2
BRF:10
BRH:9
end_of_record
TN:
SF:Maths\FindLcm.js
FN:17,(anonymous_0)
FN:39,(anonymous_1)
FNF:2
FNH:2
FNDA:5,(anonymous_0)
FNDA:5,(anonymous_1)
DA:17,1
DA:19,5
DA:20,3
DA:24,2
DA:25,1
DA:29,1
DA:30,1
DA:32,1
DA:33,3
DA:34,2
DA:39,1
DA:41,5
DA:42,3
DA:46,2
DA:47,1
DA:50,1
LF:16
LH:16
BRDA:19,0,0,3
BRDA:19,0,1,2
BRDA:19,1,0,5
BRDA:19,1,1,3
BRDA:24,2,0,1
BRDA:24,2,1,1
BRDA:24,3,0,2
BRDA:24,3,1,1
BRDA:33,4,0,1
BRDA:33,4,1,2
BRDA:33,5,0,3
BRDA:33,5,1,1
BRDA:41,6,0,3
BRDA:41,6,1,2
BRDA:41,7,0,5
BRDA:41,7,1,3
BRDA:46,8,0,1
BRDA:46,8,1,1
BRDA:46,9,0,2
BRDA:46,9,1,1
BRF:20
BRH:20
end_of_record
TN:
SF:Maths\FindMaxRecursion.js
FN:17,findMaxRecursion
FNF:1
FNH:1
FNDA:66,findMaxRecursion
DA:18,66
DA:20,66
DA:21,1
DA:24,65
DA:25,0
DA:28,65
DA:29,36
DA:33,29
DA:35,29
DA:36,29
DA:39,29
LF:11
LH:10
BRDA:20,0,0,1
BRDA:20,0,1,65
BRDA:20,1,0,66
BRDA:20,1,1,65
BRDA:24,2,0,0
BRDA:24,2,1,65
BRDA:24,3,0,65
BRDA:24,3,1,65
BRDA:24,3,2,65
BRDA:24,3,3,65
BRDA:28,4,0,36
BRDA:28,4,1,29
BRF:12
BRH:11
end_of_record
TN:
SF:Maths\FindMin.js
FN:8,(anonymous_0)
FNF:1
FNH:1
FNDA:3,(anonymous_0)
DA:8,1
DA:9,3
DA:10,1
DA:13,2
DA:14,2
DA:15,8
DA:16,2
DA:20,2
LF:8
LH:8
BRDA:9,0,0,1
BRDA:9,0,1,2
BRDA:15,1,0,2
BRDA:15,1,1,6
BRF:4
BRH:4
end_of_record
TN:
SF:Maths\FindMinIterator.js
FN:6,(anonymous_0)
FNF:1
FNH:1
FNDA:14,(anonymous_0)
DA:6,1
DA:9,14
DA:10,14
DA:11,11
DA:12,11
DA:13,9
DA:15,9
DA:16,9
DA:17,17
DA:18,17
DA:19,17
DA:22,3
DA:23,3
DA:24,3
DA:26,3
DA:27,3
DA:28,6
DA:29,6
DA:30,6
DA:33,12
LF:20
LH:20
BRDA:6,0,0,11
BRDA:10,1,0,11
BRDA:10,1,1,3
BRDA:12,2,0,2
BRDA:12,2,1,9
BRDA:18,3,0,6
BRDA:18,3,1,11
BRDA:23,4,0,0
BRDA:23,4,1,3
BRDA:29,5,0,3
BRDA:29,5,1,3
BRF:11
BRH:10
end_of_record
TN:
SF:Maths\GetEuclidGCD.js
FN:7,GetEuclidGCD
FNF:1
FNH:1
FNDA:4,GetEuclidGCD
DA:8,4
DA:9,0
DA:11,4
DA:12,4
DA:13,4
DA:14,4
DA:15,20
DA:16,20
DA:17,20
DA:19,4
LF:10
LH:9
BRDA:8,0,0,0
BRDA:8,0,1,4
BRDA:8,1,0,4
BRDA:8,1,1,4
BRDA:11,2,0,0
BRDA:11,2,1,4
BRDA:11,3,0,4
BRDA:11,3,1,0
BRF:8
BRH:5
end_of_record
TN:
SF:Maths\GridGet.js
FN:42,(anonymous_0)
FN:49,(anonymous_1)
FNF:2
FNH:2
FNDA:3,(anonymous_0)
FNDA:1,(anonymous_1)
DA:42,1
DA:43,3
DA:44,3
DA:46,3
DA:49,1
DA:50,1
LF:6
LH:6
BRF:0
BRH:0
end_of_record
TN:
SF:Maths\HexagonalNumber.js
FN:16,(anonymous_0)
FNF:1
FNH:1
FNDA:24,(anonymous_0)
DA:16,1
DA:17,24
DA:18,2
DA:20,22
LF:4
LH:4
BRDA:17,0,0,2
BRDA:17,0,1,22
BRF:2
BRH:2
end_of_record
TN:
SF:Maths\IntToBase.js
FN:15,(anonymous_0)
FNF:1
FNH:1
FNDA:11,(anonymous_0)
DA:15,1
DA:16,11
DA:17,3
DA:20,8
DA:21,2
DA:23,6
DA:24,6
DA:25,6
DA:28,30
DA:29,30
DA:30,30
DA:34,6
DA:35,3
DA:37,6
LF:14
LH:14
BRDA:16,0,0,3
BRDA:16,0,1,8
BRDA:16,1,0,11
BRDA:16,1,1,9
BRDA:20,2,0,2
BRDA:20,2,1,6
BRDA:34,3,0,3
BRDA:34,3,1,3
BRF:8
BRH:8
end_of_record
TN:
SF:Maths\IsDivisible.js
FN:3,(anonymous_0)
FNF:1
FNH:1
FNDA:20,(anonymous_0)
DA:3,1
DA:4,20
DA:5,7
DA:7,13
DA:8,2
DA:10,11
LF:6
LH:6
BRDA:4,0,0,7
BRDA:4,0,1,13
BRDA:4,1,0,20
BRDA:4,1,1,16
BRDA:7,2,0,2
BRDA:7,2,1,11
BRF:6
BRH:6
end_of_record
TN:
SF:Maths\IsEven.js
FN:21,(anonymous_0)
FN:48,(anonymous_1)
FNF:2
FNH:2
FNDA:10,(anonymous_0)
FNDA:2,(anonymous_1)
DA:21,10
DA:48,2
LF:2
LH:2
BRF:0
BRH:0
end_of_record
TN:
SF:Maths\IsOdd.js
FN:19,(anonymous_0)
FN:43,(anonymous_1)
FNF:2
FNH:2
FNDA:2,(anonymous_0)
FNDA:2,(anonymous_1)
DA:19,2
DA:43,2
LF:2
LH:2
BRF:0
BRH:0
end_of_record
TN:
SF:Maths\IsPronic.js
FN:21,(anonymous_0)
FNF:1
FNH:1
FNDA:2501,(anonymous_0)
DA:21,1
DA:22,2501
DA:23,1
DA:25,2500
DA:26,2500
LF:5
LH:5
BRDA:22,0,0,1
BRDA:22,0,1,2500
BRDA:26,1,0,2500
BRDA:26,1,1,2450
BRF:4
BRH:4
end_of_record
TN:
SF:Maths\IsSquareFree.js
FN:17,(anonymous_0)
FNF:1
FNH:1
FNDA:2502,(anonymous_0)
DA:17,1
DA:18,2502
DA:19,2502
DA:20,2
DA:22,2500
LF:5
LH:5
BRDA:19,0,0,2
BRDA:19,0,1,2500
BRF:2
BRH:2
end_of_record
TN:
SF:Maths\JugglerSequence.js
FN:13,jugglerSequence
FNF:1
FNH:1
FNDA:3,jugglerSequence
DA:14,3
DA:15,3
DA:17,3
DA:18,19
DA:19,19
DA:21,3
LF:6
LH:6
BRF:0
BRH:0
end_of_record
TN:
SF:Maths\LeapYear.js
FN:16,(anonymous_0)
FNF:1
FNH:1
FNDA:6,(anonymous_0)
DA:16,1
DA:17,6
DA:18,5
DA:19,4
DA:21,3
LF:5
LH:5
BRDA:17,0,0,1
BRDA:17,0,1,5
BRDA:18,1,0,1
BRDA:18,1,1,4
BRDA:19,2,0,1
BRDA:19,2,1,3
BRF:6
BRH:6
end_of_record
TN:
SF:Maths\LinearSieve.js
FN:1,(anonymous_0)
FNF:1
FNH:1
FNDA:2,(anonymous_0)
DA:1,1
DA:9,2
DA:10,2
DA:11,2
DA:12,2
DA:13,100098
DA:14,100098
DA:15,157537
DA:16,157537
DA:17,90481
DA:18,90481
DA:21,2
LF:12
LH:12
BRDA:13,0,0,9617
BRDA:13,0,1,90481
BRDA:16,1,0,67056
BRDA:16,1,1,90481
BRDA:18,2,0,33042
BRDA:18,2,1,57439
BRF:6
BRH:6
end_of_record
TN:
SF:Maths\LiouvilleFunction.js
FN:20,(anonymous_0)
FNF:1
FNH:1
FNDA:102,(anonymous_0)
DA:20,1
DA:21,102
DA:22,2
DA:24,100
LF:4
LH:4
BRDA:21,0,0,2
BRDA:21,0,1,100
BRDA:24,1,0,49
BRDA:24,1,1,51
BRF:4
BRH:4
end_of_record
TN:
SF:Maths\LucasSeries.js
FN:16,lucas
FNF:1
FNH:1
FNDA:3,lucas
DA:18,3
DA:21,3
DA:23,3
DA:24,3
DA:25,3
DA:26,120
DA:27,120
DA:28,120
DA:30,3
LF:9
LH:9
BRDA:18,0,0,0
BRDA:18,0,1,3
BRDA:21,1,0,0
BRDA:21,1,1,3
BRF:4
BRH:2
end_of_record
TN:
SF:Maths\Mandelbrot.js
FN:30,getRGBData
FN:82,blackAndWhiteColorMap
FN:94,colorCodedColorMap
FN:139,getDistance
FNF:4
FNH:4
FNDA:4,getRGBData
FNDA:960000,blackAndWhiteColorMap
FNDA:960000,colorCodedColorMap
FNDA:1920000,getDistance
DA:38,4
DA:39,0
DA:42,4
DA:43,0
DA:46,4
DA:47,0
DA:50,4
DA:51,4
DA:54,4
DA:55,3200
DA:56,3200
DA:58,1920000
DA:59,1920000
DA:61,1920000
DA:64,1920000
DA:71,4
DA:83,960000
DA:95,960000
DA:96,198888
DA:100,761112
DA:101,761112
DA:102,761112
DA:103,761112
DA:104,761112
DA:106,761112
DA:107,761112
DA:108,761112
DA:109,761112
DA:111,761112
DA:113,706800
DA:115,33174
DA:117,10622
DA:119,5290
DA:121,3210
DA:123,2016
DA:140,1920000
DA:141,1920000
DA:142,1920000
DA:143,1920000
DA:144,25616952
DA:145,25616952
DA:146,25616952
DA:147,25616952
DA:151,25616952
DA:152,1522592
DA:155,1920000
LF:46
LH:43
BRDA:31,0,0,0
BRDA:32,1,0,0
BRDA:33,2,0,0
BRDA:34,3,0,0
BRDA:35,4,0,0
BRDA:36,5,0,0
BRDA:37,6,0,0
BRDA:38,7,0,0
BRDA:38,7,1,4
BRDA:42,8,0,0
BRDA:42,8,1,4
BRDA:46,9,0,0
BRDA:46,9,1,4
BRDA:65,10,0,960000
BRDA:65,10,1,960000
BRDA:83,11,0,198888
BRDA:83,11,1,761112
BRDA:95,12,0,198888
BRDA:95,12,1,761112
BRDA:111,13,0,706800
BRDA:111,13,1,33174
[...]
LF:20
LH:20
BRDA:10,0,0,1
BRDA:10,0,1,14
BRDA:10,1,0,15
BRDA:10,1,1,8
BRDA:14,2,0,1
BRDA:14,2,1,14
BRDA:14,3,0,15
BRDA:14,3,1,4
BRDA:18,4,0,2
BRDA:18,4,1,13
BRF:10
BRH:10
end_of_record
TN:
SF:Sorts\InsertionSort.js
FN:8,insertionSort
FN:41,insertionSortAlternativeImplementation
FNF:2
FNH:1
FNDA:0,insertionSort
FNDA:6,insertionSortAlternativeImplementation
DA:9,0
DA:10,0
DA:12,0
DA:14,0
DA:16,0
DA:20,0
DA:42,6
DA:43,6
DA:45,4
DA:47,13
DA:49,13
DA:52,13
DA:54,11
DA:55,11
DA:58,13
DA:61,4
LF:16
LH:10
BRDA:14,0,0,0
BRDA:14,0,1,0
BRDA:43,1,0,2
BRDA:43,1,1,4
BRDA:52,2,0,24
BRDA:52,2,1,23
BRF:6
BRH:4
end_of_record
TN:
SF:Sorts\MergeSort.js
FN:18,merge
FN:40,mergeSort
FNF:2
FNH:2
FNDA:20,merge
FNDA:37,mergeSort
DA:19,20
DA:20,20
DA:21,20
DA:23,20
DA:24,37
DA:25,14
DA:27,23
DA:31,20
DA:41,37
DA:43,16
DA:44,16
DA:45,16
DA:47,16
LF:13
LH:13
BRDA:23,0,0,57
BRDA:23,0,1,48
BRDA:24,1,0,14
BRDA:24,1,1,23
BRDA:41,2,0,21
BRDA:41,2,1,16
BRF:6
BRH:6
end_of_record
TN:
SF:Sorts\OddEvenSort.js
FN:10,swap
FN:16,oddEvenSort
FNF:2
FNH:2
FNDA:13,swap
FNDA:4,oddEvenSort
DA:11,13
DA:12,13
DA:13,13
DA:17,4
DA:18,4
DA:19,9
DA:20,9
DA:21,12
DA:22,8
DA:23,8
DA:26,9
DA:27,14
DA:28,5
DA:29,5
DA:33,4
LF:15
LH:15
BRDA:21,0,0,8
BRDA:21,0,1,4
BRDA:27,1,0,5
BRDA:27,1,1,9
BRF:4
BRH:4
end_of_record
TN:
SF:Sorts\PancakeSort.js
FN:29,flipArray
FN:52,findMax
FN:70,pancakeSort
FNF:3
FNH:3
FNDA:11,flipArray
FNDA:11,findMax
FNDA:3,pancakeSort
DA:30,11
DA:32,13
DA:33,13
DA:34,13
DA:37,13
DA:38,13
DA:41,11
DA:53,11
DA:54,11
DA:55,34
DA:58,11
DA:71,3
DA:72,9
DA:74,9
DA:75,4
DA:76,4
DA:80,3
LF:17
LH:17
BRDA:55,0,0,13
BRDA:55,0,1,21
BRDA:74,1,0,4
BRDA:74,1,1,5
BRF:4
BRH:4
end_of_record
TN:
SF:Sorts\PigeonHoleSort.js
FN:9,pigeonHoleSort
FNF:1
FNH:1
FNDA:3,pigeonHoleSort
DA:10,3
DA:11,3
DA:13,3
DA:14,13
DA:15,13
DA:18,3
DA:19,3
DA:21,3
DA:22,13
DA:25,3
DA:27,3
DA:28,34
DA:29,13
DA:32,3
LF:14
LH:14
BRDA:14,0,0,3
BRDA:14,0,1,10
BRDA:15,1,0,3
BRDA:15,1,1,10
BRF:4
BRH:4
end_of_record
TN:
SF:Sorts\QuickSort.js
FN:8,quickSort
FNF:1
FNH:1
FNDA:27,quickSort
DA:9,27
DA:11,27
DA:12,16
DA:14,11
DA:15,11
DA:16,11
DA:18,11
DA:19,25
DA:20,8
DA:22,17
DA:26,11
DA:27,11
LF:12
LH:12
BRDA:11,0,0,16
BRDA:11,0,1,11
BRDA:19,1,0,8
BRDA:19,1,1,17
BRF:4
BRH:4
end_of_record
TN:
SF:Sorts\QuickSortRecursive.js
FN:24,(anonymous_0)
FN:45,(anonymous_1)
FNF:2
FNH:2
FNDA:23,(anonymous_0)
FNDA:9,(anonymous_1)
DA:24,1
DA:25,23
DA:26,3
DA:28,20
DA:30,9
DA:32,9
DA:33,9
DA:35,20
DA:45,1
DA:46,9
DA:47,9
DA:48,9
DA:49,38
DA:51,24
DA:52,24
DA:55,9
DA:56,9
LF:17
LH:17
BRDA:25,0,0,3
BRDA:25,0,1,20
BRDA:28,1,0,9
BRDA:28,1,1,11
BRDA:49,2,0,24
BRDA:49,2,1,14
BRF:6
BRH:6
end_of_record
TN:
SF:Sorts\RadixSort.js
FN:7,radixSort
FNF:1
FNH:1
FNDA:3,radixSort
DA:9,3
DA:10,0
DA:13,3
DA:14,3
DA:16,3
DA:17,621
DA:18,621
DA:20,621
DA:21,6210
DA:24,621
DA:25,2480
DA:26,2480
DA:27,2480
DA:28,618
DA:32,621
DA:33,621
DA:34,6210
DA:35,6210
DA:36,2480
DA:37,2480
DA:40,621
DA:42,3
LF:22
LH:21
BRDA:9,0,0,0
BRDA:9,0,1,3
BRDA:9,1,0,3
BRDA:9,1,1,3
BRDA:27,2,0,618
BRDA:27,2,1,1862
BRDA:27,3,0,2480
BRDA:27,3,1,626
BRF:8
BRH:7
end_of_record
TN:
SF:Sorts\SelectionSort.js
FN:11,(anonymous_0)
FNF:1
FNH:1
FNDA:7,(anonymous_0)
DA:11,1
DA:12,7
DA:13,5
DA:15,2
DA:16,2
DA:17,2
DA:18,9
DA:19,1
DA:22,8
DA:23,8
DA:24,30
DA:25,6
DA:28,8
DA:31,4
DA:34,1
LF:15
LH:15
BRDA:12,0,0,5
BRDA:12,0,1,2
BRDA:18,1,0,1
BRDA:18,1,1,8
BRDA:24,2,0,6
BRDA:24,2,1,24
BRDA:28,3,0,4
BRDA:28,3,1,4
BRF:8
BRH:8
end_of_record
TN:
SF:Sorts\ShellSort.js
FN:6,shellSort
FNF:1
FNH:1
FNDA:4,shellSort
DA:7,4
DA:9,4
DA:10,2
DA:13,4
DA:14,6
DA:15,12
DA:16,12
DA:18,12
DA:19,9
DA:20,9
DA:22,12
DA:24,6
DA:26,4
LF:13
LH:13
BRDA:18,0,0,21
BRDA:18,0,1,19
BRF:2
BRH:2
end_of_record
TN:
SF:Sorts\SimplifiedWiggleSort.js
FN:10,(anonymous_0)
FNF:1
FNH:1
FNDA:4,(anonymous_0)
DA:10,1
DA:12,4
DA:13,4
DA:15,4
DA:17,4
DA:18,4
DA:20,4
DA:21,16
DA:22,5
DA:23,5
DA:25,11
DA:26,9
DA:27,9
DA:29,2
DA:30,2
DA:35,4
LF:16
LH:16
BRDA:21,0,0,5
BRDA:21,0,1,11
BRDA:25,1,0,9
BRDA:25,1,1,2
BRF:4
BRH:4
end_of_record
TN:
SF:Sorts\StoogeSort.js
FN:7,stoogeSort
FNF:1
FNH:1
FNDA:161,stoogeSort
DA:8,161
DA:9,14
DA:10,14
DA:11,14
DA:13,161
DA:14,161
DA:15,52
DA:16,52
DA:17,52
DA:18,52
DA:20,161
LF:11
LH:11
BRDA:8,0,0,14
BRDA:8,0,1,147
BRDA:14,1,0,52
BRDA:14,1,1,109
BRF:4
BRH:4
end_of_record
TN:
SF:Sorts\SwapSort.js
FN:11,minSwapsToSort
FNF:1
FNH:1
FNDA:6,minSwapsToSort
DA:12,6
DA:13,6
DA:14,6
DA:15,6
DA:16,32
DA:18,6
DA:19,6
DA:20,32
DA:21,11
DA:22,11
DA:23,11
DA:25,11
DA:26,11
DA:27,11
DA:30,6
LF:15
LH:15
BRDA:20,0,0,11
BRDA:20,0,1,21
BRF:2
BRH:2
end_of_record
TN:
SF:Sorts\TimSort.js
FN:13,(anonymous_0)
FN:38,(anonymous_1)
FN:58,(anonymous_2)
FN:92,(anonymous_3)
FN:98,(anonymous_4)
FNF:5
FNH:2
FNDA:4,(anonymous_0)
FNDA:3,(anonymous_1)
FNDA:0,(anonymous_2)
FNDA:0,(anonymous_3)
FNDA:0,(anonymous_4)
DA:13,1
DA:15,4
DA:16,4
DA:18,4
DA:19,3
DA:21,4
DA:22,0
DA:23,0
DA:24,0
DA:25,0
DA:28,4
DA:38,1
DA:39,3
DA:40,12
DA:41,12
DA:42,12
DA:43,17
DA:44,17
DA:46,12
DA:58,1
DA:59,0
DA:60,0
DA:61,0
DA:62,0
DA:63,0
DA:64,0
DA:65,0
DA:67,0
DA:68,0
DA:70,0
DA:71,0
DA:72,0
DA:73,0
DA:75,0
DA:78,0
DA:79,0
DA:81,0
DA:82,0
DA:92,1
DA:93,0
DA:94,0
DA:95,0
DA:96,0
DA:98,0
DA:99,0
DA:100,0
DA:101,0
DA:103,0
DA:105,0
DA:106,0
DA:107,0
DA:109,0
LF:52
LH:17
BRDA:42,0,0,29
BRDA:42,0,1,22
BRDA:59,1,0,0
BRDA:59,1,1,0
BRDA:71,2,0,0
BRDA:71,2,1,0
BRDA:72,3,0,0
BRDA:72,3,1,0
BRDA:101,4,0,0
BRDA:101,4,1,0
BRDA:106,5,0,0
BRDA:106,5,1,0
BRF:12
BRH:2
end_of_record
TN:
SF:String\AlphaNumericPalindrome.js
FN:17,(anonymous_0)
FNF:1
FNH:1
FNDA:8,(anonymous_0)
DA:17,1
DA:18,8
DA:19,0
DA:23,8
DA:24,8
DA:26,8
DA:27,29
DA:28,1
DA:32,7
LF:9
LH:8
BRDA:18,0,0,0
BRDA:18,0,1,8
BRDA:27,1,0,1
BRDA:27,1,1,28
BRF:4
BRH:3
end_of_record
TN:
SF:String\AlternativeStringArrange.js
FN:11,(anonymous_0)
FNF:1
FNH:1
FNDA:3,(anonymous_0)
DA:11,1
DA:13,3
DA:14,0
DA:18,3
DA:21,3
DA:23,3
DA:25,3
DA:28,3
DA:30,13
DA:31,13
DA:35,13
DA:36,12
DA:41,3
LF:13
LH:12
BRDA:13,0,0,0
BRDA:13,0,1,3
BRDA:13,1,0,3
BRDA:13,1,1,3
BRDA:25,2,0,1
BRDA:25,2,1,2
BRDA:30,3,0,13
BRDA:30,3,1,0
BRDA:35,4,0,12
BRDA:35,4,1,1
BRF:10
BRH:8
end_of_record
TN:
SF:String\BoyerMoore.js
FN:12,(anonymous_0)
FN:24,(anonymous_1)
FNF:2
FNH:2
FNDA:6,(anonymous_0)
FNDA:6,(anonymous_1)
DA:12,1
DA:13,6
DA:14,6
DA:15,6
DA:16,14
DA:18,6
DA:19,2
DA:21,6
DA:24,1
DA:25,6
DA:26,6
DA:27,6
DA:28,6
DA:30,6
DA:31,70
DA:32,70
DA:33,20
DA:35,4
DA:37,16
DA:39,66
DA:40,66
DA:42,16
DA:44,50
DA:47,2
LF:24
LH:24
BRDA:18,0,0,2
BRDA:18,0,1,4
BRDA:33,1,0,4
BRDA:33,1,1,16
BRDA:40,2,0,16
BRDA:40,2,1,50
BRF:6
BRH:6
end_of_record
TN:
SF:String\CheckAnagram.js
FN:11,(anonymous_0)
FN:27,(anonymous_1)
FN:41,(anonymous_2)
FN:56,(anonymous_3)
FNF:4
FNH:4
FNDA:22,(anonymous_0)
FNDA:60,(anonymous_1)
FNDA:22,(anonymous_2)
FNDA:60,(anonymous_3)
DA:11,1
DA:13,22
DA:14,6
DA:18,16
DA:19,4
DA:26,12
DA:27,60
DA:41,1
DA:43,22
DA:44,6
DA:48,16
DA:49,4
DA:52,12
DA:55,12
DA:56,60
DA:60,12
DA:62,59
DA:63,1
DA:66,58
DA:67,58
DA:69,58
DA:72,11
LF:22
LH:22
BRDA:13,0,0,6
BRDA:13,0,1,16
BRDA:13,1,0,22
BRDA:13,1,1,19
BRDA:18,2,0,4
BRDA:18,2,1,12
BRDA:43,3,0,6
BRDA:43,3,1,16
BRDA:43,4,0,22
BRDA:43,4,1,19
BRDA:48,5,0,4
BRDA:48,5,1,12
BRDA:56,6,0,60
BRDA:56,6,1,56
BRDA:62,7,0,1
BRDA:62,7,1,58
BRDA:69,8,0,58
BRDA:69,8,1,54
BRF:18
BRH:18
end_of_record
TN:
SF:String\CheckCamelCase.js
FN:10,(anonymous_0)
FNF:1
FNH:1
FNDA:3,(anonymous_0)
DA:10,1
DA:12,3
DA:13,1
DA:16,2
DA:17,2
LF:5
LH:5
BRDA:12,0,0,1
BRDA:12,0,1,2
BRF:2
BRH:2
end_of_record
TN:
SF:String\CheckExceeding.js
FN:9,(anonymous_0)
FNF:1
FNH:1
FNDA:28,(anonymous_0)
DA:9,1
DA:10,28
DA:11,4
DA:14,24
DA:18,24
DA:20,24
DA:22,102
DA:24,102
DA:25,97
DA:31,24
DA:32,44
DA:34,44
DA:35,12
DA:39,12
LF:14
LH:14
BRDA:10,0,0,4
BRDA:10,0,1,24
BRDA:24,1,0,97
BRDA:24,1,1,5
BRDA:34,2,0,12
BRDA:34,2,1,32
BRF:6
BRH:6
end_of_record
TN:
SF:String\CheckFlatCase.js
FN:12,(anonymous_0)
FNF:1
FNH:1
FNDA:3,(anonymous_0)
DA:12,1
DA:14,3
DA:15,0
DA:18,3
DA:19,3
LF:5
LH:4
BRDA:14,0,0,0
BRDA:14,0,1,3
BRF:2
BRH:1
end_of_record
TN:
SF:String\CheckKebabCase.js
FN:10,(anonymous_0)
FNF:1
FNH:1
FNDA:2,(anonymous_0)
DA:10,1
DA:12,2
DA:13,0
DA:16,2
DA:17,2
LF:5
LH:4
BRDA:12,0,0,0
BRDA:12,0,1,2
BRDA:17,1,0,2
BRDA:17,1,1,1
BRF:4
BRH:3
end_of_record
TN:
SF:String\CheckPalindrome.js
FN:3,(anonymous_0)
FNF:1
FNH:1
FNDA:3,(anonymous_0)
DA:3,1
DA:5,3
DA:6,1
DA:8,2
DA:9,1
DA:13,1
DA:14,1
LF:7
LH:7
BRDA:5,0,0,1
BRDA:5,0,1,2
BRDA:8,1,0,1
BRDA:8,1,1,1
BRDA:14,2,0,1
BRDA:14,2,1,0
BRF:6
BRH:5
end_of_record
TN:
SF:String\CheckPangram.js
FN:14,(anonymous_0)
FN:37,(anonymous_1)
FNF:2
FNH:2
FNDA:6,(anonymous_0)
FNDA:6,(anonymous_1)
DA:14,1
DA:15,6
DA:16,1
DA:28,5
DA:37,1
DA:38,6
DA:39,1
DA:42,5
DA:44,5
DA:45,175
DA:47,140
DA:51,5
LF:12
LH:12
BRDA:15,0,0,1
BRDA:15,0,1,5
BRDA:38,1,0,1
BRDA:38,1,1,5
BRDA:45,2,0,140
BRDA:45,2,1,35
BRF:6
BRH:6
end_of_record
TN:
SF:String\CheckPascalCase.js
FN:10,(anonymous_0)
FNF:1
FNH:1
FNDA:3,(anonymous_0)
DA:10,1
DA:12,3
DA:13,0
DA:16,3
DA:17,3
LF:5
LH:4
BRDA:12,0,0,0
BRDA:12,0,1,3
BRF:2
BRH:1
end_of_record
TN:
SF:String\CheckRearrangePalindrome.js
FN:9,(anonymous_0)
FN:21,(anonymous_1)
FN:26,(anonymous_2)
FNF:3
FNH:3
FNDA:4,(anonymous_0)
FNDA:24,(anonymous_1)
FNDA:17,(anonymous_2)
DA:9,1
DA:11,4
DA:12,0
DA:15,4
DA:16,0
DA:21,4
DA:22,24
DA:23,24
DA:26,17
LF:9
LH:7
BRDA:11,0,0,0
BRDA:11,0,1,4
BRDA:15,1,0,0
BRDA:15,1,1,4
BRDA:22,2,0,7
BRDA:22,2,1,17
BRF:6
BRH:4
end_of_record
TN:
SF:String\CheckSnakeCase.js
FN:10,(anonymous_0)
FNF:1
FNH:1
FNDA:3,(anonymous_0)
DA:10,1
DA:12,3
DA:13,1
DA:16,2
DA:17,2
LF:5
LH:5
BRDA:12,0,0,1
BRDA:12,0,1,2
BRF:2
BRH:2
end_of_record
TN:
SF:String\CheckWordOccurrence.js
FN:8,(anonymous_0)
FN:22,(anonymous_1)
FNF:2
FNH:2
FNDA:4,(anonymous_0)
FNDA:18,(anonymous_1)
DA:8,1
DA:9,4
DA:10,1
DA:13,3
DA:14,1
DA:17,2
DA:19,2
DA:23,18
DA:24,18
LF:9
LH:9
BRDA:8,0,0,2
BRDA:9,1,0,1
BRDA:9,1,1,3
BRDA:13,2,0,1
BRDA:13,2,1,2
BRDA:17,3,0,1
BRDA:17,3,1,1
BRDA:23,4,0,18
BRDA:23,4,1,17
BRF:9
BRH:9
end_of_record
TN:
SF:String\CountLetters.js
FN:9,(anonymous_0)
FNF:1
FNH:1
FNDA:6,(anonymous_0)
DA:9,1
DA:10,6
DA:12,6
DA:13,1
DA:16,5
DA:17,1
DA:20,4
DA:21,1
DA:24,3
DA:25,3
DA:26,15
DA:27,15
DA:30,3
LF:13
LH:13
BRDA:12,0,0,1
BRDA:12,0,1,5
BRDA:16,1,0,1
BRDA:16,1,1,4
BRDA:20,2,0,1
BRDA:20,2,1,3
BRDA:27,3,0,15
BRDA:27,3,1,12
BRF:8
BRH:8
end_of_record
TN:
SF:String\CountSubstrings.js
FN:11,(anonymous_0)
FNF:1
FNH:1
FNDA:7,(anonymous_0)
DA:11,1
DA:12,7
DA:13,0
DA:16,7
DA:18,6
DA:19,6
DA:21,6
DA:22,11
DA:23,11
DA:26,6
LF:10
LH:9
BRDA:12,0,0,0
BRDA:12,0,1,7
BRDA:12,1,0,7
BRDA:12,1,1,7
BRDA:16,2,0,1
BRDA:16,2,1,6
BRF:6
BRH:5
end_of_record
TN:
SF:String\CountVowels.js
FN:10,(anonymous_0)
FNF:1
FNH:1
FNDA:11,(anonymous_0)
DA:10,1
DA:11,11
DA:12,1
DA:15,10
DA:16,10
DA:18,10
LF:6
LH:6
BRDA:11,0,0,1
BRDA:11,0,1,10
BRDA:16,1,0,10
BRDA:16,1,1,2
BRF:4
BRH:4
end_of_record
TN:
SF:String\CreatePermutations.js
FN:7,(anonymous_0)
FNF:1
FNH:1
FNDA:21,(anonymous_0)
DA:7,1
DA:9,21
DA:12,21
DA:14,21
DA:21,21
DA:23,13
DA:24,19
DA:25,19
DA:27,19
DA:29,19
DA:30,22
DA:31,22
DA:34,13
LF:13
LH:13
BRDA:21,0,0,8
BRDA:21,0,1,13
BRF:2
BRH:2
end_of_record
TN:
SF:String\DiceCoefficient.js
FN:11,mapBigrams
FN:23,countCommonBigrams
FN:33,diceCoefficient
FNF:3
FNH:3
FNDA:4,mapBigrams
FNDA:4,countCommonBigrams
FNDA:8,diceCoefficient
DA:12,4
DA:13,4
DA:14,17
DA:15,17
DA:16,17
DA:18,4
DA:24,4
DA:25,4
DA:26,14
DA:27,14
DA:29,4
DA:34,8
DA:35,6
DA:37,4
DA:39,4
DA:40,4
DA:42,4
DA:45,4
DA:47,4
LF:19
LH:19
BRDA:16,0,0,17
BRDA:16,0,1,17
BRDA:27,1,0,10
BRDA:27,1,1,4
BRDA:34,2,0,2
BRDA:34,2,1,6
BRDA:35,3,0,2
BRDA:35,3,1,4
BRDA:35,4,0,6
BRDA:35,4,1,4
BRF:10
BRH:10
end_of_record
TN:
SF:String\FirstUniqueCharacter.js
FN:11,(anonymous_0)
FNF:1
FNH:1
FNDA:3,(anonymous_0)
DA:11,1
DA:12,3
DA:13,0
DA:15,3
DA:17,3
DA:18,28
DA:19,21
DA:21,7
DA:24,3
DA:25,9
DA:27,1
LF:11
LH:10
BRDA:12,0,0,0
BRDA:12,0,1,3
BRDA:18,1,0,21
BRDA:18,1,1,7
BRDA:25,2,0,2
BRDA:25,2,1,7
BRF:6
BRH:5
end_of_record
TN:
SF:String\FormatPhoneNumber.js
FN:6,(anonymous_0)
FN:13,(anonymous_1)
FNF:2
FNH:2
FNDA:6,(anonymous_0)
FNDA:30,(anonymous_1)
DA:6,1
DA:7,6
DA:9,3
DA:12,3
DA:13,30
LF:5
LH:5
BRDA:7,0,0,3
BRDA:7,0,1,3
BRDA:7,1,0,6
BRDA:7,1,1,4
BRF:4
BRH:4
end_of_record
TN:
SF:String\HammingDistance.js
FN:18,(anonymous_0)
FNF:1
FNH:1
FNDA:4,(anonymous_0)
DA:18,1
DA:19,4
DA:20,1
DA:23,3
DA:25,3
DA:26,11
DA:27,4
DA:31,3
LF:8
LH:8
BRDA:19,0,0,1
BRDA:19,0,1,3
BRDA:26,1,0,4
BRDA:26,1,1,7
BRF:4
BRH:4
end_of_record
TN:
SF:String\IsPalindrome.js
FN:19,isPalindromeIterative
FNF:1
FNH:1
FNDA:13,isPalindromeIterative
DA:20,13
DA:21,3
DA:25,10
DA:26,10
DA:28,10
DA:31,8
DA:33,15
DA:36,5
LF:8
LH:8
BRDA:20,0,0,3
BRDA:20,0,1,10
BRDA:20,1,0,13
BRDA:20,1,1,6
BRDA:28,2,0,2
BRDA:28,2,1,8
BRDA:33,3,0,3
BRDA:33,3,1,12
BRF:8
BRH:8
end_of_record
TN:
SF:String\KMPPatternSearching.js
FN:7,(anonymous_0)
FN:28,(anonymous_1)
FNF:2
FNH:2
FNDA:4,(anonymous_0)
FNDA:4,(anonymous_1)
DA:7,1
DA:8,4
DA:9,4
DA:10,4
DA:11,15
DA:12,15
DA:13,2
DA:15,15
DA:16,6
DA:18,15
DA:20,4
DA:28,1
DA:29,4
DA:30,0
DA:35,4
DA:36,4
DA:38,4
DA:39,4
DA:40,56
DA:41,7
DA:43,56
DA:44,47
DA:46,56
DA:47,6
DA:48,6
DA:52,4
LF:26
LH:25
BRDA:12,0,0,17
BRDA:12,0,1,5
BRDA:15,1,0,6
BRDA:15,1,1,9
BRDA:29,2,0,0
BRDA:29,2,1,4
BRDA:29,3,0,4
BRDA:29,3,1,4
BRDA:40,4,0,63
BRDA:40,4,1,46
BRDA:43,5,0,47
BRDA:43,5,1,9
BRDA:46,6,0,6
BRDA:46,6,1,50
BRF:14
BRH:13
end_of_record
TN:
SF:String\LevenshteinDistance.js
FN:12,(anonymous_0)
FN:16,(anonymous_1)
FNF:2
FNH:2
FNDA:10,(anonymous_0)
FNDA:42,(anonymous_1)
DA:12,1
DA:14,10
DA:16,42
DA:19,10
DA:20,43
DA:24,10
DA:25,42
DA:28,10
DA:29,32
DA:30,160
DA:32,160
DA:40,10
LF:12
LH:12
BRDA:30,0,0,25
BRDA:30,0,1,135
BRF:2
BRH:2
end_of_record
TN:
SF:String\Lower.js
FN:10,(anonymous_0)
FN:16,(anonymous_1)
FNF:2
FNH:2
FNDA:7,(anonymous_0)
FNDA:11,(anonymous_1)
DA:10,1
DA:11,7
DA:12,3
DA:15,4
DA:16,11
LF:5
LH:5
BRDA:11,0,0,3
BRDA:11,0,1,4
BRF:2
BRH:2
end_of_record
TN:
SF:String\MaxCharacter.js
FN:8,(anonymous_0)
FNF:1
FNH:1
FNDA:6,(anonymous_0)
DA:8,1
DA:9,6
DA:10,1
DA:11,5
DA:12,1
DA:16,4
DA:18,4
DA:19,66
DA:20,47
DA:25,4
DA:27,4
DA:28,31
DA:29,8
DA:33,4
LF:14
LH:14
BRDA:9,0,0,1
BRDA:9,0,1,5
BRDA:11,1,0,1
BRDA:11,1,1,4
BRDA:19,2,0,47
BRDA:19,2,1,19
BRDA:20,3,0,47
BRDA:20,3,1,31
BRDA:28,4,0,8
BRDA:28,4,1,23
BRF:10
BRH:10
end_of_record
TN:
SF:String\MaxWord.js
FN:10,(anonymous_0)
FN:25,(anonymous_1)
FN:29,(anonymous_2)
FNF:3
FNH:3
FNDA:2,(anonymous_0)
FNDA:7,(anonymous_1)
FNDA:3,(anonymous_2)
DA:10,1
DA:11,2
DA:12,1
DA:15,1
DA:16,0
DA:19,1
DA:20,1
DA:21,0
DA:24,1
DA:25,1
DA:26,7
DA:29,1
DA:30,3
DA:33,1
LF:14
LH:12
BRDA:10,0,0,0
BRDA:11,1,0,1
BRDA:11,1,1,1
BRDA:15,2,0,0
BRDA:15,2,1,1
BRDA:20,3,0,0
BRDA:20,3,1,1
BRDA:26,4,0,7
BRDA:26,4,1,3
BRDA:30,5,0,1
BRDA:30,5,1,2
BRF:11
BRH:8
end_of_record
TN:
SF:String\PatternMatching.js
FN:10,(anonymous_0)
FNF:1
FNH:1
FNDA:4,(anonymous_0)
DA:10,1
DA:11,4
DA:12,1
DA:14,3
DA:15,3
DA:18,3
DA:21,14
DA:22,18
DA:26,5
DA:27,1
LF:10
LH:10
BRDA:11,0,0,1
BRDA:11,0,1,3
BRDA:11,1,0,4
BRDA:11,1,1,3
BRDA:22,2,0,13
BRDA:22,2,1,5
BRDA:26,3,0,1
BRDA:26,3,1,4
BRF:8
BRH:8
end_of_record
TN:
SF:String\PercentageOfLetters.js
FN:13,(anonymous_0)
FNF:1
FNH:1
FNDA:6,(anonymous_0)
DA:13,1
DA:14,6
DA:15,2
DA:17,4
DA:19,4
DA:21,24
DA:23,4
DA:24,4
LF:8
LH:8
BRDA:14,0,0,2
BRDA:14,0,1,4
BRDA:14,1,0,6
BRDA:14,1,1,5
BRDA:21,2,0,10
BRDA:21,2,1,14
BRF:6
BRH:6
end_of_record
TN:
SF:String\PermutateString.js
FN:3,(anonymous_0)
FN:14,(anonymous_1)
FN:15,(anonymous_2)
FN:19,(anonymous_3)
FN:21,(anonymous_4)
FNF:5
FNH:5
FNDA:4,(anonymous_0)
FNDA:32,(anonymous_1)
FNDA:32,(anonymous_2)
FNDA:6,(anonymous_3)
FNDA:13,(anonymous_4)
DA:3,1
DA:4,4
DA:5,1
DA:7,3
DA:8,3
DA:9,3
DA:10,6
DA:11,6
DA:13,3
DA:14,32
DA:15,32
DA:19,1
DA:20,6
DA:21,6
DA:22,13
DA:23,13
DA:24,42
DA:25,42
DA:26,42
DA:27,42
DA:30,6
LF:21
LH:21
BRDA:4,0,0,1
BRDA:4,0,1,3
BRDA:4,1,0,4
BRDA:4,1,1,3
BRF:4
BRH:4
end_of_record
TN:
SF:String\ReverseString.js
FN:4,ReverseStringIterative
FN:23,ReverseStringIterativeInplace
FNF:2
FNH:2
FNDA:11,ReverseStringIterative
FNDA:10,ReverseStringIterativeInplace
DA:5,11
DA:6,4
DA:8,7
DA:11,7
DA:12,62
DA:15,7
DA:24,10
DA:25,4
DA:28,6
DA:30,6
DA:31,30
DA:32,30
DA:33,30
DA:36,6
LF:14
LH:14
BRDA:5,0,0,4
BRDA:5,0,1,7
BRDA:24,1,0,4
BRDA:24,1,1,6
BRF:4
BRH:4
end_of_record
TN:
SF:String\ReverseWords.js
FN:6,(anonymous_0)
FN:13,(anonymous_1)
FNF:2
FNH:2
FNDA:7,(anonymous_0)
FNDA:8,(anonymous_1)
DA:6,1
DA:7,7
DA:8,4
DA:11,3
DA:13,8
LF:5
LH:5
BRDA:7,0,0,4
BRDA:7,0,1,3
BRF:2
BRH:2
end_of_record
TN:
SF:String\ScrambleStrings.js
FN:10,(anonymous_0)
FN:14,(anonymous_1)
FNF:2
FNH:2
FNDA:3,(anonymous_0)
FNDA:18,(anonymous_1)
DA:10,1
DA:11,3
DA:14,1
DA:15,18
DA:17,18
DA:18,17
DA:20,13
DA:21,34
DA:22,34
DA:23,34
DA:24,34
DA:27,13
DA:28,30
DA:29,10
DA:30,10
DA:34,3
DA:35,7
DA:41,2
DA:42,2
DA:46,1
DA:47,1
LF:21
LH:21
BRDA:17,0,0,1
BRDA:17,0,1,17
BRDA:18,1,0,4
BRDA:18,1,1,13
BRDA:21,2,0,27
BRDA:21,2,1,7
BRDA:22,3,0,18
BRDA:22,3,1,16
BRDA:28,4,0,10
BRDA:28,4,1,20
BRDA:35,5,0,2
BRDA:35,5,1,5
BRDA:36,6,0,7
BRDA:36,6,1,1
BRDA:36,6,2,6
BRDA:36,6,3,1
BRF:16
BRH:16
end_of_record
TN:
SF:String\Upper.js
FN:9,(anonymous_0)
FN:15,(anonymous_1)
FNF:2
FNH:2
FNDA:3,(anonymous_0)
FNDA:10,(anonymous_1)
DA:9,1
DA:10,3
DA:11,0
DA:14,3
DA:15,10
LF:5
LH:4
BRDA:10,0,0,0
BRDA:10,0,1,3
BRF:2
BRH:1
end_of_record
TN:
SF:String\ValidateCreditCard.js
FN:15,(anonymous_0)
FN:17,(anonymous_1)
FN:34,(anonymous_2)
FN:49,(anonymous_3)
FNF:4
FNH:4
FNDA:4,(anonymous_0)
FNDA:60,(anonymous_1)
FNDA:19,(anonymous_2)
FNDA:61,(anonymous_3)
DA:15,1
DA:16,4
DA:17,4
DA:18,60
DA:19,60
DA:21,31
DA:23,31
DA:24,6
DA:25,6
DA:28,60
DA:31,4
DA:34,1
DA:35,19
DA:37,19
DA:38,1
DA:41,18
DA:42,18
DA:43,3
DA:45,15
DA:46,15
DA:47,2
DA:49,61
DA:50,9
DA:52,4
DA:53,3
DA:56,1
LF:26
LH:26
BRDA:19,0,0,31
BRDA:19,0,1,29
BRDA:23,1,0,6
BRDA:23,1,1,25
BRDA:37,2,0,1
BRDA:37,2,1,18
BRDA:42,3,0,3
BRDA:42,3,1,15
BRDA:46,4,0,2
BRDA:46,4,1,13
BRDA:46,5,0,15
BRDA:46,5,1,14
BRDA:49,6,0,9
BRDA:49,6,1,4
BRDA:52,7,0,3
BRDA:52,7,1,1
BRF:16
BRH:16
end_of_record
TN:
SF:String\ValidateEmail.js
FN:4,(anonymous_0)
FNF:1
FNH:1
FNDA:6,(anonymous_0)
DA:4,1
DA:5,6
DA:6,2
DA:9,4
LF:4
LH:4
BRDA:5,0,0,2
BRDA:5,0,1,4
BRDA:5,1,0,6
BRDA:5,1,1,5
BRF:4
BRH:4
end_of_record
TN:
SF:String\ValidateUrl.js
FN:7,(anonymous_0)
FNF:1
FNH:1
FNDA:5,(anonymous_0)
DA:7,1
DA:8,5
DA:10,5
LF:3
LH:3
BRF:0
BRH:0
end_of_record
TN:
SF:String\ZFunction.js
FN:11,zFunction
FNF:1
FNH:1
FNDA:2,zFunction
DA:12,2
DA:13,2
DA:15,2
DA:16,2
DA:17,2
DA:20,29
DA:21,29
DA:25,29
DA:29,59
DA:33,29
DA:34,2
DA:35,2
DA:38,2
LF:13
LH:13
BRDA:20,0,0,29
BRDA:20,0,1,0
BRDA:26,1,0,88
BRDA:26,1,1,85
BRDA:33,2,0,2
BRDA:33,2,1,27
BRF:6
BRH:5
end_of_record
TN:
SF:Timing-Functions\GetMonthDays.js
FN:9,(anonymous_0)
FNF:1
FNH:1
FNDA:4,(anonymous_0)
DA:9,1
DA:10,4
DA:11,4
DA:13,4
DA:16,1
DA:19,3
DA:21,3
DA:24,2
DA:25,1
DA:26,1
DA:30,1
LF:11
LH:11
BRDA:13,0,0,1
BRDA:13,0,1,3
BRDA:13,1,0,4
BRDA:13,1,1,4
BRDA:13,1,2,3
BRDA:19,2,0,0
BRDA:19,2,1,3
BRDA:21,3,0,1
BRDA:21,3,1,2
BRDA:24,4,0,1
BRDA:24,4,1,1
BRDA:25,5,0,1
BRDA:25,5,1,0
BRDA:25,6,0,1
BRDA:25,6,1,0
BRDA:25,6,2,0
BRF:16
BRH:12
end_of_record
TN:
SF:Trees\BreadthFirstTreeTraversal.js
FN:7,(anonymous_0)
FN:15,(anonymous_1)
FN:19,(anonymous_2)
FN:37,(anonymous_3)
FN:47,(anonymous_4)
FN:56,(anonymous_5)
FNF:6
FNH:6
FNDA:6,(anonymous_0)
FNDA:2,(anonymous_1)
FNDA:2,(anonymous_2)
FNDA:1,(anonymous_3)
FNDA:13,(anonymous_4)
FNDA:22,(anonymous_5)
DA:8,6
DA:9,6
DA:10,6
DA:16,2
DA:20,2
DA:21,2
DA:22,1
DA:24,2
DA:25,6
DA:26,6
DA:27,2
DA:29,6
DA:30,3
DA:32,6
DA:34,2
DA:38,1
DA:39,1
DA:40,1
DA:41,4
DA:43,1
DA:48,13
DA:49,7
DA:51,6
DA:52,6
DA:53,6
DA:57,22
DA:58,7
DA:60,15
DA:61,6
DA:63,9
DA:64,9
LF:31
LH:31
BRDA:21,0,0,1
BRDA:21,0,1,1
BRDA:26,1,0,2
BRDA:26,1,1,4
BRDA:29,2,0,3
BRDA:29,2,1,3
BRDA:48,3,0,7
BRDA:48,3,1,6
BRDA:53,4,0,1
BRDA:53,4,1,5
BRDA:57,5,0,7
BRDA:57,5,1,15
BRDA:60,6,0,6
BRDA:60,6,1,9
BRF:14
BRH:14
end_of_record
TN:
SF:Trees\FenwickTree.js
FN:8,(anonymous_0)
FN:17,(anonymous_1)
FN:25,(anonymous_2)
FNF:3
FNH:3
FNDA:1,(anonymous_0)
FNDA:8,(anonymous_1)
FNDA:2,(anonymous_2)
DA:9,1
DA:10,7
DA:12,1
DA:13,7
DA:18,8
DA:19,8
DA:20,14
DA:21,14
DA:26,2
DA:27,2
DA:28,2
DA:29,6
DA:30,6
DA:33,2
LF:14
LH:14
BRF:0
BRH:0
end_of_record
